Reading the bmp list

ans =

F:\image\douyu_lol_02_CQ00064.bmp


ans =

F:\image\douyu_lol_02_CQ00063.bmp


ans =

F:\image\douyu_lol_02_CQ00034.bmp


ans =

F:\image\douyu_lol_02_CQ00033.bmp


ans =

F:\image\douyu_lol_02_CQ00051.bmp


ans =

F:\image\douyu_lol_02_CQ00050.bmp


ans =

F:\image\douyu_lol_02_CQ00017.bmp


ans =

F:\image\douyu_lol_02_CQ00016.bmp


ans =

F:\image\douyu_lol_02_CQ00062.bmp


ans =

F:\image\douyu_lol_02_CQ00049.bmp


ans =

F:\image\douyu_lol_02_CQ00032.bmp


ans =

F:\image\douyu_lol_02_CQ00015.bmp


ans =

F:\image\douyu_lol_02_CQ00048.bmp


ans =

F:\image\douyu_lol_02_CQ00061.bmp


ans =

F:\image\douyu_lol_02_CQ00031.bmp


ans =

F:\image\douyu_lol_02_CQ00014.bmp


ans =

F:\image\douyu_lol_02_CQ00060.bmp


ans =

F:\image\douyu_lol_02_CQ00047.bmp


ans =

F:\image\douyu_lol_02_CQ00030.bmp


ans =

F:\image\douyu_lol_02_CQ00013.bmp


ans =

F:\image\douyu_lol_02_CQ00046.bmp


ans =

F:\image\douyu_lol_02_CQ00029.bmp


ans =

F:\image\douyu_lol_02_CQ00059.bmp


ans =

F:\image\douyu_lol_02_CQ00012.bmp


ans =

F:\image\douyu_lol_02_CQ00045.bmp


ans =

F:\image\douyu_lol_02_CQ00028.bmp


ans =

F:\image\douyu_lol_02_CQ00058.bmp


ans =

F:\image\douyu_lol_02_CQ00011.bmp


ans =

F:\image\douyu_lol_02_CQ00044.bmp


ans =

F:\image\douyu_lol_02_CQ00027.bmp


ans =

F:\image\douyu_lol_02_CQ00057.bmp


ans =

F:\image\douyu_lol_02_CQ00010.bmp


ans =

F:\image\douyu_lol_02_CQ00043.bmp


ans =

F:\image\douyu_lol_02_CQ00026.bmp


ans =

F:\image\douyu_lol_02_CQ00056.bmp


ans =

F:\image\douyu_lol_02_CQ00009.bmp


ans =

F:\image\douyu_lol_02_CQ00042.bmp


ans =

F:\image\douyu_lol_02_CQ00025.bmp


ans =

F:\image\douyu_lol_02_CQ00055.bmp


ans =

F:\image\douyu_lol_02_CQ00008.bmp


ans =

F:\image\douyu_lol_02_CQ00041.bmp


ans =

F:\image\douyu_lol_02_CQ00024.bmp


ans =

F:\image\douyu_lol_02_CQ00054.bmp


ans =

F:\image\douyu_lol_02_CQ00007.bmp


ans =

F:\image\douyu_lol_02_CQ00040.bmp


ans =

F:\image\douyu_lol_02_CQ00023.bmp


ans =

F:\image\douyu_lol_02_CQ00053.bmp


ans =

F:\image\douyu_lol_02_CQ00039.bmp


ans =

F:\image\douyu_lol_02_CQ00006.bmp


ans =

F:\image\douyu_lol_02_CQ00022.bmp


ans =

F:\image\douyu_lol_02_CQ00052.bmp


ans =

F:\image\douyu_lol_02_CQ00038.bmp


ans =

F:\image\douyu_lol_02_CQ00005.bmp


ans =

F:\image\douyu_lol_02_CQ00021.bmp


ans =

F:\image\douyu_lol_02_CQ00037.bmp


ans =

F:\image\douyu_lol_02_CQ00004.bmp


ans =

F:\image\douyu_lol_02_CQ00020.bmp


ans =

F:\image\douyu_lol_02_CQ00073.bmp


ans =

F:\image\douyu_lol_02_CQ00072.bmp


ans =

F:\image\douyu_lol_02_CQ00036.bmp


ans =

F:\image\douyu_lol_02_CQ00003.bmp


ans =

F:\image\douyu_lol_02_CQ00019.bmp


ans =

F:\image\douyu_lol_02_CQ00071.bmp


ans =

F:\image\douyu_lol_02_CQ00035.bmp


ans =

F:\image\douyu_lol_02_CQ00018.bmp


ans =

F:\image\douyu_lol_02_CQ00002.bmp


ans =

F:\image\douyu_lol_02_CQ00070.bmp


ans =

F:\image\douyu_lol_02_CQ00001.bmp


ans =

F:\image\douyu_lol_02_CQ00069.bmp


ans =

F:\image\douyu_lol_02_CQ00080.bmp


ans =

F:\image\douyu_lol_02_CQ00079.bmp


ans =

F:\image\douyu_lol_02_CQ00085.bmp


ans =

F:\image\douyu_lol_02_CQ00084.bmp


ans =

F:\image\douyu_lol_02_CQ00068.bmp


ans =

F:\image\douyu_lol_02_CQ00078.bmp


ans =

F:\image\douyu_lol_02_CQ00083.bmp


ans =

F:\image\douyu_lol_02_CQ00089.bmp


ans =

F:\image\douyu_lol_02_CQ00088.bmp


ans =

F:\image\douyu_lol_02_CQ00067.bmp


ans =

F:\image\douyu_lol_02_CQ00077.bmp


ans =

F:\image\douyu_lol_02_CQ00087.bmp


ans =

F:\image\douyu_lol_02_CQ00082.bmp


ans =

F:\image\douyu_lol_02_CQ00066.bmp


ans =

F:\image\douyu_lol_02_CQ00076.bmp


ans =

F:\image\douyu_lol_02_CQ00086.bmp


ans =

F:\image\douyu_lol_02_CQ00081.bmp


ans =

F:\image\douyu_lol_02_CQ00065.bmp


ans =

F:\image\douyu_lol_02_CQ00075.bmp


ans =

F:\image\douyu_lol_02_CQ00074.bmp


ans =

F:\image\douyu_lol_02_CQ00095.bmp


ans =

F:\image\douyu_lol_02_CQ00094.bmp


ans =

F:\image\douyu_lol_02_CQ00092.bmp


ans =

F:\image\douyu_lol_02_CQ00091.bmp


ans =

F:\image\douyu_lol_02_CQ00098.bmp


ans =

F:\image\douyu_lol_02_CQ00097.bmp


ans =

F:\image\douyu_lol_02_CQ00090.bmp


ans =

F:\image\douyu_lol_02_CQ00096.bmp


ans =

F:\image\douyu_lol_02_CQ00093.bmp


ans =

F:\image\douyu_lol_02_CQ00100.bmp


ans =

F:\image\douyu_lol_02_CQ00099.bmp


outpath =

F:\image.csv


ans =

F:\image.csv

