Reading the bmp list

ans =

D:\lf_p7_05\lf_p7_0500431.bmp


ans =

D:\lf_p7_05\lf_p7_0500429.bmp


ans =

D:\lf_p7_05\lf_p7_0500231.bmp


ans =

D:\lf_p7_05\lf_p7_0500229.bmp


ans =

D:\lf_p7_05\lf_p7_0500761.bmp


ans =

D:\lf_p7_05\lf_p7_0500759.bmp


ans =

D:\lf_p7_05\lf_p7_0500533.bmp


ans =

D:\lf_p7_05\lf_p7_0500531.bmp


ans =

D:\lf_p7_05\lf_p7_0500695.bmp


ans =

D:\lf_p7_05\lf_p7_0500693.bmp


ans =

D:\lf_p7_05\lf_p7_0500129.bmp


ans =

D:\lf_p7_05\lf_p7_0500127.bmp


ans =

D:\lf_p7_05\lf_p7_0500333.bmp


ans =

D:\lf_p7_05\lf_p7_0500329.bmp


ans =

D:\lf_p7_05\lf_p7_0500619.bmp


ans =

D:\lf_p7_05\lf_p7_0500617.bmp


ans =

D:\lf_p7_05\lf_p7_0500757.bmp


ans =

D:\lf_p7_05\lf_p7_0500691.bmp


ans =

D:\lf_p7_05\lf_p7_0500427.bmp


ans =

D:\lf_p7_05\lf_p7_0500227.bmp


ans =

D:\lf_p7_05\lf_p7_0500529.bmp


ans =

D:\lf_p7_05\lf_p7_0500125.bmp


ans =

D:\lf_p7_05\lf_p7_0500327.bmp


ans =

D:\lf_p7_05\lf_p7_0500615.bmp


ans =

D:\lf_p7_05\lf_p7_0500755.bmp


ans =

D:\lf_p7_05\lf_p7_0500689.bmp


ans =

D:\lf_p7_05\lf_p7_0500425.bmp


ans =

D:\lf_p7_05\lf_p7_0500225.bmp


ans =

D:\lf_p7_05\lf_p7_0500527.bmp


ans =

D:\lf_p7_05\lf_p7_0500123.bmp


ans =

D:\lf_p7_05\lf_p7_0500325.bmp


ans =

D:\lf_p7_05\lf_p7_0500613.bmp


ans =

D:\lf_p7_05\lf_p7_0500753.bmp


ans =

D:\lf_p7_05\lf_p7_0500687.bmp


ans =

D:\lf_p7_05\lf_p7_0500323.bmp


ans =

D:\lf_p7_05\lf_p7_0500423.bmp


ans =

D:\lf_p7_05\lf_p7_0500223.bmp


ans =

D:\lf_p7_05\lf_p7_0500525.bmp


ans =

D:\lf_p7_05\lf_p7_0500121.bmp


ans =

D:\lf_p7_05\lf_p7_0500611.bmp


ans =

D:\lf_p7_05\lf_p7_0500751.bmp


ans =

D:\lf_p7_05\lf_p7_0500685.bmp


ans =

D:\lf_p7_05\lf_p7_0500321.bmp


ans =

D:\lf_p7_05\lf_p7_0500609.bmp


ans =

D:\lf_p7_05\lf_p7_0500421.bmp


ans =

D:\lf_p7_05\lf_p7_0500221.bmp


ans =

D:\lf_p7_05\lf_p7_0500523.bmp


ans =

D:\lf_p7_05\lf_p7_0500119.bmp


ans =

D:\lf_p7_05\lf_p7_0500749.bmp


ans =

D:\lf_p7_05\lf_p7_0500683.bmp


ans =

D:\lf_p7_05\lf_p7_0500319.bmp


ans =

D:\lf_p7_05\lf_p7_0500607.bmp


ans =

D:\lf_p7_05\lf_p7_0500419.bmp


ans =

D:\lf_p7_05\lf_p7_0500219.bmp


ans =

D:\lf_p7_05\lf_p7_0500519.bmp


ans =

D:\lf_p7_05\lf_p7_0500117.bmp


ans =

D:\lf_p7_05\lf_p7_0500747.bmp


ans =

D:\lf_p7_05\lf_p7_0500681.bmp


ans =

D:\lf_p7_05\lf_p7_0500317.bmp


ans =

D:\lf_p7_05\lf_p7_0500605.bmp


ans =

D:\lf_p7_05\lf_p7_0500417.bmp


ans =

D:\lf_p7_05\lf_p7_0500517.bmp


ans =

D:\lf_p7_05\lf_p7_0500215.bmp


ans =

D:\lf_p7_05\lf_p7_0500115.bmp


ans =

D:\lf_p7_05\lf_p7_0500745.bmp


ans =

D:\lf_p7_05\lf_p7_0500677.bmp


ans =

D:\lf_p7_05\lf_p7_0500315.bmp


ans =

D:\lf_p7_05\lf_p7_0500515.bmp


ans =

D:\lf_p7_05\lf_p7_0500603.bmp


ans =

D:\lf_p7_05\lf_p7_0500415.bmp


ans =

D:\lf_p7_05\lf_p7_0500213.bmp


ans =

D:\lf_p7_05\lf_p7_0500113.bmp


ans =

D:\lf_p7_05\lf_p7_0500743.bmp


ans =

D:\lf_p7_05\lf_p7_0500675.bmp


ans =

D:\lf_p7_05\lf_p7_0500313.bmp


ans =

D:\lf_p7_05\lf_p7_0500513.bmp


ans =

D:\lf_p7_05\lf_p7_0500601.bmp


ans =

D:\lf_p7_05\lf_p7_0500413.bmp


ans =

D:\lf_p7_05\lf_p7_0500211.bmp


ans =

D:\lf_p7_05\lf_p7_0500111.bmp


ans =

D:\lf_p7_05\lf_p7_0500741.bmp


ans =

D:\lf_p7_05\lf_p7_0500673.bmp


ans =

D:\lf_p7_05\lf_p7_0500311.bmp


ans =

D:\lf_p7_05\lf_p7_0500511.bmp


ans =

D:\lf_p7_05\lf_p7_0500599.bmp


ans =

D:\lf_p7_05\lf_p7_0500411.bmp


ans =

D:\lf_p7_05\lf_p7_0500109.bmp


ans =

D:\lf_p7_05\lf_p7_0500209.bmp


ans =

D:\lf_p7_05\lf_p7_0500671.bmp


ans =

D:\lf_p7_05\lf_p7_0500739.bmp


ans =

D:\lf_p7_05\lf_p7_0500509.bmp


ans =

D:\lf_p7_05\lf_p7_0500309.bmp


ans =

D:\lf_p7_05\lf_p7_0500597.bmp


ans =

D:\lf_p7_05\lf_p7_0500409.bmp


ans =

D:\lf_p7_05\lf_p7_0500107.bmp


ans =

D:\lf_p7_05\lf_p7_0500207.bmp


ans =

D:\lf_p7_05\lf_p7_0500737.bmp


ans =

D:\lf_p7_05\lf_p7_0500669.bmp


ans =

D:\lf_p7_05\lf_p7_0500307.bmp


ans =

D:\lf_p7_05\lf_p7_0500407.bmp


ans =

D:\lf_p7_05\lf_p7_0500205.bmp


ans =

D:\lf_p7_05\lf_p7_0500735.bmp


ans =

D:\lf_p7_05\lf_p7_0500507.bmp


ans =

D:\lf_p7_05\lf_p7_0500505.bmp


ans =

D:\lf_p7_05\lf_p7_0500667.bmp


ans =

D:\lf_p7_05\lf_p7_0500105.bmp


ans =

D:\lf_p7_05\lf_p7_0500305.bmp


ans =

D:\lf_p7_05\lf_p7_0500595.bmp


ans =

D:\lf_p7_05\lf_p7_0500593.bmp


ans =

D:\lf_p7_05\lf_p7_0500405.bmp


ans =

D:\lf_p7_05\lf_p7_0500103.bmp


ans =

D:\lf_p7_05\lf_p7_0500203.bmp


ans =

D:\lf_p7_05\lf_p7_0500733.bmp


ans =

D:\lf_p7_05\lf_p7_0500665.bmp


ans =

D:\lf_p7_05\lf_p7_0500303.bmp


ans =

D:\lf_p7_05\lf_p7_0500503.bmp


ans =

D:\lf_p7_05\lf_p7_0500591.bmp


ans =

D:\lf_p7_05\lf_p7_0500403.bmp


ans =

D:\lf_p7_05\lf_p7_0500101.bmp


ans =

D:\lf_p7_05\lf_p7_0500201.bmp


ans =

D:\lf_p7_05\lf_p7_0500731.bmp


ans =

D:\lf_p7_05\lf_p7_0500663.bmp


ans =

D:\lf_p7_05\lf_p7_0500501.bmp


ans =

D:\lf_p7_05\lf_p7_0500301.bmp


ans =

D:\lf_p7_05\lf_p7_0500589.bmp


ans =

D:\lf_p7_05\lf_p7_0500401.bmp


ans =

D:\lf_p7_05\lf_p7_0500099.bmp


ans =

D:\lf_p7_05\lf_p7_0500199.bmp


ans =

D:\lf_p7_05\lf_p7_0500729.bmp


ans =

D:\lf_p7_05\lf_p7_0500661.bmp


ans =

D:\lf_p7_05\lf_p7_0500299.bmp


ans =

D:\lf_p7_05\lf_p7_0500499.bmp


ans =

D:\lf_p7_05\lf_p7_0500587.bmp


ans =

D:\lf_p7_05\lf_p7_0500399.bmp


ans =

D:\lf_p7_05\lf_p7_0500097.bmp


ans =

D:\lf_p7_05\lf_p7_0500197.bmp


ans =

D:\lf_p7_05\lf_p7_0500727.bmp


ans =

D:\lf_p7_05\lf_p7_0500659.bmp


ans =

D:\lf_p7_05\lf_p7_0500497.bmp


ans =

D:\lf_p7_05\lf_p7_0500297.bmp


ans =

D:\lf_p7_05\lf_p7_0500585.bmp


ans =

D:\lf_p7_05\lf_p7_0500397.bmp


ans =

D:\lf_p7_05\lf_p7_0500095.bmp


ans =

D:\lf_p7_05\lf_p7_0500195.bmp


ans =

D:\lf_p7_05\lf_p7_0500725.bmp


ans =

D:\lf_p7_05\lf_p7_0500657.bmp


ans =

D:\lf_p7_05\lf_p7_0500495.bmp


ans =

D:\lf_p7_05\lf_p7_0500293.bmp


ans =

D:\lf_p7_05\lf_p7_0500583.bmp


ans =

D:\lf_p7_05\lf_p7_0500395.bmp


ans =

D:\lf_p7_05\lf_p7_0500093.bmp


ans =

D:\lf_p7_05\lf_p7_0500723.bmp


ans =

D:\lf_p7_05\lf_p7_0500193.bmp


ans =

D:\lf_p7_05\lf_p7_0500655.bmp


ans =

D:\lf_p7_05\lf_p7_0500493.bmp


ans =

D:\lf_p7_05\lf_p7_0500291.bmp


ans =

D:\lf_p7_05\lf_p7_0500581.bmp


ans =

D:\lf_p7_05\lf_p7_0500393.bmp


ans =

D:\lf_p7_05\lf_p7_0500091.bmp


ans =

D:\lf_p7_05\lf_p7_0500719.bmp


ans =

D:\lf_p7_05\lf_p7_0500191.bmp


ans =

D:\lf_p7_05\lf_p7_0500653.bmp


ans =

D:\lf_p7_05\lf_p7_0500491.bmp


ans =

D:\lf_p7_05\lf_p7_0500289.bmp


ans =

D:\lf_p7_05\lf_p7_0500579.bmp


ans =

D:\lf_p7_05\lf_p7_0500391.bmp


ans =

D:\lf_p7_05\lf_p7_0500717.bmp


ans =

D:\lf_p7_05\lf_p7_0500089.bmp


ans =

D:\lf_p7_05\lf_p7_0500189.bmp


ans =

D:\lf_p7_05\lf_p7_0500489.bmp


ans =

D:\lf_p7_05\lf_p7_0500651.bmp


ans =

D:\lf_p7_05\lf_p7_0500287.bmp


ans =

D:\lf_p7_05\lf_p7_0500577.bmp


ans =

D:\lf_p7_05\lf_p7_0500389.bmp


ans =

D:\lf_p7_05\lf_p7_0500715.bmp


ans =

D:\lf_p7_05\lf_p7_0500087.bmp


ans =

D:\lf_p7_05\lf_p7_0500187.bmp


ans =

D:\lf_p7_05\lf_p7_0500649.bmp


ans =

D:\lf_p7_05\lf_p7_0500485.bmp


ans =

D:\lf_p7_05\lf_p7_0500285.bmp


ans =

D:\lf_p7_05\lf_p7_0500575.bmp


ans =

D:\lf_p7_05\lf_p7_0500387.bmp


ans =

D:\lf_p7_05\lf_p7_0500713.bmp


ans =

D:\lf_p7_05\lf_p7_0500085.bmp


ans =

D:\lf_p7_05\lf_p7_0500185.bmp


ans =

D:\lf_p7_05\lf_p7_0500647.bmp


ans =

D:\lf_p7_05\lf_p7_0500483.bmp


ans =

D:\lf_p7_05\lf_p7_0500283.bmp


ans =

D:\lf_p7_05\lf_p7_0500573.bmp


ans =

D:\lf_p7_05\lf_p7_0500385.bmp


ans =

D:\lf_p7_05\lf_p7_0500711.bmp


ans =

D:\lf_p7_05\lf_p7_0500083.bmp


ans =

D:\lf_p7_05\lf_p7_0500183.bmp


ans =

D:\lf_p7_05\lf_p7_0500645.bmp


ans =

D:\lf_p7_05\lf_p7_0500481.bmp


ans =

D:\lf_p7_05\lf_p7_0500281.bmp


ans =

D:\lf_p7_05\lf_p7_0500571.bmp


ans =

D:\lf_p7_05\lf_p7_0500383.bmp


ans =

D:\lf_p7_05\lf_p7_0500709.bmp


ans =

D:\lf_p7_05\lf_p7_0500081.bmp


ans =

D:\lf_p7_05\lf_p7_0500643.bmp


ans =

D:\lf_p7_05\lf_p7_0500181.bmp


ans =

D:\lf_p7_05\lf_p7_0500279.bmp


ans =

D:\lf_p7_05\lf_p7_0500479.bmp


ans =

D:\lf_p7_05\lf_p7_0500569.bmp


ans =

D:\lf_p7_05\lf_p7_0500379.bmp


ans =

D:\lf_p7_05\lf_p7_0500707.bmp


ans =

D:\lf_p7_05\lf_p7_0500079.bmp


ans =

D:\lf_p7_05\lf_p7_0500641.bmp


ans =

D:\lf_p7_05\lf_p7_0500179.bmp


ans =

D:\lf_p7_05\lf_p7_0500277.bmp


ans =

D:\lf_p7_05\lf_p7_0500567.bmp


ans =

D:\lf_p7_05\lf_p7_0500477.bmp


ans =

D:\lf_p7_05\lf_p7_0500377.bmp


ans =

D:\lf_p7_05\lf_p7_0500705.bmp


ans =

D:\lf_p7_05\lf_p7_0500077.bmp


ans =

D:\lf_p7_05\lf_p7_0500639.bmp


ans =

D:\lf_p7_05\lf_p7_0500275.bmp


ans =

D:\lf_p7_05\lf_p7_0500565.bmp


ans =

D:\lf_p7_05\lf_p7_0500177.bmp


ans =

D:\lf_p7_05\lf_p7_0500475.bmp


ans =

D:\lf_p7_05\lf_p7_0500375.bmp


ans =

D:\lf_p7_05\lf_p7_0500703.bmp


ans =

D:\lf_p7_05\lf_p7_0500073.bmp


ans =

D:\lf_p7_05\lf_p7_0500637.bmp


ans =

D:\lf_p7_05\lf_p7_0500563.bmp


ans =

D:\lf_p7_05\lf_p7_0500273.bmp


ans =

D:\lf_p7_05\lf_p7_0500175.bmp


ans =

D:\lf_p7_05\lf_p7_0500473.bmp


ans =

D:\lf_p7_05\lf_p7_0500373.bmp


ans =

D:\lf_p7_05\lf_p7_0500701.bmp


ans =

D:\lf_p7_05\lf_p7_0500071.bmp


ans =

D:\lf_p7_05\lf_p7_0500635.bmp


ans =

D:\lf_p7_05\lf_p7_0500271.bmp


ans =

D:\lf_p7_05\lf_p7_0500559.bmp


ans =

D:\lf_p7_05\lf_p7_0500173.bmp


ans =

D:\lf_p7_05\lf_p7_0500471.bmp


ans =

D:\lf_p7_05\lf_p7_0500371.bmp


ans =

D:\lf_p7_05\lf_p7_0500699.bmp


ans =

D:\lf_p7_05\lf_p7_0500069.bmp


ans =

D:\lf_p7_05\lf_p7_0500633.bmp


ans =

D:\lf_p7_05\lf_p7_0500269.bmp


ans =

D:\lf_p7_05\lf_p7_0500557.bmp


ans =

D:\lf_p7_05\lf_p7_0500369.bmp


ans =

D:\lf_p7_05\lf_p7_0500171.bmp


ans =

D:\lf_p7_05\lf_p7_0500469.bmp


ans =

D:\lf_p7_05\lf_p7_0500697.bmp


ans =

D:\lf_p7_05\lf_p7_0500631.bmp


ans =

D:\lf_p7_05\lf_p7_0500067.bmp


ans =

D:\lf_p7_05\lf_p7_0500555.bmp


ans =

D:\lf_p7_05\lf_p7_0500267.bmp


ans =

D:\lf_p7_05\lf_p7_0500367.bmp


ans =

D:\lf_p7_05\lf_p7_0500169.bmp


ans =

D:\lf_p7_05\lf_p7_0500467.bmp


ans =

D:\lf_p7_05\lf_p7_0500553.bmp


ans =

D:\lf_p7_05\lf_p7_0500627.bmp


ans =

D:\lf_p7_05\lf_p7_0500063.bmp


ans =

D:\lf_p7_05\lf_p7_0500265.bmp


ans =

D:\lf_p7_05\lf_p7_0500365.bmp


ans =

D:\lf_p7_05\lf_p7_0500167.bmp


ans =

D:\lf_p7_05\lf_p7_0500821.bmp


ans =

D:\lf_p7_05\lf_p7_0500819.bmp


ans =

D:\lf_p7_05\lf_p7_0500465.bmp


ans =

D:\lf_p7_05\lf_p7_0500059.bmp


ans =

D:\lf_p7_05\lf_p7_0500551.bmp


ans =

D:\lf_p7_05\lf_p7_0500625.bmp


ans =

D:\lf_p7_05\lf_p7_0500263.bmp


ans =

D:\lf_p7_05\lf_p7_0500363.bmp


ans =

D:\lf_p7_05\lf_p7_0500163.bmp


ans =

D:\lf_p7_05\lf_p7_0500817.bmp


ans =

D:\lf_p7_05\lf_p7_0500463.bmp


ans =

D:\lf_p7_05\lf_p7_0500549.bmp


ans =

D:\lf_p7_05\lf_p7_0500055.bmp


ans =

D:\lf_p7_05\lf_p7_0500261.bmp


ans =

D:\lf_p7_05\lf_p7_0500623.bmp


ans =

D:\lf_p7_05\lf_p7_0500361.bmp


ans =

D:\lf_p7_05\lf_p7_0500161.bmp


ans =

D:\lf_p7_05\lf_p7_0500815.bmp


ans =

D:\lf_p7_05\lf_p7_0500461.bmp


ans =

D:\lf_p7_05\lf_p7_0500547.bmp


ans =

D:\lf_p7_05\lf_p7_0500621.bmp


ans =

D:\lf_p7_05\lf_p7_0500049.bmp


ans =

D:\lf_p7_05\lf_p7_0500259.bmp


ans =

D:\lf_p7_05\lf_p7_0500359.bmp


ans =

D:\lf_p7_05\lf_p7_0500459.bmp


ans =

D:\lf_p7_05\lf_p7_0500159.bmp


ans =

D:\lf_p7_05\lf_p7_0500813.bmp


ans =

D:\lf_p7_05\lf_p7_0500545.bmp


ans =

D:\lf_p7_05\lf_p7_0500257.bmp


ans =

D:\lf_p7_05\lf_p7_0500047.bmp


ans =

D:\lf_p7_05\lf_p7_0500357.bmp


ans =

D:\lf_p7_05\lf_p7_0500457.bmp


ans =

D:\lf_p7_05\lf_p7_0500157.bmp


ans =

D:\lf_p7_05\lf_p7_0500811.bmp


ans =

D:\lf_p7_05\lf_p7_0500543.bmp


ans =

D:\lf_p7_05\lf_p7_0500871.bmp


ans =

D:\lf_p7_05\lf_p7_0500869.bmp


ans =

D:\lf_p7_05\lf_p7_0500043.bmp


ans =

D:\lf_p7_05\lf_p7_0500253.bmp


ans =

D:\lf_p7_05\lf_p7_0500355.bmp


ans =

D:\lf_p7_05\lf_p7_0500455.bmp


ans =

D:\lf_p7_05\lf_p7_0500155.bmp


ans =

D:\lf_p7_05\lf_p7_0500809.bmp


ans =

D:\lf_p7_05\lf_p7_0500541.bmp


ans =

D:\lf_p7_05\lf_p7_0500867.bmp


ans =

D:\lf_p7_05\lf_p7_0500251.bmp


ans =

D:\lf_p7_05\lf_p7_0500353.bmp


ans =

D:\lf_p7_05\lf_p7_0500039.bmp


ans =

D:\lf_p7_05\lf_p7_0500807.bmp


ans =

D:\lf_p7_05\lf_p7_0500453.bmp


ans =

D:\lf_p7_05\lf_p7_0500153.bmp


ans =

D:\lf_p7_05\lf_p7_0500539.bmp


ans =

D:\lf_p7_05\lf_p7_0500865.bmp


ans =

D:\lf_p7_05\lf_p7_0500249.bmp


ans =

D:\lf_p7_05\lf_p7_0500351.bmp


ans =

D:\lf_p7_05\lf_p7_0500033.bmp


ans =

D:\lf_p7_05\lf_p7_0500805.bmp


ans =

D:\lf_p7_05\lf_p7_0500451.bmp


ans =

D:\lf_p7_05\lf_p7_0500151.bmp


ans =

D:\lf_p7_05\lf_p7_0500863.bmp


ans =

D:\lf_p7_05\lf_p7_0500537.bmp


ans =

D:\lf_p7_05\lf_p7_0500247.bmp


ans =

D:\lf_p7_05\lf_p7_0500349.bmp


ans =

D:\lf_p7_05\lf_p7_0500803.bmp


ans =

D:\lf_p7_05\lf_p7_0500031.bmp


ans =

D:\lf_p7_05\lf_p7_0500449.bmp


ans =

D:\lf_p7_05\lf_p7_0500149.bmp


ans =

D:\lf_p7_05\lf_p7_0500861.bmp


ans =

D:\lf_p7_05\lf_p7_0500535.bmp


ans =

D:\lf_p7_05\lf_p7_0500245.bmp


ans =

D:\lf_p7_05\lf_p7_0500347.bmp


ans =

D:\lf_p7_05\lf_p7_0500801.bmp


ans =

D:\lf_p7_05\lf_p7_0500029.bmp


ans =

D:\lf_p7_05\lf_p7_0500447.bmp


ans =

D:\lf_p7_05\lf_p7_0500147.bmp


ans =

D:\lf_p7_05\lf_p7_0500859.bmp


ans =

D:\lf_p7_05\lf_p7_0500243.bmp


ans =

D:\lf_p7_05\lf_p7_0500345.bmp


ans =

D:\lf_p7_05\lf_p7_0500797.bmp


ans =

D:\lf_p7_05\lf_p7_0500023.bmp


ans =

D:\lf_p7_05\lf_p7_0500445.bmp


ans =

D:\lf_p7_05\lf_p7_0500145.bmp


ans =

D:\lf_p7_05\lf_p7_0500857.bmp


ans =

D:\lf_p7_05\lf_p7_0500917.bmp


ans =

D:\lf_p7_05\lf_p7_0500915.bmp


ans =

D:\lf_p7_05\lf_p7_0500241.bmp


ans =

D:\lf_p7_05\lf_p7_0500343.bmp


ans =

D:\lf_p7_05\lf_p7_0500795.bmp


ans =

D:\lf_p7_05\lf_p7_0500019.bmp


ans =

D:\lf_p7_05\lf_p7_0500443.bmp


ans =

D:\lf_p7_05\lf_p7_0500143.bmp


ans =

D:\lf_p7_05\lf_p7_0500855.bmp


ans =

D:\lf_p7_05\lf_p7_0500913.bmp


ans =

D:\lf_p7_05\lf_p7_0500239.bmp


ans =

D:\lf_p7_05\lf_p7_0500341.bmp


ans =

D:\lf_p7_05\lf_p7_0500793.bmp


ans =

D:\lf_p7_05\lf_p7_0500441.bmp


ans =

D:\lf_p7_05\lf_p7_0500013.bmp


ans =

D:\lf_p7_05\lf_p7_0500141.bmp


ans =

D:\lf_p7_05\lf_p7_0500853.bmp


ans =

D:\lf_p7_05\lf_p7_0500911.bmp


ans =

D:\lf_p7_05\lf_p7_0500237.bmp


ans =

D:\lf_p7_05\lf_p7_0500339.bmp


ans =

D:\lf_p7_05\lf_p7_0500791.bmp


ans =

D:\lf_p7_05\lf_p7_0500439.bmp


ans =

D:\lf_p7_05\lf_p7_0500011.bmp


ans =

D:\lf_p7_05\lf_p7_0500139.bmp


ans =

D:\lf_p7_05\lf_p7_0500851.bmp


ans =

D:\lf_p7_05\lf_p7_0500909.bmp


ans =

D:\lf_p7_05\lf_p7_0500235.bmp


ans =

D:\lf_p7_05\lf_p7_0500337.bmp


ans =

D:\lf_p7_05\lf_p7_0500789.bmp


ans =

D:\lf_p7_05\lf_p7_0500435.bmp


ans =

D:\lf_p7_05\lf_p7_0500005.bmp


ans =

D:\lf_p7_05\lf_p7_0500137.bmp


ans =

D:\lf_p7_05\lf_p7_0500849.bmp


ans =

D:\lf_p7_05\lf_p7_0500907.bmp


ans =

D:\lf_p7_05\lf_p7_0500233.bmp


ans =

D:\lf_p7_05\lf_p7_0500335.bmp


ans =

D:\lf_p7_05\lf_p7_0500787.bmp


ans =

D:\lf_p7_05\lf_p7_0500433.bmp


ans =

D:\lf_p7_05\lf_p7_0500003.bmp


ans =

D:\lf_p7_05\lf_p7_0500135.bmp


ans =

D:\lf_p7_05\lf_p7_0500847.bmp


ans =

D:\lf_p7_05\lf_p7_0500905.bmp


ans =

D:\lf_p7_05\lf_p7_0500785.bmp


ans =

D:\lf_p7_05\lf_p7_0500001.bmp


ans =

D:\lf_p7_05\lf_p7_0500131.bmp


ans =

D:\lf_p7_05\lf_p7_0500845.bmp


ans =

D:\lf_p7_05\lf_p7_0500903.bmp


ans =

D:\lf_p7_05\lf_p7_0500957.bmp


ans =

D:\lf_p7_05\lf_p7_0500955.bmp


ans =

D:\lf_p7_05\lf_p7_0500991.bmp


ans =

D:\lf_p7_05\lf_p7_0500987.bmp


ans =

D:\lf_p7_05\lf_p7_0500783.bmp


ans =

D:\lf_p7_05\lf_p7_0501019.bmp


ans =

D:\lf_p7_05\lf_p7_0501017.bmp


ans =

D:\lf_p7_05\lf_p7_0500843.bmp


ans =

D:\lf_p7_05\lf_p7_0500899.bmp


ans =

D:\lf_p7_05\lf_p7_0500953.bmp


ans =

D:\lf_p7_05\lf_p7_0500985.bmp


ans =

D:\lf_p7_05\lf_p7_0500781.bmp


ans =

D:\lf_p7_05\lf_p7_0501015.bmp


ans =

D:\lf_p7_05\lf_p7_0501047.bmp


ans =

D:\lf_p7_05\lf_p7_0501045.bmp


ans =

D:\lf_p7_05\lf_p7_0501071.bmp


ans =

D:\lf_p7_05\lf_p7_0501069.bmp


ans =

D:\lf_p7_05\lf_p7_0500839.bmp


ans =

D:\lf_p7_05\lf_p7_0500897.bmp


ans =

D:\lf_p7_05\lf_p7_0500951.bmp


ans =

D:\lf_p7_05\lf_p7_0500983.bmp


ans =

D:\lf_p7_05\lf_p7_0500779.bmp


ans =

D:\lf_p7_05\lf_p7_0501013.bmp


ans =

D:\lf_p7_05\lf_p7_0501043.bmp


ans =

D:\lf_p7_05\lf_p7_0500837.bmp


ans =

D:\lf_p7_05\lf_p7_0501067.bmp


ans =

D:\lf_p7_05\lf_p7_0500949.bmp


ans =

D:\lf_p7_05\lf_p7_0500895.bmp


ans =

D:\lf_p7_05\lf_p7_0500981.bmp


ans =

D:\lf_p7_05\lf_p7_0500777.bmp


ans =

D:\lf_p7_05\lf_p7_0501011.bmp


ans =

D:\lf_p7_05\lf_p7_0501041.bmp


ans =

D:\lf_p7_05\lf_p7_0500835.bmp


ans =

D:\lf_p7_05\lf_p7_0501063.bmp


ans =

D:\lf_p7_05\lf_p7_0500947.bmp


ans =

D:\lf_p7_05\lf_p7_0500893.bmp


ans =

D:\lf_p7_05\lf_p7_0500979.bmp


ans =

D:\lf_p7_05\lf_p7_0500775.bmp


ans =

D:\lf_p7_05\lf_p7_0501009.bmp


ans =

D:\lf_p7_05\lf_p7_0501039.bmp


ans =

D:\lf_p7_05\lf_p7_0500833.bmp


ans =

D:\lf_p7_05\lf_p7_0500945.bmp


ans =

D:\lf_p7_05\lf_p7_0500891.bmp


ans =

D:\lf_p7_05\lf_p7_0501061.bmp


ans =

D:\lf_p7_05\lf_p7_0500977.bmp


ans =

D:\lf_p7_05\lf_p7_0500773.bmp


ans =

D:\lf_p7_05\lf_p7_0501007.bmp


ans =

D:\lf_p7_05\lf_p7_0500831.bmp


ans =

D:\lf_p7_05\lf_p7_0501037.bmp


ans =

D:\lf_p7_05\lf_p7_0501059.bmp


ans =

D:\lf_p7_05\lf_p7_0500943.bmp


ans =

D:\lf_p7_05\lf_p7_0500889.bmp


ans =

D:\lf_p7_05\lf_p7_0500975.bmp


ans =

D:\lf_p7_05\lf_p7_0500771.bmp


ans =

D:\lf_p7_05\lf_p7_0501005.bmp


ans =

D:\lf_p7_05\lf_p7_0500829.bmp


ans =

D:\lf_p7_05\lf_p7_0501035.bmp


ans =

D:\lf_p7_05\lf_p7_0500941.bmp


ans =

D:\lf_p7_05\lf_p7_0500887.bmp


ans =

D:\lf_p7_05\lf_p7_0501057.bmp


ans =

D:\lf_p7_05\lf_p7_0500973.bmp


ans =

D:\lf_p7_05\lf_p7_0500769.bmp


ans =

D:\lf_p7_05\lf_p7_0501003.bmp


ans =

D:\lf_p7_05\lf_p7_0500827.bmp


ans =

D:\lf_p7_05\lf_p7_0501033.bmp


ans =

D:\lf_p7_05\lf_p7_0500939.bmp


ans =

D:\lf_p7_05\lf_p7_0500885.bmp


ans =

D:\lf_p7_05\lf_p7_0501055.bmp


ans =

D:\lf_p7_05\lf_p7_0500971.bmp


ans =

D:\lf_p7_05\lf_p7_0500767.bmp


ans =

D:\lf_p7_05\lf_p7_0501001.bmp


ans =

D:\lf_p7_05\lf_p7_0500825.bmp


ans =

D:\lf_p7_05\lf_p7_0501031.bmp


ans =

D:\lf_p7_05\lf_p7_0500937.bmp


ans =

D:\lf_p7_05\lf_p7_0500883.bmp


ans =

D:\lf_p7_05\lf_p7_0501053.bmp


ans =

D:\lf_p7_05\lf_p7_0500969.bmp


ans =

D:\lf_p7_05\lf_p7_0500765.bmp


ans =

D:\lf_p7_05\lf_p7_0500999.bmp


ans =

D:\lf_p7_05\lf_p7_0500823.bmp


ans =

D:\lf_p7_05\lf_p7_0501029.bmp


ans =

D:\lf_p7_05\lf_p7_0500935.bmp


ans =

D:\lf_p7_05\lf_p7_0500881.bmp


ans =

D:\lf_p7_05\lf_p7_0501051.bmp


ans =

D:\lf_p7_05\lf_p7_0500997.bmp


ans =

D:\lf_p7_05\lf_p7_0500967.bmp


ans =

D:\lf_p7_05\lf_p7_0500933.bmp


ans =

D:\lf_p7_05\lf_p7_0501027.bmp


ans =

D:\lf_p7_05\lf_p7_0500879.bmp


ans =

D:\lf_p7_05\lf_p7_0501049.bmp


ans =

D:\lf_p7_05\lf_p7_0500965.bmp


ans =

D:\lf_p7_05\lf_p7_0500995.bmp


ans =

D:\lf_p7_05\lf_p7_0501091.bmp


ans =

D:\lf_p7_05\lf_p7_0501089.bmp


ans =

D:\lf_p7_05\lf_p7_0501107.bmp


ans =

D:\lf_p7_05\lf_p7_0501105.bmp


ans =

D:\lf_p7_05\lf_p7_0500931.bmp


ans =

D:\lf_p7_05\lf_p7_0501023.bmp


ans =

D:\lf_p7_05\lf_p7_0500877.bmp


ans =

D:\lf_p7_05\lf_p7_0500993.bmp


ans =

D:\lf_p7_05\lf_p7_0500963.bmp


ans =

D:\lf_p7_05\lf_p7_0501087.bmp


ans =

D:\lf_p7_05\lf_p7_0501103.bmp


ans =

D:\lf_p7_05\lf_p7_0500929.bmp


ans =

D:\lf_p7_05\lf_p7_0501021.bmp


ans =

D:\lf_p7_05\lf_p7_0500873.bmp


ans =

D:\lf_p7_05\lf_p7_0501123.bmp


ans =

D:\lf_p7_05\lf_p7_0501121.bmp


ans =

D:\lf_p7_05\lf_p7_0500961.bmp


ans =

D:\lf_p7_05\lf_p7_0501085.bmp


ans =

D:\lf_p7_05\lf_p7_0501101.bmp


ans =

D:\lf_p7_05\lf_p7_0500927.bmp


ans =

D:\lf_p7_05\lf_p7_0501119.bmp


ans =

D:\lf_p7_05\lf_p7_0500959.bmp


ans =

D:\lf_p7_05\lf_p7_0501139.bmp


ans =

D:\lf_p7_05\lf_p7_0501137.bmp


ans =

D:\lf_p7_05\lf_p7_0501083.bmp


ans =

D:\lf_p7_05\lf_p7_0501099.bmp


ans =

D:\lf_p7_05\lf_p7_0500925.bmp


ans =

D:\lf_p7_05\lf_p7_0501155.bmp


ans =

D:\lf_p7_05\lf_p7_0501153.bmp


ans =

D:\lf_p7_05\lf_p7_0501171.bmp


ans =

D:\lf_p7_05\lf_p7_0501169.bmp


ans =

D:\lf_p7_05\lf_p7_0501117.bmp


ans =

D:\lf_p7_05\lf_p7_0501135.bmp


ans =

D:\lf_p7_05\lf_p7_0501081.bmp


ans =

D:\lf_p7_05\lf_p7_0501097.bmp


ans =

D:\lf_p7_05\lf_p7_0500921.bmp


ans =

D:\lf_p7_05\lf_p7_0501151.bmp


ans =

D:\lf_p7_05\lf_p7_0501167.bmp


ans =

D:\lf_p7_05\lf_p7_0501115.bmp


ans =

D:\lf_p7_05\lf_p7_0501187.bmp


ans =

D:\lf_p7_05\lf_p7_0501185.bmp


ans =

D:\lf_p7_05\lf_p7_0501079.bmp


ans =

D:\lf_p7_05\lf_p7_0501133.bmp


ans =

D:\lf_p7_05\lf_p7_0501095.bmp


ans =

D:\lf_p7_05\lf_p7_0500919.bmp


ans =

D:\lf_p7_05\lf_p7_0501149.bmp


ans =

D:\lf_p7_05\lf_p7_0501165.bmp


ans =

D:\lf_p7_05\lf_p7_0501113.bmp


ans =

D:\lf_p7_05\lf_p7_0501183.bmp


ans =

D:\lf_p7_05\lf_p7_0501131.bmp


ans =

D:\lf_p7_05\lf_p7_0501077.bmp


ans =

D:\lf_p7_05\lf_p7_0501093.bmp


ans =

D:\lf_p7_05\lf_p7_0501147.bmp


ans =

D:\lf_p7_05\lf_p7_0501163.bmp


ans =

D:\lf_p7_05\lf_p7_0501111.bmp


ans =

D:\lf_p7_05\lf_p7_0501181.bmp


ans =

D:\lf_p7_05\lf_p7_0501075.bmp


ans =

D:\lf_p7_05\lf_p7_0501129.bmp


ans =

D:\lf_p7_05\lf_p7_0501203.bmp


ans =

D:\lf_p7_05\lf_p7_0501201.bmp


ans =

D:\lf_p7_05\lf_p7_0501145.bmp


ans =

D:\lf_p7_05\lf_p7_0501161.bmp


ans =

D:\lf_p7_05\lf_p7_0501109.bmp


ans =

D:\lf_p7_05\lf_p7_0501179.bmp


ans =

D:\lf_p7_05\lf_p7_0501127.bmp


ans =

D:\lf_p7_05\lf_p7_0501073.bmp


ans =

D:\lf_p7_05\lf_p7_0501219.bmp


ans =

D:\lf_p7_05\lf_p7_0501215.bmp


ans =

D:\lf_p7_05\lf_p7_0501199.bmp


ans =

D:\lf_p7_05\lf_p7_0501143.bmp


ans =

D:\lf_p7_05\lf_p7_0501159.bmp


ans =

D:\lf_p7_05\lf_p7_0501177.bmp


ans =

D:\lf_p7_05\lf_p7_0501125.bmp


ans =

D:\lf_p7_05\lf_p7_0501213.bmp


ans =

D:\lf_p7_05\lf_p7_0501197.bmp


ans =

D:\lf_p7_05\lf_p7_0501141.bmp


ans =

D:\lf_p7_05\lf_p7_0501157.bmp


ans =

D:\lf_p7_05\lf_p7_0501175.bmp


ans =

D:\lf_p7_05\lf_p7_0501211.bmp


ans =

D:\lf_p7_05\lf_p7_0501195.bmp


ans =

D:\lf_p7_05\lf_p7_0501173.bmp


ans =

D:\lf_p7_05\lf_p7_0501209.bmp


ans =

D:\lf_p7_05\lf_p7_0501193.bmp


ans =

D:\lf_p7_05\lf_p7_0501207.bmp


ans =

D:\lf_p7_05\lf_p7_0501191.bmp


ans =

D:\lf_p7_05\lf_p7_0501205.bmp


ans =

D:\lf_p7_05\lf_p7_0501189.bmp


outpath =

D:\lf_p7_05.csv


ans =

D:\lf_p7_05.csv

