Reading the bmp list

ans =

D:\lf_p7_02\lf_p7_0200863.bmp


ans =

D:\lf_p7_02\lf_p7_0200861.bmp


ans =

D:\lf_p7_02\lf_p7_0200153.bmp


ans =

D:\lf_p7_02\lf_p7_0200149.bmp


ans =

D:\lf_p7_02\lf_p7_0200607.bmp


ans =

D:\lf_p7_02\lf_p7_0200605.bmp


ans =

D:\lf_p7_02\lf_p7_0200305.bmp


ans =

D:\lf_p7_02\lf_p7_0200299.bmp


ans =

D:\lf_p7_02\lf_p7_0200685.bmp


ans =

D:\lf_p7_02\lf_p7_0200683.bmp


ans =

D:\lf_p7_02\lf_p7_0200811.bmp


ans =

D:\lf_p7_02\lf_p7_0200809.bmp


ans =

D:\lf_p7_02\lf_p7_0200753.bmp


ans =

D:\lf_p7_02\lf_p7_0200751.bmp


ans =

D:\lf_p7_02\lf_p7_0200459.bmp


ans =

D:\lf_p7_02\lf_p7_0200455.bmp


ans =

D:\lf_p7_02\lf_p7_0200859.bmp


ans =

D:\lf_p7_02\lf_p7_0200603.bmp


ans =

D:\lf_p7_02\lf_p7_0200297.bmp


ans =

D:\lf_p7_02\lf_p7_0200681.bmp


ans =

D:\lf_p7_02\lf_p7_0200807.bmp


ans =

D:\lf_p7_02\lf_p7_0200143.bmp


ans =

D:\lf_p7_02\lf_p7_0200749.bmp


ans =

D:\lf_p7_02\lf_p7_0200449.bmp


ans =

D:\lf_p7_02\lf_p7_0200857.bmp


ans =

D:\lf_p7_02\lf_p7_0200679.bmp


ans =

D:\lf_p7_02\lf_p7_0200601.bmp


ans =

D:\lf_p7_02\lf_p7_0200291.bmp


ans =

D:\lf_p7_02\lf_p7_0200805.bmp


ans =

D:\lf_p7_02\lf_p7_0200141.bmp


ans =

D:\lf_p7_02\lf_p7_0200747.bmp


ans =

D:\lf_p7_02\lf_p7_0200445.bmp


ans =

D:\lf_p7_02\lf_p7_0200855.bmp


ans =

D:\lf_p7_02\lf_p7_0200677.bmp


ans =

D:\lf_p7_02\lf_p7_0200599.bmp


ans =

D:\lf_p7_02\lf_p7_0200289.bmp


ans =

D:\lf_p7_02\lf_p7_0200803.bmp


ans =

D:\lf_p7_02\lf_p7_0200137.bmp


ans =

D:\lf_p7_02\lf_p7_0200745.bmp


ans =

D:\lf_p7_02\lf_p7_0200441.bmp


ans =

D:\lf_p7_02\lf_p7_0200853.bmp


ans =

D:\lf_p7_02\lf_p7_0200673.bmp


ans =

D:\lf_p7_02\lf_p7_0200801.bmp


ans =

D:\lf_p7_02\lf_p7_0200743.bmp


ans =

D:\lf_p7_02\lf_p7_0200593.bmp


ans =

D:\lf_p7_02\lf_p7_0200283.bmp


ans =

D:\lf_p7_02\lf_p7_0200133.bmp


ans =

D:\lf_p7_02\lf_p7_0200437.bmp


ans =

D:\lf_p7_02\lf_p7_0200851.bmp


ans =

D:\lf_p7_02\lf_p7_0200671.bmp


ans =

D:\lf_p7_02\lf_p7_0200799.bmp


ans =

D:\lf_p7_02\lf_p7_0200741.bmp


ans =

D:\lf_p7_02\lf_p7_0200589.bmp


ans =

D:\lf_p7_02\lf_p7_0200281.bmp


ans =

D:\lf_p7_02\lf_p7_0200129.bmp


ans =

D:\lf_p7_02\lf_p7_0200435.bmp


ans =

D:\lf_p7_02\lf_p7_0200849.bmp


ans =

D:\lf_p7_02\lf_p7_0200669.bmp


ans =

D:\lf_p7_02\lf_p7_0200797.bmp


ans =

D:\lf_p7_02\lf_p7_0200427.bmp


ans =

D:\lf_p7_02\lf_p7_0200739.bmp


ans =

D:\lf_p7_02\lf_p7_0200587.bmp


ans =

D:\lf_p7_02\lf_p7_0200277.bmp


ans =

D:\lf_p7_02\lf_p7_0200125.bmp


ans =

D:\lf_p7_02\lf_p7_0200847.bmp


ans =

D:\lf_p7_02\lf_p7_0200667.bmp


ans =

D:\lf_p7_02\lf_p7_0200793.bmp


ans =

D:\lf_p7_02\lf_p7_0200425.bmp


ans =

D:\lf_p7_02\lf_p7_0200737.bmp


ans =

D:\lf_p7_02\lf_p7_0200581.bmp


ans =

D:\lf_p7_02\lf_p7_0200273.bmp


ans =

D:\lf_p7_02\lf_p7_0200123.bmp


ans =

D:\lf_p7_02\lf_p7_0200845.bmp


ans =

D:\lf_p7_02\lf_p7_0200665.bmp


ans =

D:\lf_p7_02\lf_p7_0200791.bmp


ans =

D:\lf_p7_02\lf_p7_0200423.bmp


ans =

D:\lf_p7_02\lf_p7_0200271.bmp


ans =

D:\lf_p7_02\lf_p7_0200735.bmp


ans =

D:\lf_p7_02\lf_p7_0200579.bmp


ans =

D:\lf_p7_02\lf_p7_0200115.bmp


ans =

D:\lf_p7_02\lf_p7_0200843.bmp


ans =

D:\lf_p7_02\lf_p7_0200663.bmp


ans =

D:\lf_p7_02\lf_p7_0200789.bmp


ans =

D:\lf_p7_02\lf_p7_0200417.bmp


ans =

D:\lf_p7_02\lf_p7_0200573.bmp


ans =

D:\lf_p7_02\lf_p7_0200733.bmp


ans =

D:\lf_p7_02\lf_p7_0200265.bmp


ans =

D:\lf_p7_02\lf_p7_0200113.bmp


ans =

D:\lf_p7_02\lf_p7_0200841.bmp


ans =

D:\lf_p7_02\lf_p7_0200661.bmp


ans =

D:\lf_p7_02\lf_p7_0200787.bmp


ans =

D:\lf_p7_02\lf_p7_0200411.bmp


ans =

D:\lf_p7_02\lf_p7_0200731.bmp


ans =

D:\lf_p7_02\lf_p7_0200571.bmp


ans =

D:\lf_p7_02\lf_p7_0200109.bmp


ans =

D:\lf_p7_02\lf_p7_0200261.bmp


ans =

D:\lf_p7_02\lf_p7_0200839.bmp


ans =

D:\lf_p7_02\lf_p7_0200659.bmp


ans =

D:\lf_p7_02\lf_p7_0200785.bmp


ans =

D:\lf_p7_02\lf_p7_0200405.bmp


ans =

D:\lf_p7_02\lf_p7_0200729.bmp


ans =

D:\lf_p7_02\lf_p7_0200567.bmp


ans =

D:\lf_p7_02\lf_p7_0200105.bmp


ans =

D:\lf_p7_02\lf_p7_0200259.bmp


ans =

D:\lf_p7_02\lf_p7_0200837.bmp


ans =

D:\lf_p7_02\lf_p7_0200657.bmp


ans =

D:\lf_p7_02\lf_p7_0200783.bmp


ans =

D:\lf_p7_02\lf_p7_0200403.bmp


ans =

D:\lf_p7_02\lf_p7_0200727.bmp


ans =

D:\lf_p7_02\lf_p7_0200563.bmp


ans =

D:\lf_p7_02\lf_p7_0200099.bmp


ans =

D:\lf_p7_02\lf_p7_0200253.bmp


ans =

D:\lf_p7_02\lf_p7_0200835.bmp


ans =

D:\lf_p7_02\lf_p7_0200655.bmp


ans =

D:\lf_p7_02\lf_p7_0200781.bmp


ans =

D:\lf_p7_02\lf_p7_0200399.bmp


ans =

D:\lf_p7_02\lf_p7_0200723.bmp


ans =

D:\lf_p7_02\lf_p7_0200557.bmp


ans =

D:\lf_p7_02\lf_p7_0200097.bmp


ans =

D:\lf_p7_02\lf_p7_0200251.bmp


ans =

D:\lf_p7_02\lf_p7_0200833.bmp


ans =

D:\lf_p7_02\lf_p7_0200653.bmp


ans =

D:\lf_p7_02\lf_p7_0200779.bmp


ans =

D:\lf_p7_02\lf_p7_0200395.bmp


ans =

D:\lf_p7_02\lf_p7_0200721.bmp


ans =

D:\lf_p7_02\lf_p7_0200553.bmp


ans =

D:\lf_p7_02\lf_p7_0200091.bmp


ans =

D:\lf_p7_02\lf_p7_0200245.bmp


ans =

D:\lf_p7_02\lf_p7_0200831.bmp


ans =

D:\lf_p7_02\lf_p7_0200651.bmp


ans =

D:\lf_p7_02\lf_p7_0200777.bmp


ans =

D:\lf_p7_02\lf_p7_0200393.bmp


ans =

D:\lf_p7_02\lf_p7_0200719.bmp


ans =

D:\lf_p7_02\lf_p7_0200549.bmp


ans =

D:\lf_p7_02\lf_p7_0200089.bmp


ans =

D:\lf_p7_02\lf_p7_0200241.bmp


ans =

D:\lf_p7_02\lf_p7_0200827.bmp


ans =

D:\lf_p7_02\lf_p7_0200649.bmp


ans =

D:\lf_p7_02\lf_p7_0200775.bmp


ans =

D:\lf_p7_02\lf_p7_0200717.bmp


ans =

D:\lf_p7_02\lf_p7_0200391.bmp


ans =

D:\lf_p7_02\lf_p7_0200545.bmp


ans =

D:\lf_p7_02\lf_p7_0200085.bmp


ans =

D:\lf_p7_02\lf_p7_0200237.bmp


ans =

D:\lf_p7_02\lf_p7_0200825.bmp


ans =

D:\lf_p7_02\lf_p7_0200647.bmp


ans =

D:\lf_p7_02\lf_p7_0200773.bmp


ans =

D:\lf_p7_02\lf_p7_0200543.bmp


ans =

D:\lf_p7_02\lf_p7_0200715.bmp


ans =

D:\lf_p7_02\lf_p7_0200383.bmp


ans =

D:\lf_p7_02\lf_p7_0200081.bmp


ans =

D:\lf_p7_02\lf_p7_0200823.bmp


ans =

D:\lf_p7_02\lf_p7_0200233.bmp


ans =

D:\lf_p7_02\lf_p7_0200645.bmp


ans =

D:\lf_p7_02\lf_p7_0200771.bmp


ans =

D:\lf_p7_02\lf_p7_0200537.bmp


ans =

D:\lf_p7_02\lf_p7_0200381.bmp


ans =

D:\lf_p7_02\lf_p7_0200713.bmp


ans =

D:\lf_p7_02\lf_p7_0200821.bmp


ans =

D:\lf_p7_02\lf_p7_0200077.bmp


ans =

D:\lf_p7_02\lf_p7_0200231.bmp


ans =

D:\lf_p7_02\lf_p7_0200643.bmp


ans =

D:\lf_p7_02\lf_p7_0200769.bmp


ans =

D:\lf_p7_02\lf_p7_0200535.bmp


ans =

D:\lf_p7_02\lf_p7_0200711.bmp


ans =

D:\lf_p7_02\lf_p7_0200375.bmp


ans =

D:\lf_p7_02\lf_p7_0200819.bmp


ans =

D:\lf_p7_02\lf_p7_0200071.bmp


ans =

D:\lf_p7_02\lf_p7_0200225.bmp


ans =

D:\lf_p7_02\lf_p7_0200641.bmp


ans =

D:\lf_p7_02\lf_p7_0200767.bmp


ans =

D:\lf_p7_02\lf_p7_0200709.bmp


ans =

D:\lf_p7_02\lf_p7_0200529.bmp


ans =

D:\lf_p7_02\lf_p7_0200373.bmp


ans =

D:\lf_p7_02\lf_p7_0200817.bmp


ans =

D:\lf_p7_02\lf_p7_0200069.bmp


ans =

D:\lf_p7_02\lf_p7_0200223.bmp


ans =

D:\lf_p7_02\lf_p7_0200639.bmp


ans =

D:\lf_p7_02\lf_p7_0200765.bmp


ans =

D:\lf_p7_02\lf_p7_0200525.bmp


ans =

D:\lf_p7_02\lf_p7_0200707.bmp


ans =

D:\lf_p7_02\lf_p7_0200367.bmp


ans =

D:\lf_p7_02\lf_p7_0200815.bmp


ans =

D:\lf_p7_02\lf_p7_0200063.bmp


ans =

D:\lf_p7_02\lf_p7_0200217.bmp


ans =

D:\lf_p7_02\lf_p7_0200637.bmp


ans =

D:\lf_p7_02\lf_p7_0200763.bmp


ans =

D:\lf_p7_02\lf_p7_0200705.bmp


ans =

D:\lf_p7_02\lf_p7_0200521.bmp


ans =

D:\lf_p7_02\lf_p7_0200363.bmp


ans =

D:\lf_p7_02\lf_p7_0200813.bmp


ans =

D:\lf_p7_02\lf_p7_0200061.bmp


ans =

D:\lf_p7_02\lf_p7_0200215.bmp


ans =

D:\lf_p7_02\lf_p7_0200633.bmp


ans =

D:\lf_p7_02\lf_p7_0200761.bmp


ans =

D:\lf_p7_02\lf_p7_0200359.bmp


ans =

D:\lf_p7_02\lf_p7_0200703.bmp


ans =

D:\lf_p7_02\lf_p7_0200519.bmp


ans =

D:\lf_p7_02\lf_p7_0200055.bmp


ans =

D:\lf_p7_02\lf_p7_0200209.bmp


ans =

D:\lf_p7_02\lf_p7_0200631.bmp


ans =

D:\lf_p7_02\lf_p7_0200759.bmp


ans =

D:\lf_p7_02\lf_p7_0200355.bmp


ans =

D:\lf_p7_02\lf_p7_0200701.bmp


ans =

D:\lf_p7_02\lf_p7_0200515.bmp


ans =

D:\lf_p7_02\lf_p7_0200911.bmp


ans =

D:\lf_p7_02\lf_p7_0200909.bmp


ans =

D:\lf_p7_02\lf_p7_0200053.bmp


ans =

D:\lf_p7_02\lf_p7_0200207.bmp


ans =

D:\lf_p7_02\lf_p7_0200629.bmp


ans =

D:\lf_p7_02\lf_p7_0200757.bmp


ans =

D:\lf_p7_02\lf_p7_0200353.bmp


ans =

D:\lf_p7_02\lf_p7_0200699.bmp


ans =

D:\lf_p7_02\lf_p7_0200907.bmp


ans =

D:\lf_p7_02\lf_p7_0200509.bmp


ans =

D:\lf_p7_02\lf_p7_0200045.bmp


ans =

D:\lf_p7_02\lf_p7_0200199.bmp


ans =

D:\lf_p7_02\lf_p7_0200627.bmp


ans =

D:\lf_p7_02\lf_p7_0200755.bmp


ans =

D:\lf_p7_02\lf_p7_0200347.bmp


ans =

D:\lf_p7_02\lf_p7_0200697.bmp


ans =

D:\lf_p7_02\lf_p7_0200503.bmp


ans =

D:\lf_p7_02\lf_p7_0200905.bmp


ans =

D:\lf_p7_02\lf_p7_0200041.bmp


ans =

D:\lf_p7_02\lf_p7_0200197.bmp


ans =

D:\lf_p7_02\lf_p7_0200625.bmp


ans =

D:\lf_p7_02\lf_p7_0200345.bmp


ans =

D:\lf_p7_02\lf_p7_0200695.bmp


ans =

D:\lf_p7_02\lf_p7_0200903.bmp


ans =

D:\lf_p7_02\lf_p7_0200501.bmp


ans =

D:\lf_p7_02\lf_p7_0200039.bmp


ans =

D:\lf_p7_02\lf_p7_0200193.bmp


ans =

D:\lf_p7_02\lf_p7_0200623.bmp


ans =

D:\lf_p7_02\lf_p7_0200949.bmp


ans =

D:\lf_p7_02\lf_p7_0200947.bmp


ans =

D:\lf_p7_02\lf_p7_0200339.bmp


ans =

D:\lf_p7_02\lf_p7_0200693.bmp


ans =

D:\lf_p7_02\lf_p7_0200901.bmp


ans =

D:\lf_p7_02\lf_p7_0200495.bmp


ans =

D:\lf_p7_02\lf_p7_0200033.bmp


ans =

D:\lf_p7_02\lf_p7_0200189.bmp


ans =

D:\lf_p7_02\lf_p7_0200621.bmp


ans =

D:\lf_p7_02\lf_p7_0200945.bmp


ans =

D:\lf_p7_02\lf_p7_0200337.bmp


ans =

D:\lf_p7_02\lf_p7_0200691.bmp


ans =

D:\lf_p7_02\lf_p7_0200899.bmp


ans =

D:\lf_p7_02\lf_p7_0200489.bmp


ans =

D:\lf_p7_02\lf_p7_0200031.bmp


ans =

D:\lf_p7_02\lf_p7_0200619.bmp


ans =

D:\lf_p7_02\lf_p7_0200943.bmp


ans =

D:\lf_p7_02\lf_p7_0200187.bmp


ans =

D:\lf_p7_02\lf_p7_0200331.bmp


ans =

D:\lf_p7_02\lf_p7_0200689.bmp


ans =

D:\lf_p7_02\lf_p7_0200897.bmp


ans =

D:\lf_p7_02\lf_p7_0200487.bmp


ans =

D:\lf_p7_02\lf_p7_0200025.bmp


ans =

D:\lf_p7_02\lf_p7_0200617.bmp


ans =

D:\lf_p7_02\lf_p7_0200941.bmp


ans =

D:\lf_p7_02\lf_p7_0200181.bmp


ans =

D:\lf_p7_02\lf_p7_0200329.bmp


ans =

D:\lf_p7_02\lf_p7_0200687.bmp


ans =

D:\lf_p7_02\lf_p7_0200481.bmp


ans =

D:\lf_p7_02\lf_p7_0200893.bmp


ans =

D:\lf_p7_02\lf_p7_0200021.bmp


ans =

D:\lf_p7_02\lf_p7_0200939.bmp


ans =

D:\lf_p7_02\lf_p7_0200615.bmp


ans =

D:\lf_p7_02\lf_p7_0200321.bmp


ans =

D:\lf_p7_02\lf_p7_0200177.bmp


ans =

D:\lf_p7_02\lf_p7_0200891.bmp


ans =

D:\lf_p7_02\lf_p7_0200479.bmp


ans =

D:\lf_p7_02\lf_p7_0200017.bmp


ans =

D:\lf_p7_02\lf_p7_0200937.bmp


ans =

D:\lf_p7_02\lf_p7_0200319.bmp


ans =

D:\lf_p7_02\lf_p7_0200613.bmp


ans =

D:\lf_p7_02\lf_p7_0200171.bmp


ans =

D:\lf_p7_02\lf_p7_0200889.bmp


ans =

D:\lf_p7_02\lf_p7_0200987.bmp


ans =

D:\lf_p7_02\lf_p7_0200985.bmp


ans =

D:\lf_p7_02\lf_p7_0200473.bmp


ans =

D:\lf_p7_02\lf_p7_0200013.bmp


ans =

D:\lf_p7_02\lf_p7_0200935.bmp


ans =

D:\lf_p7_02\lf_p7_0200611.bmp


ans =

D:\lf_p7_02\lf_p7_0200317.bmp


ans =

D:\lf_p7_02\lf_p7_0200169.bmp


ans =

D:\lf_p7_02\lf_p7_0200983.bmp


ans =

D:\lf_p7_02\lf_p7_0200887.bmp


ans =

D:\lf_p7_02\lf_p7_0200469.bmp


ans =

D:\lf_p7_02\lf_p7_0200011.bmp


ans =

D:\lf_p7_02\lf_p7_0200933.bmp


ans =

D:\lf_p7_02\lf_p7_0200609.bmp


ans =

D:\lf_p7_02\lf_p7_0200311.bmp


ans =

D:\lf_p7_02\lf_p7_0200163.bmp


ans =

D:\lf_p7_02\lf_p7_0200981.bmp


ans =

D:\lf_p7_02\lf_p7_0200885.bmp


ans =

D:\lf_p7_02\lf_p7_0200467.bmp


ans =

D:\lf_p7_02\lf_p7_0200931.bmp


ans =

D:\lf_p7_02\lf_p7_0200003.bmp


ans =

D:\lf_p7_02\lf_p7_0200309.bmp


ans =

D:\lf_p7_02\lf_p7_0200883.bmp


ans =

D:\lf_p7_02\lf_p7_0200977.bmp


ans =

D:\lf_p7_02\lf_p7_0200161.bmp


ans =

D:\lf_p7_02\lf_p7_0200463.bmp


ans =

D:\lf_p7_02\lf_p7_0200001.bmp


ans =

D:\lf_p7_02\lf_p7_0200929.bmp


ans =

D:\lf_p7_02\lf_p7_0201017.bmp


ans =

D:\lf_p7_02\lf_p7_0201015.bmp


ans =

D:\lf_p7_02\lf_p7_0200975.bmp


ans =

D:\lf_p7_02\lf_p7_0200155.bmp


ans =

D:\lf_p7_02\lf_p7_0200881.bmp


ans =

D:\lf_p7_02\lf_p7_0200927.bmp


ans =

D:\lf_p7_02\lf_p7_0201047.bmp


ans =

D:\lf_p7_02\lf_p7_0201045.bmp


ans =

D:\lf_p7_02\lf_p7_0201013.bmp


ans =

D:\lf_p7_02\lf_p7_0200973.bmp


ans =

D:\lf_p7_02\lf_p7_0200879.bmp


ans =

D:\lf_p7_02\lf_p7_0201071.bmp


ans =

D:\lf_p7_02\lf_p7_0201069.bmp


ans =

D:\lf_p7_02\lf_p7_0200925.bmp


ans =

D:\lf_p7_02\lf_p7_0201091.bmp


ans =

D:\lf_p7_02\lf_p7_0201089.bmp


ans =

D:\lf_p7_02\lf_p7_0201043.bmp


ans =

D:\lf_p7_02\lf_p7_0201011.bmp


ans =

D:\lf_p7_02\lf_p7_0200877.bmp


ans =

D:\lf_p7_02\lf_p7_0200971.bmp


ans =

D:\lf_p7_02\lf_p7_0201109.bmp


ans =

D:\lf_p7_02\lf_p7_0201107.bmp


ans =

D:\lf_p7_02\lf_p7_0201067.bmp


ans =

D:\lf_p7_02\lf_p7_0200923.bmp


ans =

D:\lf_p7_02\lf_p7_0201041.bmp


ans =

D:\lf_p7_02\lf_p7_0201087.bmp


ans =

D:\lf_p7_02\lf_p7_0201009.bmp


ans =

D:\lf_p7_02\lf_p7_0200969.bmp


ans =

D:\lf_p7_02\lf_p7_0200875.bmp


ans =

D:\lf_p7_02\lf_p7_0201063.bmp


ans =

D:\lf_p7_02\lf_p7_0201105.bmp


ans =

D:\lf_p7_02\lf_p7_0200921.bmp


ans =

D:\lf_p7_02\lf_p7_0201039.bmp


ans =

D:\lf_p7_02\lf_p7_0201085.bmp


ans =

D:\lf_p7_02\lf_p7_0200871.bmp


ans =

D:\lf_p7_02\lf_p7_0201007.bmp


ans =

D:\lf_p7_02\lf_p7_0200967.bmp


ans =

D:\lf_p7_02\lf_p7_0201061.bmp


ans =

D:\lf_p7_02\lf_p7_0201103.bmp


ans =

D:\lf_p7_02\lf_p7_0200919.bmp


ans =

D:\lf_p7_02\lf_p7_0201037.bmp


ans =

D:\lf_p7_02\lf_p7_0200869.bmp


ans =

D:\lf_p7_02\lf_p7_0201005.bmp


ans =

D:\lf_p7_02\lf_p7_0201083.bmp


ans =

D:\lf_p7_02\lf_p7_0200965.bmp


ans =

D:\lf_p7_02\lf_p7_0201059.bmp


ans =

D:\lf_p7_02\lf_p7_0201101.bmp


ans =

D:\lf_p7_02\lf_p7_0200917.bmp


ans =

D:\lf_p7_02\lf_p7_0201035.bmp


ans =

D:\lf_p7_02\lf_p7_0200867.bmp


ans =

D:\lf_p7_02\lf_p7_0201003.bmp


ans =

D:\lf_p7_02\lf_p7_0201081.bmp


ans =

D:\lf_p7_02\lf_p7_0200963.bmp


ans =

D:\lf_p7_02\lf_p7_0201057.bmp


ans =

D:\lf_p7_02\lf_p7_0201099.bmp


ans =

D:\lf_p7_02\lf_p7_0200915.bmp


ans =

D:\lf_p7_02\lf_p7_0201033.bmp


ans =

D:\lf_p7_02\lf_p7_0200961.bmp


ans =

D:\lf_p7_02\lf_p7_0200865.bmp


ans =

D:\lf_p7_02\lf_p7_0201001.bmp


ans =

D:\lf_p7_02\lf_p7_0201079.bmp


ans =

D:\lf_p7_02\lf_p7_0201055.bmp


ans =

D:\lf_p7_02\lf_p7_0201097.bmp


ans =

D:\lf_p7_02\lf_p7_0200913.bmp


ans =

D:\lf_p7_02\lf_p7_0201029.bmp


ans =

D:\lf_p7_02\lf_p7_0200999.bmp


ans =

D:\lf_p7_02\lf_p7_0200959.bmp


ans =

D:\lf_p7_02\lf_p7_0201077.bmp


ans =

D:\lf_p7_02\lf_p7_0201053.bmp


ans =

D:\lf_p7_02\lf_p7_0201093.bmp


ans =

D:\lf_p7_02\lf_p7_0201025.bmp


ans =

D:\lf_p7_02\lf_p7_0200957.bmp


ans =

D:\lf_p7_02\lf_p7_0201123.bmp


ans =

D:\lf_p7_02\lf_p7_0201121.bmp


ans =

D:\lf_p7_02\lf_p7_0200997.bmp


ans =

D:\lf_p7_02\lf_p7_0201051.bmp


ans =

D:\lf_p7_02\lf_p7_0201075.bmp


ans =

D:\lf_p7_02\lf_p7_0201137.bmp


ans =

D:\lf_p7_02\lf_p7_0201135.bmp


ans =

D:\lf_p7_02\lf_p7_0201023.bmp


ans =

D:\lf_p7_02\lf_p7_0201119.bmp


ans =

D:\lf_p7_02\lf_p7_0200955.bmp


ans =

D:\lf_p7_02\lf_p7_0201049.bmp


ans =

D:\lf_p7_02\lf_p7_0200995.bmp


ans =

D:\lf_p7_02\lf_p7_0201073.bmp


ans =

D:\lf_p7_02\lf_p7_0201151.bmp


ans =

D:\lf_p7_02\lf_p7_0201149.bmp


ans =

D:\lf_p7_02\lf_p7_0201133.bmp


ans =

D:\lf_p7_02\lf_p7_0201021.bmp


ans =

D:\lf_p7_02\lf_p7_0200953.bmp


ans =

D:\lf_p7_02\lf_p7_0201117.bmp


ans =

D:\lf_p7_02\lf_p7_0200993.bmp


ans =

D:\lf_p7_02\lf_p7_0201147.bmp


ans =

D:\lf_p7_02\lf_p7_0201131.bmp


ans =

D:\lf_p7_02\lf_p7_0201019.bmp


ans =

D:\lf_p7_02\lf_p7_0201115.bmp


ans =

D:\lf_p7_02\lf_p7_0200991.bmp


ans =

D:\lf_p7_02\lf_p7_0201177.bmp


ans =

D:\lf_p7_02\lf_p7_0201175.bmp


ans =

D:\lf_p7_02\lf_p7_0201163.bmp


ans =

D:\lf_p7_02\lf_p7_0201161.bmp


ans =

D:\lf_p7_02\lf_p7_0201145.bmp


ans =

D:\lf_p7_02\lf_p7_0201129.bmp


ans =

D:\lf_p7_02\lf_p7_0201189.bmp


ans =

D:\lf_p7_02\lf_p7_0201187.bmp


ans =

D:\lf_p7_02\lf_p7_0201113.bmp


ans =

D:\lf_p7_02\lf_p7_0200989.bmp


ans =

D:\lf_p7_02\lf_p7_0201173.bmp


ans =

D:\lf_p7_02\lf_p7_0201159.bmp


ans =

D:\lf_p7_02\lf_p7_0201143.bmp


ans =

D:\lf_p7_02\lf_p7_0201127.bmp


ans =

D:\lf_p7_02\lf_p7_0201111.bmp


ans =

D:\lf_p7_02\lf_p7_0201201.bmp


ans =

D:\lf_p7_02\lf_p7_0201199.bmp


ans =

D:\lf_p7_02\lf_p7_0201185.bmp


ans =

D:\lf_p7_02\lf_p7_0201171.bmp


ans =

D:\lf_p7_02\lf_p7_0201157.bmp


ans =

D:\lf_p7_02\lf_p7_0201139.bmp


ans =

D:\lf_p7_02\lf_p7_0201125.bmp


ans =

D:\lf_p7_02\lf_p7_0201197.bmp


ans =

D:\lf_p7_02\lf_p7_0201183.bmp


ans =

D:\lf_p7_02\lf_p7_0201213.bmp


ans =

D:\lf_p7_02\lf_p7_0201211.bmp


ans =

D:\lf_p7_02\lf_p7_0201167.bmp


ans =

D:\lf_p7_02\lf_p7_0201155.bmp


ans =

D:\lf_p7_02\lf_p7_0201195.bmp


ans =

D:\lf_p7_02\lf_p7_0201227.bmp


ans =

D:\lf_p7_02\lf_p7_0201225.bmp


ans =

D:\lf_p7_02\lf_p7_0201181.bmp


ans =

D:\lf_p7_02\lf_p7_0201209.bmp


ans =

D:\lf_p7_02\lf_p7_0201165.bmp


ans =

D:\lf_p7_02\lf_p7_0201153.bmp


ans =

D:\lf_p7_02\lf_p7_0201223.bmp


ans =

D:\lf_p7_02\lf_p7_0201193.bmp


ans =

D:\lf_p7_02\lf_p7_0201179.bmp


ans =

D:\lf_p7_02\lf_p7_0201207.bmp


ans =

D:\lf_p7_02\lf_p7_0201221.bmp


ans =

D:\lf_p7_02\lf_p7_0201191.bmp


ans =

D:\lf_p7_02\lf_p7_0201205.bmp


ans =

D:\lf_p7_02\lf_p7_0201219.bmp


ans =

D:\lf_p7_02\lf_p7_0201203.bmp


ans =

D:\lf_p7_02\lf_p7_0201217.bmp


outpath =

D:\lf_p7_02.csv


ans =

D:\lf_p7_02.csv

