Reading the bmp list

ans =

D:\lf_p7_03\lf_p7_0300587.bmp


ans =

D:\lf_p7_03\lf_p7_0300583.bmp


ans =

D:\lf_p7_03\lf_p7_0300387.bmp


ans =

D:\lf_p7_03\lf_p7_0300385.bmp


ans =

D:\lf_p7_03\lf_p7_0300487.bmp


ans =

D:\lf_p7_03\lf_p7_0300485.bmp


ans =

D:\lf_p7_03\lf_p7_0300289.bmp


ans =

D:\lf_p7_03\lf_p7_0300287.bmp


ans =

D:\lf_p7_03\lf_p7_0300815.bmp


ans =

D:\lf_p7_03\lf_p7_0300813.bmp


ans =

D:\lf_p7_03\lf_p7_0300751.bmp


ans =

D:\lf_p7_03\lf_p7_0300749.bmp


ans =

D:\lf_p7_03\lf_p7_0300187.bmp


ans =

D:\lf_p7_03\lf_p7_0300185.bmp


ans =

D:\lf_p7_03\lf_p7_0300675.bmp


ans =

D:\lf_p7_03\lf_p7_0300673.bmp


ans =

D:\lf_p7_03\lf_p7_0300811.bmp


ans =

D:\lf_p7_03\lf_p7_0300581.bmp


ans =

D:\lf_p7_03\lf_p7_0300383.bmp


ans =

D:\lf_p7_03\lf_p7_0300671.bmp


ans =

D:\lf_p7_03\lf_p7_0300483.bmp


ans =

D:\lf_p7_03\lf_p7_0300285.bmp


ans =

D:\lf_p7_03\lf_p7_0300747.bmp


ans =

D:\lf_p7_03\lf_p7_0300179.bmp


ans =

D:\lf_p7_03\lf_p7_0300381.bmp


ans =

D:\lf_p7_03\lf_p7_0300809.bmp


ans =

D:\lf_p7_03\lf_p7_0300579.bmp


ans =

D:\lf_p7_03\lf_p7_0300669.bmp


ans =

D:\lf_p7_03\lf_p7_0300481.bmp


ans =

D:\lf_p7_03\lf_p7_0300283.bmp


ans =

D:\lf_p7_03\lf_p7_0300745.bmp


ans =

D:\lf_p7_03\lf_p7_0300177.bmp


ans =

D:\lf_p7_03\lf_p7_0300807.bmp


ans =

D:\lf_p7_03\lf_p7_0300379.bmp


ans =

D:\lf_p7_03\lf_p7_0300577.bmp


ans =

D:\lf_p7_03\lf_p7_0300667.bmp


ans =

D:\lf_p7_03\lf_p7_0300479.bmp


ans =

D:\lf_p7_03\lf_p7_0300281.bmp


ans =

D:\lf_p7_03\lf_p7_0300743.bmp


ans =

D:\lf_p7_03\lf_p7_0300173.bmp


ans =

D:\lf_p7_03\lf_p7_0300377.bmp


ans =

D:\lf_p7_03\lf_p7_0300805.bmp


ans =

D:\lf_p7_03\lf_p7_0300665.bmp


ans =

D:\lf_p7_03\lf_p7_0300575.bmp


ans =

D:\lf_p7_03\lf_p7_0300741.bmp


ans =

D:\lf_p7_03\lf_p7_0300477.bmp


ans =

D:\lf_p7_03\lf_p7_0300169.bmp


ans =

D:\lf_p7_03\lf_p7_0300279.bmp


ans =

D:\lf_p7_03\lf_p7_0300375.bmp


ans =

D:\lf_p7_03\lf_p7_0300803.bmp


ans =

D:\lf_p7_03\lf_p7_0300573.bmp


ans =

D:\lf_p7_03\lf_p7_0300663.bmp


ans =

D:\lf_p7_03\lf_p7_0300475.bmp


ans =

D:\lf_p7_03\lf_p7_0300739.bmp


ans =

D:\lf_p7_03\lf_p7_0300277.bmp


ans =

D:\lf_p7_03\lf_p7_0300165.bmp


ans =

D:\lf_p7_03\lf_p7_0300373.bmp


ans =

D:\lf_p7_03\lf_p7_0300801.bmp


ans =

D:\lf_p7_03\lf_p7_0300571.bmp


ans =

D:\lf_p7_03\lf_p7_0300737.bmp


ans =

D:\lf_p7_03\lf_p7_0300661.bmp


ans =

D:\lf_p7_03\lf_p7_0300473.bmp


ans =

D:\lf_p7_03\lf_p7_0300275.bmp


ans =

D:\lf_p7_03\lf_p7_0300163.bmp


ans =

D:\lf_p7_03\lf_p7_0300369.bmp


ans =

D:\lf_p7_03\lf_p7_0300799.bmp


ans =

D:\lf_p7_03\lf_p7_0300569.bmp


ans =

D:\lf_p7_03\lf_p7_0300733.bmp


ans =

D:\lf_p7_03\lf_p7_0300659.bmp


ans =

D:\lf_p7_03\lf_p7_0300471.bmp


ans =

D:\lf_p7_03\lf_p7_0300273.bmp


ans =

D:\lf_p7_03\lf_p7_0300157.bmp


ans =

D:\lf_p7_03\lf_p7_0300367.bmp


ans =

D:\lf_p7_03\lf_p7_0300797.bmp


ans =

D:\lf_p7_03\lf_p7_0300567.bmp


ans =

D:\lf_p7_03\lf_p7_0300655.bmp


ans =

D:\lf_p7_03\lf_p7_0300469.bmp


ans =

D:\lf_p7_03\lf_p7_0300731.bmp


ans =

D:\lf_p7_03\lf_p7_0300271.bmp


ans =

D:\lf_p7_03\lf_p7_0300153.bmp


ans =

D:\lf_p7_03\lf_p7_0300365.bmp


ans =

D:\lf_p7_03\lf_p7_0300795.bmp


ans =

D:\lf_p7_03\lf_p7_0300565.bmp


ans =

D:\lf_p7_03\lf_p7_0300729.bmp


ans =

D:\lf_p7_03\lf_p7_0300653.bmp


ans =

D:\lf_p7_03\lf_p7_0300465.bmp


ans =

D:\lf_p7_03\lf_p7_0300269.bmp


ans =

D:\lf_p7_03\lf_p7_0300149.bmp


ans =

D:\lf_p7_03\lf_p7_0300363.bmp


ans =

D:\lf_p7_03\lf_p7_0300793.bmp


ans =

D:\lf_p7_03\lf_p7_0300563.bmp


ans =

D:\lf_p7_03\lf_p7_0300727.bmp


ans =

D:\lf_p7_03\lf_p7_0300651.bmp


ans =

D:\lf_p7_03\lf_p7_0300463.bmp


ans =

D:\lf_p7_03\lf_p7_0300145.bmp


ans =

D:\lf_p7_03\lf_p7_0300267.bmp


ans =

D:\lf_p7_03\lf_p7_0300361.bmp


ans =

D:\lf_p7_03\lf_p7_0300791.bmp


ans =

D:\lf_p7_03\lf_p7_0300561.bmp


ans =

D:\lf_p7_03\lf_p7_0300649.bmp


ans =

D:\lf_p7_03\lf_p7_0300725.bmp


ans =

D:\lf_p7_03\lf_p7_0300461.bmp


ans =

D:\lf_p7_03\lf_p7_0300265.bmp


ans =

D:\lf_p7_03\lf_p7_0300143.bmp


ans =

D:\lf_p7_03\lf_p7_0300359.bmp


ans =

D:\lf_p7_03\lf_p7_0300789.bmp


ans =

D:\lf_p7_03\lf_p7_0300559.bmp


ans =

D:\lf_p7_03\lf_p7_0300723.bmp


ans =

D:\lf_p7_03\lf_p7_0300647.bmp


ans =

D:\lf_p7_03\lf_p7_0300459.bmp


ans =

D:\lf_p7_03\lf_p7_0300263.bmp


ans =

D:\lf_p7_03\lf_p7_0300137.bmp


ans =

D:\lf_p7_03\lf_p7_0300357.bmp


ans =

D:\lf_p7_03\lf_p7_0300787.bmp


ans =

D:\lf_p7_03\lf_p7_0300557.bmp


ans =

D:\lf_p7_03\lf_p7_0300721.bmp


ans =

D:\lf_p7_03\lf_p7_0300645.bmp


ans =

D:\lf_p7_03\lf_p7_0300457.bmp


ans =

D:\lf_p7_03\lf_p7_0300259.bmp


ans =

D:\lf_p7_03\lf_p7_0300135.bmp


ans =

D:\lf_p7_03\lf_p7_0300355.bmp


ans =

D:\lf_p7_03\lf_p7_0300785.bmp


ans =

D:\lf_p7_03\lf_p7_0300555.bmp


ans =

D:\lf_p7_03\lf_p7_0300719.bmp


ans =

D:\lf_p7_03\lf_p7_0300643.bmp


ans =

D:\lf_p7_03\lf_p7_0300455.bmp


ans =

D:\lf_p7_03\lf_p7_0300353.bmp


ans =

D:\lf_p7_03\lf_p7_0300257.bmp


ans =

D:\lf_p7_03\lf_p7_0300129.bmp


ans =

D:\lf_p7_03\lf_p7_0300783.bmp


ans =

D:\lf_p7_03\lf_p7_0300553.bmp


ans =

D:\lf_p7_03\lf_p7_0300717.bmp


ans =

D:\lf_p7_03\lf_p7_0300641.bmp


ans =

D:\lf_p7_03\lf_p7_0300453.bmp


ans =

D:\lf_p7_03\lf_p7_0300351.bmp


ans =

D:\lf_p7_03\lf_p7_0300255.bmp


ans =

D:\lf_p7_03\lf_p7_0300127.bmp


ans =

D:\lf_p7_03\lf_p7_0300781.bmp


ans =

D:\lf_p7_03\lf_p7_0300551.bmp


ans =

D:\lf_p7_03\lf_p7_0300715.bmp


ans =

D:\lf_p7_03\lf_p7_0300639.bmp


ans =

D:\lf_p7_03\lf_p7_0300451.bmp


ans =

D:\lf_p7_03\lf_p7_0300349.bmp


ans =

D:\lf_p7_03\lf_p7_0300779.bmp


ans =

D:\lf_p7_03\lf_p7_0300121.bmp


ans =

D:\lf_p7_03\lf_p7_0300253.bmp


ans =

D:\lf_p7_03\lf_p7_0300713.bmp


ans =

D:\lf_p7_03\lf_p7_0300549.bmp


ans =

D:\lf_p7_03\lf_p7_0300637.bmp


ans =

D:\lf_p7_03\lf_p7_0300449.bmp


ans =

D:\lf_p7_03\lf_p7_0300347.bmp


ans =

D:\lf_p7_03\lf_p7_0300777.bmp


ans =

D:\lf_p7_03\lf_p7_0300711.bmp


ans =

D:\lf_p7_03\lf_p7_0300117.bmp


ans =

D:\lf_p7_03\lf_p7_0300251.bmp


ans =

D:\lf_p7_03\lf_p7_0300547.bmp


ans =

D:\lf_p7_03\lf_p7_0300635.bmp


ans =

D:\lf_p7_03\lf_p7_0300447.bmp


ans =

D:\lf_p7_03\lf_p7_0300775.bmp


ans =

D:\lf_p7_03\lf_p7_0300345.bmp


ans =

D:\lf_p7_03\lf_p7_0300709.bmp


ans =

D:\lf_p7_03\lf_p7_0300249.bmp


ans =

D:\lf_p7_03\lf_p7_0300543.bmp


ans =

D:\lf_p7_03\lf_p7_0300111.bmp


ans =

D:\lf_p7_03\lf_p7_0300633.bmp


ans =

D:\lf_p7_03\lf_p7_0300445.bmp


ans =

D:\lf_p7_03\lf_p7_0300773.bmp


ans =

D:\lf_p7_03\lf_p7_0300343.bmp


ans =

D:\lf_p7_03\lf_p7_0300707.bmp


ans =

D:\lf_p7_03\lf_p7_0300541.bmp


ans =

D:\lf_p7_03\lf_p7_0300109.bmp


ans =

D:\lf_p7_03\lf_p7_0300247.bmp


ans =

D:\lf_p7_03\lf_p7_0300631.bmp


ans =

D:\lf_p7_03\lf_p7_0300443.bmp


ans =

D:\lf_p7_03\lf_p7_0300771.bmp


ans =

D:\lf_p7_03\lf_p7_0300341.bmp


ans =

D:\lf_p7_03\lf_p7_0300539.bmp


ans =

D:\lf_p7_03\lf_p7_0300705.bmp


ans =

D:\lf_p7_03\lf_p7_0300245.bmp


ans =

D:\lf_p7_03\lf_p7_0300107.bmp


ans =

D:\lf_p7_03\lf_p7_0300629.bmp


ans =

D:\lf_p7_03\lf_p7_0300441.bmp


ans =

D:\lf_p7_03\lf_p7_0300769.bmp


ans =

D:\lf_p7_03\lf_p7_0300339.bmp


ans =

D:\lf_p7_03\lf_p7_0300703.bmp


ans =

D:\lf_p7_03\lf_p7_0300537.bmp


ans =

D:\lf_p7_03\lf_p7_0300243.bmp


ans =

D:\lf_p7_03\lf_p7_0300101.bmp


ans =

D:\lf_p7_03\lf_p7_0300627.bmp


ans =

D:\lf_p7_03\lf_p7_0300439.bmp


ans =

D:\lf_p7_03\lf_p7_0300767.bmp


ans =

D:\lf_p7_03\lf_p7_0300337.bmp


ans =

D:\lf_p7_03\lf_p7_0300535.bmp


ans =

D:\lf_p7_03\lf_p7_0300701.bmp


ans =

D:\lf_p7_03\lf_p7_0300099.bmp


ans =

D:\lf_p7_03\lf_p7_0300625.bmp


ans =

D:\lf_p7_03\lf_p7_0300241.bmp


ans =

D:\lf_p7_03\lf_p7_0300435.bmp


ans =

D:\lf_p7_03\lf_p7_0300335.bmp


ans =

D:\lf_p7_03\lf_p7_0300765.bmp


ans =

D:\lf_p7_03\lf_p7_0300533.bmp


ans =

D:\lf_p7_03\lf_p7_0300699.bmp


ans =

D:\lf_p7_03\lf_p7_0300093.bmp


ans =

D:\lf_p7_03\lf_p7_0300623.bmp


ans =

D:\lf_p7_03\lf_p7_0300433.bmp


ans =

D:\lf_p7_03\lf_p7_0300239.bmp


ans =

D:\lf_p7_03\lf_p7_0300763.bmp


ans =

D:\lf_p7_03\lf_p7_0300333.bmp


ans =

D:\lf_p7_03\lf_p7_0300531.bmp


ans =

D:\lf_p7_03\lf_p7_0300697.bmp


ans =

D:\lf_p7_03\lf_p7_0300091.bmp


ans =

D:\lf_p7_03\lf_p7_0300621.bmp


ans =

D:\lf_p7_03\lf_p7_0300431.bmp


ans =

D:\lf_p7_03\lf_p7_0300237.bmp


ans =

D:\lf_p7_03\lf_p7_0300761.bmp


ans =

D:\lf_p7_03\lf_p7_0300331.bmp


ans =

D:\lf_p7_03\lf_p7_0300529.bmp


ans =

D:\lf_p7_03\lf_p7_0300695.bmp


ans =

D:\lf_p7_03\lf_p7_0300085.bmp


ans =

D:\lf_p7_03\lf_p7_0300619.bmp


ans =

D:\lf_p7_03\lf_p7_0300429.bmp


ans =

D:\lf_p7_03\lf_p7_0300235.bmp


ans =

D:\lf_p7_03\lf_p7_0300759.bmp


ans =

D:\lf_p7_03\lf_p7_0300329.bmp


ans =

D:\lf_p7_03\lf_p7_0300527.bmp


ans =

D:\lf_p7_03\lf_p7_0300691.bmp


ans =

D:\lf_p7_03\lf_p7_0300081.bmp


ans =

D:\lf_p7_03\lf_p7_0300617.bmp


ans =

D:\lf_p7_03\lf_p7_0300427.bmp


ans =

D:\lf_p7_03\lf_p7_0300233.bmp


ans =

D:\lf_p7_03\lf_p7_0300757.bmp


ans =

D:\lf_p7_03\lf_p7_0300327.bmp


ans =

D:\lf_p7_03\lf_p7_0300525.bmp


ans =

D:\lf_p7_03\lf_p7_0300689.bmp


ans =

D:\lf_p7_03\lf_p7_0300079.bmp


ans =

D:\lf_p7_03\lf_p7_0300615.bmp


ans =

D:\lf_p7_03\lf_p7_0300425.bmp


ans =

D:\lf_p7_03\lf_p7_0300231.bmp


ans =

D:\lf_p7_03\lf_p7_0300755.bmp


ans =

D:\lf_p7_03\lf_p7_0300325.bmp


ans =

D:\lf_p7_03\lf_p7_0300523.bmp


ans =

D:\lf_p7_03\lf_p7_0300687.bmp


ans =

D:\lf_p7_03\lf_p7_0300073.bmp


ans =

D:\lf_p7_03\lf_p7_0300613.bmp


ans =

D:\lf_p7_03\lf_p7_0300753.bmp


ans =

D:\lf_p7_03\lf_p7_0300423.bmp


ans =

D:\lf_p7_03\lf_p7_0300229.bmp


ans =

D:\lf_p7_03\lf_p7_0300323.bmp


ans =

D:\lf_p7_03\lf_p7_0300521.bmp


ans =

D:\lf_p7_03\lf_p7_0300685.bmp


ans =

D:\lf_p7_03\lf_p7_0300611.bmp


ans =

D:\lf_p7_03\lf_p7_0300071.bmp


ans =

D:\lf_p7_03\lf_p7_0300421.bmp


ans =

D:\lf_p7_03\lf_p7_0300227.bmp


ans =

D:\lf_p7_03\lf_p7_0300321.bmp


ans =

D:\lf_p7_03\lf_p7_0300519.bmp


ans =

D:\lf_p7_03\lf_p7_0300683.bmp


ans =

D:\lf_p7_03\lf_p7_0300609.bmp


ans =

D:\lf_p7_03\lf_p7_0300065.bmp


ans =

D:\lf_p7_03\lf_p7_0300873.bmp


ans =

D:\lf_p7_03\lf_p7_0300871.bmp


ans =

D:\lf_p7_03\lf_p7_0300419.bmp


ans =

D:\lf_p7_03\lf_p7_0300225.bmp


ans =

D:\lf_p7_03\lf_p7_0300319.bmp


ans =

D:\lf_p7_03\lf_p7_0300517.bmp


ans =

D:\lf_p7_03\lf_p7_0300681.bmp


ans =

D:\lf_p7_03\lf_p7_0300607.bmp


ans =

D:\lf_p7_03\lf_p7_0300869.bmp


ans =

D:\lf_p7_03\lf_p7_0300061.bmp


ans =

D:\lf_p7_03\lf_p7_0300417.bmp


ans =

D:\lf_p7_03\lf_p7_0300223.bmp


ans =

D:\lf_p7_03\lf_p7_0300515.bmp


ans =

D:\lf_p7_03\lf_p7_0300317.bmp


ans =

D:\lf_p7_03\lf_p7_0300679.bmp


ans =

D:\lf_p7_03\lf_p7_0300603.bmp


ans =

D:\lf_p7_03\lf_p7_0300867.bmp


ans =

D:\lf_p7_03\lf_p7_0300059.bmp


ans =

D:\lf_p7_03\lf_p7_0300415.bmp


ans =

D:\lf_p7_03\lf_p7_0300221.bmp


ans =

D:\lf_p7_03\lf_p7_0300315.bmp


ans =

D:\lf_p7_03\lf_p7_0300513.bmp


ans =

D:\lf_p7_03\lf_p7_0300677.bmp


ans =

D:\lf_p7_03\lf_p7_0300601.bmp


ans =

D:\lf_p7_03\lf_p7_0300865.bmp


ans =

D:\lf_p7_03\lf_p7_0300053.bmp


ans =

D:\lf_p7_03\lf_p7_0300413.bmp


ans =

D:\lf_p7_03\lf_p7_0300219.bmp


ans =

D:\lf_p7_03\lf_p7_0300313.bmp


ans =

D:\lf_p7_03\lf_p7_0300511.bmp


ans =

D:\lf_p7_03\lf_p7_0300599.bmp


ans =

D:\lf_p7_03\lf_p7_0300863.bmp


ans =

D:\lf_p7_03\lf_p7_0300051.bmp


ans =

D:\lf_p7_03\lf_p7_0300411.bmp


ans =

D:\lf_p7_03\lf_p7_0300217.bmp


ans =

D:\lf_p7_03\lf_p7_0300311.bmp


ans =

D:\lf_p7_03\lf_p7_0300923.bmp


ans =

D:\lf_p7_03\lf_p7_0300921.bmp


ans =

D:\lf_p7_03\lf_p7_0300509.bmp


ans =

D:\lf_p7_03\lf_p7_0300597.bmp


ans =

D:\lf_p7_03\lf_p7_0300861.bmp


ans =

D:\lf_p7_03\lf_p7_0300045.bmp


ans =

D:\lf_p7_03\lf_p7_0300409.bmp


ans =

D:\lf_p7_03\lf_p7_0300309.bmp


ans =

D:\lf_p7_03\lf_p7_0300215.bmp


ans =

D:\lf_p7_03\lf_p7_0300507.bmp


ans =

D:\lf_p7_03\lf_p7_0300919.bmp


ans =

D:\lf_p7_03\lf_p7_0300595.bmp


ans =

D:\lf_p7_03\lf_p7_0300859.bmp


ans =

D:\lf_p7_03\lf_p7_0300043.bmp


ans =

D:\lf_p7_03\lf_p7_0300407.bmp


ans =

D:\lf_p7_03\lf_p7_0300505.bmp


ans =

D:\lf_p7_03\lf_p7_0300917.bmp


ans =

D:\lf_p7_03\lf_p7_0300307.bmp


ans =

D:\lf_p7_03\lf_p7_0300213.bmp


ans =

D:\lf_p7_03\lf_p7_0300593.bmp


ans =

D:\lf_p7_03\lf_p7_0300857.bmp


ans =

D:\lf_p7_03\lf_p7_0300037.bmp


ans =

D:\lf_p7_03\lf_p7_0300405.bmp


ans =

D:\lf_p7_03\lf_p7_0300503.bmp


ans =

D:\lf_p7_03\lf_p7_0300305.bmp


ans =

D:\lf_p7_03\lf_p7_0300915.bmp


ans =

D:\lf_p7_03\lf_p7_0300211.bmp


ans =

D:\lf_p7_03\lf_p7_0300591.bmp


ans =

D:\lf_p7_03\lf_p7_0300855.bmp


ans =

D:\lf_p7_03\lf_p7_0300033.bmp


ans =

D:\lf_p7_03\lf_p7_0300403.bmp


ans =

D:\lf_p7_03\lf_p7_0300303.bmp


ans =

D:\lf_p7_03\lf_p7_0300501.bmp


ans =

D:\lf_p7_03\lf_p7_0300913.bmp


ans =

D:\lf_p7_03\lf_p7_0300209.bmp


ans =

D:\lf_p7_03\lf_p7_0300589.bmp


ans =

D:\lf_p7_03\lf_p7_0300851.bmp


ans =

D:\lf_p7_03\lf_p7_0300031.bmp


ans =

D:\lf_p7_03\lf_p7_0300301.bmp


ans =

D:\lf_p7_03\lf_p7_0300401.bmp


ans =

D:\lf_p7_03\lf_p7_0300499.bmp


ans =

D:\lf_p7_03\lf_p7_0300207.bmp


ans =

D:\lf_p7_03\lf_p7_0300911.bmp


ans =

D:\lf_p7_03\lf_p7_0300849.bmp


ans =

D:\lf_p7_03\lf_p7_0300027.bmp


ans =

D:\lf_p7_03\lf_p7_0300299.bmp


ans =

D:\lf_p7_03\lf_p7_0300399.bmp


ans =

D:\lf_p7_03\lf_p7_0300497.bmp


ans =

D:\lf_p7_03\lf_p7_0300909.bmp


ans =

D:\lf_p7_03\lf_p7_0300205.bmp


ans =

D:\lf_p7_03\lf_p7_0300847.bmp


ans =

D:\lf_p7_03\lf_p7_0300967.bmp


ans =

D:\lf_p7_03\lf_p7_0300965.bmp


ans =

D:\lf_p7_03\lf_p7_0300297.bmp


ans =

D:\lf_p7_03\lf_p7_0300495.bmp


ans =

D:\lf_p7_03\lf_p7_0300023.bmp


ans =

D:\lf_p7_03\lf_p7_0300397.bmp


ans =

D:\lf_p7_03\lf_p7_0300907.bmp


ans =

D:\lf_p7_03\lf_p7_0300203.bmp


ans =

D:\lf_p7_03\lf_p7_0300845.bmp


ans =

D:\lf_p7_03\lf_p7_0300963.bmp


ans =

D:\lf_p7_03\lf_p7_0300295.bmp


ans =

D:\lf_p7_03\lf_p7_0300493.bmp


ans =

D:\lf_p7_03\lf_p7_0300017.bmp


ans =

D:\lf_p7_03\lf_p7_0300395.bmp


ans =

D:\lf_p7_03\lf_p7_0300905.bmp


ans =

D:\lf_p7_03\lf_p7_0300201.bmp


ans =

D:\lf_p7_03\lf_p7_0300843.bmp


ans =

D:\lf_p7_03\lf_p7_0300961.bmp


ans =

D:\lf_p7_03\lf_p7_0300293.bmp


ans =

D:\lf_p7_03\lf_p7_0300491.bmp


ans =

D:\lf_p7_03\lf_p7_0300015.bmp


ans =

D:\lf_p7_03\lf_p7_0300393.bmp


ans =

D:\lf_p7_03\lf_p7_0300903.bmp


ans =

D:\lf_p7_03\lf_p7_0300959.bmp


ans =

D:\lf_p7_03\lf_p7_0300199.bmp


ans =

D:\lf_p7_03\lf_p7_0300841.bmp


ans =

D:\lf_p7_03\lf_p7_0300489.bmp


ans =

D:\lf_p7_03\lf_p7_0300291.bmp


ans =

D:\lf_p7_03\lf_p7_0300901.bmp


ans =

D:\lf_p7_03\lf_p7_0300009.bmp


ans =

D:\lf_p7_03\lf_p7_0300391.bmp


ans =

D:\lf_p7_03\lf_p7_0300957.bmp


ans =

D:\lf_p7_03\lf_p7_0300197.bmp


ans =

D:\lf_p7_03\lf_p7_0300839.bmp


ans =

D:\lf_p7_03\lf_p7_0300389.bmp


ans =

D:\lf_p7_03\lf_p7_0300899.bmp


ans =

D:\lf_p7_03\lf_p7_0300005.bmp


ans =

D:\lf_p7_03\lf_p7_0300955.bmp


ans =

D:\lf_p7_03\lf_p7_0300837.bmp


ans =

D:\lf_p7_03\lf_p7_0300195.bmp


ans =

D:\lf_p7_03\lf_p7_0301009.bmp


ans =

D:\lf_p7_03\lf_p7_0301007.bmp


ans =

D:\lf_p7_03\lf_p7_0301041.bmp


ans =

D:\lf_p7_03\lf_p7_0301039.bmp


ans =

D:\lf_p7_03\lf_p7_0300895.bmp


ans =

D:\lf_p7_03\lf_p7_0300001.bmp


ans =

D:\lf_p7_03\lf_p7_0300953.bmp


ans =

D:\lf_p7_03\lf_p7_0300835.bmp


ans =

D:\lf_p7_03\lf_p7_0300193.bmp


ans =

D:\lf_p7_03\lf_p7_0301005.bmp


ans =

D:\lf_p7_03\lf_p7_0300893.bmp


ans =

D:\lf_p7_03\lf_p7_0301071.bmp


ans =

D:\lf_p7_03\lf_p7_0301069.bmp


ans =

D:\lf_p7_03\lf_p7_0301037.bmp


ans =

D:\lf_p7_03\lf_p7_0300951.bmp


ans =

D:\lf_p7_03\lf_p7_0300833.bmp


ans =

D:\lf_p7_03\lf_p7_0301003.bmp


ans =

D:\lf_p7_03\lf_p7_0300891.bmp


ans =

D:\lf_p7_03\lf_p7_0301067.bmp


ans =

D:\lf_p7_03\lf_p7_0301035.bmp


ans =

D:\lf_p7_03\lf_p7_0301097.bmp


ans =

D:\lf_p7_03\lf_p7_0301095.bmp


ans =

D:\lf_p7_03\lf_p7_0300831.bmp


ans =

D:\lf_p7_03\lf_p7_0300949.bmp


ans =

D:\lf_p7_03\lf_p7_0301119.bmp


ans =

D:\lf_p7_03\lf_p7_0301117.bmp


ans =

D:\lf_p7_03\lf_p7_0300999.bmp


ans =

D:\lf_p7_03\lf_p7_0300889.bmp


ans =

D:\lf_p7_03\lf_p7_0301065.bmp


ans =

D:\lf_p7_03\lf_p7_0301033.bmp


ans =

D:\lf_p7_03\lf_p7_0300945.bmp


ans =

D:\lf_p7_03\lf_p7_0301093.bmp


ans =

D:\lf_p7_03\lf_p7_0300829.bmp


ans =

D:\lf_p7_03\lf_p7_0301115.bmp


ans =

D:\lf_p7_03\lf_p7_0300997.bmp


ans =

D:\lf_p7_03\lf_p7_0300887.bmp


ans =

D:\lf_p7_03\lf_p7_0301063.bmp


ans =

D:\lf_p7_03\lf_p7_0301031.bmp


ans =

D:\lf_p7_03\lf_p7_0300943.bmp


ans =

D:\lf_p7_03\lf_p7_0301091.bmp


ans =

D:\lf_p7_03\lf_p7_0300827.bmp


ans =

D:\lf_p7_03\lf_p7_0301113.bmp


ans =

D:\lf_p7_03\lf_p7_0300995.bmp


ans =

D:\lf_p7_03\lf_p7_0300885.bmp


ans =

D:\lf_p7_03\lf_p7_0301061.bmp


ans =

D:\lf_p7_03\lf_p7_0301029.bmp


ans =

D:\lf_p7_03\lf_p7_0300941.bmp


ans =

D:\lf_p7_03\lf_p7_0301089.bmp


ans =

D:\lf_p7_03\lf_p7_0300825.bmp


ans =

D:\lf_p7_03\lf_p7_0301111.bmp


ans =

D:\lf_p7_03\lf_p7_0300993.bmp


ans =

D:\lf_p7_03\lf_p7_0300883.bmp


ans =

D:\lf_p7_03\lf_p7_0301059.bmp


ans =

D:\lf_p7_03\lf_p7_0301027.bmp


ans =

D:\lf_p7_03\lf_p7_0300939.bmp


ans =

D:\lf_p7_03\lf_p7_0300823.bmp


ans =

D:\lf_p7_03\lf_p7_0301087.bmp


ans =

D:\lf_p7_03\lf_p7_0301109.bmp


ans =

D:\lf_p7_03\lf_p7_0300991.bmp


ans =

D:\lf_p7_03\lf_p7_0300881.bmp


ans =

D:\lf_p7_03\lf_p7_0301057.bmp


ans =

D:\lf_p7_03\lf_p7_0300937.bmp


ans =

D:\lf_p7_03\lf_p7_0300821.bmp


ans =

D:\lf_p7_03\lf_p7_0301025.bmp


ans =

D:\lf_p7_03\lf_p7_0301085.bmp


ans =

D:\lf_p7_03\lf_p7_0301107.bmp


ans =

D:\lf_p7_03\lf_p7_0300989.bmp


ans =

D:\lf_p7_03\lf_p7_0300879.bmp


ans =

D:\lf_p7_03\lf_p7_0301055.bmp


ans =

D:\lf_p7_03\lf_p7_0301023.bmp


ans =

D:\lf_p7_03\lf_p7_0300935.bmp


ans =

D:\lf_p7_03\lf_p7_0300819.bmp


ans =

D:\lf_p7_03\lf_p7_0301083.bmp


ans =

D:\lf_p7_03\lf_p7_0301105.bmp


ans =

D:\lf_p7_03\lf_p7_0300987.bmp


ans =

D:\lf_p7_03\lf_p7_0300877.bmp


ans =

D:\lf_p7_03\lf_p7_0300933.bmp


ans =

D:\lf_p7_03\lf_p7_0301053.bmp


ans =

D:\lf_p7_03\lf_p7_0300817.bmp


ans =

D:\lf_p7_03\lf_p7_0301021.bmp


ans =

D:\lf_p7_03\lf_p7_0301081.bmp


ans =

D:\lf_p7_03\lf_p7_0301103.bmp


ans =

D:\lf_p7_03\lf_p7_0300985.bmp


ans =

D:\lf_p7_03\lf_p7_0300875.bmp


ans =

D:\lf_p7_03\lf_p7_0300931.bmp


ans =

D:\lf_p7_03\lf_p7_0301051.bmp


ans =

D:\lf_p7_03\lf_p7_0301019.bmp


ans =

D:\lf_p7_03\lf_p7_0301079.bmp


ans =

D:\lf_p7_03\lf_p7_0301101.bmp


ans =

D:\lf_p7_03\lf_p7_0300983.bmp


ans =

D:\lf_p7_03\lf_p7_0300929.bmp


ans =

D:\lf_p7_03\lf_p7_0301141.bmp


ans =

D:\lf_p7_03\lf_p7_0301139.bmp


ans =

D:\lf_p7_03\lf_p7_0301047.bmp


ans =

D:\lf_p7_03\lf_p7_0301017.bmp


ans =

D:\lf_p7_03\lf_p7_0301077.bmp


ans =

D:\lf_p7_03\lf_p7_0301099.bmp


ans =

D:\lf_p7_03\lf_p7_0300981.bmp


ans =

D:\lf_p7_03\lf_p7_0301157.bmp


ans =

D:\lf_p7_03\lf_p7_0301155.bmp


ans =

D:\lf_p7_03\lf_p7_0301137.bmp


ans =

D:\lf_p7_03\lf_p7_0300927.bmp


ans =

D:\lf_p7_03\lf_p7_0301045.bmp


ans =

D:\lf_p7_03\lf_p7_0301015.bmp


ans =

D:\lf_p7_03\lf_p7_0301075.bmp


ans =

D:\lf_p7_03\lf_p7_0300979.bmp


ans =

D:\lf_p7_03\lf_p7_0301153.bmp


ans =

D:\lf_p7_03\lf_p7_0301135.bmp


ans =

D:\lf_p7_03\lf_p7_0300925.bmp


ans =

D:\lf_p7_03\lf_p7_0301043.bmp


ans =

D:\lf_p7_03\lf_p7_0301013.bmp


ans =

D:\lf_p7_03\lf_p7_0301073.bmp


ans =

D:\lf_p7_03\lf_p7_0300977.bmp


ans =

D:\lf_p7_03\lf_p7_0301173.bmp


ans =

D:\lf_p7_03\lf_p7_0301171.bmp


ans =

D:\lf_p7_03\lf_p7_0301151.bmp


ans =

D:\lf_p7_03\lf_p7_0301133.bmp


ans =

D:\lf_p7_03\lf_p7_0301011.bmp


ans =

D:\lf_p7_03\lf_p7_0300973.bmp


ans =

D:\lf_p7_03\lf_p7_0301169.bmp


ans =

D:\lf_p7_03\lf_p7_0301149.bmp


ans =

D:\lf_p7_03\lf_p7_0301191.bmp


ans =

D:\lf_p7_03\lf_p7_0301189.bmp


ans =

D:\lf_p7_03\lf_p7_0301209.bmp


ans =

D:\lf_p7_03\lf_p7_0301205.bmp


ans =

D:\lf_p7_03\lf_p7_0301131.bmp


ans =

D:\lf_p7_03\lf_p7_0301225.bmp


ans =

D:\lf_p7_03\lf_p7_0301223.bmp


ans =

D:\lf_p7_03\lf_p7_0300971.bmp


ans =

D:\lf_p7_03\lf_p7_0301147.bmp


ans =

D:\lf_p7_03\lf_p7_0301167.bmp


ans =

D:\lf_p7_03\lf_p7_0301243.bmp


ans =

D:\lf_p7_03\lf_p7_0301241.bmp


ans =

D:\lf_p7_03\lf_p7_0301187.bmp


ans =

D:\lf_p7_03\lf_p7_0301129.bmp


ans =

D:\lf_p7_03\lf_p7_0301203.bmp


ans =

D:\lf_p7_03\lf_p7_0301221.bmp


ans =

D:\lf_p7_03\lf_p7_0300969.bmp


ans =

D:\lf_p7_03\lf_p7_0301145.bmp


ans =

D:\lf_p7_03\lf_p7_0301165.bmp


ans =

D:\lf_p7_03\lf_p7_0301127.bmp


ans =

D:\lf_p7_03\lf_p7_0301239.bmp


ans =

D:\lf_p7_03\lf_p7_0301185.bmp


ans =

D:\lf_p7_03\lf_p7_0301201.bmp


ans =

D:\lf_p7_03\lf_p7_0301219.bmp


ans =

D:\lf_p7_03\lf_p7_0301143.bmp


ans =

D:\lf_p7_03\lf_p7_0301163.bmp


ans =

D:\lf_p7_03\lf_p7_0301235.bmp


ans =

D:\lf_p7_03\lf_p7_0301183.bmp


ans =

D:\lf_p7_03\lf_p7_0301199.bmp


ans =

D:\lf_p7_03\lf_p7_0301123.bmp


ans =

D:\lf_p7_03\lf_p7_0301217.bmp


ans =

D:\lf_p7_03\lf_p7_0301259.bmp


ans =

D:\lf_p7_03\lf_p7_0301257.bmp


ans =

D:\lf_p7_03\lf_p7_0301161.bmp


ans =

D:\lf_p7_03\lf_p7_0301181.bmp


ans =

D:\lf_p7_03\lf_p7_0301197.bmp


ans =

D:\lf_p7_03\lf_p7_0301121.bmp


ans =

D:\lf_p7_03\lf_p7_0301233.bmp


ans =

D:\lf_p7_03\lf_p7_0301215.bmp


ans =

D:\lf_p7_03\lf_p7_0301255.bmp


ans =

D:\lf_p7_03\lf_p7_0301275.bmp


ans =

D:\lf_p7_03\lf_p7_0301273.bmp


ans =

D:\lf_p7_03\lf_p7_0301159.bmp


ans =

D:\lf_p7_03\lf_p7_0301177.bmp


ans =

D:\lf_p7_03\lf_p7_0301231.bmp


ans =

D:\lf_p7_03\lf_p7_0301195.bmp


ans =

D:\lf_p7_03\lf_p7_0301253.bmp


ans =

D:\lf_p7_03\lf_p7_0301213.bmp


ans =

D:\lf_p7_03\lf_p7_0301271.bmp


ans =

D:\lf_p7_03\lf_p7_0301175.bmp


ans =

D:\lf_p7_03\lf_p7_0301193.bmp


ans =

D:\lf_p7_03\lf_p7_0301229.bmp


ans =

D:\lf_p7_03\lf_p7_0301251.bmp


ans =

D:\lf_p7_03\lf_p7_0301211.bmp


ans =

D:\lf_p7_03\lf_p7_0301269.bmp


ans =

D:\lf_p7_03\lf_p7_0301227.bmp


ans =

D:\lf_p7_03\lf_p7_0301249.bmp


ans =

D:\lf_p7_03\lf_p7_0301267.bmp


ans =

D:\lf_p7_03\lf_p7_0301247.bmp


ans =

D:\lf_p7_03\lf_p7_0301265.bmp


ans =

D:\lf_p7_03\lf_p7_0301245.bmp


ans =

D:\lf_p7_03\lf_p7_0301263.bmp


ans =

D:\lf_p7_03\lf_p7_0301261.bmp


outpath =

D:\lf_p7_03.csv


ans =

D:\lf_p7_03.csv

