Reading the bmp list

ans =

D:\lf_p7_04\lf_p7_0400427.bmp


ans =

D:\lf_p7_04\lf_p7_0400423.bmp


ans =

D:\lf_p7_04\lf_p7_0400209.bmp


ans =

D:\lf_p7_04\lf_p7_0400207.bmp


ans =

D:\lf_p7_04\lf_p7_0400551.bmp


ans =

D:\lf_p7_04\lf_p7_0400547.bmp


ans =

D:\lf_p7_04\lf_p7_0400725.bmp


ans =

D:\lf_p7_04\lf_p7_0400721.bmp


ans =

D:\lf_p7_04\lf_p7_0400317.bmp


ans =

D:\lf_p7_04\lf_p7_0400313.bmp


ans =

D:\lf_p7_04\lf_p7_0400647.bmp


ans =

D:\lf_p7_04\lf_p7_0400641.bmp


ans =

D:\lf_p7_04\lf_p7_0400799.bmp


ans =

D:\lf_p7_04\lf_p7_0400793.bmp


ans =

D:\lf_p7_04\lf_p7_0400103.bmp


ans =

D:\lf_p7_04\lf_p7_0400101.bmp


ans =

D:\lf_p7_04\lf_p7_0400419.bmp


ans =

D:\lf_p7_04\lf_p7_0400201.bmp


ans =

D:\lf_p7_04\lf_p7_0400789.bmp


ans =

D:\lf_p7_04\lf_p7_0400537.bmp


ans =

D:\lf_p7_04\lf_p7_0400717.bmp


ans =

D:\lf_p7_04\lf_p7_0400095.bmp


ans =

D:\lf_p7_04\lf_p7_0400311.bmp


ans =

D:\lf_p7_04\lf_p7_0400639.bmp


ans =

D:\lf_p7_04\lf_p7_0400715.bmp


ans =

D:\lf_p7_04\lf_p7_0400635.bmp


ans =

D:\lf_p7_04\lf_p7_0400415.bmp


ans =

D:\lf_p7_04\lf_p7_0400197.bmp


ans =

D:\lf_p7_04\lf_p7_0400785.bmp


ans =

D:\lf_p7_04\lf_p7_0400535.bmp


ans =

D:\lf_p7_04\lf_p7_0400091.bmp


ans =

D:\lf_p7_04\lf_p7_0400303.bmp


ans =

D:\lf_p7_04\lf_p7_0400781.bmp


ans =

D:\lf_p7_04\lf_p7_0400531.bmp


ans =

D:\lf_p7_04\lf_p7_0400711.bmp


ans =

D:\lf_p7_04\lf_p7_0400301.bmp


ans =

D:\lf_p7_04\lf_p7_0400631.bmp


ans =

D:\lf_p7_04\lf_p7_0400413.bmp


ans =

D:\lf_p7_04\lf_p7_0400195.bmp


ans =

D:\lf_p7_04\lf_p7_0400087.bmp


ans =

D:\lf_p7_04\lf_p7_0400625.bmp


ans =

D:\lf_p7_04\lf_p7_0400407.bmp


ans =

D:\lf_p7_04\lf_p7_0400779.bmp


ans =

D:\lf_p7_04\lf_p7_0400527.bmp


ans =

D:\lf_p7_04\lf_p7_0400705.bmp


ans =

D:\lf_p7_04\lf_p7_0400299.bmp


ans =

D:\lf_p7_04\lf_p7_0400189.bmp


ans =

D:\lf_p7_04\lf_p7_0400085.bmp


ans =

D:\lf_p7_04\lf_p7_0400773.bmp


ans =

D:\lf_p7_04\lf_p7_0400519.bmp


ans =

D:\lf_p7_04\lf_p7_0400699.bmp


ans =

D:\lf_p7_04\lf_p7_0400293.bmp


ans =

D:\lf_p7_04\lf_p7_0400621.bmp


ans =

D:\lf_p7_04\lf_p7_0400405.bmp


ans =

D:\lf_p7_04\lf_p7_0400187.bmp


ans =

D:\lf_p7_04\lf_p7_0400077.bmp


ans =

D:\lf_p7_04\lf_p7_0400619.bmp


ans =

D:\lf_p7_04\lf_p7_0400403.bmp


ans =

D:\lf_p7_04\lf_p7_0400769.bmp


ans =

D:\lf_p7_04\lf_p7_0400515.bmp


ans =

D:\lf_p7_04\lf_p7_0400697.bmp


ans =

D:\lf_p7_04\lf_p7_0400291.bmp


ans =

D:\lf_p7_04\lf_p7_0400181.bmp


ans =

D:\lf_p7_04\lf_p7_0400075.bmp


ans =

D:\lf_p7_04\lf_p7_0400613.bmp


ans =

D:\lf_p7_04\lf_p7_0400765.bmp


ans =

D:\lf_p7_04\lf_p7_0400509.bmp


ans =

D:\lf_p7_04\lf_p7_0400693.bmp


ans =

D:\lf_p7_04\lf_p7_0400285.bmp


ans =

D:\lf_p7_04\lf_p7_0400397.bmp


ans =

D:\lf_p7_04\lf_p7_0400179.bmp


ans =

D:\lf_p7_04\lf_p7_0400073.bmp


ans =

D:\lf_p7_04\lf_p7_0400281.bmp


ans =

D:\lf_p7_04\lf_p7_0400611.bmp


ans =

D:\lf_p7_04\lf_p7_0400395.bmp


ans =

D:\lf_p7_04\lf_p7_0400761.bmp


ans =

D:\lf_p7_04\lf_p7_0400507.bmp


ans =

D:\lf_p7_04\lf_p7_0400689.bmp


ans =

D:\lf_p7_04\lf_p7_0400175.bmp


ans =

D:\lf_p7_04\lf_p7_0400067.bmp


ans =

D:\lf_p7_04\lf_p7_0400605.bmp


ans =

D:\lf_p7_04\lf_p7_0400759.bmp


ans =

D:\lf_p7_04\lf_p7_0400501.bmp


ans =

D:\lf_p7_04\lf_p7_0400687.bmp


ans =

D:\lf_p7_04\lf_p7_0400277.bmp


ans =

D:\lf_p7_04\lf_p7_0400385.bmp


ans =

D:\lf_p7_04\lf_p7_0400171.bmp


ans =

D:\lf_p7_04\lf_p7_0400065.bmp


ans =

D:\lf_p7_04\lf_p7_0400603.bmp


ans =

D:\lf_p7_04\lf_p7_0400753.bmp


ans =

D:\lf_p7_04\lf_p7_0400273.bmp


ans =

D:\lf_p7_04\lf_p7_0400381.bmp


ans =

D:\lf_p7_04\lf_p7_0400499.bmp


ans =

D:\lf_p7_04\lf_p7_0400681.bmp


ans =

D:\lf_p7_04\lf_p7_0400167.bmp


ans =

D:\lf_p7_04\lf_p7_0400059.bmp


ans =

D:\lf_p7_04\lf_p7_0400599.bmp


ans =

D:\lf_p7_04\lf_p7_0400751.bmp


ans =

D:\lf_p7_04\lf_p7_0400271.bmp


ans =

D:\lf_p7_04\lf_p7_0400377.bmp


ans =

D:\lf_p7_04\lf_p7_0400497.bmp


ans =

D:\lf_p7_04\lf_p7_0400677.bmp


ans =

D:\lf_p7_04\lf_p7_0400057.bmp


ans =

D:\lf_p7_04\lf_p7_0400163.bmp


ans =

D:\lf_p7_04\lf_p7_0400595.bmp


ans =

D:\lf_p7_04\lf_p7_0400743.bmp


ans =

D:\lf_p7_04\lf_p7_0400265.bmp


ans =

D:\lf_p7_04\lf_p7_0400375.bmp


ans =

D:\lf_p7_04\lf_p7_0400487.bmp


ans =

D:\lf_p7_04\lf_p7_0400675.bmp


ans =

D:\lf_p7_04\lf_p7_0400159.bmp


ans =

D:\lf_p7_04\lf_p7_0400051.bmp


ans =

D:\lf_p7_04\lf_p7_0400591.bmp


ans =

D:\lf_p7_04\lf_p7_0400739.bmp


ans =

D:\lf_p7_04\lf_p7_0400263.bmp


ans =

D:\lf_p7_04\lf_p7_0400369.bmp


ans =

D:\lf_p7_04\lf_p7_0400483.bmp


ans =

D:\lf_p7_04\lf_p7_0400669.bmp


ans =

D:\lf_p7_04\lf_p7_0400049.bmp


ans =

D:\lf_p7_04\lf_p7_0400153.bmp


ans =

D:\lf_p7_04\lf_p7_0400585.bmp


ans =

D:\lf_p7_04\lf_p7_0400737.bmp


ans =

D:\lf_p7_04\lf_p7_0400257.bmp


ans =

D:\lf_p7_04\lf_p7_0400365.bmp


ans =

D:\lf_p7_04\lf_p7_0400481.bmp


ans =

D:\lf_p7_04\lf_p7_0400667.bmp


ans =

D:\lf_p7_04\lf_p7_0400151.bmp


ans =

D:\lf_p7_04\lf_p7_0400045.bmp


ans =

D:\lf_p7_04\lf_p7_0400583.bmp


ans =

D:\lf_p7_04\lf_p7_0400733.bmp


ans =

D:\lf_p7_04\lf_p7_0400253.bmp


ans =

D:\lf_p7_04\lf_p7_0400361.bmp


ans =

D:\lf_p7_04\lf_p7_0400473.bmp


ans =

D:\lf_p7_04\lf_p7_0400661.bmp


ans =

D:\lf_p7_04\lf_p7_0400039.bmp


ans =

D:\lf_p7_04\lf_p7_0400147.bmp


ans =

D:\lf_p7_04\lf_p7_0400577.bmp


ans =

D:\lf_p7_04\lf_p7_0400731.bmp


ans =

D:\lf_p7_04\lf_p7_0400249.bmp


ans =

D:\lf_p7_04\lf_p7_0400357.bmp


ans =

D:\lf_p7_04\lf_p7_0400471.bmp


ans =

D:\lf_p7_04\lf_p7_0400035.bmp


ans =

D:\lf_p7_04\lf_p7_0400143.bmp


ans =

D:\lf_p7_04\lf_p7_0400657.bmp


ans =

D:\lf_p7_04\lf_p7_0400575.bmp


ans =

D:\lf_p7_04\lf_p7_0400245.bmp


ans =

D:\lf_p7_04\lf_p7_0400351.bmp


ans =

D:\lf_p7_04\lf_p7_0400463.bmp


ans =

D:\lf_p7_04\lf_p7_0400655.bmp


ans =

D:\lf_p7_04\lf_p7_0400141.bmp


ans =

D:\lf_p7_04\lf_p7_0400031.bmp


ans =

D:\lf_p7_04\lf_p7_0400857.bmp


ans =

D:\lf_p7_04\lf_p7_0400853.bmp


ans =

D:\lf_p7_04\lf_p7_0400571.bmp


ans =

D:\lf_p7_04\lf_p7_0400243.bmp


ans =

D:\lf_p7_04\lf_p7_0400347.bmp


ans =

D:\lf_p7_04\lf_p7_0400649.bmp


ans =

D:\lf_p7_04\lf_p7_0400137.bmp


ans =

D:\lf_p7_04\lf_p7_0400459.bmp


ans =

D:\lf_p7_04\lf_p7_0400029.bmp


ans =

D:\lf_p7_04\lf_p7_0400847.bmp


ans =

D:\lf_p7_04\lf_p7_0400563.bmp


ans =

D:\lf_p7_04\lf_p7_0400237.bmp


ans =

D:\lf_p7_04\lf_p7_0400345.bmp


ans =

D:\lf_p7_04\lf_p7_0400131.bmp


ans =

D:\lf_p7_04\lf_p7_0400455.bmp


ans =

D:\lf_p7_04\lf_p7_0400023.bmp


ans =

D:\lf_p7_04\lf_p7_0400561.bmp


ans =

D:\lf_p7_04\lf_p7_0400845.bmp


ans =

D:\lf_p7_04\lf_p7_0400235.bmp


ans =

D:\lf_p7_04\lf_p7_0400341.bmp


ans =

D:\lf_p7_04\lf_p7_0400911.bmp


ans =

D:\lf_p7_04\lf_p7_0400905.bmp


ans =

D:\lf_p7_04\lf_p7_0400453.bmp


ans =

D:\lf_p7_04\lf_p7_0400129.bmp


ans =

D:\lf_p7_04\lf_p7_0400019.bmp


ans =

D:\lf_p7_04\lf_p7_0400555.bmp


ans =

D:\lf_p7_04\lf_p7_0400839.bmp


ans =

D:\lf_p7_04\lf_p7_0400229.bmp


ans =

D:\lf_p7_04\lf_p7_0400337.bmp


ans =

D:\lf_p7_04\lf_p7_0400903.bmp


ans =

D:\lf_p7_04\lf_p7_0400447.bmp


ans =

D:\lf_p7_04\lf_p7_0400123.bmp


ans =

D:\lf_p7_04\lf_p7_0400017.bmp


ans =

D:\lf_p7_04\lf_p7_0400837.bmp


ans =

D:\lf_p7_04\lf_p7_0400227.bmp


ans =

D:\lf_p7_04\lf_p7_0400335.bmp


ans =

D:\lf_p7_04\lf_p7_0400901.bmp


ans =

D:\lf_p7_04\lf_p7_0400441.bmp


ans =

D:\lf_p7_04\lf_p7_0400119.bmp


ans =

D:\lf_p7_04\lf_p7_0400011.bmp


ans =

D:\lf_p7_04\lf_p7_0400961.bmp


ans =

D:\lf_p7_04\lf_p7_0400959.bmp


ans =

D:\lf_p7_04\lf_p7_0400831.bmp


ans =

D:\lf_p7_04\lf_p7_0400221.bmp


ans =

D:\lf_p7_04\lf_p7_0400329.bmp


ans =

D:\lf_p7_04\lf_p7_0400895.bmp


ans =

D:\lf_p7_04\lf_p7_0400435.bmp


ans =

D:\lf_p7_04\lf_p7_0400113.bmp


ans =

D:\lf_p7_04\lf_p7_0400009.bmp


ans =

D:\lf_p7_04\lf_p7_0400957.bmp


ans =

D:\lf_p7_04\lf_p7_0400827.bmp


ans =

D:\lf_p7_04\lf_p7_0400219.bmp


ans =

D:\lf_p7_04\lf_p7_0400327.bmp


ans =

D:\lf_p7_04\lf_p7_0400891.bmp


ans =

D:\lf_p7_04\lf_p7_0400431.bmp


ans =

D:\lf_p7_04\lf_p7_0400111.bmp


ans =

D:\lf_p7_04\lf_p7_0400003.bmp


ans =

D:\lf_p7_04\lf_p7_0400951.bmp


ans =

D:\lf_p7_04\lf_p7_0400825.bmp


ans =

D:\lf_p7_04\lf_p7_0400213.bmp


ans =

D:\lf_p7_04\lf_p7_0400321.bmp


ans =

D:\lf_p7_04\lf_p7_0400887.bmp


ans =

D:\lf_p7_04\lf_p7_0400001.bmp


ans =

D:\lf_p7_04\lf_p7_0400109.bmp


ans =

D:\lf_p7_04\lf_p7_0400947.bmp


ans =

D:\lf_p7_04\lf_p7_0400819.bmp


ans =

D:\lf_p7_04\lf_p7_0400883.bmp


ans =

D:\lf_p7_04\lf_p7_0401001.bmp


ans =

D:\lf_p7_04\lf_p7_0400999.bmp


ans =

D:\lf_p7_04\lf_p7_0400939.bmp


ans =

D:\lf_p7_04\lf_p7_0400817.bmp


ans =

D:\lf_p7_04\lf_p7_0401037.bmp


ans =

D:\lf_p7_04\lf_p7_0401035.bmp


ans =

D:\lf_p7_04\lf_p7_0401067.bmp


ans =

D:\lf_p7_04\lf_p7_0401065.bmp


ans =

D:\lf_p7_04\lf_p7_0400879.bmp


ans =

D:\lf_p7_04\lf_p7_0400995.bmp


ans =

D:\lf_p7_04\lf_p7_0400937.bmp


ans =

D:\lf_p7_04\lf_p7_0401121.bmp


ans =

D:\lf_p7_04\lf_p7_0401117.bmp


ans =

D:\lf_p7_04\lf_p7_0401097.bmp


ans =

D:\lf_p7_04\lf_p7_0401093.bmp


ans =

D:\lf_p7_04\lf_p7_0400811.bmp


ans =

D:\lf_p7_04\lf_p7_0401029.bmp


ans =

D:\lf_p7_04\lf_p7_0400877.bmp


ans =

D:\lf_p7_04\lf_p7_0401063.bmp


ans =

D:\lf_p7_04\lf_p7_0400989.bmp


ans =

D:\lf_p7_04\lf_p7_0400931.bmp


ans =

D:\lf_p7_04\lf_p7_0401113.bmp


ans =

D:\lf_p7_04\lf_p7_0400809.bmp


ans =

D:\lf_p7_04\lf_p7_0401089.bmp


ans =

D:\lf_p7_04\lf_p7_0401025.bmp


ans =

D:\lf_p7_04\lf_p7_0400873.bmp


ans =

D:\lf_p7_04\lf_p7_0401055.bmp


ans =

D:\lf_p7_04\lf_p7_0400987.bmp


ans =

D:\lf_p7_04\lf_p7_0400927.bmp


ans =

D:\lf_p7_04\lf_p7_0401111.bmp


ans =

D:\lf_p7_04\lf_p7_0401085.bmp


ans =

D:\lf_p7_04\lf_p7_0400803.bmp


ans =

D:\lf_p7_04\lf_p7_0401023.bmp


ans =

D:\lf_p7_04\lf_p7_0400867.bmp


ans =

D:\lf_p7_04\lf_p7_0401053.bmp


ans =

D:\lf_p7_04\lf_p7_0400985.bmp


ans =

D:\lf_p7_04\lf_p7_0400923.bmp


ans =

D:\lf_p7_04\lf_p7_0401081.bmp


ans =

D:\lf_p7_04\lf_p7_0401105.bmp


ans =

D:\lf_p7_04\lf_p7_0400801.bmp


ans =

D:\lf_p7_04\lf_p7_0401017.bmp


ans =

D:\lf_p7_04\lf_p7_0400865.bmp


ans =

D:\lf_p7_04\lf_p7_0401051.bmp


ans =

D:\lf_p7_04\lf_p7_0400979.bmp


ans =

D:\lf_p7_04\lf_p7_0400921.bmp


ans =

D:\lf_p7_04\lf_p7_0401101.bmp


ans =

D:\lf_p7_04\lf_p7_0401077.bmp


ans =

D:\lf_p7_04\lf_p7_0401015.bmp


ans =

D:\lf_p7_04\lf_p7_0401045.bmp


ans =

D:\lf_p7_04\lf_p7_0400859.bmp


ans =

D:\lf_p7_04\lf_p7_0400975.bmp


ans =

D:\lf_p7_04\lf_p7_0400913.bmp


ans =

D:\lf_p7_04\lf_p7_0401139.bmp


ans =

D:\lf_p7_04\lf_p7_0401137.bmp


ans =

D:\lf_p7_04\lf_p7_0401073.bmp


ans =

D:\lf_p7_04\lf_p7_0401009.bmp


ans =

D:\lf_p7_04\lf_p7_0401043.bmp


ans =

D:\lf_p7_04\lf_p7_0400971.bmp


ans =

D:\lf_p7_04\lf_p7_0401133.bmp


ans =

D:\lf_p7_04\lf_p7_0401159.bmp


ans =

D:\lf_p7_04\lf_p7_0401157.bmp


ans =

D:\lf_p7_04\lf_p7_0401177.bmp


ans =

D:\lf_p7_04\lf_p7_0401175.bmp


ans =

D:\lf_p7_04\lf_p7_0401007.bmp


ans =

D:\lf_p7_04\lf_p7_0400965.bmp


ans =

D:\lf_p7_04\lf_p7_0401193.bmp


ans =

D:\lf_p7_04\lf_p7_0401189.bmp


ans =

D:\lf_p7_04\lf_p7_0401129.bmp


ans =

D:\lf_p7_04\lf_p7_0401155.bmp


ans =

D:\lf_p7_04\lf_p7_0401169.bmp


ans =

D:\lf_p7_04\lf_p7_0401209.bmp


ans =

D:\lf_p7_04\lf_p7_0401205.bmp


ans =

D:\lf_p7_04\lf_p7_0401223.bmp


ans =

D:\lf_p7_04\lf_p7_0401221.bmp


ans =

D:\lf_p7_04\lf_p7_0401185.bmp


ans =

D:\lf_p7_04\lf_p7_0401127.bmp


ans =

D:\lf_p7_04\lf_p7_0401215.bmp


ans =

D:\lf_p7_04\lf_p7_0401149.bmp


ans =

D:\lf_p7_04\lf_p7_0401165.bmp


ans =

D:\lf_p7_04\lf_p7_0401201.bmp


ans =

D:\lf_p7_04\lf_p7_0401239.bmp


ans =

D:\lf_p7_04\lf_p7_0401237.bmp


ans =

D:\lf_p7_04\lf_p7_0401255.bmp


ans =

D:\lf_p7_04\lf_p7_0401253.bmp


ans =

D:\lf_p7_04\lf_p7_0401181.bmp


ans =

D:\lf_p7_04\lf_p7_0401213.bmp


ans =

D:\lf_p7_04\lf_p7_0401145.bmp


ans =

D:\lf_p7_04\lf_p7_0401249.bmp


ans =

D:\lf_p7_04\lf_p7_0401195.bmp


ans =

D:\lf_p7_04\lf_p7_0401233.bmp


ans =

D:\lf_p7_04\lf_p7_0401271.bmp


ans =

D:\lf_p7_04\lf_p7_0401267.bmp


ans =

D:\lf_p7_04\lf_p7_0401273.bmp


ans =

D:\lf_p7_04\lf_p7_0401229.bmp


ans =

D:\lf_p7_04\lf_p7_0401243.bmp


ans =

D:\lf_p7_04\lf_p7_0401263.bmp


ans =

D:\lf_p7_04\lf_p7_0401259.bmp


outpath =

D:\lf_p7_04.csv


ans =

D:\lf_p7_04.csv

