Reading the bmp list

ans =

D:\qq_sony_04\qq_sony_0400511.bmp


ans =

D:\qq_sony_04\qq_sony_0400509.bmp


ans =

D:\qq_sony_04\qq_sony_0400331.bmp


ans =

D:\qq_sony_04\qq_sony_0400327.bmp


ans =

D:\qq_sony_04\qq_sony_0400817.bmp


ans =

D:\qq_sony_04\qq_sony_0400813.bmp


ans =

D:\qq_sony_04\qq_sony_0400603.bmp


ans =

D:\qq_sony_04\qq_sony_0400599.bmp


ans =

D:\qq_sony_04\qq_sony_0400755.bmp


ans =

D:\qq_sony_04\qq_sony_0400751.bmp


ans =

D:\qq_sony_04\qq_sony_0400237.bmp


ans =

D:\qq_sony_04\qq_sony_0400229.bmp


ans =

D:\qq_sony_04\qq_sony_0400425.bmp


ans =

D:\qq_sony_04\qq_sony_0400419.bmp


ans =

D:\qq_sony_04\qq_sony_0400681.bmp


ans =

D:\qq_sony_04\qq_sony_0400679.bmp


ans =

D:\qq_sony_04\qq_sony_0400505.bmp


ans =

D:\qq_sony_04\qq_sony_0400811.bmp


ans =

D:\qq_sony_04\qq_sony_0400591.bmp


ans =

D:\qq_sony_04\qq_sony_0400743.bmp


ans =

D:\qq_sony_04\qq_sony_0400319.bmp


ans =

D:\qq_sony_04\qq_sony_0400225.bmp


ans =

D:\qq_sony_04\qq_sony_0400413.bmp


ans =

D:\qq_sony_04\qq_sony_0400673.bmp


ans =

D:\qq_sony_04\qq_sony_0400803.bmp


ans =

D:\qq_sony_04\qq_sony_0400739.bmp


ans =

D:\qq_sony_04\qq_sony_0400501.bmp


ans =

D:\qq_sony_04\qq_sony_0400317.bmp


ans =

D:\qq_sony_04\qq_sony_0400587.bmp


ans =

D:\qq_sony_04\qq_sony_0400219.bmp


ans =

D:\qq_sony_04\qq_sony_0400411.bmp


ans =

D:\qq_sony_04\qq_sony_0400665.bmp


ans =

D:\qq_sony_04\qq_sony_0400797.bmp


ans =

D:\qq_sony_04\qq_sony_0400735.bmp


ans =

D:\qq_sony_04\qq_sony_0400493.bmp


ans =

D:\qq_sony_04\qq_sony_0400581.bmp


ans =

D:\qq_sony_04\qq_sony_0400407.bmp


ans =

D:\qq_sony_04\qq_sony_0400309.bmp


ans =

D:\qq_sony_04\qq_sony_0400215.bmp


ans =

D:\qq_sony_04\qq_sony_0400663.bmp


ans =

D:\qq_sony_04\qq_sony_0400731.bmp


ans =

D:\qq_sony_04\qq_sony_0400793.bmp


ans =

D:\qq_sony_04\qq_sony_0400489.bmp


ans =

D:\qq_sony_04\qq_sony_0400579.bmp


ans =

D:\qq_sony_04\qq_sony_0400213.bmp


ans =

D:\qq_sony_04\qq_sony_0400399.bmp


ans =

D:\qq_sony_04\qq_sony_0400659.bmp


ans =

D:\qq_sony_04\qq_sony_0400307.bmp


ans =

D:\qq_sony_04\qq_sony_0400723.bmp


ans =

D:\qq_sony_04\qq_sony_0400785.bmp


ans =

D:\qq_sony_04\qq_sony_0400485.bmp


ans =

D:\qq_sony_04\qq_sony_0400575.bmp


ans =

D:\qq_sony_04\qq_sony_0400395.bmp


ans =

D:\qq_sony_04\qq_sony_0400655.bmp


ans =

D:\qq_sony_04\qq_sony_0400299.bmp


ans =

D:\qq_sony_04\qq_sony_0400203.bmp


ans =

D:\qq_sony_04\qq_sony_0400783.bmp


ans =

D:\qq_sony_04\qq_sony_0400719.bmp


ans =

D:\qq_sony_04\qq_sony_0400389.bmp


ans =

D:\qq_sony_04\qq_sony_0400479.bmp


ans =

D:\qq_sony_04\qq_sony_0400569.bmp


ans =

D:\qq_sony_04\qq_sony_0400199.bmp


ans =

D:\qq_sony_04\qq_sony_0400649.bmp


ans =

D:\qq_sony_04\qq_sony_0400295.bmp


ans =

D:\qq_sony_04\qq_sony_0400715.bmp


ans =

D:\qq_sony_04\qq_sony_0400777.bmp


ans =

D:\qq_sony_04\qq_sony_0400387.bmp


ans =

D:\qq_sony_04\qq_sony_0400473.bmp


ans =

D:\qq_sony_04\qq_sony_0400563.bmp


ans =

D:\qq_sony_04\qq_sony_0400643.bmp


ans =

D:\qq_sony_04\qq_sony_0400291.bmp


ans =

D:\qq_sony_04\qq_sony_0400195.bmp


ans =

D:\qq_sony_04\qq_sony_0400711.bmp


ans =

D:\qq_sony_04\qq_sony_0400769.bmp


ans =

D:\qq_sony_04\qq_sony_0400383.bmp


ans =

D:\qq_sony_04\qq_sony_0400471.bmp


ans =

D:\qq_sony_04\qq_sony_0400559.bmp


ans =

D:\qq_sony_04\qq_sony_0400191.bmp


ans =

D:\qq_sony_04\qq_sony_0400639.bmp


ans =

D:\qq_sony_04\qq_sony_0400287.bmp


ans =

D:\qq_sony_04\qq_sony_0400703.bmp


ans =

D:\qq_sony_04\qq_sony_0400763.bmp


ans =

D:\qq_sony_04\qq_sony_0400373.bmp


ans =

D:\qq_sony_04\qq_sony_0400465.bmp


ans =

D:\qq_sony_04\qq_sony_0400555.bmp


ans =

D:\qq_sony_04\qq_sony_0400635.bmp


ans =

D:\qq_sony_04\qq_sony_0400277.bmp


ans =

D:\qq_sony_04\qq_sony_0400183.bmp


ans =

D:\qq_sony_04\qq_sony_0400699.bmp


ans =

D:\qq_sony_04\qq_sony_0400761.bmp


ans =

D:\qq_sony_04\qq_sony_0400369.bmp


ans =

D:\qq_sony_04\qq_sony_0400629.bmp


ans =

D:\qq_sony_04\qq_sony_0400461.bmp


ans =

D:\qq_sony_04\qq_sony_0400549.bmp


ans =

D:\qq_sony_04\qq_sony_0400177.bmp


ans =

D:\qq_sony_04\qq_sony_0400273.bmp


ans =

D:\qq_sony_04\qq_sony_0400695.bmp


ans =

D:\qq_sony_04\qq_sony_0400367.bmp


ans =

D:\qq_sony_04\qq_sony_0400545.bmp


ans =

D:\qq_sony_04\qq_sony_0400623.bmp


ans =

D:\qq_sony_04\qq_sony_0400451.bmp


ans =

D:\qq_sony_04\qq_sony_0400175.bmp


ans =

D:\qq_sony_04\qq_sony_0400267.bmp


ans =

D:\qq_sony_04\qq_sony_0400687.bmp


ans =

D:\qq_sony_04\qq_sony_0400873.bmp


ans =

D:\qq_sony_04\qq_sony_0400869.bmp


ans =

D:\qq_sony_04\qq_sony_0400359.bmp


ans =

D:\qq_sony_04\qq_sony_0400619.bmp


ans =

D:\qq_sony_04\qq_sony_0400449.bmp


ans =

D:\qq_sony_04\qq_sony_0400539.bmp


ans =

D:\qq_sony_04\qq_sony_0400097.bmp


ans =

D:\qq_sony_04\qq_sony_0400259.bmp


ans =

D:\qq_sony_04\qq_sony_0400861.bmp


ans =

D:\qq_sony_04\qq_sony_0400353.bmp


ans =

D:\qq_sony_04\qq_sony_0400615.bmp


ans =

D:\qq_sony_04\qq_sony_0400535.bmp


ans =

D:\qq_sony_04\qq_sony_0400445.bmp


ans =

D:\qq_sony_04\qq_sony_0400091.bmp


ans =

D:\qq_sony_04\qq_sony_0400255.bmp


ans =

D:\qq_sony_04\qq_sony_0400857.bmp


ans =

D:\qq_sony_04\qq_sony_0400917.bmp


ans =

D:\qq_sony_04\qq_sony_0400913.bmp


ans =

D:\qq_sony_04\qq_sony_0400607.bmp


ans =

D:\qq_sony_04\qq_sony_0400527.bmp


ans =

D:\qq_sony_04\qq_sony_0400347.bmp


ans =

D:\qq_sony_04\qq_sony_0400443.bmp


ans =

D:\qq_sony_04\qq_sony_0400083.bmp


ans =

D:\qq_sony_04\qq_sony_0400251.bmp


ans =

D:\qq_sony_04\qq_sony_0400853.bmp


ans =

D:\qq_sony_04\qq_sony_0400909.bmp


ans =

D:\qq_sony_04\qq_sony_0400339.bmp


ans =

D:\qq_sony_04\qq_sony_0400523.bmp


ans =

D:\qq_sony_04\qq_sony_0400433.bmp


ans =

D:\qq_sony_04\qq_sony_0400081.bmp


ans =

D:\qq_sony_04\qq_sony_0400247.bmp


ans =

D:\qq_sony_04\qq_sony_0400849.bmp


ans =

D:\qq_sony_04\qq_sony_0400905.bmp


ans =

D:\qq_sony_04\qq_sony_0400333.bmp


ans =

D:\qq_sony_04\qq_sony_0400955.bmp


ans =

D:\qq_sony_04\qq_sony_0400951.bmp


ans =

D:\qq_sony_04\qq_sony_0400519.bmp


ans =

D:\qq_sony_04\qq_sony_0400431.bmp


ans =

D:\qq_sony_04\qq_sony_0400001.bmp


ans =

D:\qq_sony_04\qq_sony_0400239.bmp


ans =

D:\qq_sony_04\qq_sony_0400839.bmp


ans =

D:\qq_sony_04\qq_sony_0400897.bmp


ans =

D:\qq_sony_04\qq_sony_0400947.bmp


ans =

D:\qq_sony_04\qq_sony_0400835.bmp


ans =

D:\qq_sony_04\qq_sony_0400893.bmp


ans =

D:\qq_sony_04\qq_sony_0400945.bmp


ans =

D:\qq_sony_04\qq_sony_0401059.bmp


ans =

D:\qq_sony_04\qq_sony_0401051.bmp


ans =

D:\qq_sony_04\qq_sony_0401031.bmp


ans =

D:\qq_sony_04\qq_sony_0401027.bmp


ans =

D:\qq_sony_04\qq_sony_0400995.bmp


ans =

D:\qq_sony_04\qq_sony_0400993.bmp


ans =

D:\qq_sony_04\qq_sony_0401083.bmp


ans =

D:\qq_sony_04\qq_sony_0401077.bmp


ans =

D:\qq_sony_04\qq_sony_0401103.bmp


ans =

D:\qq_sony_04\qq_sony_0401097.bmp


ans =

D:\qq_sony_04\qq_sony_0400831.bmp


ans =

D:\qq_sony_04\qq_sony_0400891.bmp


ans =

D:\qq_sony_04\qq_sony_0400937.bmp


ans =

D:\qq_sony_04\qq_sony_0401023.bmp


ans =

D:\qq_sony_04\qq_sony_0400987.bmp


ans =

D:\qq_sony_04\qq_sony_0401045.bmp


ans =

D:\qq_sony_04\qq_sony_0401069.bmp


ans =

D:\qq_sony_04\qq_sony_0401089.bmp


ans =

D:\qq_sony_04\qq_sony_0400821.bmp


ans =

D:\qq_sony_04\qq_sony_0400885.bmp


ans =

D:\qq_sony_04\qq_sony_0400933.bmp


ans =

D:\qq_sony_04\qq_sony_0401015.bmp


ans =

D:\qq_sony_04\qq_sony_0400983.bmp


ans =

D:\qq_sony_04\qq_sony_0401043.bmp


ans =

D:\qq_sony_04\qq_sony_0401067.bmp


ans =

D:\qq_sony_04\qq_sony_0400877.bmp


ans =

D:\qq_sony_04\qq_sony_0401087.bmp


ans =

D:\qq_sony_04\qq_sony_0400927.bmp


ans =

D:\qq_sony_04\qq_sony_0400975.bmp


ans =

D:\qq_sony_04\qq_sony_0401035.bmp


ans =

D:\qq_sony_04\qq_sony_0401011.bmp


ans =

D:\qq_sony_04\qq_sony_0401063.bmp


ans =

D:\qq_sony_04\qq_sony_0401125.bmp


ans =

D:\qq_sony_04\qq_sony_0401121.bmp


ans =

D:\qq_sony_04\qq_sony_0400923.bmp


ans =

D:\qq_sony_04\qq_sony_0400969.bmp


ans =

D:\qq_sony_04\qq_sony_0401005.bmp


ans =

D:\qq_sony_04\qq_sony_0401159.bmp


ans =

D:\qq_sony_04\qq_sony_0401151.bmp


ans =

D:\qq_sony_04\qq_sony_0401111.bmp


ans =

D:\qq_sony_04\qq_sony_0401141.bmp


ans =

D:\qq_sony_04\qq_sony_0401139.bmp


ans =

D:\qq_sony_04\qq_sony_0400965.bmp


ans =

D:\qq_sony_04\qq_sony_0401169.bmp


ans =

D:\qq_sony_04\qq_sony_0401165.bmp


ans =

D:\qq_sony_04\qq_sony_0401187.bmp


ans =

D:\qq_sony_04\qq_sony_0401181.bmp


ans =

D:\qq_sony_04\qq_sony_0401145.bmp


ans =

D:\qq_sony_04\qq_sony_0401107.bmp


ans =

D:\qq_sony_04\qq_sony_0401129.bmp


ans =

D:\qq_sony_04\qq_sony_0401201.bmp


ans =

D:\qq_sony_04\qq_sony_0401199.bmp


ans =

D:\qq_sony_04\qq_sony_0401163.bmp


ans =

D:\qq_sony_04\qq_sony_0401215.bmp


ans =

D:\qq_sony_04\qq_sony_0401211.bmp


ans =

D:\qq_sony_04\qq_sony_0401177.bmp


ans =

D:\qq_sony_04\qq_sony_0401231.bmp


ans =

D:\qq_sony_04\qq_sony_0401227.bmp


ans =

D:\qq_sony_04\qq_sony_0401191.bmp


ans =

D:\qq_sony_04\qq_sony_0401207.bmp


ans =

D:\qq_sony_04\qq_sony_0401237.bmp


ans =

D:\qq_sony_04\qq_sony_0401221.bmp


outpath =

D:\qq_sony_04.csv


ans =

D:\qq_sony_04.csv

