
ans =

D:\yy_samgsung


csv_rootpath =

C:\

Reading the bmp list

ans =

D:\yy_samgsung\yy_samgsung03891.bmp


ans =

D:\yy_samgsung\yy_samgsung03889.bmp


ans =

D:\yy_samgsung\yy_samgsung02191.bmp


ans =

D:\yy_samgsung\yy_samgsung02187.bmp


ans =

D:\yy_samgsung\yy_samgsung02828.bmp


ans =

D:\yy_samgsung\yy_samgsung02826.bmp


ans =

D:\yy_samgsung\yy_samgsung00726.bmp


ans =

D:\yy_samgsung\yy_samgsung00722.bmp


ans =

D:\yy_samgsung\yy_samgsung04718.bmp


ans =

D:\yy_samgsung\yy_samgsung04714.bmp


ans =

D:\yy_samgsung\yy_samgsung03442.bmp


ans =

D:\yy_samgsung\yy_samgsung03438.bmp


ans =

D:\yy_samgsung\yy_samgsung01458.bmp


ans =

D:\yy_samgsung\yy_samgsung01454.bmp


ans =

D:\yy_samgsung\yy_samgsung04339.bmp


ans =

D:\yy_samgsung\yy_samgsung04337.bmp


ans =

D:\yy_samgsung\yy_samgsung03887.bmp


ans =

D:\yy_samgsung\yy_samgsung01450.bmp


ans =

D:\yy_samgsung\yy_samgsung02183.bmp


ans =

D:\yy_samgsung\yy_samgsung02824.bmp


ans =

D:\yy_samgsung\yy_samgsung00718.bmp


ans =

D:\yy_samgsung\yy_samgsung04710.bmp


ans =

D:\yy_samgsung\yy_samgsung04335.bmp


ans =

D:\yy_samgsung\yy_samgsung03434.bmp


ans =

D:\yy_samgsung\yy_samgsung03885.bmp


ans =

D:\yy_samgsung\yy_samgsung01446.bmp


ans =

D:\yy_samgsung\yy_samgsung02179.bmp


ans =

D:\yy_samgsung\yy_samgsung02822.bmp


ans =

D:\yy_samgsung\yy_samgsung00714.bmp


ans =

D:\yy_samgsung\yy_samgsung04702.bmp


ans =

D:\yy_samgsung\yy_samgsung03430.bmp


ans =

D:\yy_samgsung\yy_samgsung04333.bmp


ans =

D:\yy_samgsung\yy_samgsung03883.bmp


ans =

D:\yy_samgsung\yy_samgsung01442.bmp


ans =

D:\yy_samgsung\yy_samgsung02175.bmp


ans =

D:\yy_samgsung\yy_samgsung02820.bmp


ans =

D:\yy_samgsung\yy_samgsung00710.bmp


ans =

D:\yy_samgsung\yy_samgsung04698.bmp


ans =

D:\yy_samgsung\yy_samgsung03426.bmp


ans =

D:\yy_samgsung\yy_samgsung04331.bmp


ans =

D:\yy_samgsung\yy_samgsung03881.bmp


ans =

D:\yy_samgsung\yy_samgsung01438.bmp


ans =

D:\yy_samgsung\yy_samgsung02171.bmp


ans =

D:\yy_samgsung\yy_samgsung00706.bmp


ans =

D:\yy_samgsung\yy_samgsung04694.bmp


ans =

D:\yy_samgsung\yy_samgsung03422.bmp


ans =

D:\yy_samgsung\yy_samgsung02818.bmp


ans =

D:\yy_samgsung\yy_samgsung04329.bmp


ans =

D:\yy_samgsung\yy_samgsung03879.bmp


ans =

D:\yy_samgsung\yy_samgsung02167.bmp


ans =

D:\yy_samgsung\yy_samgsung00702.bmp


ans =

D:\yy_samgsung\yy_samgsung04690.bmp


ans =

D:\yy_samgsung\yy_samgsung03418.bmp


ans =

D:\yy_samgsung\yy_samgsung01434.bmp


ans =

D:\yy_samgsung\yy_samgsung02816.bmp


ans =

D:\yy_samgsung\yy_samgsung04327.bmp


ans =

D:\yy_samgsung\yy_samgsung03877.bmp


ans =

D:\yy_samgsung\yy_samgsung02163.bmp


ans =

D:\yy_samgsung\yy_samgsung00698.bmp


ans =

D:\yy_samgsung\yy_samgsung04686.bmp


ans =

D:\yy_samgsung\yy_samgsung03414.bmp


ans =

D:\yy_samgsung\yy_samgsung01430.bmp


ans =

D:\yy_samgsung\yy_samgsung02814.bmp


ans =

D:\yy_samgsung\yy_samgsung04325.bmp


ans =

D:\yy_samgsung\yy_samgsung03875.bmp


ans =

D:\yy_samgsung\yy_samgsung02159.bmp


ans =

D:\yy_samgsung\yy_samgsung00694.bmp


ans =

D:\yy_samgsung\yy_samgsung04682.bmp


ans =

D:\yy_samgsung\yy_samgsung03410.bmp


ans =

D:\yy_samgsung\yy_samgsung01426.bmp


ans =

D:\yy_samgsung\yy_samgsung02812.bmp


ans =

D:\yy_samgsung\yy_samgsung04323.bmp


ans =

D:\yy_samgsung\yy_samgsung03873.bmp


ans =

D:\yy_samgsung\yy_samgsung02155.bmp


ans =

D:\yy_samgsung\yy_samgsung00690.bmp


ans =

D:\yy_samgsung\yy_samgsung04678.bmp


ans =

D:\yy_samgsung\yy_samgsung03406.bmp


ans =

D:\yy_samgsung\yy_samgsung01422.bmp


ans =

D:\yy_samgsung\yy_samgsung04321.bmp


ans =

D:\yy_samgsung\yy_samgsung02810.bmp


ans =

D:\yy_samgsung\yy_samgsung03871.bmp


ans =

D:\yy_samgsung\yy_samgsung02151.bmp


ans =

D:\yy_samgsung\yy_samgsung00686.bmp


ans =

D:\yy_samgsung\yy_samgsung04674.bmp


ans =

D:\yy_samgsung\yy_samgsung03402.bmp


ans =

D:\yy_samgsung\yy_samgsung01418.bmp


ans =

D:\yy_samgsung\yy_samgsung02808.bmp


ans =

D:\yy_samgsung\yy_samgsung04319.bmp


ans =

D:\yy_samgsung\yy_samgsung03869.bmp


ans =

D:\yy_samgsung\yy_samgsung02149.bmp


ans =

D:\yy_samgsung\yy_samgsung00682.bmp


ans =

D:\yy_samgsung\yy_samgsung04670.bmp


ans =

D:\yy_samgsung\yy_samgsung03398.bmp


ans =

D:\yy_samgsung\yy_samgsung01414.bmp


ans =

D:\yy_samgsung\yy_samgsung02806.bmp


ans =

D:\yy_samgsung\yy_samgsung04317.bmp


ans =

D:\yy_samgsung\yy_samgsung02143.bmp


ans =

D:\yy_samgsung\yy_samgsung03867.bmp


ans =

D:\yy_samgsung\yy_samgsung00678.bmp


ans =

D:\yy_samgsung\yy_samgsung04666.bmp


ans =

D:\yy_samgsung\yy_samgsung03394.bmp


ans =

D:\yy_samgsung\yy_samgsung01410.bmp


ans =

D:\yy_samgsung\yy_samgsung02804.bmp


ans =

D:\yy_samgsung\yy_samgsung04315.bmp


ans =

D:\yy_samgsung\yy_samgsung03865.bmp


ans =

D:\yy_samgsung\yy_samgsung02139.bmp


ans =

D:\yy_samgsung\yy_samgsung00674.bmp


ans =

D:\yy_samgsung\yy_samgsung04662.bmp


ans =

D:\yy_samgsung\yy_samgsung03390.bmp


ans =

D:\yy_samgsung\yy_samgsung01406.bmp


ans =

D:\yy_samgsung\yy_samgsung02802.bmp


ans =

D:\yy_samgsung\yy_samgsung04313.bmp


ans =

D:\yy_samgsung\yy_samgsung03863.bmp


ans =

D:\yy_samgsung\yy_samgsung02137.bmp


ans =

D:\yy_samgsung\yy_samgsung00672.bmp


ans =

D:\yy_samgsung\yy_samgsung04658.bmp


ans =

D:\yy_samgsung\yy_samgsung03386.bmp


ans =

D:\yy_samgsung\yy_samgsung01402.bmp


ans =

D:\yy_samgsung\yy_samgsung02800.bmp


ans =

D:\yy_samgsung\yy_samgsung04311.bmp


ans =

D:\yy_samgsung\yy_samgsung03861.bmp


ans =

D:\yy_samgsung\yy_samgsung02133.bmp


ans =

D:\yy_samgsung\yy_samgsung04654.bmp


ans =

D:\yy_samgsung\yy_samgsung00666.bmp


ans =

D:\yy_samgsung\yy_samgsung03382.bmp


ans =

D:\yy_samgsung\yy_samgsung01398.bmp


ans =

D:\yy_samgsung\yy_samgsung02798.bmp


ans =

D:\yy_samgsung\yy_samgsung04309.bmp


ans =

D:\yy_samgsung\yy_samgsung03859.bmp


ans =

D:\yy_samgsung\yy_samgsung02129.bmp


ans =

D:\yy_samgsung\yy_samgsung04650.bmp


ans =

D:\yy_samgsung\yy_samgsung03378.bmp


ans =

D:\yy_samgsung\yy_samgsung01394.bmp


ans =

D:\yy_samgsung\yy_samgsung00662.bmp


ans =

D:\yy_samgsung\yy_samgsung02796.bmp


ans =

D:\yy_samgsung\yy_samgsung04307.bmp


ans =

D:\yy_samgsung\yy_samgsung03857.bmp


ans =

D:\yy_samgsung\yy_samgsung02125.bmp


ans =

D:\yy_samgsung\yy_samgsung04646.bmp


ans =

D:\yy_samgsung\yy_samgsung03374.bmp


ans =

D:\yy_samgsung\yy_samgsung01390.bmp


ans =

D:\yy_samgsung\yy_samgsung00658.bmp


ans =

D:\yy_samgsung\yy_samgsung02794.bmp


ans =

D:\yy_samgsung\yy_samgsung04305.bmp


ans =

D:\yy_samgsung\yy_samgsung03855.bmp


ans =

D:\yy_samgsung\yy_samgsung02121.bmp


ans =

D:\yy_samgsung\yy_samgsung04642.bmp


ans =

D:\yy_samgsung\yy_samgsung03370.bmp


ans =

D:\yy_samgsung\yy_samgsung01386.bmp


ans =

D:\yy_samgsung\yy_samgsung02792.bmp


ans =

D:\yy_samgsung\yy_samgsung00656.bmp


ans =

D:\yy_samgsung\yy_samgsung04303.bmp


ans =

D:\yy_samgsung\yy_samgsung03853.bmp


ans =

D:\yy_samgsung\yy_samgsung02117.bmp


ans =

D:\yy_samgsung\yy_samgsung04638.bmp


ans =

D:\yy_samgsung\yy_samgsung03366.bmp


ans =

D:\yy_samgsung\yy_samgsung01382.bmp


ans =

D:\yy_samgsung\yy_samgsung02790.bmp


ans =

D:\yy_samgsung\yy_samgsung00652.bmp


ans =

D:\yy_samgsung\yy_samgsung04301.bmp


ans =

D:\yy_samgsung\yy_samgsung03851.bmp


ans =

D:\yy_samgsung\yy_samgsung02113.bmp


ans =

D:\yy_samgsung\yy_samgsung04634.bmp


ans =

D:\yy_samgsung\yy_samgsung03362.bmp


ans =

D:\yy_samgsung\yy_samgsung01378.bmp


ans =

D:\yy_samgsung\yy_samgsung02788.bmp


ans =

D:\yy_samgsung\yy_samgsung00648.bmp


ans =

D:\yy_samgsung\yy_samgsung04299.bmp


ans =

D:\yy_samgsung\yy_samgsung03849.bmp


ans =

D:\yy_samgsung\yy_samgsung02109.bmp


ans =

D:\yy_samgsung\yy_samgsung04630.bmp


ans =

D:\yy_samgsung\yy_samgsung03358.bmp


ans =

D:\yy_samgsung\yy_samgsung01374.bmp


ans =

D:\yy_samgsung\yy_samgsung02786.bmp


ans =

D:\yy_samgsung\yy_samgsung00642.bmp


ans =

D:\yy_samgsung\yy_samgsung04297.bmp


ans =

D:\yy_samgsung\yy_samgsung03847.bmp


ans =

D:\yy_samgsung\yy_samgsung02105.bmp


ans =

D:\yy_samgsung\yy_samgsung04626.bmp


ans =

D:\yy_samgsung\yy_samgsung03354.bmp


ans =

D:\yy_samgsung\yy_samgsung02784.bmp


ans =

D:\yy_samgsung\yy_samgsung01370.bmp


ans =

D:\yy_samgsung\yy_samgsung04295.bmp


ans =

D:\yy_samgsung\yy_samgsung00640.bmp


ans =

D:\yy_samgsung\yy_samgsung03845.bmp


ans =

D:\yy_samgsung\yy_samgsung02101.bmp


ans =

D:\yy_samgsung\yy_samgsung04622.bmp


ans =

D:\yy_samgsung\yy_samgsung03350.bmp


ans =

D:\yy_samgsung\yy_samgsung02782.bmp


ans =

D:\yy_samgsung\yy_samgsung01366.bmp


ans =

D:\yy_samgsung\yy_samgsung00636.bmp


ans =

D:\yy_samgsung\yy_samgsung04293.bmp


ans =

D:\yy_samgsung\yy_samgsung03843.bmp


ans =

D:\yy_samgsung\yy_samgsung02097.bmp


ans =

D:\yy_samgsung\yy_samgsung04618.bmp


ans =

D:\yy_samgsung\yy_samgsung03346.bmp


ans =

D:\yy_samgsung\yy_samgsung02780.bmp


ans =

D:\yy_samgsung\yy_samgsung01362.bmp


ans =

D:\yy_samgsung\yy_samgsung00630.bmp


ans =

D:\yy_samgsung\yy_samgsung04291.bmp


ans =

D:\yy_samgsung\yy_samgsung03841.bmp


ans =

D:\yy_samgsung\yy_samgsung02093.bmp


ans =

D:\yy_samgsung\yy_samgsung04614.bmp


ans =

D:\yy_samgsung\yy_samgsung03342.bmp


ans =

D:\yy_samgsung\yy_samgsung02778.bmp


ans =

D:\yy_samgsung\yy_samgsung01360.bmp


ans =

D:\yy_samgsung\yy_samgsung00626.bmp


ans =

D:\yy_samgsung\yy_samgsung04289.bmp


ans =

D:\yy_samgsung\yy_samgsung03839.bmp


ans =

D:\yy_samgsung\yy_samgsung02089.bmp


ans =

D:\yy_samgsung\yy_samgsung04612.bmp


ans =

D:\yy_samgsung\yy_samgsung03338.bmp


ans =

D:\yy_samgsung\yy_samgsung02776.bmp


ans =

D:\yy_samgsung\yy_samgsung01354.bmp


ans =

D:\yy_samgsung\yy_samgsung00622.bmp


ans =

D:\yy_samgsung\yy_samgsung04287.bmp


ans =

D:\yy_samgsung\yy_samgsung03837.bmp


ans =

D:\yy_samgsung\yy_samgsung02085.bmp


ans =

D:\yy_samgsung\yy_samgsung04606.bmp


ans =

D:\yy_samgsung\yy_samgsung03334.bmp


ans =

D:\yy_samgsung\yy_samgsung02774.bmp


ans =

D:\yy_samgsung\yy_samgsung01350.bmp


ans =

D:\yy_samgsung\yy_samgsung00620.bmp


ans =

D:\yy_samgsung\yy_samgsung04285.bmp


ans =

D:\yy_samgsung\yy_samgsung03835.bmp


ans =

D:\yy_samgsung\yy_samgsung02081.bmp


ans =

D:\yy_samgsung\yy_samgsung04604.bmp


ans =

D:\yy_samgsung\yy_samgsung03330.bmp


ans =

D:\yy_samgsung\yy_samgsung02772.bmp


ans =

D:\yy_samgsung\yy_samgsung01348.bmp


ans =

D:\yy_samgsung\yy_samgsung00614.bmp


ans =

D:\yy_samgsung\yy_samgsung04283.bmp


ans =

D:\yy_samgsung\yy_samgsung03833.bmp


ans =

D:\yy_samgsung\yy_samgsung02077.bmp


ans =

D:\yy_samgsung\yy_samgsung04600.bmp


ans =

D:\yy_samgsung\yy_samgsung03326.bmp


ans =

D:\yy_samgsung\yy_samgsung02770.bmp


ans =

D:\yy_samgsung\yy_samgsung01342.bmp


ans =

D:\yy_samgsung\yy_samgsung00610.bmp


ans =

D:\yy_samgsung\yy_samgsung04281.bmp


ans =

D:\yy_samgsung\yy_samgsung03831.bmp


ans =

D:\yy_samgsung\yy_samgsung02073.bmp


ans =

D:\yy_samgsung\yy_samgsung04596.bmp


ans =

D:\yy_samgsung\yy_samgsung03322.bmp


ans =

D:\yy_samgsung\yy_samgsung02768.bmp


ans =

D:\yy_samgsung\yy_samgsung01338.bmp


ans =

D:\yy_samgsung\yy_samgsung00606.bmp


ans =

D:\yy_samgsung\yy_samgsung04279.bmp


ans =

D:\yy_samgsung\yy_samgsung03829.bmp


ans =

D:\yy_samgsung\yy_samgsung02069.bmp


ans =

D:\yy_samgsung\yy_samgsung04592.bmp


ans =

D:\yy_samgsung\yy_samgsung03318.bmp


ans =

D:\yy_samgsung\yy_samgsung02766.bmp


ans =

D:\yy_samgsung\yy_samgsung01334.bmp


ans =

D:\yy_samgsung\yy_samgsung00602.bmp


ans =

D:\yy_samgsung\yy_samgsung04277.bmp


ans =

D:\yy_samgsung\yy_samgsung03827.bmp


ans =

D:\yy_samgsung\yy_samgsung02065.bmp


ans =

D:\yy_samgsung\yy_samgsung04588.bmp


ans =

D:\yy_samgsung\yy_samgsung03314.bmp


ans =

D:\yy_samgsung\yy_samgsung02764.bmp


ans =

D:\yy_samgsung\yy_samgsung01330.bmp


ans =

D:\yy_samgsung\yy_samgsung00600.bmp


ans =

D:\yy_samgsung\yy_samgsung04275.bmp


ans =

D:\yy_samgsung\yy_samgsung03825.bmp


ans =

D:\yy_samgsung\yy_samgsung02061.bmp


ans =

D:\yy_samgsung\yy_samgsung04584.bmp


ans =

D:\yy_samgsung\yy_samgsung03310.bmp


ans =

D:\yy_samgsung\yy_samgsung02762.bmp


ans =

D:\yy_samgsung\yy_samgsung04273.bmp


ans =

D:\yy_samgsung\yy_samgsung01326.bmp


ans =

D:\yy_samgsung\yy_samgsung00596.bmp


ans =

D:\yy_samgsung\yy_samgsung03823.bmp


ans =

D:\yy_samgsung\yy_samgsung02057.bmp


ans =

D:\yy_samgsung\yy_samgsung04580.bmp


ans =

D:\yy_samgsung\yy_samgsung03306.bmp


ans =

D:\yy_samgsung\yy_samgsung02760.bmp


ans =

D:\yy_samgsung\yy_samgsung01322.bmp


ans =

D:\yy_samgsung\yy_samgsung00592.bmp


ans =

D:\yy_samgsung\yy_samgsung04271.bmp


ans =

D:\yy_samgsung\yy_samgsung03821.bmp


ans =

D:\yy_samgsung\yy_samgsung02053.bmp


ans =

D:\yy_samgsung\yy_samgsung04576.bmp


ans =

D:\yy_samgsung\yy_samgsung03302.bmp


ans =

D:\yy_samgsung\yy_samgsung02758.bmp


ans =

D:\yy_samgsung\yy_samgsung01318.bmp


ans =

D:\yy_samgsung\yy_samgsung00588.bmp


ans =

D:\yy_samgsung\yy_samgsung04269.bmp


ans =

D:\yy_samgsung\yy_samgsung03819.bmp


ans =

D:\yy_samgsung\yy_samgsung02049.bmp


ans =

D:\yy_samgsung\yy_samgsung04572.bmp


ans =

D:\yy_samgsung\yy_samgsung03298.bmp


ans =

D:\yy_samgsung\yy_samgsung02756.bmp


ans =

D:\yy_samgsung\yy_samgsung01316.bmp


ans =

D:\yy_samgsung\yy_samgsung00584.bmp


ans =

D:\yy_samgsung\yy_samgsung04267.bmp


ans =

D:\yy_samgsung\yy_samgsung03817.bmp


ans =

D:\yy_samgsung\yy_samgsung02045.bmp


ans =

D:\yy_samgsung\yy_samgsung04568.bmp


ans =

D:\yy_samgsung\yy_samgsung03294.bmp


ans =

D:\yy_samgsung\yy_samgsung02754.bmp


ans =

D:\yy_samgsung\yy_samgsung01312.bmp


ans =

D:\yy_samgsung\yy_samgsung00580.bmp


ans =

D:\yy_samgsung\yy_samgsung04265.bmp


ans =

D:\yy_samgsung\yy_samgsung03815.bmp


ans =

D:\yy_samgsung\yy_samgsung02041.bmp


ans =

D:\yy_samgsung\yy_samgsung04564.bmp


ans =

D:\yy_samgsung\yy_samgsung03290.bmp


ans =

D:\yy_samgsung\yy_samgsung02752.bmp


ans =

D:\yy_samgsung\yy_samgsung01308.bmp


ans =

D:\yy_samgsung\yy_samgsung00576.bmp


ans =

D:\yy_samgsung\yy_samgsung04263.bmp


ans =

D:\yy_samgsung\yy_samgsung03813.bmp


ans =

D:\yy_samgsung\yy_samgsung02037.bmp


ans =

D:\yy_samgsung\yy_samgsung04560.bmp


ans =

D:\yy_samgsung\yy_samgsung03286.bmp


ans =

D:\yy_samgsung\yy_samgsung02750.bmp


ans =

D:\yy_samgsung\yy_samgsung01304.bmp


ans =

D:\yy_samgsung\yy_samgsung00572.bmp


ans =

D:\yy_samgsung\yy_samgsung04261.bmp


ans =

D:\yy_samgsung\yy_samgsung03811.bmp


ans =

D:\yy_samgsung\yy_samgsung02033.bmp


ans =

D:\yy_samgsung\yy_samgsung04556.bmp


ans =

D:\yy_samgsung\yy_samgsung03282.bmp


ans =

D:\yy_samgsung\yy_samgsung02748.bmp


ans =

D:\yy_samgsung\yy_samgsung00568.bmp


ans =

D:\yy_samgsung\yy_samgsung01300.bmp


ans =

D:\yy_samgsung\yy_samgsung04259.bmp


ans =

D:\yy_samgsung\yy_samgsung03809.bmp


ans =

D:\yy_samgsung\yy_samgsung02029.bmp


ans =

D:\yy_samgsung\yy_samgsung04552.bmp


ans =

D:\yy_samgsung\yy_samgsung03280.bmp


ans =

D:\yy_samgsung\yy_samgsung02746.bmp


ans =

D:\yy_samgsung\yy_samgsung00564.bmp


ans =

D:\yy_samgsung\yy_samgsung04257.bmp


ans =

D:\yy_samgsung\yy_samgsung03807.bmp


ans =

D:\yy_samgsung\yy_samgsung01296.bmp


ans =

D:\yy_samgsung\yy_samgsung03276.bmp


ans =

D:\yy_samgsung\yy_samgsung02025.bmp


ans =

D:\yy_samgsung\yy_samgsung04548.bmp


ans =

D:\yy_samgsung\yy_samgsung02744.bmp


ans =

D:\yy_samgsung\yy_samgsung00560.bmp


ans =

D:\yy_samgsung\yy_samgsung04255.bmp


ans =

D:\yy_samgsung\yy_samgsung03805.bmp


ans =

D:\yy_samgsung\yy_samgsung01290.bmp


ans =

D:\yy_samgsung\yy_samgsung03272.bmp


ans =

D:\yy_samgsung\yy_samgsung02021.bmp


ans =

D:\yy_samgsung\yy_samgsung04544.bmp


ans =

D:\yy_samgsung\yy_samgsung02742.bmp


ans =

D:\yy_samgsung\yy_samgsung00556.bmp


ans =

D:\yy_samgsung\yy_samgsung04253.bmp


ans =

D:\yy_samgsung\yy_samgsung03803.bmp


ans =

D:\yy_samgsung\yy_samgsung01288.bmp


ans =

D:\yy_samgsung\yy_samgsung03268.bmp


ans =

D:\yy_samgsung\yy_samgsung02017.bmp


ans =

D:\yy_samgsung\yy_samgsung04540.bmp


ans =

D:\yy_samgsung\yy_samgsung02740.bmp


ans =

D:\yy_samgsung\yy_samgsung00552.bmp


ans =

D:\yy_samgsung\yy_samgsung04251.bmp


ans =

D:\yy_samgsung\yy_samgsung03801.bmp


ans =

D:\yy_samgsung\yy_samgsung01284.bmp


ans =

D:\yy_samgsung\yy_samgsung02013.bmp


ans =

D:\yy_samgsung\yy_samgsung04536.bmp


ans =

D:\yy_samgsung\yy_samgsung03264.bmp


ans =

D:\yy_samgsung\yy_samgsung02738.bmp


ans =

D:\yy_samgsung\yy_samgsung00548.bmp


ans =

D:\yy_samgsung\yy_samgsung04249.bmp


ans =

D:\yy_samgsung\yy_samgsung03799.bmp


ans =

D:\yy_samgsung\yy_samgsung01280.bmp


ans =

D:\yy_samgsung\yy_samgsung02009.bmp


ans =

D:\yy_samgsung\yy_samgsung04532.bmp


ans =

D:\yy_samgsung\yy_samgsung03260.bmp


ans =

D:\yy_samgsung\yy_samgsung02736.bmp


ans =

D:\yy_samgsung\yy_samgsung00544.bmp


ans =

D:\yy_samgsung\yy_samgsung03797.bmp


ans =

D:\yy_samgsung\yy_samgsung04247.bmp


ans =

D:\yy_samgsung\yy_samgsung01274.bmp


ans =

D:\yy_samgsung\yy_samgsung02005.bmp


ans =

D:\yy_samgsung\yy_samgsung04528.bmp


ans =

D:\yy_samgsung\yy_samgsung03256.bmp


ans =

D:\yy_samgsung\yy_samgsung02732.bmp


ans =

D:\yy_samgsung\yy_samgsung00540.bmp


ans =

D:\yy_samgsung\yy_samgsung03795.bmp


ans =

D:\yy_samgsung\yy_samgsung04245.bmp


ans =

D:\yy_samgsung\yy_samgsung01272.bmp


ans =

D:\yy_samgsung\yy_samgsung04524.bmp


ans =

D:\yy_samgsung\yy_samgsung02001.bmp


ans =

D:\yy_samgsung\yy_samgsung03252.bmp


ans =

D:\yy_samgsung\yy_samgsung02728.bmp


ans =

D:\yy_samgsung\yy_samgsung00536.bmp


ans =

D:\yy_samgsung\yy_samgsung03793.bmp


ans =

D:\yy_samgsung\yy_samgsung04243.bmp


ans =

D:\yy_samgsung\yy_samgsung01268.bmp


ans =

D:\yy_samgsung\yy_samgsung01993.bmp


ans =

D:\yy_samgsung\yy_samgsung04520.bmp


ans =

D:\yy_samgsung\yy_samgsung03248.bmp


ans =

D:\yy_samgsung\yy_samgsung02724.bmp


ans =

D:\yy_samgsung\yy_samgsung00532.bmp


ans =

D:\yy_samgsung\yy_samgsung03791.bmp


ans =

D:\yy_samgsung\yy_samgsung04241.bmp


ans =

D:\yy_samgsung\yy_samgsung01264.bmp


ans =

D:\yy_samgsung\yy_samgsung04516.bmp


ans =

D:\yy_samgsung\yy_samgsung01989.bmp


ans =

D:\yy_samgsung\yy_samgsung03244.bmp


ans =

D:\yy_samgsung\yy_samgsung02718.bmp


ans =

D:\yy_samgsung\yy_samgsung00528.bmp


ans =

D:\yy_samgsung\yy_samgsung04237.bmp


ans =

D:\yy_samgsung\yy_samgsung03789.bmp


ans =

D:\yy_samgsung\yy_samgsung04512.bmp


ans =

D:\yy_samgsung\yy_samgsung01260.bmp


ans =

D:\yy_samgsung\yy_samgsung01985.bmp


ans =

D:\yy_samgsung\yy_samgsung03240.bmp


ans =

D:\yy_samgsung\yy_samgsung02714.bmp


ans =

D:\yy_samgsung\yy_samgsung00524.bmp


ans =

D:\yy_samgsung\yy_samgsung04233.bmp


ans =

D:\yy_samgsung\yy_samgsung03787.bmp


ans =

D:\yy_samgsung\yy_samgsung04508.bmp


ans =

D:\yy_samgsung\yy_samgsung01256.bmp


ans =

D:\yy_samgsung\yy_samgsung01981.bmp


ans =

D:\yy_samgsung\yy_samgsung03236.bmp


ans =

D:\yy_samgsung\yy_samgsung02710.bmp


ans =

D:\yy_samgsung\yy_samgsung00520.bmp


ans =

D:\yy_samgsung\yy_samgsung04229.bmp


ans =

D:\yy_samgsung\yy_samgsung03785.bmp


ans =

D:\yy_samgsung\yy_samgsung04505.bmp


ans =

D:\yy_samgsung\yy_samgsung01252.bmp


ans =

D:\yy_samgsung\yy_samgsung01977.bmp


ans =

D:\yy_samgsung\yy_samgsung03232.bmp


ans =

D:\yy_samgsung\yy_samgsung02706.bmp


ans =

D:\yy_samgsung\yy_samgsung00516.bmp


ans =

D:\yy_samgsung\yy_samgsung03783.bmp


ans =

D:\yy_samgsung\yy_samgsung04225.bmp


ans =

D:\yy_samgsung\yy_samgsung04499.bmp


ans =

D:\yy_samgsung\yy_samgsung01248.bmp


ans =

D:\yy_samgsung\yy_samgsung01969.bmp


ans =

D:\yy_samgsung\yy_samgsung03228.bmp


ans =

D:\yy_samgsung\yy_samgsung02702.bmp


ans =

D:\yy_samgsung\yy_samgsung00512.bmp


ans =

D:\yy_samgsung\yy_samgsung03781.bmp


ans =

D:\yy_samgsung\yy_samgsung04221.bmp


ans =

D:\yy_samgsung\yy_samgsung04495.bmp


ans =

D:\yy_samgsung\yy_samgsung01244.bmp


ans =

D:\yy_samgsung\yy_samgsung01965.bmp


ans =

D:\yy_samgsung\yy_samgsung03224.bmp


ans =

D:\yy_samgsung\yy_samgsung02698.bmp


ans =

D:\yy_samgsung\yy_samgsung00508.bmp


ans =

D:\yy_samgsung\yy_samgsung03779.bmp


ans =

D:\yy_samgsung\yy_samgsung04491.bmp


ans =

D:\yy_samgsung\yy_samgsung04219.bmp


ans =

D:\yy_samgsung\yy_samgsung01240.bmp


ans =

D:\yy_samgsung\yy_samgsung03220.bmp


ans =

D:\yy_samgsung\yy_samgsung01961.bmp


ans =

D:\yy_samgsung\yy_samgsung02694.bmp


ans =

D:\yy_samgsung\yy_samgsung00504.bmp


ans =

D:\yy_samgsung\yy_samgsung03777.bmp


ans =

D:\yy_samgsung\yy_samgsung04487.bmp


ans =

D:\yy_samgsung\yy_samgsung04215.bmp


ans =

D:\yy_samgsung\yy_samgsung01236.bmp


ans =

D:\yy_samgsung\yy_samgsung01957.bmp


ans =

D:\yy_samgsung\yy_samgsung03216.bmp


ans =

D:\yy_samgsung\yy_samgsung02690.bmp


ans =

D:\yy_samgsung\yy_samgsung00499.bmp


ans =

D:\yy_samgsung\yy_samgsung03775.bmp


ans =

D:\yy_samgsung\yy_samgsung04485.bmp


ans =

D:\yy_samgsung\yy_samgsung04211.bmp


ans =

D:\yy_samgsung\yy_samgsung01232.bmp


ans =

D:\yy_samgsung\yy_samgsung01955.bmp


ans =

D:\yy_samgsung\yy_samgsung03212.bmp


ans =

D:\yy_samgsung\yy_samgsung02686.bmp


ans =

D:\yy_samgsung\yy_samgsung00495.bmp


ans =

D:\yy_samgsung\yy_samgsung03773.bmp


ans =

D:\yy_samgsung\yy_samgsung04481.bmp


ans =

D:\yy_samgsung\yy_samgsung04207.bmp


ans =

D:\yy_samgsung\yy_samgsung01228.bmp


ans =

D:\yy_samgsung\yy_samgsung01947.bmp


ans =

D:\yy_samgsung\yy_samgsung03208.bmp


ans =

D:\yy_samgsung\yy_samgsung02682.bmp


ans =

D:\yy_samgsung\yy_samgsung00491.bmp


ans =

D:\yy_samgsung\yy_samgsung03771.bmp


ans =

D:\yy_samgsung\yy_samgsung04477.bmp


ans =

D:\yy_samgsung\yy_samgsung01224.bmp


ans =

D:\yy_samgsung\yy_samgsung01941.bmp


ans =

D:\yy_samgsung\yy_samgsung04203.bmp


ans =

D:\yy_samgsung\yy_samgsung03204.bmp


ans =

D:\yy_samgsung\yy_samgsung02678.bmp


ans =

D:\yy_samgsung\yy_samgsung00487.bmp


ans =

D:\yy_samgsung\yy_samgsung03769.bmp


ans =

D:\yy_samgsung\yy_samgsung04471.bmp


ans =

D:\yy_samgsung\yy_samgsung01939.bmp


ans =

D:\yy_samgsung\yy_samgsung04199.bmp


ans =

D:\yy_samgsung\yy_samgsung03200.bmp


ans =

D:\yy_samgsung\yy_samgsung01220.bmp


ans =

D:\yy_samgsung\yy_samgsung02674.bmp


ans =

D:\yy_samgsung\yy_samgsung03767.bmp


ans =

D:\yy_samgsung\yy_samgsung00483.bmp


ans =

D:\yy_samgsung\yy_samgsung04469.bmp


ans =

D:\yy_samgsung\yy_samgsung01933.bmp


ans =

D:\yy_samgsung\yy_samgsung03196.bmp


ans =

D:\yy_samgsung\yy_samgsung01216.bmp


ans =

D:\yy_samgsung\yy_samgsung04195.bmp


ans =

D:\yy_samgsung\yy_samgsung02670.bmp


ans =

D:\yy_samgsung\yy_samgsung00479.bmp


ans =

D:\yy_samgsung\yy_samgsung03765.bmp


ans =

D:\yy_samgsung\yy_samgsung01931.bmp


ans =

D:\yy_samgsung\yy_samgsung04465.bmp


ans =

D:\yy_samgsung\yy_samgsung03192.bmp


ans =

D:\yy_samgsung\yy_samgsung01212.bmp


ans =

D:\yy_samgsung\yy_samgsung04191.bmp


ans =

D:\yy_samgsung\yy_samgsung02666.bmp


ans =

D:\yy_samgsung\yy_samgsung03763.bmp


ans =

D:\yy_samgsung\yy_samgsung00475.bmp


ans =

D:\yy_samgsung\yy_samgsung01927.bmp


ans =

D:\yy_samgsung\yy_samgsung04459.bmp


ans =

D:\yy_samgsung\yy_samgsung03188.bmp


ans =

D:\yy_samgsung\yy_samgsung01208.bmp


ans =

D:\yy_samgsung\yy_samgsung02662.bmp


ans =

D:\yy_samgsung\yy_samgsung04187.bmp


ans =

D:\yy_samgsung\yy_samgsung03761.bmp


ans =

D:\yy_samgsung\yy_samgsung00471.bmp


ans =

D:\yy_samgsung\yy_samgsung01923.bmp


ans =

D:\yy_samgsung\yy_samgsung03184.bmp


ans =

D:\yy_samgsung\yy_samgsung04455.bmp


ans =

D:\yy_samgsung\yy_samgsung01200.bmp


ans =

D:\yy_samgsung\yy_samgsung02658.bmp


ans =

D:\yy_samgsung\yy_samgsung04183.bmp


ans =

D:\yy_samgsung\yy_samgsung03759.bmp


ans =

D:\yy_samgsung\yy_samgsung00467.bmp


ans =

D:\yy_samgsung\yy_samgsung01919.bmp


ans =

D:\yy_samgsung\yy_samgsung03180.bmp


ans =

D:\yy_samgsung\yy_samgsung04453.bmp


ans =

D:\yy_samgsung\yy_samgsung01196.bmp


ans =

D:\yy_samgsung\yy_samgsung02654.bmp


ans =

D:\yy_samgsung\yy_samgsung04179.bmp


ans =

D:\yy_samgsung\yy_samgsung03757.bmp


ans =

D:\yy_samgsung\yy_samgsung00463.bmp


ans =

D:\yy_samgsung\yy_samgsung01915.bmp


ans =

D:\yy_samgsung\yy_samgsung03176.bmp


ans =

D:\yy_samgsung\yy_samgsung02650.bmp


ans =

D:\yy_samgsung\yy_samgsung04447.bmp


ans =

D:\yy_samgsung\yy_samgsung01192.bmp


ans =

D:\yy_samgsung\yy_samgsung04175.bmp


ans =

D:\yy_samgsung\yy_samgsung03755.bmp


ans =

D:\yy_samgsung\yy_samgsung00459.bmp


ans =

D:\yy_samgsung\yy_samgsung01911.bmp


ans =

D:\yy_samgsung\yy_samgsung03172.bmp


ans =

D:\yy_samgsung\yy_samgsung02646.bmp


ans =

D:\yy_samgsung\yy_samgsung04443.bmp


ans =

D:\yy_samgsung\yy_samgsung01188.bmp


ans =

D:\yy_samgsung\yy_samgsung04171.bmp


ans =

D:\yy_samgsung\yy_samgsung03753.bmp


ans =

D:\yy_samgsung\yy_samgsung01907.bmp


ans =

D:\yy_samgsung\yy_samgsung00455.bmp


ans =

D:\yy_samgsung\yy_samgsung03164.bmp


ans =

D:\yy_samgsung\yy_samgsung02642.bmp


ans =

D:\yy_samgsung\yy_samgsung01184.bmp


ans =

D:\yy_samgsung\yy_samgsung04441.bmp


ans =

D:\yy_samgsung\yy_samgsung04167.bmp


ans =

D:\yy_samgsung\yy_samgsung03751.bmp


ans =

D:\yy_samgsung\yy_samgsung01903.bmp


ans =

D:\yy_samgsung\yy_samgsung00451.bmp


ans =

D:\yy_samgsung\yy_samgsung03160.bmp


ans =

D:\yy_samgsung\yy_samgsung02638.bmp


ans =

D:\yy_samgsung\yy_samgsung01176.bmp


ans =

D:\yy_samgsung\yy_samgsung04439.bmp


ans =

D:\yy_samgsung\yy_samgsung04163.bmp


ans =

D:\yy_samgsung\yy_samgsung03749.bmp


ans =

D:\yy_samgsung\yy_samgsung00447.bmp


ans =

D:\yy_samgsung\yy_samgsung01899.bmp


ans =

D:\yy_samgsung\yy_samgsung03156.bmp


ans =

D:\yy_samgsung\yy_samgsung02634.bmp


ans =

D:\yy_samgsung\yy_samgsung01174.bmp


ans =

D:\yy_samgsung\yy_samgsung04437.bmp


ans =

D:\yy_samgsung\yy_samgsung04159.bmp


ans =

D:\yy_samgsung\yy_samgsung03747.bmp


ans =

D:\yy_samgsung\yy_samgsung01895.bmp


ans =

D:\yy_samgsung\yy_samgsung00443.bmp


ans =

D:\yy_samgsung\yy_samgsung03152.bmp


ans =

D:\yy_samgsung\yy_samgsung02630.bmp


ans =

D:\yy_samgsung\yy_samgsung01168.bmp


ans =

D:\yy_samgsung\yy_samgsung04435.bmp


ans =

D:\yy_samgsung\yy_samgsung04155.bmp


ans =

D:\yy_samgsung\yy_samgsung03745.bmp


ans =

D:\yy_samgsung\yy_samgsung01891.bmp


ans =

D:\yy_samgsung\yy_samgsung00439.bmp


ans =

D:\yy_samgsung\yy_samgsung03148.bmp


ans =

D:\yy_samgsung\yy_samgsung02626.bmp


ans =

D:\yy_samgsung\yy_samgsung01166.bmp


ans =

D:\yy_samgsung\yy_samgsung04433.bmp


ans =

D:\yy_samgsung\yy_samgsung04151.bmp


ans =

D:\yy_samgsung\yy_samgsung03743.bmp


ans =

D:\yy_samgsung\yy_samgsung01887.bmp


ans =

D:\yy_samgsung\yy_samgsung00435.bmp


ans =

D:\yy_samgsung\yy_samgsung03142.bmp


ans =

D:\yy_samgsung\yy_samgsung02622.bmp


ans =

D:\yy_samgsung\yy_samgsung01162.bmp


ans =

D:\yy_samgsung\yy_samgsung04431.bmp


ans =

D:\yy_samgsung\yy_samgsung04147.bmp


ans =

D:\yy_samgsung\yy_samgsung03741.bmp


ans =

D:\yy_samgsung\yy_samgsung01883.bmp


ans =

D:\yy_samgsung\yy_samgsung00431.bmp


ans =

D:\yy_samgsung\yy_samgsung03136.bmp


ans =

D:\yy_samgsung\yy_samgsung02618.bmp


ans =

D:\yy_samgsung\yy_samgsung01154.bmp


ans =

D:\yy_samgsung\yy_samgsung04429.bmp


ans =

D:\yy_samgsung\yy_samgsung04143.bmp


ans =

D:\yy_samgsung\yy_samgsung03739.bmp


ans =

D:\yy_samgsung\yy_samgsung01879.bmp


ans =

D:\yy_samgsung\yy_samgsung00427.bmp


ans =

D:\yy_samgsung\yy_samgsung03132.bmp


ans =

D:\yy_samgsung\yy_samgsung02614.bmp


ans =

D:\yy_samgsung\yy_samgsung01150.bmp


ans =

D:\yy_samgsung\yy_samgsung04427.bmp


ans =

D:\yy_samgsung\yy_samgsung04139.bmp


ans =

D:\yy_samgsung\yy_samgsung03737.bmp


ans =

D:\yy_samgsung\yy_samgsung01875.bmp


ans =

D:\yy_samgsung\yy_samgsung03128.bmp


ans =

D:\yy_samgsung\yy_samgsung00423.bmp


ans =

D:\yy_samgsung\yy_samgsung02610.bmp


ans =

D:\yy_samgsung\yy_samgsung01146.bmp


ans =

D:\yy_samgsung\yy_samgsung04425.bmp


ans =

D:\yy_samgsung\yy_samgsung04135.bmp


ans =

D:\yy_samgsung\yy_samgsung03735.bmp


ans =

D:\yy_samgsung\yy_samgsung01871.bmp


ans =

D:\yy_samgsung\yy_samgsung03124.bmp


ans =

D:\yy_samgsung\yy_samgsung00419.bmp


ans =

D:\yy_samgsung\yy_samgsung02606.bmp


ans =

D:\yy_samgsung\yy_samgsung01142.bmp


ans =

D:\yy_samgsung\yy_samgsung04423.bmp


ans =

D:\yy_samgsung\yy_samgsung04131.bmp


ans =

D:\yy_samgsung\yy_samgsung03733.bmp


ans =

D:\yy_samgsung\yy_samgsung01867.bmp


ans =

D:\yy_samgsung\yy_samgsung03118.bmp


ans =

D:\yy_samgsung\yy_samgsung02602.bmp


ans =

D:\yy_samgsung\yy_samgsung00415.bmp


ans =

D:\yy_samgsung\yy_samgsung01138.bmp


ans =

D:\yy_samgsung\yy_samgsung04421.bmp


ans =

D:\yy_samgsung\yy_samgsung04127.bmp


ans =

D:\yy_samgsung\yy_samgsung03731.bmp


ans =

D:\yy_samgsung\yy_samgsung01863.bmp


ans =

D:\yy_samgsung\yy_samgsung03112.bmp


ans =

D:\yy_samgsung\yy_samgsung02598.bmp


ans =

D:\yy_samgsung\yy_samgsung00407.bmp


ans =

D:\yy_samgsung\yy_samgsung01134.bmp


ans =

D:\yy_samgsung\yy_samgsung04419.bmp


ans =

D:\yy_samgsung\yy_samgsung04123.bmp


ans =

D:\yy_samgsung\yy_samgsung03729.bmp


ans =

D:\yy_samgsung\yy_samgsung01859.bmp


ans =

D:\yy_samgsung\yy_samgsung03110.bmp


ans =

D:\yy_samgsung\yy_samgsung02594.bmp


ans =

D:\yy_samgsung\yy_samgsung00403.bmp


ans =

D:\yy_samgsung\yy_samgsung01130.bmp


ans =

D:\yy_samgsung\yy_samgsung04417.bmp


ans =

D:\yy_samgsung\yy_samgsung04119.bmp


ans =

D:\yy_samgsung\yy_samgsung03727.bmp


ans =

D:\yy_samgsung\yy_samgsung01855.bmp


ans =

D:\yy_samgsung\yy_samgsung03104.bmp


ans =

D:\yy_samgsung\yy_samgsung02590.bmp


ans =

D:\yy_samgsung\yy_samgsung00399.bmp


ans =

D:\yy_samgsung\yy_samgsung01126.bmp


ans =

D:\yy_samgsung\yy_samgsung04415.bmp


ans =

D:\yy_samgsung\yy_samgsung04115.bmp


ans =

D:\yy_samgsung\yy_samgsung03725.bmp


ans =

D:\yy_samgsung\yy_samgsung01851.bmp


ans =

D:\yy_samgsung\yy_samgsung03100.bmp


ans =

D:\yy_samgsung\yy_samgsung02588.bmp


ans =

D:\yy_samgsung\yy_samgsung00395.bmp


ans =

D:\yy_samgsung\yy_samgsung01122.bmp


ans =

D:\yy_samgsung\yy_samgsung04413.bmp


ans =

D:\yy_samgsung\yy_samgsung04111.bmp


ans =

D:\yy_samgsung\yy_samgsung03723.bmp


ans =

D:\yy_samgsung\yy_samgsung01847.bmp


ans =

D:\yy_samgsung\yy_samgsung03098.bmp


ans =

D:\yy_samgsung\yy_samgsung02582.bmp


ans =

D:\yy_samgsung\yy_samgsung00391.bmp


ans =

D:\yy_samgsung\yy_samgsung04411.bmp


ans =

D:\yy_samgsung\yy_samgsung04107.bmp


ans =

D:\yy_samgsung\yy_samgsung03721.bmp


ans =

D:\yy_samgsung\yy_samgsung01118.bmp


ans =

D:\yy_samgsung\yy_samgsung01843.bmp


ans =

D:\yy_samgsung\yy_samgsung03094.bmp


ans =

D:\yy_samgsung\yy_samgsung02580.bmp


ans =

D:\yy_samgsung\yy_samgsung00385.bmp


ans =

D:\yy_samgsung\yy_samgsung01839.bmp


ans =

D:\yy_samgsung\yy_samgsung04409.bmp


ans =

D:\yy_samgsung\yy_samgsung04103.bmp


ans =

D:\yy_samgsung\yy_samgsung03719.bmp


ans =

D:\yy_samgsung\yy_samgsung01114.bmp


ans =

D:\yy_samgsung\yy_samgsung03090.bmp


ans =

D:\yy_samgsung\yy_samgsung02576.bmp


ans =

D:\yy_samgsung\yy_samgsung00381.bmp


ans =

D:\yy_samgsung\yy_samgsung01835.bmp


ans =

D:\yy_samgsung\yy_samgsung04099.bmp


ans =

D:\yy_samgsung\yy_samgsung03717.bmp


ans =

D:\yy_samgsung\yy_samgsung01110.bmp


ans =

D:\yy_samgsung\yy_samgsung04407.bmp


ans =

D:\yy_samgsung\yy_samgsung03086.bmp


ans =

D:\yy_samgsung\yy_samgsung02572.bmp


ans =

D:\yy_samgsung\yy_samgsung00377.bmp


ans =

D:\yy_samgsung\yy_samgsung01831.bmp


ans =

D:\yy_samgsung\yy_samgsung04095.bmp


ans =

D:\yy_samgsung\yy_samgsung03715.bmp


ans =

D:\yy_samgsung\yy_samgsung01106.bmp


ans =

D:\yy_samgsung\yy_samgsung04405.bmp


ans =

D:\yy_samgsung\yy_samgsung03082.bmp


ans =

D:\yy_samgsung\yy_samgsung02568.bmp


ans =

D:\yy_samgsung\yy_samgsung00371.bmp


ans =

D:\yy_samgsung\yy_samgsung03713.bmp


ans =

D:\yy_samgsung\yy_samgsung01827.bmp


ans =

D:\yy_samgsung\yy_samgsung04091.bmp


ans =

D:\yy_samgsung\yy_samgsung04403.bmp


ans =

D:\yy_samgsung\yy_samgsung03078.bmp


ans =

D:\yy_samgsung\yy_samgsung01102.bmp


ans =

D:\yy_samgsung\yy_samgsung02564.bmp


ans =

D:\yy_samgsung\yy_samgsung00369.bmp


ans =

D:\yy_samgsung\yy_samgsung03711.bmp


ans =

D:\yy_samgsung\yy_samgsung01823.bmp


ans =

D:\yy_samgsung\yy_samgsung04087.bmp


ans =

D:\yy_samgsung\yy_samgsung03074.bmp


ans =

D:\yy_samgsung\yy_samgsung04401.bmp


ans =

D:\yy_samgsung\yy_samgsung01098.bmp


ans =

D:\yy_samgsung\yy_samgsung02560.bmp


ans =

D:\yy_samgsung\yy_samgsung01819.bmp


ans =

D:\yy_samgsung\yy_samgsung00361.bmp


ans =

D:\yy_samgsung\yy_samgsung03709.bmp


ans =

D:\yy_samgsung\yy_samgsung03070.bmp


ans =

D:\yy_samgsung\yy_samgsung04399.bmp


ans =

D:\yy_samgsung\yy_samgsung04083.bmp


ans =

D:\yy_samgsung\yy_samgsung01094.bmp


ans =

D:\yy_samgsung\yy_samgsung02556.bmp


ans =

D:\yy_samgsung\yy_samgsung01815.bmp


ans =

D:\yy_samgsung\yy_samgsung03707.bmp


ans =

D:\yy_samgsung\yy_samgsung00355.bmp


ans =

D:\yy_samgsung\yy_samgsung03066.bmp


ans =

D:\yy_samgsung\yy_samgsung04397.bmp


ans =

D:\yy_samgsung\yy_samgsung04079.bmp


ans =

D:\yy_samgsung\yy_samgsung01090.bmp


ans =

D:\yy_samgsung\yy_samgsung02552.bmp


ans =

D:\yy_samgsung\yy_samgsung01811.bmp


ans =

D:\yy_samgsung\yy_samgsung03705.bmp


ans =

D:\yy_samgsung\yy_samgsung00353.bmp


ans =

D:\yy_samgsung\yy_samgsung03062.bmp


ans =

D:\yy_samgsung\yy_samgsung04395.bmp


ans =

D:\yy_samgsung\yy_samgsung04077.bmp


ans =

D:\yy_samgsung\yy_samgsung02548.bmp


ans =

D:\yy_samgsung\yy_samgsung01086.bmp


ans =

D:\yy_samgsung\yy_samgsung01807.bmp


ans =

D:\yy_samgsung\yy_samgsung03703.bmp


ans =

D:\yy_samgsung\yy_samgsung03058.bmp


ans =

D:\yy_samgsung\yy_samgsung00347.bmp


ans =

D:\yy_samgsung\yy_samgsung04071.bmp


ans =

D:\yy_samgsung\yy_samgsung02544.bmp


ans =

D:\yy_samgsung\yy_samgsung04393.bmp


ans =

D:\yy_samgsung\yy_samgsung01082.bmp


ans =

D:\yy_samgsung\yy_samgsung01803.bmp


ans =

D:\yy_samgsung\yy_samgsung03699.bmp


ans =

D:\yy_samgsung\yy_samgsung03054.bmp


ans =

D:\yy_samgsung\yy_samgsung00345.bmp


ans =

D:\yy_samgsung\yy_samgsung04391.bmp


ans =

D:\yy_samgsung\yy_samgsung04067.bmp


ans =

D:\yy_samgsung\yy_samgsung02540.bmp


ans =

D:\yy_samgsung\yy_samgsung01078.bmp


ans =

D:\yy_samgsung\yy_samgsung01799.bmp


ans =

D:\yy_samgsung\yy_samgsung03050.bmp


ans =

D:\yy_samgsung\yy_samgsung03695.bmp


ans =

D:\yy_samgsung\yy_samgsung02536.bmp


ans =

D:\yy_samgsung\yy_samgsung00339.bmp


ans =

D:\yy_samgsung\yy_samgsung04389.bmp


ans =

D:\yy_samgsung\yy_samgsung04063.bmp


ans =

D:\yy_samgsung\yy_samgsung01074.bmp


ans =

D:\yy_samgsung\yy_samgsung01795.bmp


ans =

D:\yy_samgsung\yy_samgsung03691.bmp


ans =

D:\yy_samgsung\yy_samgsung03046.bmp


ans =

D:\yy_samgsung\yy_samgsung02532.bmp


ans =

D:\yy_samgsung\yy_samgsung00337.bmp


ans =

D:\yy_samgsung\yy_samgsung04387.bmp


ans =

D:\yy_samgsung\yy_samgsung04061.bmp


ans =

D:\yy_samgsung\yy_samgsung01070.bmp


ans =

D:\yy_samgsung\yy_samgsung01791.bmp


ans =

D:\yy_samgsung\yy_samgsung03687.bmp


ans =

D:\yy_samgsung\yy_samgsung03042.bmp


ans =

D:\yy_samgsung\yy_samgsung00333.bmp


ans =

D:\yy_samgsung\yy_samgsung02528.bmp


ans =

D:\yy_samgsung\yy_samgsung04385.bmp


ans =

D:\yy_samgsung\yy_samgsung04057.bmp


ans =

D:\yy_samgsung\yy_samgsung01066.bmp


ans =

D:\yy_samgsung\yy_samgsung01789.bmp


ans =

D:\yy_samgsung\yy_samgsung03038.bmp


ans =

D:\yy_samgsung\yy_samgsung03683.bmp


ans =

D:\yy_samgsung\yy_samgsung02524.bmp


ans =

D:\yy_samgsung\yy_samgsung00329.bmp


ans =

D:\yy_samgsung\yy_samgsung04383.bmp


ans =

D:\yy_samgsung\yy_samgsung04053.bmp


ans =

D:\yy_samgsung\yy_samgsung01062.bmp


ans =

D:\yy_samgsung\yy_samgsung01783.bmp


ans =

D:\yy_samgsung\yy_samgsung03034.bmp


ans =

D:\yy_samgsung\yy_samgsung03679.bmp


ans =

D:\yy_samgsung\yy_samgsung02520.bmp


ans =

D:\yy_samgsung\yy_samgsung00325.bmp


ans =

D:\yy_samgsung\yy_samgsung04381.bmp


ans =

D:\yy_samgsung\yy_samgsung04049.bmp


ans =

D:\yy_samgsung\yy_samgsung01058.bmp


ans =

D:\yy_samgsung\yy_samgsung01781.bmp


ans =

D:\yy_samgsung\yy_samgsung03030.bmp


ans =

D:\yy_samgsung\yy_samgsung03677.bmp


ans =

D:\yy_samgsung\yy_samgsung02516.bmp


ans =

D:\yy_samgsung\yy_samgsung00321.bmp


ans =

D:\yy_samgsung\yy_samgsung04379.bmp


ans =

D:\yy_samgsung\yy_samgsung04045.bmp


ans =

D:\yy_samgsung\yy_samgsung01054.bmp


ans =

D:\yy_samgsung\yy_samgsung01777.bmp


ans =

D:\yy_samgsung\yy_samgsung03026.bmp


ans =

D:\yy_samgsung\yy_samgsung03673.bmp


ans =

D:\yy_samgsung\yy_samgsung02512.bmp


ans =

D:\yy_samgsung\yy_samgsung00317.bmp


ans =

D:\yy_samgsung\yy_samgsung04377.bmp


ans =

D:\yy_samgsung\yy_samgsung04041.bmp


ans =

D:\yy_samgsung\yy_samgsung01050.bmp


ans =

D:\yy_samgsung\yy_samgsung01773.bmp


ans =

D:\yy_samgsung\yy_samgsung03669.bmp


ans =

D:\yy_samgsung\yy_samgsung03022.bmp


ans =

D:\yy_samgsung\yy_samgsung02508.bmp


ans =

D:\yy_samgsung\yy_samgsung00313.bmp


ans =

D:\yy_samgsung\yy_samgsung04375.bmp


ans =

D:\yy_samgsung\yy_samgsung04037.bmp


ans =

D:\yy_samgsung\yy_samgsung01046.bmp


ans =

D:\yy_samgsung\yy_samgsung01769.bmp


ans =

D:\yy_samgsung\yy_samgsung03018.bmp


ans =

D:\yy_samgsung\yy_samgsung03665.bmp


ans =

D:\yy_samgsung\yy_samgsung02503.bmp


ans =

D:\yy_samgsung\yy_samgsung00309.bmp


ans =

D:\yy_samgsung\yy_samgsung04373.bmp


ans =

D:\yy_samgsung\yy_samgsung04033.bmp


ans =

D:\yy_samgsung\yy_samgsung01042.bmp


ans =

D:\yy_samgsung\yy_samgsung01763.bmp


ans =

D:\yy_samgsung\yy_samgsung03014.bmp


ans =

D:\yy_samgsung\yy_samgsung03661.bmp


ans =

D:\yy_samgsung\yy_samgsung02499.bmp


ans =

D:\yy_samgsung\yy_samgsung00305.bmp


ans =

D:\yy_samgsung\yy_samgsung04371.bmp


ans =

D:\yy_samgsung\yy_samgsung04029.bmp


ans =

D:\yy_samgsung\yy_samgsung01038.bmp


ans =

D:\yy_samgsung\yy_samgsung01761.bmp


ans =

D:\yy_samgsung\yy_samgsung03010.bmp


ans =

D:\yy_samgsung\yy_samgsung03657.bmp


ans =

D:\yy_samgsung\yy_samgsung02495.bmp


ans =

D:\yy_samgsung\yy_samgsung00301.bmp


ans =

D:\yy_samgsung\yy_samgsung04369.bmp


ans =

D:\yy_samgsung\yy_samgsung04025.bmp


ans =

D:\yy_samgsung\yy_samgsung01034.bmp


ans =

D:\yy_samgsung\yy_samgsung01757.bmp


ans =

D:\yy_samgsung\yy_samgsung03006.bmp


ans =

D:\yy_samgsung\yy_samgsung03653.bmp


ans =

D:\yy_samgsung\yy_samgsung02491.bmp


ans =

D:\yy_samgsung\yy_samgsung00297.bmp


ans =

D:\yy_samgsung\yy_samgsung04367.bmp


ans =

D:\yy_samgsung\yy_samgsung04021.bmp


ans =

D:\yy_samgsung\yy_samgsung01030.bmp


ans =

D:\yy_samgsung\yy_samgsung01753.bmp


ans =

D:\yy_samgsung\yy_samgsung03002.bmp


ans =

D:\yy_samgsung\yy_samgsung03649.bmp


ans =

D:\yy_samgsung\yy_samgsung02487.bmp


ans =

D:\yy_samgsung\yy_samgsung00293.bmp


ans =

D:\yy_samgsung\yy_samgsung04365.bmp


ans =

D:\yy_samgsung\yy_samgsung04017.bmp


ans =

D:\yy_samgsung\yy_samgsung01026.bmp


ans =

D:\yy_samgsung\yy_samgsung01749.bmp


ans =

D:\yy_samgsung\yy_samgsung02998.bmp


ans =

D:\yy_samgsung\yy_samgsung03645.bmp


ans =

D:\yy_samgsung\yy_samgsung02483.bmp


ans =

D:\yy_samgsung\yy_samgsung00289.bmp


ans =

D:\yy_samgsung\yy_samgsung04363.bmp


ans =

D:\yy_samgsung\yy_samgsung04013.bmp


ans =

D:\yy_samgsung\yy_samgsung01022.bmp


ans =

D:\yy_samgsung\yy_samgsung01745.bmp


ans =

D:\yy_samgsung\yy_samgsung02996.bmp


ans =

D:\yy_samgsung\yy_samgsung03641.bmp


ans =

D:\yy_samgsung\yy_samgsung02479.bmp


ans =

D:\yy_samgsung\yy_samgsung00285.bmp


ans =

D:\yy_samgsung\yy_samgsung04361.bmp


ans =

D:\yy_samgsung\yy_samgsung04009.bmp


ans =

D:\yy_samgsung\yy_samgsung01741.bmp


ans =

D:\yy_samgsung\yy_samgsung01018.bmp


ans =

D:\yy_samgsung\yy_samgsung02990.bmp


ans =

D:\yy_samgsung\yy_samgsung03637.bmp


ans =

D:\yy_samgsung\yy_samgsung02475.bmp


ans =

D:\yy_samgsung\yy_samgsung00281.bmp


ans =

D:\yy_samgsung\yy_samgsung04359.bmp


ans =

D:\yy_samgsung\yy_samgsung01737.bmp


ans =

D:\yy_samgsung\yy_samgsung04005.bmp


ans =

D:\yy_samgsung\yy_samgsung01014.bmp


ans =

D:\yy_samgsung\yy_samgsung02988.bmp


ans =

D:\yy_samgsung\yy_samgsung03633.bmp


ans =

D:\yy_samgsung\yy_samgsung02471.bmp


ans =

D:\yy_samgsung\yy_samgsung00277.bmp


ans =

D:\yy_samgsung\yy_samgsung04357.bmp


ans =

D:\yy_samgsung\yy_samgsung01733.bmp


ans =

D:\yy_samgsung\yy_samgsung04001.bmp


ans =

D:\yy_samgsung\yy_samgsung01010.bmp


ans =

D:\yy_samgsung\yy_samgsung02984.bmp


ans =

D:\yy_samgsung\yy_samgsung03629.bmp


ans =

D:\yy_samgsung\yy_samgsung02467.bmp


ans =

D:\yy_samgsung\yy_samgsung00273.bmp


ans =

D:\yy_samgsung\yy_samgsung04355.bmp


ans =

D:\yy_samgsung\yy_samgsung01729.bmp


ans =

D:\yy_samgsung\yy_samgsung03997.bmp


ans =

D:\yy_samgsung\yy_samgsung02980.bmp


ans =

D:\yy_samgsung\yy_samgsung03625.bmp


ans =

D:\yy_samgsung\yy_samgsung01006.bmp


ans =

D:\yy_samgsung\yy_samgsung02465.bmp


ans =

D:\yy_samgsung\yy_samgsung00269.bmp


ans =

D:\yy_samgsung\yy_samgsung04353.bmp


ans =

D:\yy_samgsung\yy_samgsung01725.bmp


ans =

D:\yy_samgsung\yy_samgsung02976.bmp


ans =

D:\yy_samgsung\yy_samgsung03621.bmp


ans =

D:\yy_samgsung\yy_samgsung01002.bmp


ans =

D:\yy_samgsung\yy_samgsung02459.bmp


ans =

D:\yy_samgsung\yy_samgsung03993.bmp


ans =

D:\yy_samgsung\yy_samgsung00265.bmp


ans =

D:\yy_samgsung\yy_samgsung04351.bmp


ans =

D:\yy_samgsung\yy_samgsung01721.bmp


ans =

D:\yy_samgsung\yy_samgsung02972.bmp


ans =

D:\yy_samgsung\yy_samgsung03617.bmp


ans =

D:\yy_samgsung\yy_samgsung00998.bmp


ans =

D:\yy_samgsung\yy_samgsung02455.bmp


ans =

D:\yy_samgsung\yy_samgsung03989.bmp


ans =

D:\yy_samgsung\yy_samgsung00261.bmp


ans =

D:\yy_samgsung\yy_samgsung04349.bmp


ans =

D:\yy_samgsung\yy_samgsung01717.bmp


ans =

D:\yy_samgsung\yy_samgsung02968.bmp


ans =

D:\yy_samgsung\yy_samgsung03613.bmp


ans =

D:\yy_samgsung\yy_samgsung00994.bmp


ans =

D:\yy_samgsung\yy_samgsung02451.bmp


ans =

D:\yy_samgsung\yy_samgsung03985.bmp


ans =

D:\yy_samgsung\yy_samgsung00257.bmp


ans =

D:\yy_samgsung\yy_samgsung04347.bmp


ans =

D:\yy_samgsung\yy_samgsung01713.bmp


ans =

D:\yy_samgsung\yy_samgsung02964.bmp


ans =

D:\yy_samgsung\yy_samgsung03609.bmp


ans =

D:\yy_samgsung\yy_samgsung02449.bmp


ans =

D:\yy_samgsung\yy_samgsung00990.bmp


ans =

D:\yy_samgsung\yy_samgsung03981.bmp


ans =

D:\yy_samgsung\yy_samgsung00253.bmp


ans =

D:\yy_samgsung\yy_samgsung04345.bmp


ans =

D:\yy_samgsung\yy_samgsung01709.bmp


ans =

D:\yy_samgsung\yy_samgsung02960.bmp


ans =

D:\yy_samgsung\yy_samgsung03605.bmp


ans =

D:\yy_samgsung\yy_samgsung02443.bmp


ans =

D:\yy_samgsung\yy_samgsung00986.bmp


ans =

D:\yy_samgsung\yy_samgsung03977.bmp


ans =

D:\yy_samgsung\yy_samgsung00249.bmp


ans =

D:\yy_samgsung\yy_samgsung04343.bmp


ans =

D:\yy_samgsung\yy_samgsung01705.bmp


ans =

D:\yy_samgsung\yy_samgsung02956.bmp


ans =

D:\yy_samgsung\yy_samgsung03601.bmp


ans =

D:\yy_samgsung\yy_samgsung02441.bmp


ans =

D:\yy_samgsung\yy_samgsung00982.bmp


ans =

D:\yy_samgsung\yy_samgsung03973.bmp


ans =

D:\yy_samgsung\yy_samgsung00245.bmp


ans =

D:\yy_samgsung\yy_samgsung04341.bmp


ans =

D:\yy_samgsung\yy_samgsung01701.bmp


ans =

D:\yy_samgsung\yy_samgsung02952.bmp


ans =

D:\yy_samgsung\yy_samgsung03597.bmp


ans =

D:\yy_samgsung\yy_samgsung02437.bmp


ans =

D:\yy_samgsung\yy_samgsung00978.bmp


ans =

D:\yy_samgsung\yy_samgsung03969.bmp


ans =

D:\yy_samgsung\yy_samgsung00241.bmp


ans =

D:\yy_samgsung\yy_samgsung01697.bmp


ans =

D:\yy_samgsung\yy_samgsung02948.bmp


ans =

D:\yy_samgsung\yy_samgsung03593.bmp


ans =

D:\yy_samgsung\yy_samgsung02433.bmp


ans =

D:\yy_samgsung\yy_samgsung00976.bmp


ans =

D:\yy_samgsung\yy_samgsung03965.bmp


ans =

D:\yy_samgsung\yy_samgsung00237.bmp


ans =

D:\yy_samgsung\yy_samgsung01693.bmp


ans =

D:\yy_samgsung\yy_samgsung05022.bmp


ans =

D:\yy_samgsung\yy_samgsung05020.bmp


ans =

D:\yy_samgsung\yy_samgsung02944.bmp


ans =

D:\yy_samgsung\yy_samgsung03589.bmp


ans =

D:\yy_samgsung\yy_samgsung02427.bmp


ans =

D:\yy_samgsung\yy_samgsung00972.bmp


ans =

D:\yy_samgsung\yy_samgsung03959.bmp


ans =

D:\yy_samgsung\yy_samgsung00233.bmp


ans =

D:\yy_samgsung\yy_samgsung01689.bmp


ans =

D:\yy_samgsung\yy_samgsung05018.bmp


ans =

D:\yy_samgsung\yy_samgsung02940.bmp


ans =

D:\yy_samgsung\yy_samgsung03585.bmp


ans =

D:\yy_samgsung\yy_samgsung02423.bmp


ans =

D:\yy_samgsung\yy_samgsung00966.bmp


ans =

D:\yy_samgsung\yy_samgsung03953.bmp


ans =

D:\yy_samgsung\yy_samgsung00229.bmp


ans =

D:\yy_samgsung\yy_samgsung01685.bmp


ans =

D:\yy_samgsung\yy_samgsung05016.bmp


ans =

D:\yy_samgsung\yy_samgsung02936.bmp


ans =

D:\yy_samgsung\yy_samgsung03581.bmp


ans =

D:\yy_samgsung\yy_samgsung02419.bmp


ans =

D:\yy_samgsung\yy_samgsung00964.bmp


ans =

D:\yy_samgsung\yy_samgsung03949.bmp


ans =

D:\yy_samgsung\yy_samgsung01681.bmp


ans =

D:\yy_samgsung\yy_samgsung00225.bmp


ans =

D:\yy_samgsung\yy_samgsung05014.bmp


ans =

D:\yy_samgsung\yy_samgsung02934.bmp


ans =

D:\yy_samgsung\yy_samgsung02417.bmp


ans =

D:\yy_samgsung\yy_samgsung03573.bmp


ans =

D:\yy_samgsung\yy_samgsung00960.bmp


ans =

D:\yy_samgsung\yy_samgsung03945.bmp


ans =

D:\yy_samgsung\yy_samgsung01677.bmp


ans =

D:\yy_samgsung\yy_samgsung00221.bmp


ans =

D:\yy_samgsung\yy_samgsung05012.bmp


ans =

D:\yy_samgsung\yy_samgsung02932.bmp


ans =

D:\yy_samgsung\yy_samgsung02413.bmp


ans =

D:\yy_samgsung\yy_samgsung03569.bmp


ans =

D:\yy_samgsung\yy_samgsung00956.bmp


ans =

D:\yy_samgsung\yy_samgsung03941.bmp


ans =

D:\yy_samgsung\yy_samgsung01673.bmp


ans =

D:\yy_samgsung\yy_samgsung00217.bmp


ans =

D:\yy_samgsung\yy_samgsung05010.bmp


ans =

D:\yy_samgsung\yy_samgsung02930.bmp


ans =

D:\yy_samgsung\yy_samgsung02409.bmp


ans =

D:\yy_samgsung\yy_samgsung03565.bmp


ans =

D:\yy_samgsung\yy_samgsung00952.bmp


ans =

D:\yy_samgsung\yy_samgsung03933.bmp


ans =

D:\yy_samgsung\yy_samgsung01669.bmp


ans =

D:\yy_samgsung\yy_samgsung00213.bmp


ans =

D:\yy_samgsung\yy_samgsung05008.bmp


ans =

D:\yy_samgsung\yy_samgsung02928.bmp


ans =

D:\yy_samgsung\yy_samgsung03561.bmp


ans =

D:\yy_samgsung\yy_samgsung02401.bmp


ans =

D:\yy_samgsung\yy_samgsung00948.bmp


ans =

D:\yy_samgsung\yy_samgsung01665.bmp


ans =

D:\yy_samgsung\yy_samgsung03929.bmp


ans =

D:\yy_samgsung\yy_samgsung00209.bmp


ans =

D:\yy_samgsung\yy_samgsung05006.bmp


ans =

D:\yy_samgsung\yy_samgsung02926.bmp


ans =

D:\yy_samgsung\yy_samgsung02397.bmp


ans =

D:\yy_samgsung\yy_samgsung03557.bmp


ans =

D:\yy_samgsung\yy_samgsung00944.bmp


ans =

D:\yy_samgsung\yy_samgsung01661.bmp


ans =

D:\yy_samgsung\yy_samgsung03925.bmp


ans =

D:\yy_samgsung\yy_samgsung00205.bmp


ans =

D:\yy_samgsung\yy_samgsung02924.bmp


ans =

D:\yy_samgsung\yy_samgsung02393.bmp


ans =

D:\yy_samgsung\yy_samgsung05004.bmp


ans =

D:\yy_samgsung\yy_samgsung03549.bmp


ans =

D:\yy_samgsung\yy_samgsung00940.bmp


ans =

D:\yy_samgsung\yy_samgsung01657.bmp


ans =

D:\yy_samgsung\yy_samgsung03921.bmp


ans =

D:\yy_samgsung\yy_samgsung02922.bmp


ans =

D:\yy_samgsung\yy_samgsung00201.bmp


ans =

D:\yy_samgsung\yy_samgsung02389.bmp


ans =

D:\yy_samgsung\yy_samgsung05002.bmp


ans =

D:\yy_samgsung\yy_samgsung03545.bmp


ans =

D:\yy_samgsung\yy_samgsung00936.bmp


ans =

D:\yy_samgsung\yy_samgsung01653.bmp


ans =

D:\yy_samgsung\yy_samgsung03917.bmp


ans =

D:\yy_samgsung\yy_samgsung02920.bmp


ans =

D:\yy_samgsung\yy_samgsung00197.bmp


ans =

D:\yy_samgsung\yy_samgsung02385.bmp


ans =

D:\yy_samgsung\yy_samgsung05000.bmp


ans =

D:\yy_samgsung\yy_samgsung03541.bmp


ans =

D:\yy_samgsung\yy_samgsung00932.bmp


ans =

D:\yy_samgsung\yy_samgsung01649.bmp


ans =

D:\yy_samgsung\yy_samgsung03909.bmp


ans =

D:\yy_samgsung\yy_samgsung02918.bmp


ans =

D:\yy_samgsung\yy_samgsung02377.bmp


ans =

D:\yy_samgsung\yy_samgsung00195.bmp


ans =

D:\yy_samgsung\yy_samgsung04998.bmp


ans =

D:\yy_samgsung\yy_samgsung03537.bmp


ans =

D:\yy_samgsung\yy_samgsung00928.bmp


ans =

D:\yy_samgsung\yy_samgsung01645.bmp


ans =

D:\yy_samgsung\yy_samgsung03907.bmp


ans =

D:\yy_samgsung\yy_samgsung02916.bmp


ans =

D:\yy_samgsung\yy_samgsung02373.bmp


ans =

D:\yy_samgsung\yy_samgsung00191.bmp


ans =

D:\yy_samgsung\yy_samgsung03533.bmp


ans =

D:\yy_samgsung\yy_samgsung04996.bmp


ans =

D:\yy_samgsung\yy_samgsung00924.bmp


ans =

D:\yy_samgsung\yy_samgsung01641.bmp


ans =

D:\yy_samgsung\yy_samgsung02914.bmp


ans =

D:\yy_samgsung\yy_samgsung03903.bmp


ans =

D:\yy_samgsung\yy_samgsung02369.bmp


ans =

D:\yy_samgsung\yy_samgsung00187.bmp


ans =

D:\yy_samgsung\yy_samgsung03527.bmp


ans =

D:\yy_samgsung\yy_samgsung04994.bmp


ans =

D:\yy_samgsung\yy_samgsung00920.bmp


ans =

D:\yy_samgsung\yy_samgsung01637.bmp


ans =

D:\yy_samgsung\yy_samgsung02912.bmp


ans =

D:\yy_samgsung\yy_samgsung03899.bmp


ans =

D:\yy_samgsung\yy_samgsung02365.bmp


ans =

D:\yy_samgsung\yy_samgsung00183.bmp


ans =

D:\yy_samgsung\yy_samgsung03521.bmp


ans =

D:\yy_samgsung\yy_samgsung04992.bmp


ans =

D:\yy_samgsung\yy_samgsung00916.bmp


ans =

D:\yy_samgsung\yy_samgsung01633.bmp


ans =

D:\yy_samgsung\yy_samgsung02910.bmp


ans =

D:\yy_samgsung\yy_samgsung00179.bmp


ans =

D:\yy_samgsung\yy_samgsung03897.bmp


ans =

D:\yy_samgsung\yy_samgsung02361.bmp


ans =

D:\yy_samgsung\yy_samgsung03517.bmp


ans =

D:\yy_samgsung\yy_samgsung04990.bmp


ans =

D:\yy_samgsung\yy_samgsung00912.bmp


ans =

D:\yy_samgsung\yy_samgsung01629.bmp


ans =

D:\yy_samgsung\yy_samgsung02908.bmp


ans =

D:\yy_samgsung\yy_samgsung00175.bmp


ans =

D:\yy_samgsung\yy_samgsung03895.bmp


ans =

D:\yy_samgsung\yy_samgsung02353.bmp


ans =

D:\yy_samgsung\yy_samgsung03515.bmp


ans =

D:\yy_samgsung\yy_samgsung04988.bmp


ans =

D:\yy_samgsung\yy_samgsung02906.bmp


ans =

D:\yy_samgsung\yy_samgsung00908.bmp


ans =

D:\yy_samgsung\yy_samgsung01625.bmp


ans =

D:\yy_samgsung\yy_samgsung00171.bmp


ans =

D:\yy_samgsung\yy_samgsung03893.bmp


ans =

D:\yy_samgsung\yy_samgsung02349.bmp


ans =

D:\yy_samgsung\yy_samgsung03509.bmp


ans =

D:\yy_samgsung\yy_samgsung04986.bmp


ans =

D:\yy_samgsung\yy_samgsung02904.bmp


ans =

D:\yy_samgsung\yy_samgsung00904.bmp


ans =

D:\yy_samgsung\yy_samgsung01621.bmp


ans =

D:\yy_samgsung\yy_samgsung00167.bmp


ans =

D:\yy_samgsung\yy_samgsung02345.bmp


ans =

D:\yy_samgsung\yy_samgsung03502.bmp


ans =

D:\yy_samgsung\yy_samgsung04984.bmp


ans =

D:\yy_samgsung\yy_samgsung01617.bmp


ans =

D:\yy_samgsung\yy_samgsung02902.bmp


ans =

D:\yy_samgsung\yy_samgsung00900.bmp


ans =

D:\yy_samgsung\yy_samgsung02341.bmp


ans =

D:\yy_samgsung\yy_samgsung00163.bmp


ans =

D:\yy_samgsung\yy_samgsung03498.bmp


ans =

D:\yy_samgsung\yy_samgsung04982.bmp


ans =

D:\yy_samgsung\yy_samgsung05252.bmp


ans =

D:\yy_samgsung\yy_samgsung05248.bmp


ans =

D:\yy_samgsung\yy_samgsung02900.bmp


ans =

D:\yy_samgsung\yy_samgsung01613.bmp


ans =

D:\yy_samgsung\yy_samgsung00896.bmp


ans =

D:\yy_samgsung\yy_samgsung02337.bmp


ans =

D:\yy_samgsung\yy_samgsung00159.bmp


ans =

D:\yy_samgsung\yy_samgsung03494.bmp


ans =

D:\yy_samgsung\yy_samgsung04980.bmp


ans =

D:\yy_samgsung\yy_samgsung05244.bmp


ans =

D:\yy_samgsung\yy_samgsung02898.bmp


ans =

D:\yy_samgsung\yy_samgsung01609.bmp


ans =

D:\yy_samgsung\yy_samgsung00892.bmp


ans =

D:\yy_samgsung\yy_samgsung02329.bmp


ans =

D:\yy_samgsung\yy_samgsung00155.bmp


ans =

D:\yy_samgsung\yy_samgsung03490.bmp


ans =

D:\yy_samgsung\yy_samgsung04978.bmp


ans =

D:\yy_samgsung\yy_samgsung05240.bmp


ans =

D:\yy_samgsung\yy_samgsung02896.bmp


ans =

D:\yy_samgsung\yy_samgsung01605.bmp


ans =

D:\yy_samgsung\yy_samgsung02325.bmp


ans =

D:\yy_samgsung\yy_samgsung00151.bmp


ans =

D:\yy_samgsung\yy_samgsung03486.bmp


ans =

D:\yy_samgsung\yy_samgsung00888.bmp


ans =

D:\yy_samgsung\yy_samgsung04976.bmp


ans =

D:\yy_samgsung\yy_samgsung05236.bmp


ans =

D:\yy_samgsung\yy_samgsung02894.bmp


ans =

D:\yy_samgsung\yy_samgsung01601.bmp


ans =

D:\yy_samgsung\yy_samgsung02321.bmp


ans =

D:\yy_samgsung\yy_samgsung00147.bmp


ans =

D:\yy_samgsung\yy_samgsung03482.bmp


ans =

D:\yy_samgsung\yy_samgsung00884.bmp


ans =

D:\yy_samgsung\yy_samgsung04974.bmp


ans =

D:\yy_samgsung\yy_samgsung05234.bmp


ans =

D:\yy_samgsung\yy_samgsung02892.bmp


ans =

D:\yy_samgsung\yy_samgsung01597.bmp


ans =

D:\yy_samgsung\yy_samgsung02319.bmp


ans =

D:\yy_samgsung\yy_samgsung00143.bmp


ans =

D:\yy_samgsung\yy_samgsung03478.bmp


ans =

D:\yy_samgsung\yy_samgsung00880.bmp


ans =

D:\yy_samgsung\yy_samgsung04972.bmp


ans =

D:\yy_samgsung\yy_samgsung05228.bmp


ans =

D:\yy_samgsung\yy_samgsung02890.bmp


ans =

D:\yy_samgsung\yy_samgsung01593.bmp


ans =

D:\yy_samgsung\yy_samgsung02315.bmp


ans =

D:\yy_samgsung\yy_samgsung00139.bmp


ans =

D:\yy_samgsung\yy_samgsung03474.bmp


ans =

D:\yy_samgsung\yy_samgsung04970.bmp


ans =

D:\yy_samgsung\yy_samgsung00876.bmp


ans =

D:\yy_samgsung\yy_samgsung05224.bmp


ans =

D:\yy_samgsung\yy_samgsung02888.bmp


ans =

D:\yy_samgsung\yy_samgsung01585.bmp


ans =

D:\yy_samgsung\yy_samgsung00135.bmp


ans =

D:\yy_samgsung\yy_samgsung03470.bmp


ans =

D:\yy_samgsung\yy_samgsung02311.bmp


ans =

D:\yy_samgsung\yy_samgsung04968.bmp


ans =

D:\yy_samgsung\yy_samgsung00872.bmp


ans =

D:\yy_samgsung\yy_samgsung05222.bmp


ans =

D:\yy_samgsung\yy_samgsung02886.bmp


ans =

D:\yy_samgsung\yy_samgsung01581.bmp


ans =

D:\yy_samgsung\yy_samgsung03466.bmp


ans =

D:\yy_samgsung\yy_samgsung02307.bmp


ans =

D:\yy_samgsung\yy_samgsung00131.bmp


ans =

D:\yy_samgsung\yy_samgsung00868.bmp


ans =

D:\yy_samgsung\yy_samgsung04966.bmp


ans =

D:\yy_samgsung\yy_samgsung05216.bmp


ans =

D:\yy_samgsung\yy_samgsung02884.bmp


ans =

D:\yy_samgsung\yy_samgsung01577.bmp


ans =

D:\yy_samgsung\yy_samgsung03462.bmp


ans =

D:\yy_samgsung\yy_samgsung02303.bmp


ans =

D:\yy_samgsung\yy_samgsung00127.bmp


ans =

D:\yy_samgsung\yy_samgsung00864.bmp


ans =

D:\yy_samgsung\yy_samgsung04964.bmp


ans =

D:\yy_samgsung\yy_samgsung05212.bmp


ans =

D:\yy_samgsung\yy_samgsung02882.bmp


ans =

D:\yy_samgsung\yy_samgsung01573.bmp


ans =

D:\yy_samgsung\yy_samgsung03458.bmp


ans =

D:\yy_samgsung\yy_samgsung02299.bmp


ans =

D:\yy_samgsung\yy_samgsung00123.bmp


ans =

D:\yy_samgsung\yy_samgsung00860.bmp


ans =

D:\yy_samgsung\yy_samgsung04962.bmp


ans =

D:\yy_samgsung\yy_samgsung05208.bmp


ans =

D:\yy_samgsung\yy_samgsung02880.bmp


ans =

D:\yy_samgsung\yy_samgsung01569.bmp


ans =

D:\yy_samgsung\yy_samgsung03454.bmp


ans =

D:\yy_samgsung\yy_samgsung00119.bmp


ans =

D:\yy_samgsung\yy_samgsung00856.bmp


ans =

D:\yy_samgsung\yy_samgsung02295.bmp


ans =

D:\yy_samgsung\yy_samgsung04960.bmp


ans =

D:\yy_samgsung\yy_samgsung05204.bmp


ans =

D:\yy_samgsung\yy_samgsung02878.bmp


ans =

D:\yy_samgsung\yy_samgsung01561.bmp


ans =

D:\yy_samgsung\yy_samgsung03450.bmp


ans =

D:\yy_samgsung\yy_samgsung00115.bmp


ans =

D:\yy_samgsung\yy_samgsung04958.bmp


ans =

D:\yy_samgsung\yy_samgsung00852.bmp


ans =

D:\yy_samgsung\yy_samgsung02291.bmp


ans =

D:\yy_samgsung\yy_samgsung05200.bmp


ans =

D:\yy_samgsung\yy_samgsung02876.bmp


ans =

D:\yy_samgsung\yy_samgsung01557.bmp


ans =

D:\yy_samgsung\yy_samgsung03446.bmp


ans =

D:\yy_samgsung\yy_samgsung00111.bmp


ans =

D:\yy_samgsung\yy_samgsung04956.bmp


ans =

D:\yy_samgsung\yy_samgsung00848.bmp


ans =

D:\yy_samgsung\yy_samgsung02287.bmp


ans =

D:\yy_samgsung\yy_samgsung05196.bmp


ans =

D:\yy_samgsung\yy_samgsung02874.bmp


ans =

D:\yy_samgsung\yy_samgsung01553.bmp


ans =

D:\yy_samgsung\yy_samgsung00107.bmp


ans =

D:\yy_samgsung\yy_samgsung04954.bmp


ans =

D:\yy_samgsung\yy_samgsung00844.bmp


ans =

D:\yy_samgsung\yy_samgsung02283.bmp


ans =

D:\yy_samgsung\yy_samgsung05192.bmp


ans =

D:\yy_samgsung\yy_samgsung02872.bmp


ans =

D:\yy_samgsung\yy_samgsung01549.bmp


ans =

D:\yy_samgsung\yy_samgsung05581.bmp


ans =

D:\yy_samgsung\yy_samgsung05577.bmp


ans =

D:\yy_samgsung\yy_samgsung00103.bmp


ans =

D:\yy_samgsung\yy_samgsung04952.bmp


ans =

D:\yy_samgsung\yy_samgsung00840.bmp


ans =

D:\yy_samgsung\yy_samgsung02279.bmp


ans =

D:\yy_samgsung\yy_samgsung05188.bmp


ans =

D:\yy_samgsung\yy_samgsung02870.bmp


ans =

D:\yy_samgsung\yy_samgsung01545.bmp


ans =

D:\yy_samgsung\yy_samgsung05573.bmp


ans =

D:\yy_samgsung\yy_samgsung00099.bmp


ans =

D:\yy_samgsung\yy_samgsung04950.bmp


ans =

D:\yy_samgsung\yy_samgsung00836.bmp


ans =

D:\yy_samgsung\yy_samgsung02275.bmp


ans =

D:\yy_samgsung\yy_samgsung05184.bmp


ans =

D:\yy_samgsung\yy_samgsung02868.bmp


ans =

D:\yy_samgsung\yy_samgsung01539.bmp


ans =

D:\yy_samgsung\yy_samgsung05569.bmp


ans =

D:\yy_samgsung\yy_samgsung00095.bmp


ans =

D:\yy_samgsung\yy_samgsung04948.bmp


ans =

D:\yy_samgsung\yy_samgsung00832.bmp


ans =

D:\yy_samgsung\yy_samgsung02271.bmp


ans =

D:\yy_samgsung\yy_samgsung05180.bmp


ans =

D:\yy_samgsung\yy_samgsung02866.bmp


ans =

D:\yy_samgsung\yy_samgsung01535.bmp


ans =

D:\yy_samgsung\yy_samgsung05565.bmp


ans =

D:\yy_samgsung\yy_samgsung00091.bmp


ans =

D:\yy_samgsung\yy_samgsung04946.bmp


ans =

D:\yy_samgsung\yy_samgsung00830.bmp


ans =

D:\yy_samgsung\yy_samgsung02267.bmp


ans =

D:\yy_samgsung\yy_samgsung05176.bmp


ans =

D:\yy_samgsung\yy_samgsung02864.bmp


ans =

D:\yy_samgsung\yy_samgsung01531.bmp


ans =

D:\yy_samgsung\yy_samgsung05561.bmp


ans =

D:\yy_samgsung\yy_samgsung00087.bmp


ans =

D:\yy_samgsung\yy_samgsung04944.bmp


ans =

D:\yy_samgsung\yy_samgsung00824.bmp


ans =

D:\yy_samgsung\yy_samgsung02263.bmp


ans =

D:\yy_samgsung\yy_samgsung02862.bmp


ans =

D:\yy_samgsung\yy_samgsung05174.bmp


ans =

D:\yy_samgsung\yy_samgsung01527.bmp


ans =

D:\yy_samgsung\yy_samgsung05557.bmp


ans =

D:\yy_samgsung\yy_samgsung00083.bmp


ans =

D:\yy_samgsung\yy_samgsung04942.bmp


ans =

D:\yy_samgsung\yy_samgsung00820.bmp


ans =

D:\yy_samgsung\yy_samgsung02259.bmp


ans =

D:\yy_samgsung\yy_samgsung02860.bmp


ans =

D:\yy_samgsung\yy_samgsung05168.bmp


ans =

D:\yy_samgsung\yy_samgsung01523.bmp


ans =

D:\yy_samgsung\yy_samgsung05553.bmp


ans =

D:\yy_samgsung\yy_samgsung00079.bmp


ans =

D:\yy_samgsung\yy_samgsung04940.bmp


ans =

D:\yy_samgsung\yy_samgsung00816.bmp


ans =

D:\yy_samgsung\yy_samgsung02255.bmp


ans =

D:\yy_samgsung\yy_samgsung02858.bmp


ans =

D:\yy_samgsung\yy_samgsung05166.bmp


ans =

D:\yy_samgsung\yy_samgsung01517.bmp


ans =

D:\yy_samgsung\yy_samgsung05549.bmp


ans =

D:\yy_samgsung\yy_samgsung00075.bmp


ans =

D:\yy_samgsung\yy_samgsung04938.bmp


ans =

D:\yy_samgsung\yy_samgsung00812.bmp


ans =

D:\yy_samgsung\yy_samgsung02856.bmp


ans =

D:\yy_samgsung\yy_samgsung02251.bmp


ans =

D:\yy_samgsung\yy_samgsung05160.bmp


ans =

D:\yy_samgsung\yy_samgsung01515.bmp


ans =

D:\yy_samgsung\yy_samgsung05541.bmp


ans =

D:\yy_samgsung\yy_samgsung00071.bmp


ans =

D:\yy_samgsung\yy_samgsung04936.bmp


ans =

D:\yy_samgsung\yy_samgsung00808.bmp


ans =

D:\yy_samgsung\yy_samgsung02854.bmp


ans =

D:\yy_samgsung\yy_samgsung02247.bmp


ans =

D:\yy_samgsung\yy_samgsung05158.bmp


ans =

D:\yy_samgsung\yy_samgsung01511.bmp


ans =

D:\yy_samgsung\yy_samgsung05539.bmp


ans =

D:\yy_samgsung\yy_samgsung04934.bmp


ans =

D:\yy_samgsung\yy_samgsung00067.bmp


ans =

D:\yy_samgsung\yy_samgsung00804.bmp


ans =

D:\yy_samgsung\yy_samgsung02852.bmp


ans =

D:\yy_samgsung\yy_samgsung02243.bmp


ans =

D:\yy_samgsung\yy_samgsung05156.bmp


ans =

D:\yy_samgsung\yy_samgsung01507.bmp


ans =

D:\yy_samgsung\yy_samgsung05535.bmp


ans =

D:\yy_samgsung\yy_samgsung00063.bmp


ans =

D:\yy_samgsung\yy_samgsung04932.bmp


ans =

D:\yy_samgsung\yy_samgsung00800.bmp


ans =

D:\yy_samgsung\yy_samgsung02850.bmp


ans =

D:\yy_samgsung\yy_samgsung02239.bmp


ans =

D:\yy_samgsung\yy_samgsung05154.bmp


ans =

D:\yy_samgsung\yy_samgsung01502.bmp


ans =

D:\yy_samgsung\yy_samgsung05529.bmp


ans =

D:\yy_samgsung\yy_samgsung00059.bmp


ans =

D:\yy_samgsung\yy_samgsung04930.bmp


ans =

D:\yy_samgsung\yy_samgsung02848.bmp


ans =

D:\yy_samgsung\yy_samgsung00792.bmp


ans =

D:\yy_samgsung\yy_samgsung02235.bmp


ans =

D:\yy_samgsung\yy_samgsung05152.bmp


ans =

D:\yy_samgsung\yy_samgsung01498.bmp


ans =

D:\yy_samgsung\yy_samgsung05527.bmp


ans =

D:\yy_samgsung\yy_samgsung00055.bmp


ans =

D:\yy_samgsung\yy_samgsung04928.bmp


ans =

D:\yy_samgsung\yy_samgsung02846.bmp


ans =

D:\yy_samgsung\yy_samgsung00788.bmp


ans =

D:\yy_samgsung\yy_samgsung02231.bmp


ans =

D:\yy_samgsung\yy_samgsung05150.bmp


ans =

D:\yy_samgsung\yy_samgsung01494.bmp


ans =

D:\yy_samgsung\yy_samgsung05519.bmp


ans =

D:\yy_samgsung\yy_samgsung04926.bmp


ans =

D:\yy_samgsung\yy_samgsung00051.bmp


ans =

D:\yy_samgsung\yy_samgsung02844.bmp


ans =

D:\yy_samgsung\yy_samgsung00784.bmp


ans =

D:\yy_samgsung\yy_samgsung02227.bmp


ans =

D:\yy_samgsung\yy_samgsung05148.bmp


ans =

D:\yy_samgsung\yy_samgsung01490.bmp


ans =

D:\yy_samgsung\yy_samgsung05515.bmp


ans =

D:\yy_samgsung\yy_samgsung00047.bmp


ans =

D:\yy_samgsung\yy_samgsung04924.bmp


ans =

D:\yy_samgsung\yy_samgsung02842.bmp


ans =

D:\yy_samgsung\yy_samgsung00780.bmp


ans =

D:\yy_samgsung\yy_samgsung02223.bmp


ans =

D:\yy_samgsung\yy_samgsung05146.bmp


ans =

D:\yy_samgsung\yy_samgsung05511.bmp


ans =

D:\yy_samgsung\yy_samgsung01486.bmp


ans =

D:\yy_samgsung\yy_samgsung00043.bmp


ans =

D:\yy_samgsung\yy_samgsung04922.bmp


ans =

D:\yy_samgsung\yy_samgsung02840.bmp


ans =

D:\yy_samgsung\yy_samgsung00776.bmp


ans =

D:\yy_samgsung\yy_samgsung02219.bmp


ans =

D:\yy_samgsung\yy_samgsung05144.bmp


ans =

D:\yy_samgsung\yy_samgsung05506.bmp


ans =

D:\yy_samgsung\yy_samgsung01482.bmp


ans =

D:\yy_samgsung\yy_samgsung00039.bmp


ans =

D:\yy_samgsung\yy_samgsung04920.bmp


ans =

D:\yy_samgsung\yy_samgsung02838.bmp


ans =

D:\yy_samgsung\yy_samgsung02215.bmp


ans =

D:\yy_samgsung\yy_samgsung00768.bmp


ans =

D:\yy_samgsung\yy_samgsung05142.bmp


ans =

D:\yy_samgsung\yy_samgsung05502.bmp


ans =

D:\yy_samgsung\yy_samgsung01478.bmp


ans =

D:\yy_samgsung\yy_samgsung04918.bmp


ans =

D:\yy_samgsung\yy_samgsung00035.bmp


ans =

D:\yy_samgsung\yy_samgsung02836.bmp


ans =

D:\yy_samgsung\yy_samgsung02211.bmp


ans =

D:\yy_samgsung\yy_samgsung00764.bmp


ans =

D:\yy_samgsung\yy_samgsung05140.bmp


ans =

D:\yy_samgsung\yy_samgsung05494.bmp


ans =

D:\yy_samgsung\yy_samgsung01474.bmp


ans =

D:\yy_samgsung\yy_samgsung04916.bmp


ans =

D:\yy_samgsung\yy_samgsung00031.bmp


ans =

D:\yy_samgsung\yy_samgsung02834.bmp


ans =

D:\yy_samgsung\yy_samgsung02207.bmp


ans =

D:\yy_samgsung\yy_samgsung00760.bmp


ans =

D:\yy_samgsung\yy_samgsung05138.bmp


ans =

D:\yy_samgsung\yy_samgsung05490.bmp


ans =

D:\yy_samgsung\yy_samgsung01470.bmp


ans =

D:\yy_samgsung\yy_samgsung04914.bmp


ans =

D:\yy_samgsung\yy_samgsung00023.bmp


ans =

D:\yy_samgsung\yy_samgsung02832.bmp


ans =

D:\yy_samgsung\yy_samgsung02203.bmp


ans =

D:\yy_samgsung\yy_samgsung00756.bmp


ans =

D:\yy_samgsung\yy_samgsung05136.bmp


ans =

D:\yy_samgsung\yy_samgsung05486.bmp


ans =

D:\yy_samgsung\yy_samgsung01466.bmp


ans =

D:\yy_samgsung\yy_samgsung04912.bmp


ans =

D:\yy_samgsung\yy_samgsung00019.bmp


ans =

D:\yy_samgsung\yy_samgsung02830.bmp


ans =

D:\yy_samgsung\yy_samgsung02199.bmp


ans =

D:\yy_samgsung\yy_samgsung00752.bmp


ans =

D:\yy_samgsung\yy_samgsung05134.bmp


ans =

D:\yy_samgsung\yy_samgsung05482.bmp


ans =

D:\yy_samgsung\yy_samgsung01462.bmp


ans =

D:\yy_samgsung\yy_samgsung04910.bmp


ans =

D:\yy_samgsung\yy_samgsung00015.bmp


ans =

D:\yy_samgsung\yy_samgsung02195.bmp


ans =

D:\yy_samgsung\yy_samgsung00746.bmp


ans =

D:\yy_samgsung\yy_samgsung05478.bmp


ans =

D:\yy_samgsung\yy_samgsung05132.bmp


ans =

D:\yy_samgsung\yy_samgsung04908.bmp


ans =

D:\yy_samgsung\yy_samgsung00011.bmp


ans =

D:\yy_samgsung\yy_samgsung05857.bmp


ans =

D:\yy_samgsung\yy_samgsung05853.bmp


ans =

D:\yy_samgsung\yy_samgsung00742.bmp


ans =

D:\yy_samgsung\yy_samgsung05130.bmp


ans =

D:\yy_samgsung\yy_samgsung05474.bmp


ans =

D:\yy_samgsung\yy_samgsung06111.bmp


ans =

D:\yy_samgsung\yy_samgsung06107.bmp


ans =

D:\yy_samgsung\yy_samgsung04906.bmp


ans =

D:\yy_samgsung\yy_samgsung00007.bmp


ans =

D:\yy_samgsung\yy_samgsung05851.bmp


ans =

D:\yy_samgsung\yy_samgsung06333.bmp


ans =

D:\yy_samgsung\yy_samgsung06329.bmp


ans =

D:\yy_samgsung\yy_samgsung00736.bmp


ans =

D:\yy_samgsung\yy_samgsung05470.bmp


ans =

D:\yy_samgsung\yy_samgsung05128.bmp


ans =

D:\yy_samgsung\yy_samgsung06103.bmp


ans =

D:\yy_samgsung\yy_samgsung04904.bmp


ans =

D:\yy_samgsung\yy_samgsung00001.bmp


ans =

D:\yy_samgsung\yy_samgsung05847.bmp


ans =

D:\yy_samgsung\yy_samgsung06325.bmp


ans =

D:\yy_samgsung\yy_samgsung00734.bmp


ans =

D:\yy_samgsung\yy_samgsung05466.bmp


ans =

D:\yy_samgsung\yy_samgsung05126.bmp


ans =

D:\yy_samgsung\yy_samgsung06099.bmp


ans =

D:\yy_samgsung\yy_samgsung04902.bmp


ans =

D:\yy_samgsung\yy_samgsung05843.bmp


ans =

D:\yy_samgsung\yy_samgsung06321.bmp


ans =

D:\yy_samgsung\yy_samgsung00730.bmp


ans =

D:\yy_samgsung\yy_samgsung05462.bmp


ans =

D:\yy_samgsung\yy_samgsung06095.bmp


ans =

D:\yy_samgsung\yy_samgsung05124.bmp


ans =

D:\yy_samgsung\yy_samgsung04898.bmp


ans =

D:\yy_samgsung\yy_samgsung05837.bmp


ans =

D:\yy_samgsung\yy_samgsung06522.bmp


ans =

D:\yy_samgsung\yy_samgsung06518.bmp


ans =

D:\yy_samgsung\yy_samgsung06317.bmp


ans =

D:\yy_samgsung\yy_samgsung05458.bmp


ans =

D:\yy_samgsung\yy_samgsung05122.bmp


ans =

D:\yy_samgsung\yy_samgsung06091.bmp


ans =

D:\yy_samgsung\yy_samgsung04894.bmp


ans =

D:\yy_samgsung\yy_samgsung05835.bmp


ans =

D:\yy_samgsung\yy_samgsung06514.bmp


ans =

D:\yy_samgsung\yy_samgsung06309.bmp


ans =

D:\yy_samgsung\yy_samgsung06606.bmp


ans =

D:\yy_samgsung\yy_samgsung06604.bmp


ans =

D:\yy_samgsung\yy_samgsung05454.bmp


ans =

D:\yy_samgsung\yy_samgsung06087.bmp


ans =

D:\yy_samgsung\yy_samgsung05120.bmp


ans =

D:\yy_samgsung\yy_samgsung04890.bmp


ans =

D:\yy_samgsung\yy_samgsung05831.bmp


ans =

D:\yy_samgsung\yy_samgsung06510.bmp


ans =

D:\yy_samgsung\yy_samgsung06305.bmp


ans =

D:\yy_samgsung\yy_samgsung06602.bmp


ans =

D:\yy_samgsung\yy_samgsung05450.bmp


ans =

D:\yy_samgsung\yy_samgsung06083.bmp


ans =

D:\yy_samgsung\yy_samgsung05118.bmp


ans =

D:\yy_samgsung\yy_samgsung04886.bmp


ans =

D:\yy_samgsung\yy_samgsung05827.bmp


ans =

D:\yy_samgsung\yy_samgsung06301.bmp


ans =

D:\yy_samgsung\yy_samgsung06503.bmp


ans =

D:\yy_samgsung\yy_samgsung05446.bmp


ans =

D:\yy_samgsung\yy_samgsung06600.bmp


ans =

D:\yy_samgsung\yy_samgsung06079.bmp


ans =

D:\yy_samgsung\yy_samgsung05116.bmp


ans =

D:\yy_samgsung\yy_samgsung04882.bmp


ans =

D:\yy_samgsung\yy_samgsung05823.bmp


ans =

D:\yy_samgsung\yy_samgsung06297.bmp


ans =

D:\yy_samgsung\yy_samgsung06501.bmp


ans =

D:\yy_samgsung\yy_samgsung05442.bmp


ans =

D:\yy_samgsung\yy_samgsung06598.bmp


ans =

D:\yy_samgsung\yy_samgsung06075.bmp


ans =

D:\yy_samgsung\yy_samgsung04880.bmp


ans =

D:\yy_samgsung\yy_samgsung05114.bmp


ans =

D:\yy_samgsung\yy_samgsung05819.bmp


ans =

D:\yy_samgsung\yy_samgsung06293.bmp


ans =

D:\yy_samgsung\yy_samgsung06499.bmp


ans =

D:\yy_samgsung\yy_samgsung05438.bmp


ans =

D:\yy_samgsung\yy_samgsung06596.bmp


ans =

D:\yy_samgsung\yy_samgsung06071.bmp


ans =

D:\yy_samgsung\yy_samgsung04876.bmp


ans =

D:\yy_samgsung\yy_samgsung05112.bmp


ans =

D:\yy_samgsung\yy_samgsung05815.bmp


ans =

D:\yy_samgsung\yy_samgsung06285.bmp


ans =

D:\yy_samgsung\yy_samgsung06495.bmp


ans =

D:\yy_samgsung\yy_samgsung06594.bmp


ans =

D:\yy_samgsung\yy_samgsung05434.bmp


ans =

D:\yy_samgsung\yy_samgsung06067.bmp


ans =

D:\yy_samgsung\yy_samgsung05110.bmp


ans =

D:\yy_samgsung\yy_samgsung04872.bmp


ans =

D:\yy_samgsung\yy_samgsung06281.bmp


ans =

D:\yy_samgsung\yy_samgsung06491.bmp


ans =

D:\yy_samgsung\yy_samgsung05811.bmp


ans =

D:\yy_samgsung\yy_samgsung06592.bmp


ans =

D:\yy_samgsung\yy_samgsung05430.bmp


ans =

D:\yy_samgsung\yy_samgsung06063.bmp


ans =

D:\yy_samgsung\yy_samgsung05108.bmp


ans =

D:\yy_samgsung\yy_samgsung04868.bmp


ans =

D:\yy_samgsung\yy_samgsung05807.bmp


ans =

D:\yy_samgsung\yy_samgsung06277.bmp


ans =

D:\yy_samgsung\yy_samgsung06487.bmp


ans =

D:\yy_samgsung\yy_samgsung05426.bmp


ans =

D:\yy_samgsung\yy_samgsung06590.bmp


ans =

D:\yy_samgsung\yy_samgsung06059.bmp


ans =

D:\yy_samgsung\yy_samgsung05106.bmp


ans =

D:\yy_samgsung\yy_samgsung04864.bmp


ans =

D:\yy_samgsung\yy_samgsung05803.bmp


ans =

D:\yy_samgsung\yy_samgsung06273.bmp


ans =

D:\yy_samgsung\yy_samgsung06483.bmp


ans =

D:\yy_samgsung\yy_samgsung05422.bmp


ans =

D:\yy_samgsung\yy_samgsung06588.bmp


ans =

D:\yy_samgsung\yy_samgsung06055.bmp


ans =

D:\yy_samgsung\yy_samgsung04860.bmp


ans =

D:\yy_samgsung\yy_samgsung05104.bmp


ans =

D:\yy_samgsung\yy_samgsung05799.bmp


ans =

D:\yy_samgsung\yy_samgsung06269.bmp


ans =

D:\yy_samgsung\yy_samgsung06479.bmp


ans =

D:\yy_samgsung\yy_samgsung05418.bmp


ans =

D:\yy_samgsung\yy_samgsung06586.bmp


ans =

D:\yy_samgsung\yy_samgsung06053.bmp


ans =

D:\yy_samgsung\yy_samgsung05102.bmp


ans =

D:\yy_samgsung\yy_samgsung05795.bmp


ans =

D:\yy_samgsung\yy_samgsung06265.bmp


ans =

D:\yy_samgsung\yy_samgsung06475.bmp


ans =

D:\yy_samgsung\yy_samgsung04856.bmp


ans =

D:\yy_samgsung\yy_samgsung05414.bmp


ans =

D:\yy_samgsung\yy_samgsung06584.bmp


ans =

D:\yy_samgsung\yy_samgsung06049.bmp


ans =

D:\yy_samgsung\yy_samgsung05100.bmp


ans =

D:\yy_samgsung\yy_samgsung05791.bmp


ans =

D:\yy_samgsung\yy_samgsung06261.bmp


ans =

D:\yy_samgsung\yy_samgsung06471.bmp


ans =

D:\yy_samgsung\yy_samgsung04852.bmp


ans =

D:\yy_samgsung\yy_samgsung05410.bmp


ans =

D:\yy_samgsung\yy_samgsung06582.bmp


ans =

D:\yy_samgsung\yy_samgsung06045.bmp


ans =

D:\yy_samgsung\yy_samgsung05787.bmp


ans =

D:\yy_samgsung\yy_samgsung06467.bmp


ans =

D:\yy_samgsung\yy_samgsung04848.bmp


ans =

D:\yy_samgsung\yy_samgsung05098.bmp


ans =

D:\yy_samgsung\yy_samgsung06257.bmp


ans =

D:\yy_samgsung\yy_samgsung05406.bmp


ans =

D:\yy_samgsung\yy_samgsung06580.bmp


ans =

D:\yy_samgsung\yy_samgsung06041.bmp


ans =

D:\yy_samgsung\yy_samgsung06463.bmp


ans =

D:\yy_samgsung\yy_samgsung04844.bmp


ans =

D:\yy_samgsung\yy_samgsung05096.bmp


ans =

D:\yy_samgsung\yy_samgsung05783.bmp


ans =

D:\yy_samgsung\yy_samgsung06253.bmp


ans =

D:\yy_samgsung\yy_samgsung05402.bmp


ans =

D:\yy_samgsung\yy_samgsung06578.bmp


ans =

D:\yy_samgsung\yy_samgsung06037.bmp


ans =

D:\yy_samgsung\yy_samgsung04840.bmp


ans =

D:\yy_samgsung\yy_samgsung06459.bmp


ans =

D:\yy_samgsung\yy_samgsung05094.bmp


ans =

D:\yy_samgsung\yy_samgsung05779.bmp


ans =

D:\yy_samgsung\yy_samgsung06249.bmp


ans =

D:\yy_samgsung\yy_samgsung05398.bmp


ans =

D:\yy_samgsung\yy_samgsung06576.bmp


ans =

D:\yy_samgsung\yy_samgsung06033.bmp


ans =

D:\yy_samgsung\yy_samgsung04836.bmp


ans =

D:\yy_samgsung\yy_samgsung06455.bmp


ans =

D:\yy_samgsung\yy_samgsung05092.bmp


ans =

D:\yy_samgsung\yy_samgsung05775.bmp


ans =

D:\yy_samgsung\yy_samgsung06245.bmp


ans =

D:\yy_samgsung\yy_samgsung05394.bmp


ans =

D:\yy_samgsung\yy_samgsung06574.bmp


ans =

D:\yy_samgsung\yy_samgsung06029.bmp


ans =

D:\yy_samgsung\yy_samgsung04832.bmp


ans =

D:\yy_samgsung\yy_samgsung06241.bmp


ans =

D:\yy_samgsung\yy_samgsung06451.bmp


ans =

D:\yy_samgsung\yy_samgsung05090.bmp


ans =

D:\yy_samgsung\yy_samgsung05771.bmp


ans =

D:\yy_samgsung\yy_samgsung05390.bmp


ans =

D:\yy_samgsung\yy_samgsung06572.bmp


ans =

D:\yy_samgsung\yy_samgsung06025.bmp


ans =

D:\yy_samgsung\yy_samgsung06447.bmp


ans =

D:\yy_samgsung\yy_samgsung04828.bmp


ans =

D:\yy_samgsung\yy_samgsung06237.bmp


ans =

D:\yy_samgsung\yy_samgsung05088.bmp


ans =

D:\yy_samgsung\yy_samgsung05767.bmp


ans =

D:\yy_samgsung\yy_samgsung05386.bmp


ans =

D:\yy_samgsung\yy_samgsung06570.bmp


ans =

D:\yy_samgsung\yy_samgsung06021.bmp


ans =

D:\yy_samgsung\yy_samgsung06443.bmp


ans =

D:\yy_samgsung\yy_samgsung04824.bmp


ans =

D:\yy_samgsung\yy_samgsung05086.bmp


ans =

D:\yy_samgsung\yy_samgsung05763.bmp


ans =

D:\yy_samgsung\yy_samgsung06233.bmp


ans =

D:\yy_samgsung\yy_samgsung05382.bmp


ans =

D:\yy_samgsung\yy_samgsung06568.bmp


ans =

D:\yy_samgsung\yy_samgsung06017.bmp


ans =

D:\yy_samgsung\yy_samgsung06439.bmp


ans =

D:\yy_samgsung\yy_samgsung04820.bmp


ans =

D:\yy_samgsung\yy_samgsung05759.bmp


ans =

D:\yy_samgsung\yy_samgsung06229.bmp


ans =

D:\yy_samgsung\yy_samgsung05084.bmp


ans =

D:\yy_samgsung\yy_samgsung05378.bmp


ans =

D:\yy_samgsung\yy_samgsung06566.bmp


ans =

D:\yy_samgsung\yy_samgsung06013.bmp


ans =

D:\yy_samgsung\yy_samgsung06435.bmp


ans =

D:\yy_samgsung\yy_samgsung04816.bmp


ans =

D:\yy_samgsung\yy_samgsung05755.bmp


ans =

D:\yy_samgsung\yy_samgsung05082.bmp


ans =

D:\yy_samgsung\yy_samgsung06225.bmp


ans =

D:\yy_samgsung\yy_samgsung05374.bmp


ans =

D:\yy_samgsung\yy_samgsung06564.bmp


ans =

D:\yy_samgsung\yy_samgsung06009.bmp


ans =

D:\yy_samgsung\yy_samgsung06431.bmp


ans =

D:\yy_samgsung\yy_samgsung04812.bmp


ans =

D:\yy_samgsung\yy_samgsung05751.bmp


ans =

D:\yy_samgsung\yy_samgsung05080.bmp


ans =

D:\yy_samgsung\yy_samgsung06221.bmp


ans =

D:\yy_samgsung\yy_samgsung05370.bmp


ans =

D:\yy_samgsung\yy_samgsung06562.bmp


ans =

D:\yy_samgsung\yy_samgsung06005.bmp


ans =

D:\yy_samgsung\yy_samgsung04808.bmp


ans =

D:\yy_samgsung\yy_samgsung06427.bmp


ans =

D:\yy_samgsung\yy_samgsung05747.bmp


ans =

D:\yy_samgsung\yy_samgsung05078.bmp


ans =

D:\yy_samgsung\yy_samgsung06217.bmp


ans =

D:\yy_samgsung\yy_samgsung05366.bmp


ans =

D:\yy_samgsung\yy_samgsung06560.bmp


ans =

D:\yy_samgsung\yy_samgsung06001.bmp


ans =

D:\yy_samgsung\yy_samgsung06423.bmp


ans =

D:\yy_samgsung\yy_samgsung04804.bmp


ans =

D:\yy_samgsung\yy_samgsung05743.bmp


ans =

D:\yy_samgsung\yy_samgsung05076.bmp


ans =

D:\yy_samgsung\yy_samgsung06213.bmp


ans =

D:\yy_samgsung\yy_samgsung05362.bmp


ans =

D:\yy_samgsung\yy_samgsung06558.bmp


ans =

D:\yy_samgsung\yy_samgsung05997.bmp


ans =

D:\yy_samgsung\yy_samgsung06419.bmp


ans =

D:\yy_samgsung\yy_samgsung04800.bmp


ans =

D:\yy_samgsung\yy_samgsung05739.bmp


ans =

D:\yy_samgsung\yy_samgsung06209.bmp


ans =

D:\yy_samgsung\yy_samgsung05074.bmp


ans =

D:\yy_samgsung\yy_samgsung05358.bmp


ans =

D:\yy_samgsung\yy_samgsung06556.bmp


ans =

D:\yy_samgsung\yy_samgsung05993.bmp


ans =

D:\yy_samgsung\yy_samgsung06417.bmp


ans =

D:\yy_samgsung\yy_samgsung04796.bmp


ans =

D:\yy_samgsung\yy_samgsung05735.bmp


ans =

D:\yy_samgsung\yy_samgsung06205.bmp


ans =

D:\yy_samgsung\yy_samgsung05072.bmp


ans =

D:\yy_samgsung\yy_samgsung05354.bmp


ans =

D:\yy_samgsung\yy_samgsung06554.bmp


ans =

D:\yy_samgsung\yy_samgsung05989.bmp


ans =

D:\yy_samgsung\yy_samgsung06411.bmp


ans =

D:\yy_samgsung\yy_samgsung04794.bmp


ans =

D:\yy_samgsung\yy_samgsung05731.bmp


ans =

D:\yy_samgsung\yy_samgsung06201.bmp


ans =

D:\yy_samgsung\yy_samgsung05070.bmp


ans =

D:\yy_samgsung\yy_samgsung05350.bmp


ans =

D:\yy_samgsung\yy_samgsung06552.bmp


ans =

D:\yy_samgsung\yy_samgsung05985.bmp


ans =

D:\yy_samgsung\yy_samgsung06407.bmp


ans =

D:\yy_samgsung\yy_samgsung04788.bmp


ans =

D:\yy_samgsung\yy_samgsung05727.bmp


ans =

D:\yy_samgsung\yy_samgsung06197.bmp


ans =

D:\yy_samgsung\yy_samgsung05068.bmp


ans =

D:\yy_samgsung\yy_samgsung05348.bmp


ans =

D:\yy_samgsung\yy_samgsung06550.bmp


ans =

D:\yy_samgsung\yy_samgsung05981.bmp


ans =

D:\yy_samgsung\yy_samgsung06403.bmp


ans =

D:\yy_samgsung\yy_samgsung04784.bmp


ans =

D:\yy_samgsung\yy_samgsung05723.bmp


ans =

D:\yy_samgsung\yy_samgsung06193.bmp


ans =

D:\yy_samgsung\yy_samgsung05066.bmp


ans =

D:\yy_samgsung\yy_samgsung05344.bmp


ans =

D:\yy_samgsung\yy_samgsung06548.bmp


ans =

D:\yy_samgsung\yy_samgsung05977.bmp


ans =

D:\yy_samgsung\yy_samgsung06399.bmp


ans =

D:\yy_samgsung\yy_samgsung04780.bmp


ans =

D:\yy_samgsung\yy_samgsung05719.bmp


ans =

D:\yy_samgsung\yy_samgsung06191.bmp


ans =

D:\yy_samgsung\yy_samgsung05064.bmp


ans =

D:\yy_samgsung\yy_samgsung05340.bmp


ans =

D:\yy_samgsung\yy_samgsung05973.bmp


ans =

D:\yy_samgsung\yy_samgsung06395.bmp


ans =

D:\yy_samgsung\yy_samgsung04776.bmp


ans =

D:\yy_samgsung\yy_samgsung06546.bmp


ans =

D:\yy_samgsung\yy_samgsung05715.bmp


ans =

D:\yy_samgsung\yy_samgsung06187.bmp


ans =

D:\yy_samgsung\yy_samgsung05062.bmp


ans =

D:\yy_samgsung\yy_samgsung05336.bmp


ans =

D:\yy_samgsung\yy_samgsung05969.bmp


ans =

D:\yy_samgsung\yy_samgsung06391.bmp


ans =

D:\yy_samgsung\yy_samgsung04772.bmp


ans =

D:\yy_samgsung\yy_samgsung06544.bmp


ans =

D:\yy_samgsung\yy_samgsung05711.bmp


ans =

D:\yy_samgsung\yy_samgsung06183.bmp


ans =

D:\yy_samgsung\yy_samgsung05060.bmp


ans =

D:\yy_samgsung\yy_samgsung05332.bmp


ans =

D:\yy_samgsung\yy_samgsung06542.bmp


ans =

D:\yy_samgsung\yy_samgsung05965.bmp


ans =

D:\yy_samgsung\yy_samgsung06387.bmp


ans =

D:\yy_samgsung\yy_samgsung04768.bmp


ans =

D:\yy_samgsung\yy_samgsung05707.bmp


ans =

D:\yy_samgsung\yy_samgsung06179.bmp


ans =

D:\yy_samgsung\yy_samgsung05058.bmp


ans =

D:\yy_samgsung\yy_samgsung05328.bmp


ans =

D:\yy_samgsung\yy_samgsung06540.bmp


ans =

D:\yy_samgsung\yy_samgsung05961.bmp


ans =

D:\yy_samgsung\yy_samgsung06383.bmp


ans =

D:\yy_samgsung\yy_samgsung04764.bmp


ans =

D:\yy_samgsung\yy_samgsung05703.bmp


ans =

D:\yy_samgsung\yy_samgsung06175.bmp


ans =

D:\yy_samgsung\yy_samgsung05056.bmp


ans =

D:\yy_samgsung\yy_samgsung05324.bmp


ans =

D:\yy_samgsung\yy_samgsung06538.bmp


ans =

D:\yy_samgsung\yy_samgsung05957.bmp


ans =

D:\yy_samgsung\yy_samgsung06379.bmp


ans =

D:\yy_samgsung\yy_samgsung04762.bmp


ans =

D:\yy_samgsung\yy_samgsung05699.bmp


ans =

D:\yy_samgsung\yy_samgsung06171.bmp


ans =

D:\yy_samgsung\yy_samgsung05054.bmp


ans =

D:\yy_samgsung\yy_samgsung05320.bmp


ans =

D:\yy_samgsung\yy_samgsung05953.bmp


ans =

D:\yy_samgsung\yy_samgsung06536.bmp


ans =

D:\yy_samgsung\yy_samgsung06375.bmp


ans =

D:\yy_samgsung\yy_samgsung04758.bmp


ans =

D:\yy_samgsung\yy_samgsung05695.bmp


ans =

D:\yy_samgsung\yy_samgsung06167.bmp


ans =

D:\yy_samgsung\yy_samgsung05316.bmp


ans =

D:\yy_samgsung\yy_samgsung05052.bmp


ans =

D:\yy_samgsung\yy_samgsung05949.bmp


ans =

D:\yy_samgsung\yy_samgsung06371.bmp


ans =

D:\yy_samgsung\yy_samgsung06534.bmp


ans =

D:\yy_samgsung\yy_samgsung04750.bmp


ans =

D:\yy_samgsung\yy_samgsung06163.bmp


ans =

D:\yy_samgsung\yy_samgsung05691.bmp


ans =

D:\yy_samgsung\yy_samgsung05312.bmp


ans =

D:\yy_samgsung\yy_samgsung05050.bmp


ans =

D:\yy_samgsung\yy_samgsung05945.bmp


ans =

D:\yy_samgsung\yy_samgsung06367.bmp


ans =

D:\yy_samgsung\yy_samgsung06532.bmp


ans =

D:\yy_samgsung\yy_samgsung04746.bmp


ans =

D:\yy_samgsung\yy_samgsung06159.bmp


ans =

D:\yy_samgsung\yy_samgsung05689.bmp


ans =

D:\yy_samgsung\yy_samgsung05308.bmp


ans =

D:\yy_samgsung\yy_samgsung05048.bmp


ans =

D:\yy_samgsung\yy_samgsung05941.bmp


ans =

D:\yy_samgsung\yy_samgsung06363.bmp


ans =

D:\yy_samgsung\yy_samgsung04742.bmp


ans =

D:\yy_samgsung\yy_samgsung06530.bmp


ans =

D:\yy_samgsung\yy_samgsung06155.bmp


ans =

D:\yy_samgsung\yy_samgsung05685.bmp


ans =

D:\yy_samgsung\yy_samgsung05304.bmp


ans =

D:\yy_samgsung\yy_samgsung05046.bmp


ans =

D:\yy_samgsung\yy_samgsung05937.bmp


ans =

D:\yy_samgsung\yy_samgsung06359.bmp


ans =

D:\yy_samgsung\yy_samgsung04738.bmp


ans =

D:\yy_samgsung\yy_samgsung06528.bmp


ans =

D:\yy_samgsung\yy_samgsung06151.bmp


ans =

D:\yy_samgsung\yy_samgsung05681.bmp


ans =

D:\yy_samgsung\yy_samgsung05300.bmp


ans =

D:\yy_samgsung\yy_samgsung05044.bmp


ans =

D:\yy_samgsung\yy_samgsung05933.bmp


ans =

D:\yy_samgsung\yy_samgsung06357.bmp


ans =

D:\yy_samgsung\yy_samgsung04734.bmp


ans =

D:\yy_samgsung\yy_samgsung06526.bmp


ans =

D:\yy_samgsung\yy_samgsung06147.bmp


ans =

D:\yy_samgsung\yy_samgsung05677.bmp


ans =

D:\yy_samgsung\yy_samgsung05296.bmp


ans =

D:\yy_samgsung\yy_samgsung05042.bmp


ans =

D:\yy_samgsung\yy_samgsung05925.bmp


ans =

D:\yy_samgsung\yy_samgsung06353.bmp


ans =

D:\yy_samgsung\yy_samgsung04726.bmp


ans =

D:\yy_samgsung\yy_samgsung06143.bmp


ans =

D:\yy_samgsung\yy_samgsung05673.bmp


ans =

D:\yy_samgsung\yy_samgsung05292.bmp


ans =

D:\yy_samgsung\yy_samgsung05040.bmp


ans =

D:\yy_samgsung\yy_samgsung05921.bmp


ans =

D:\yy_samgsung\yy_samgsung06349.bmp


ans =

D:\yy_samgsung\yy_samgsung04722.bmp


ans =

D:\yy_samgsung\yy_samgsung06139.bmp


ans =

D:\yy_samgsung\yy_samgsung06678.bmp


ans =

D:\yy_samgsung\yy_samgsung06676.bmp


ans =

D:\yy_samgsung\yy_samgsung05669.bmp


ans =

D:\yy_samgsung\yy_samgsung05288.bmp


ans =

D:\yy_samgsung\yy_samgsung05038.bmp


ans =

D:\yy_samgsung\yy_samgsung05917.bmp


ans =

D:\yy_samgsung\yy_samgsung06345.bmp


ans =

D:\yy_samgsung\yy_samgsung06135.bmp


ans =

D:\yy_samgsung\yy_samgsung05665.bmp


ans =

D:\yy_samgsung\yy_samgsung06674.bmp


ans =

D:\yy_samgsung\yy_samgsung05284.bmp


ans =

D:\yy_samgsung\yy_samgsung05036.bmp


ans =

D:\yy_samgsung\yy_samgsung05913.bmp


ans =

D:\yy_samgsung\yy_samgsung06341.bmp


ans =

D:\yy_samgsung\yy_samgsung06770.bmp


ans =

D:\yy_samgsung\yy_samgsung06766.bmp


ans =

D:\yy_samgsung\yy_samgsung06131.bmp


ans =

D:\yy_samgsung\yy_samgsung05661.bmp


ans =

D:\yy_samgsung\yy_samgsung06672.bmp


ans =

D:\yy_samgsung\yy_samgsung05280.bmp


ans =

D:\yy_samgsung\yy_samgsung05034.bmp


ans =

D:\yy_samgsung\yy_samgsung05909.bmp


ans =

D:\yy_samgsung\yy_samgsung06127.bmp


ans =

D:\yy_samgsung\yy_samgsung06760.bmp


ans =

D:\yy_samgsung\yy_samgsung05657.bmp


ans =

D:\yy_samgsung\yy_samgsung06670.bmp


ans =

D:\yy_samgsung\yy_samgsung05276.bmp


ans =

D:\yy_samgsung\yy_samgsung05032.bmp


ans =

D:\yy_samgsung\yy_samgsung05901.bmp


ans =

D:\yy_samgsung\yy_samgsung06856.bmp


ans =

D:\yy_samgsung\yy_samgsung06854.bmp


ans =

D:\yy_samgsung\yy_samgsung06123.bmp


ans =

D:\yy_samgsung\yy_samgsung06758.bmp


ans =

D:\yy_samgsung\yy_samgsung05653.bmp


ans =

D:\yy_samgsung\yy_samgsung06668.bmp


ans =

D:\yy_samgsung\yy_samgsung05272.bmp


ans =

D:\yy_samgsung\yy_samgsung05030.bmp


ans =

D:\yy_samgsung\yy_samgsung05897.bmp


ans =

D:\yy_samgsung\yy_samgsung06852.bmp


ans =

D:\yy_samgsung\yy_samgsung06754.bmp


ans =

D:\yy_samgsung\yy_samgsung06119.bmp


ans =

D:\yy_samgsung\yy_samgsung05649.bmp


ans =

D:\yy_samgsung\yy_samgsung06666.bmp


ans =

D:\yy_samgsung\yy_samgsung05268.bmp


ans =

D:\yy_samgsung\yy_samgsung05028.bmp


ans =

D:\yy_samgsung\yy_samgsung05893.bmp


ans =

D:\yy_samgsung\yy_samgsung06115.bmp


ans =

D:\yy_samgsung\yy_samgsung06850.bmp


ans =

D:\yy_samgsung\yy_samgsung06750.bmp


ans =

D:\yy_samgsung\yy_samgsung05645.bmp


ans =

D:\yy_samgsung\yy_samgsung05264.bmp


ans =

D:\yy_samgsung\yy_samgsung06664.bmp


ans =

D:\yy_samgsung\yy_samgsung05026.bmp


ans =

D:\yy_samgsung\yy_samgsung05889.bmp


ans =

D:\yy_samgsung\yy_samgsung06848.bmp


ans =

D:\yy_samgsung\yy_samgsung06742.bmp


ans =

D:\yy_samgsung\yy_samgsung05641.bmp


ans =

D:\yy_samgsung\yy_samgsung05260.bmp


ans =

D:\yy_samgsung\yy_samgsung06662.bmp


ans =

D:\yy_samgsung\yy_samgsung05024.bmp


ans =

D:\yy_samgsung\yy_samgsung05885.bmp


ans =

D:\yy_samgsung\yy_samgsung06846.bmp


ans =

D:\yy_samgsung\yy_samgsung06738.bmp


ans =

D:\yy_samgsung\yy_samgsung06910.bmp


ans =

D:\yy_samgsung\yy_samgsung06908.bmp


ans =

D:\yy_samgsung\yy_samgsung05637.bmp


ans =

D:\yy_samgsung\yy_samgsung05256.bmp


ans =

D:\yy_samgsung\yy_samgsung06660.bmp


ans =

D:\yy_samgsung\yy_samgsung05877.bmp


ans =

D:\yy_samgsung\yy_samgsung06844.bmp


ans =

D:\yy_samgsung\yy_samgsung06734.bmp


ans =

D:\yy_samgsung\yy_samgsung06906.bmp


ans =

D:\yy_samgsung\yy_samgsung05633.bmp


ans =

D:\yy_samgsung\yy_samgsung06658.bmp


ans =

D:\yy_samgsung\yy_samgsung06964.bmp


ans =

D:\yy_samgsung\yy_samgsung06962.bmp


ans =

D:\yy_samgsung\yy_samgsung05873.bmp


ans =

D:\yy_samgsung\yy_samgsung06842.bmp


ans =

D:\yy_samgsung\yy_samgsung06730.bmp


ans =

D:\yy_samgsung\yy_samgsung06904.bmp


ans =

D:\yy_samgsung\yy_samgsung05629.bmp


ans =

D:\yy_samgsung\yy_samgsung07018.bmp


ans =

D:\yy_samgsung\yy_samgsung07016.bmp


ans =

D:\yy_samgsung\yy_samgsung06656.bmp


ans =

D:\yy_samgsung\yy_samgsung06960.bmp


ans =

D:\yy_samgsung\yy_samgsung05869.bmp


ans =

D:\yy_samgsung\yy_samgsung06840.bmp


ans =

D:\yy_samgsung\yy_samgsung06726.bmp


ans =

D:\yy_samgsung\yy_samgsung06902.bmp


ans =

D:\yy_samgsung\yy_samgsung05625.bmp


ans =

D:\yy_samgsung\yy_samgsung07014.bmp


ans =

D:\yy_samgsung\yy_samgsung06654.bmp


ans =

D:\yy_samgsung\yy_samgsung06958.bmp


ans =

D:\yy_samgsung\yy_samgsung05865.bmp


ans =

D:\yy_samgsung\yy_samgsung06838.bmp


ans =

D:\yy_samgsung\yy_samgsung06720.bmp


ans =

D:\yy_samgsung\yy_samgsung05621.bmp


ans =

D:\yy_samgsung\yy_samgsung06900.bmp


ans =

D:\yy_samgsung\yy_samgsung07012.bmp


ans =

D:\yy_samgsung\yy_samgsung06652.bmp


ans =

D:\yy_samgsung\yy_samgsung06956.bmp


ans =

D:\yy_samgsung\yy_samgsung05861.bmp


ans =

D:\yy_samgsung\yy_samgsung06898.bmp


ans =

D:\yy_samgsung\yy_samgsung06836.bmp


ans =

D:\yy_samgsung\yy_samgsung06718.bmp


ans =

D:\yy_samgsung\yy_samgsung05617.bmp


ans =

D:\yy_samgsung\yy_samgsung07010.bmp


ans =

D:\yy_samgsung\yy_samgsung06650.bmp


ans =

D:\yy_samgsung\yy_samgsung06954.bmp


ans =

D:\yy_samgsung\yy_samgsung06834.bmp


ans =

D:\yy_samgsung\yy_samgsung06716.bmp


ans =

D:\yy_samgsung\yy_samgsung05613.bmp


ans =

D:\yy_samgsung\yy_samgsung06896.bmp


ans =

D:\yy_samgsung\yy_samgsung07008.bmp


ans =

D:\yy_samgsung\yy_samgsung06648.bmp


ans =

D:\yy_samgsung\yy_samgsung06714.bmp


ans =

D:\yy_samgsung\yy_samgsung06952.bmp


ans =

D:\yy_samgsung\yy_samgsung07072.bmp


ans =

D:\yy_samgsung\yy_samgsung07070.bmp


ans =

D:\yy_samgsung\yy_samgsung06894.bmp


ans =

D:\yy_samgsung\yy_samgsung06830.bmp


ans =

D:\yy_samgsung\yy_samgsung05609.bmp


ans =

D:\yy_samgsung\yy_samgsung07006.bmp


ans =

D:\yy_samgsung\yy_samgsung06646.bmp


ans =

D:\yy_samgsung\yy_samgsung06712.bmp


ans =

D:\yy_samgsung\yy_samgsung06950.bmp


ans =

D:\yy_samgsung\yy_samgsung07068.bmp


ans =

D:\yy_samgsung\yy_samgsung06892.bmp


ans =

D:\yy_samgsung\yy_samgsung06826.bmp


ans =

D:\yy_samgsung\yy_samgsung05605.bmp


ans =

D:\yy_samgsung\yy_samgsung07004.bmp


ans =

D:\yy_samgsung\yy_samgsung06644.bmp


ans =

D:\yy_samgsung\yy_samgsung06710.bmp


ans =

D:\yy_samgsung\yy_samgsung06948.bmp


ans =

D:\yy_samgsung\yy_samgsung05601.bmp


ans =

D:\yy_samgsung\yy_samgsung07066.bmp


ans =

D:\yy_samgsung\yy_samgsung06890.bmp


ans =

D:\yy_samgsung\yy_samgsung06822.bmp


ans =

D:\yy_samgsung\yy_samgsung07002.bmp


ans =

D:\yy_samgsung\yy_samgsung06642.bmp


ans =

D:\yy_samgsung\yy_samgsung07064.bmp


ans =

D:\yy_samgsung\yy_samgsung06708.bmp


ans =

D:\yy_samgsung\yy_samgsung06946.bmp


ans =

D:\yy_samgsung\yy_samgsung05597.bmp


ans =

D:\yy_samgsung\yy_samgsung06888.bmp


ans =

D:\yy_samgsung\yy_samgsung06818.bmp


ans =

D:\yy_samgsung\yy_samgsung07000.bmp


ans =

D:\yy_samgsung\yy_samgsung06640.bmp


ans =

D:\yy_samgsung\yy_samgsung07062.bmp


ans =

D:\yy_samgsung\yy_samgsung06706.bmp


ans =

D:\yy_samgsung\yy_samgsung06944.bmp


ans =

D:\yy_samgsung\yy_samgsung05593.bmp


ans =

D:\yy_samgsung\yy_samgsung06886.bmp


ans =

D:\yy_samgsung\yy_samgsung06814.bmp


ans =

D:\yy_samgsung\yy_samgsung06998.bmp


ans =

D:\yy_samgsung\yy_samgsung06638.bmp


ans =

D:\yy_samgsung\yy_samgsung07060.bmp


ans =

D:\yy_samgsung\yy_samgsung06704.bmp


ans =

D:\yy_samgsung\yy_samgsung06942.bmp


ans =

D:\yy_samgsung\yy_samgsung05589.bmp


ans =

D:\yy_samgsung\yy_samgsung06884.bmp


ans =

D:\yy_samgsung\yy_samgsung06808.bmp


ans =

D:\yy_samgsung\yy_samgsung06996.bmp


ans =

D:\yy_samgsung\yy_samgsung06636.bmp


ans =

D:\yy_samgsung\yy_samgsung06702.bmp


ans =

D:\yy_samgsung\yy_samgsung05585.bmp


ans =

D:\yy_samgsung\yy_samgsung07058.bmp


ans =

D:\yy_samgsung\yy_samgsung06940.bmp


ans =

D:\yy_samgsung\yy_samgsung06882.bmp


ans =

D:\yy_samgsung\yy_samgsung06806.bmp


ans =

D:\yy_samgsung\yy_samgsung06994.bmp


ans =

D:\yy_samgsung\yy_samgsung06634.bmp


ans =

D:\yy_samgsung\yy_samgsung07056.bmp


ans =

D:\yy_samgsung\yy_samgsung06700.bmp


ans =

D:\yy_samgsung\yy_samgsung06880.bmp


ans =

D:\yy_samgsung\yy_samgsung06804.bmp


ans =

D:\yy_samgsung\yy_samgsung06938.bmp


ans =

D:\yy_samgsung\yy_samgsung06992.bmp


ans =

D:\yy_samgsung\yy_samgsung06632.bmp


ans =

D:\yy_samgsung\yy_samgsung06698.bmp


ans =

D:\yy_samgsung\yy_samgsung07054.bmp


ans =

D:\yy_samgsung\yy_samgsung07126.bmp


ans =

D:\yy_samgsung\yy_samgsung07124.bmp


ans =

D:\yy_samgsung\yy_samgsung06878.bmp


ans =

D:\yy_samgsung\yy_samgsung06800.bmp


ans =

D:\yy_samgsung\yy_samgsung06936.bmp


ans =

D:\yy_samgsung\yy_samgsung06990.bmp


ans =

D:\yy_samgsung\yy_samgsung06630.bmp


ans =

D:\yy_samgsung\yy_samgsung06696.bmp


ans =

D:\yy_samgsung\yy_samgsung07052.bmp


ans =

D:\yy_samgsung\yy_samgsung07122.bmp


ans =

D:\yy_samgsung\yy_samgsung06876.bmp


ans =

D:\yy_samgsung\yy_samgsung06796.bmp


ans =

D:\yy_samgsung\yy_samgsung06934.bmp


ans =

D:\yy_samgsung\yy_samgsung06988.bmp


ans =

D:\yy_samgsung\yy_samgsung06628.bmp


ans =

D:\yy_samgsung\yy_samgsung07050.bmp


ans =

D:\yy_samgsung\yy_samgsung06694.bmp


ans =

D:\yy_samgsung\yy_samgsung06792.bmp


ans =

D:\yy_samgsung\yy_samgsung06932.bmp


ans =

D:\yy_samgsung\yy_samgsung07120.bmp


ans =

D:\yy_samgsung\yy_samgsung06874.bmp


ans =

D:\yy_samgsung\yy_samgsung06986.bmp


ans =

D:\yy_samgsung\yy_samgsung06626.bmp


ans =

D:\yy_samgsung\yy_samgsung06692.bmp


ans =

D:\yy_samgsung\yy_samgsung07048.bmp


ans =

D:\yy_samgsung\yy_samgsung06788.bmp


ans =

D:\yy_samgsung\yy_samgsung06930.bmp


ans =

D:\yy_samgsung\yy_samgsung07118.bmp


ans =

D:\yy_samgsung\yy_samgsung06872.bmp


ans =

D:\yy_samgsung\yy_samgsung06984.bmp


ans =

D:\yy_samgsung\yy_samgsung06624.bmp


ans =

D:\yy_samgsung\yy_samgsung06690.bmp


ans =

D:\yy_samgsung\yy_samgsung07046.bmp


ans =

D:\yy_samgsung\yy_samgsung06870.bmp


ans =

D:\yy_samgsung\yy_samgsung06784.bmp


ans =

D:\yy_samgsung\yy_samgsung06928.bmp


ans =

D:\yy_samgsung\yy_samgsung07116.bmp


ans =

D:\yy_samgsung\yy_samgsung06982.bmp


ans =

D:\yy_samgsung\yy_samgsung06622.bmp


ans =

D:\yy_samgsung\yy_samgsung06688.bmp


ans =

D:\yy_samgsung\yy_samgsung07044.bmp


ans =

D:\yy_samgsung\yy_samgsung07114.bmp


ans =

D:\yy_samgsung\yy_samgsung06868.bmp


ans =

D:\yy_samgsung\yy_samgsung06780.bmp


ans =

D:\yy_samgsung\yy_samgsung06926.bmp


ans =

D:\yy_samgsung\yy_samgsung06980.bmp


ans =

D:\yy_samgsung\yy_samgsung06620.bmp


ans =

D:\yy_samgsung\yy_samgsung06686.bmp


ans =

D:\yy_samgsung\yy_samgsung07042.bmp


ans =

D:\yy_samgsung\yy_samgsung06866.bmp


ans =

D:\yy_samgsung\yy_samgsung06776.bmp


ans =

D:\yy_samgsung\yy_samgsung06924.bmp


ans =

D:\yy_samgsung\yy_samgsung07112.bmp


ans =

D:\yy_samgsung\yy_samgsung06978.bmp


ans =

D:\yy_samgsung\yy_samgsung06618.bmp


ans =

D:\yy_samgsung\yy_samgsung06684.bmp


ans =

D:\yy_samgsung\yy_samgsung07040.bmp


ans =

D:\yy_samgsung\yy_samgsung06864.bmp


ans =

D:\yy_samgsung\yy_samgsung06774.bmp


ans =

D:\yy_samgsung\yy_samgsung06922.bmp


ans =

D:\yy_samgsung\yy_samgsung07110.bmp


ans =

D:\yy_samgsung\yy_samgsung06976.bmp


ans =

D:\yy_samgsung\yy_samgsung06616.bmp


ans =

D:\yy_samgsung\yy_samgsung06682.bmp


ans =

D:\yy_samgsung\yy_samgsung07038.bmp


ans =

D:\yy_samgsung\yy_samgsung07108.bmp


ans =

D:\yy_samgsung\yy_samgsung06862.bmp


ans =

D:\yy_samgsung\yy_samgsung06920.bmp


ans =

D:\yy_samgsung\yy_samgsung06974.bmp


ans =

D:\yy_samgsung\yy_samgsung06614.bmp


ans =

D:\yy_samgsung\yy_samgsung06680.bmp


ans =

D:\yy_samgsung\yy_samgsung07036.bmp


ans =

D:\yy_samgsung\yy_samgsung07106.bmp


ans =

D:\yy_samgsung\yy_samgsung06860.bmp


ans =

D:\yy_samgsung\yy_samgsung07180.bmp


ans =

D:\yy_samgsung\yy_samgsung07178.bmp


ans =

D:\yy_samgsung\yy_samgsung06918.bmp


ans =

D:\yy_samgsung\yy_samgsung06972.bmp


ans =

D:\yy_samgsung\yy_samgsung06612.bmp


ans =

D:\yy_samgsung\yy_samgsung07034.bmp


ans =

D:\yy_samgsung\yy_samgsung06858.bmp


ans =

D:\yy_samgsung\yy_samgsung07104.bmp


ans =

D:\yy_samgsung\yy_samgsung07176.bmp


ans =

D:\yy_samgsung\yy_samgsung06916.bmp


ans =

D:\yy_samgsung\yy_samgsung06970.bmp


ans =

D:\yy_samgsung\yy_samgsung06610.bmp


ans =

D:\yy_samgsung\yy_samgsung07234.bmp


ans =

D:\yy_samgsung\yy_samgsung07232.bmp


ans =

D:\yy_samgsung\yy_samgsung07032.bmp


ans =

D:\yy_samgsung\yy_samgsung07102.bmp


ans =

D:\yy_samgsung\yy_samgsung07174.bmp


ans =

D:\yy_samgsung\yy_samgsung06914.bmp


ans =

D:\yy_samgsung\yy_samgsung06968.bmp


ans =

D:\yy_samgsung\yy_samgsung06608.bmp


ans =

D:\yy_samgsung\yy_samgsung07030.bmp


ans =

D:\yy_samgsung\yy_samgsung07230.bmp


ans =

D:\yy_samgsung\yy_samgsung07100.bmp


ans =

D:\yy_samgsung\yy_samgsung07172.bmp


ans =

D:\yy_samgsung\yy_samgsung06912.bmp


ans =

D:\yy_samgsung\yy_samgsung06966.bmp


ans =

D:\yy_samgsung\yy_samgsung07028.bmp


ans =

D:\yy_samgsung\yy_samgsung07228.bmp


ans =

D:\yy_samgsung\yy_samgsung07170.bmp


ans =

D:\yy_samgsung\yy_samgsung07098.bmp


ans =

D:\yy_samgsung\yy_samgsung07026.bmp


ans =

D:\yy_samgsung\yy_samgsung07226.bmp


ans =

D:\yy_samgsung\yy_samgsung07168.bmp


ans =

D:\yy_samgsung\yy_samgsung07096.bmp


ans =

D:\yy_samgsung\yy_samgsung07024.bmp


ans =

D:\yy_samgsung\yy_samgsung07224.bmp


ans =

D:\yy_samgsung\yy_samgsung07166.bmp


ans =

D:\yy_samgsung\yy_samgsung07094.bmp


ans =

D:\yy_samgsung\yy_samgsung07022.bmp


ans =

D:\yy_samgsung\yy_samgsung07222.bmp


ans =

D:\yy_samgsung\yy_samgsung07164.bmp


ans =

D:\yy_samgsung\yy_samgsung07092.bmp


ans =

D:\yy_samgsung\yy_samgsung07020.bmp


ans =

D:\yy_samgsung\yy_samgsung07220.bmp


ans =

D:\yy_samgsung\yy_samgsung07162.bmp


ans =

D:\yy_samgsung\yy_samgsung07090.bmp


ans =

D:\yy_samgsung\yy_samgsung07218.bmp


ans =

D:\yy_samgsung\yy_samgsung07088.bmp


ans =

D:\yy_samgsung\yy_samgsung07160.bmp


ans =

D:\yy_samgsung\yy_samgsung07216.bmp


ans =

D:\yy_samgsung\yy_samgsung07086.bmp


ans =

D:\yy_samgsung\yy_samgsung07158.bmp


ans =

D:\yy_samgsung\yy_samgsung07214.bmp


ans =

D:\yy_samgsung\yy_samgsung07084.bmp


ans =

D:\yy_samgsung\yy_samgsung07156.bmp


ans =

D:\yy_samgsung\yy_samgsung07212.bmp


ans =

D:\yy_samgsung\yy_samgsung07082.bmp


ans =

D:\yy_samgsung\yy_samgsung07154.bmp


ans =

D:\yy_samgsung\yy_samgsung07210.bmp


ans =

D:\yy_samgsung\yy_samgsung07080.bmp


ans =

D:\yy_samgsung\yy_samgsung07152.bmp


ans =

D:\yy_samgsung\yy_samgsung07208.bmp


ans =

D:\yy_samgsung\yy_samgsung07078.bmp


ans =

D:\yy_samgsung\yy_samgsung07150.bmp


ans =

D:\yy_samgsung\yy_samgsung07206.bmp


ans =

D:\yy_samgsung\yy_samgsung07076.bmp


ans =

D:\yy_samgsung\yy_samgsung07148.bmp


ans =

D:\yy_samgsung\yy_samgsung07204.bmp


ans =

D:\yy_samgsung\yy_samgsung07074.bmp


ans =

D:\yy_samgsung\yy_samgsung07146.bmp


ans =

D:\yy_samgsung\yy_samgsung07202.bmp


ans =

D:\yy_samgsung\yy_samgsung07144.bmp


ans =

D:\yy_samgsung\yy_samgsung07200.bmp


ans =

D:\yy_samgsung\yy_samgsung07142.bmp


ans =

D:\yy_samgsung\yy_samgsung07198.bmp


ans =

D:\yy_samgsung\yy_samgsung07140.bmp


ans =

D:\yy_samgsung\yy_samgsung07196.bmp


ans =

D:\yy_samgsung\yy_samgsung07138.bmp


ans =

D:\yy_samgsung\yy_samgsung07194.bmp


ans =

D:\yy_samgsung\yy_samgsung07136.bmp


ans =

D:\yy_samgsung\yy_samgsung07192.bmp


ans =

D:\yy_samgsung\yy_samgsung07134.bmp


ans =

D:\yy_samgsung\yy_samgsung07190.bmp


ans =

D:\yy_samgsung\yy_samgsung07132.bmp


ans =

D:\yy_samgsung\yy_samgsung07188.bmp


ans =

D:\yy_samgsung\yy_samgsung07130.bmp


ans =

D:\yy_samgsung\yy_samgsung07186.bmp


ans =

D:\yy_samgsung\yy_samgsung07128.bmp


ans =

D:\yy_samgsung\yy_samgsung07184.bmp


ans =

D:\yy_samgsung\yy_samgsung07182.bmp


outpath =

C:\yy_samgsung.csv


ans =

C:\yy_samgsung.csv

