
ans =

E:\zq_04_CQ


csv_rootpath =

C:\

Reading the bmp list

ans =

E:\zq_04_CQ\zq_04_CQ04021.bmp


ans =

E:\zq_04_CQ\zq_04_CQ04013.bmp


ans =

E:\zq_04_CQ\zq_04_CQ02976.bmp


ans =

E:\zq_04_CQ\zq_04_CQ02974.bmp


ans =

E:\zq_04_CQ\zq_04_CQ04470.bmp


ans =

E:\zq_04_CQ\zq_04_CQ04464.bmp


ans =

E:\zq_04_CQ\zq_04_CQ03503.bmp


ans =

E:\zq_04_CQ\zq_04_CQ03500.bmp


ans =

E:\zq_04_CQ\zq_04_CQ02553.bmp


ans =

E:\zq_04_CQ\zq_04_CQ02549.bmp


ans =

E:\zq_04_CQ\zq_04_CQ01923.bmp


ans =

E:\zq_04_CQ\zq_04_CQ01922.bmp


ans =

E:\zq_04_CQ\zq_04_CQ01439.bmp


ans =

E:\zq_04_CQ\zq_04_CQ01436.bmp


ans =

E:\zq_04_CQ\zq_04_CQ00753.bmp


ans =

E:\zq_04_CQ\zq_04_CQ00750.bmp


ans =

E:\zq_04_CQ\zq_04_CQ02546.bmp


ans =

E:\zq_04_CQ\zq_04_CQ04012.bmp


ans =

E:\zq_04_CQ\zq_04_CQ01918.bmp


ans =

E:\zq_04_CQ\zq_04_CQ02971.bmp


ans =

E:\zq_04_CQ\zq_04_CQ04458.bmp


ans =

E:\zq_04_CQ\zq_04_CQ03498.bmp


ans =

E:\zq_04_CQ\zq_04_CQ01433.bmp


ans =

E:\zq_04_CQ\zq_04_CQ00747.bmp


ans =

E:\zq_04_CQ\zq_04_CQ02545.bmp


ans =

E:\zq_04_CQ\zq_04_CQ04010.bmp


ans =

E:\zq_04_CQ\zq_04_CQ01917.bmp


ans =

E:\zq_04_CQ\zq_04_CQ02969.bmp


ans =

E:\zq_04_CQ\zq_04_CQ04452.bmp


ans =

E:\zq_04_CQ\zq_04_CQ03494.bmp


ans =

E:\zq_04_CQ\zq_04_CQ01431.bmp


ans =

E:\zq_04_CQ\zq_04_CQ00744.bmp


ans =

E:\zq_04_CQ\zq_04_CQ02543.bmp


ans =

E:\zq_04_CQ\zq_04_CQ04003.bmp


ans =

E:\zq_04_CQ\zq_04_CQ01915.bmp


ans =

E:\zq_04_CQ\zq_04_CQ02968.bmp


ans =

E:\zq_04_CQ\zq_04_CQ04446.bmp


ans =

E:\zq_04_CQ\zq_04_CQ03493.bmp


ans =

E:\zq_04_CQ\zq_04_CQ01427.bmp


ans =

E:\zq_04_CQ\zq_04_CQ00741.bmp


ans =

E:\zq_04_CQ\zq_04_CQ02541.bmp


ans =

E:\zq_04_CQ\zq_04_CQ04002.bmp


ans =

E:\zq_04_CQ\zq_04_CQ01912.bmp


ans =

E:\zq_04_CQ\zq_04_CQ02964.bmp


ans =

E:\zq_04_CQ\zq_04_CQ04440.bmp


ans =

E:\zq_04_CQ\zq_04_CQ03490.bmp


ans =

E:\zq_04_CQ\zq_04_CQ01423.bmp


ans =

E:\zq_04_CQ\zq_04_CQ00735.bmp


ans =

E:\zq_04_CQ\zq_04_CQ02538.bmp


ans =

E:\zq_04_CQ\zq_04_CQ03997.bmp


ans =

E:\zq_04_CQ\zq_04_CQ01911.bmp


ans =

E:\zq_04_CQ\zq_04_CQ02961.bmp


ans =

E:\zq_04_CQ\zq_04_CQ04434.bmp


ans =

E:\zq_04_CQ\zq_04_CQ01422.bmp


ans =

E:\zq_04_CQ\zq_04_CQ00729.bmp


ans =

E:\zq_04_CQ\zq_04_CQ03489.bmp


ans =

E:\zq_04_CQ\zq_04_CQ02532.bmp


ans =

E:\zq_04_CQ\zq_04_CQ03996.bmp


ans =

E:\zq_04_CQ\zq_04_CQ01908.bmp


ans =

E:\zq_04_CQ\zq_04_CQ02956.bmp


ans =

E:\zq_04_CQ\zq_04_CQ04427.bmp


ans =

E:\zq_04_CQ\zq_04_CQ01420.bmp


ans =

E:\zq_04_CQ\zq_04_CQ00726.bmp


ans =

E:\zq_04_CQ\zq_04_CQ03488.bmp


ans =

E:\zq_04_CQ\zq_04_CQ02527.bmp


ans =

E:\zq_04_CQ\zq_04_CQ03992.bmp


ans =

E:\zq_04_CQ\zq_04_CQ01907.bmp


ans =

E:\zq_04_CQ\zq_04_CQ02955.bmp


ans =

E:\zq_04_CQ\zq_04_CQ04422.bmp


ans =

E:\zq_04_CQ\zq_04_CQ01419.bmp


ans =

E:\zq_04_CQ\zq_04_CQ00723.bmp


ans =

E:\zq_04_CQ\zq_04_CQ03487.bmp


ans =

E:\zq_04_CQ\zq_04_CQ02526.bmp


ans =

E:\zq_04_CQ\zq_04_CQ03991.bmp


ans =

E:\zq_04_CQ\zq_04_CQ01903.bmp


ans =

E:\zq_04_CQ\zq_04_CQ02951.bmp


ans =

E:\zq_04_CQ\zq_04_CQ04416.bmp


ans =

E:\zq_04_CQ\zq_04_CQ01417.bmp


ans =

E:\zq_04_CQ\zq_04_CQ00719.bmp


ans =

E:\zq_04_CQ\zq_04_CQ03484.bmp


ans =

E:\zq_04_CQ\zq_04_CQ02523.bmp


ans =

E:\zq_04_CQ\zq_04_CQ03985.bmp


ans =

E:\zq_04_CQ\zq_04_CQ01902.bmp


ans =

E:\zq_04_CQ\zq_04_CQ02950.bmp


ans =

E:\zq_04_CQ\zq_04_CQ04412.bmp


ans =

E:\zq_04_CQ\zq_04_CQ00714.bmp


ans =

E:\zq_04_CQ\zq_04_CQ03482.bmp


ans =

E:\zq_04_CQ\zq_04_CQ01416.bmp


ans =

E:\zq_04_CQ\zq_04_CQ02520.bmp


ans =

E:\zq_04_CQ\zq_04_CQ03984.bmp


ans =

E:\zq_04_CQ\zq_04_CQ01897.bmp


ans =

E:\zq_04_CQ\zq_04_CQ02946.bmp


ans =

E:\zq_04_CQ\zq_04_CQ00711.bmp


ans =

E:\zq_04_CQ\zq_04_CQ04410.bmp


ans =

E:\zq_04_CQ\zq_04_CQ03481.bmp


ans =

E:\zq_04_CQ\zq_04_CQ01414.bmp


ans =

E:\zq_04_CQ\zq_04_CQ02519.bmp


ans =

E:\zq_04_CQ\zq_04_CQ03979.bmp


ans =

E:\zq_04_CQ\zq_04_CQ01895.bmp


ans =

E:\zq_04_CQ\zq_04_CQ02945.bmp


ans =

E:\zq_04_CQ\zq_04_CQ00708.bmp


ans =

E:\zq_04_CQ\zq_04_CQ04404.bmp


ans =

E:\zq_04_CQ\zq_04_CQ03478.bmp


ans =

E:\zq_04_CQ\zq_04_CQ01413.bmp


ans =

E:\zq_04_CQ\zq_04_CQ02517.bmp


ans =

E:\zq_04_CQ\zq_04_CQ03978.bmp


ans =

E:\zq_04_CQ\zq_04_CQ01891.bmp


ans =

E:\zq_04_CQ\zq_04_CQ02941.bmp


ans =

E:\zq_04_CQ\zq_04_CQ00705.bmp


ans =

E:\zq_04_CQ\zq_04_CQ04398.bmp


ans =

E:\zq_04_CQ\zq_04_CQ01411.bmp


ans =

E:\zq_04_CQ\zq_04_CQ03477.bmp


ans =

E:\zq_04_CQ\zq_04_CQ02514.bmp


ans =

E:\zq_04_CQ\zq_04_CQ03973.bmp


ans =

E:\zq_04_CQ\zq_04_CQ01889.bmp


ans =

E:\zq_04_CQ\zq_04_CQ02940.bmp


ans =

E:\zq_04_CQ\zq_04_CQ00702.bmp


ans =

E:\zq_04_CQ\zq_04_CQ04393.bmp


ans =

E:\zq_04_CQ\zq_04_CQ01410.bmp


ans =

E:\zq_04_CQ\zq_04_CQ03473.bmp


ans =

E:\zq_04_CQ\zq_04_CQ02511.bmp


ans =

E:\zq_04_CQ\zq_04_CQ03972.bmp


ans =

E:\zq_04_CQ\zq_04_CQ01887.bmp


ans =

E:\zq_04_CQ\zq_04_CQ02938.bmp


ans =

E:\zq_04_CQ\zq_04_CQ00699.bmp


ans =

E:\zq_04_CQ\zq_04_CQ04391.bmp


ans =

E:\zq_04_CQ\zq_04_CQ01405.bmp


ans =

E:\zq_04_CQ\zq_04_CQ03472.bmp


ans =

E:\zq_04_CQ\zq_04_CQ02506.bmp


ans =

E:\zq_04_CQ\zq_04_CQ03967.bmp


ans =

E:\zq_04_CQ\zq_04_CQ01884.bmp


ans =

E:\zq_04_CQ\zq_04_CQ02937.bmp


ans =

E:\zq_04_CQ\zq_04_CQ04388.bmp


ans =

E:\zq_04_CQ\zq_04_CQ00693.bmp


ans =

E:\zq_04_CQ\zq_04_CQ03469.bmp


ans =

E:\zq_04_CQ\zq_04_CQ01404.bmp


ans =

E:\zq_04_CQ\zq_04_CQ02505.bmp


ans =

E:\zq_04_CQ\zq_04_CQ03966.bmp


ans =

E:\zq_04_CQ\zq_04_CQ01883.bmp


ans =

E:\zq_04_CQ\zq_04_CQ02934.bmp


ans =

E:\zq_04_CQ\zq_04_CQ04385.bmp


ans =

E:\zq_04_CQ\zq_04_CQ03468.bmp


ans =

E:\zq_04_CQ\zq_04_CQ01401.bmp


ans =

E:\zq_04_CQ\zq_04_CQ00688.bmp


ans =

E:\zq_04_CQ\zq_04_CQ03961.bmp


ans =

E:\zq_04_CQ\zq_04_CQ02500.bmp


ans =

E:\zq_04_CQ\zq_04_CQ01879.bmp


ans =

E:\zq_04_CQ\zq_04_CQ02933.bmp


ans =

E:\zq_04_CQ\zq_04_CQ04380.bmp


ans =

E:\zq_04_CQ\zq_04_CQ03465.bmp


ans =

E:\zq_04_CQ\zq_04_CQ01398.bmp


ans =

E:\zq_04_CQ\zq_04_CQ00687.bmp


ans =

E:\zq_04_CQ\zq_04_CQ03960.bmp


ans =

E:\zq_04_CQ\zq_04_CQ02498.bmp


ans =

E:\zq_04_CQ\zq_04_CQ01878.bmp


ans =

E:\zq_04_CQ\zq_04_CQ02931.bmp


ans =

E:\zq_04_CQ\zq_04_CQ04378.bmp


ans =

E:\zq_04_CQ\zq_04_CQ03464.bmp


ans =

E:\zq_04_CQ\zq_04_CQ01397.bmp


ans =

E:\zq_04_CQ\zq_04_CQ00684.bmp


ans =

E:\zq_04_CQ\zq_04_CQ03954.bmp


ans =

E:\zq_04_CQ\zq_04_CQ02497.bmp


ans =

E:\zq_04_CQ\zq_04_CQ01876.bmp


ans =

E:\zq_04_CQ\zq_04_CQ02930.bmp


ans =

E:\zq_04_CQ\zq_04_CQ04374.bmp


ans =

E:\zq_04_CQ\zq_04_CQ01395.bmp


ans =

E:\zq_04_CQ\zq_04_CQ00681.bmp


ans =

E:\zq_04_CQ\zq_04_CQ03460.bmp


ans =

E:\zq_04_CQ\zq_04_CQ03953.bmp


ans =

E:\zq_04_CQ\zq_04_CQ02494.bmp


ans =

E:\zq_04_CQ\zq_04_CQ01875.bmp


ans =

E:\zq_04_CQ\zq_04_CQ02928.bmp


ans =

E:\zq_04_CQ\zq_04_CQ04371.bmp


ans =

E:\zq_04_CQ\zq_04_CQ01394.bmp


ans =

E:\zq_04_CQ\zq_04_CQ00678.bmp


ans =

E:\zq_04_CQ\zq_04_CQ03458.bmp


ans =

E:\zq_04_CQ\zq_04_CQ03949.bmp


ans =

E:\zq_04_CQ\zq_04_CQ02493.bmp


ans =

E:\zq_04_CQ\zq_04_CQ01871.bmp


ans =

E:\zq_04_CQ\zq_04_CQ02927.bmp


ans =

E:\zq_04_CQ\zq_04_CQ04368.bmp


ans =

E:\zq_04_CQ\zq_04_CQ01393.bmp


ans =

E:\zq_04_CQ\zq_04_CQ00672.bmp


ans =

E:\zq_04_CQ\zq_04_CQ03454.bmp


ans =

E:\zq_04_CQ\zq_04_CQ03948.bmp


ans =

E:\zq_04_CQ\zq_04_CQ02488.bmp


ans =

E:\zq_04_CQ\zq_04_CQ01870.bmp


ans =

E:\zq_04_CQ\zq_04_CQ02924.bmp


ans =

E:\zq_04_CQ\zq_04_CQ04367.bmp


ans =

E:\zq_04_CQ\zq_04_CQ01389.bmp


ans =

E:\zq_04_CQ\zq_04_CQ00668.bmp


ans =

E:\zq_04_CQ\zq_04_CQ03452.bmp


ans =

E:\zq_04_CQ\zq_04_CQ03943.bmp


ans =

E:\zq_04_CQ\zq_04_CQ02487.bmp


ans =

E:\zq_04_CQ\zq_04_CQ01866.bmp


ans =

E:\zq_04_CQ\zq_04_CQ02922.bmp


ans =

E:\zq_04_CQ\zq_04_CQ04364.bmp


ans =

E:\zq_04_CQ\zq_04_CQ01386.bmp


ans =

E:\zq_04_CQ\zq_04_CQ00663.bmp


ans =

E:\zq_04_CQ\zq_04_CQ03450.bmp


ans =

E:\zq_04_CQ\zq_04_CQ03942.bmp


ans =

E:\zq_04_CQ\zq_04_CQ02484.bmp


ans =

E:\zq_04_CQ\zq_04_CQ01864.bmp


ans =

E:\zq_04_CQ\zq_04_CQ02919.bmp


ans =

E:\zq_04_CQ\zq_04_CQ04362.bmp


ans =

E:\zq_04_CQ\zq_04_CQ01383.bmp


ans =

E:\zq_04_CQ\zq_04_CQ00660.bmp


ans =

E:\zq_04_CQ\zq_04_CQ03448.bmp


ans =

E:\zq_04_CQ\zq_04_CQ03937.bmp


ans =

E:\zq_04_CQ\zq_04_CQ02483.bmp


ans =

E:\zq_04_CQ\zq_04_CQ01862.bmp


ans =

E:\zq_04_CQ\zq_04_CQ02918.bmp


ans =

E:\zq_04_CQ\zq_04_CQ04358.bmp


ans =

E:\zq_04_CQ\zq_04_CQ01376.bmp


ans =

E:\zq_04_CQ\zq_04_CQ00657.bmp


ans =

E:\zq_04_CQ\zq_04_CQ03445.bmp


ans =

E:\zq_04_CQ\zq_04_CQ03936.bmp


ans =

E:\zq_04_CQ\zq_04_CQ02479.bmp


ans =

E:\zq_04_CQ\zq_04_CQ01860.bmp


ans =

E:\zq_04_CQ\zq_04_CQ02917.bmp


ans =

E:\zq_04_CQ\zq_04_CQ04356.bmp


ans =

E:\zq_04_CQ\zq_04_CQ01371.bmp


ans =

E:\zq_04_CQ\zq_04_CQ00654.bmp


ans =

E:\zq_04_CQ\zq_04_CQ03443.bmp


ans =

E:\zq_04_CQ\zq_04_CQ02478.bmp


ans =

E:\zq_04_CQ\zq_04_CQ03932.bmp


ans =

E:\zq_04_CQ\zq_04_CQ01858.bmp


ans =

E:\zq_04_CQ\zq_04_CQ02912.bmp


ans =

E:\zq_04_CQ\zq_04_CQ04352.bmp


ans =

E:\zq_04_CQ\zq_04_CQ01365.bmp


ans =

E:\zq_04_CQ\zq_04_CQ00651.bmp


ans =

E:\zq_04_CQ\zq_04_CQ03441.bmp


ans =

E:\zq_04_CQ\zq_04_CQ02476.bmp


ans =

E:\zq_04_CQ\zq_04_CQ03931.bmp


ans =

E:\zq_04_CQ\zq_04_CQ01856.bmp


ans =

E:\zq_04_CQ\zq_04_CQ02905.bmp


ans =

E:\zq_04_CQ\zq_04_CQ04351.bmp


ans =

E:\zq_04_CQ\zq_04_CQ01362.bmp


ans =

E:\zq_04_CQ\zq_04_CQ00645.bmp


ans =

E:\zq_04_CQ\zq_04_CQ03439.bmp


ans =

E:\zq_04_CQ\zq_04_CQ02475.bmp


ans =

E:\zq_04_CQ\zq_04_CQ03925.bmp


ans =

E:\zq_04_CQ\zq_04_CQ01853.bmp


ans =

E:\zq_04_CQ\zq_04_CQ02896.bmp


ans =

E:\zq_04_CQ\zq_04_CQ01359.bmp


ans =

E:\zq_04_CQ\zq_04_CQ04347.bmp


ans =

E:\zq_04_CQ\zq_04_CQ00642.bmp


ans =

E:\zq_04_CQ\zq_04_CQ03437.bmp


ans =

E:\zq_04_CQ\zq_04_CQ02472.bmp


ans =

E:\zq_04_CQ\zq_04_CQ03924.bmp


ans =

E:\zq_04_CQ\zq_04_CQ01852.bmp


ans =

E:\zq_04_CQ\zq_04_CQ02894.bmp


ans =

E:\zq_04_CQ\zq_04_CQ01356.bmp


ans =

E:\zq_04_CQ\zq_04_CQ04345.bmp


ans =

E:\zq_04_CQ\zq_04_CQ00636.bmp


ans =

E:\zq_04_CQ\zq_04_CQ02471.bmp


ans =

E:\zq_04_CQ\zq_04_CQ03919.bmp


ans =

E:\zq_04_CQ\zq_04_CQ01849.bmp


ans =

E:\zq_04_CQ\zq_04_CQ02884.bmp


ans =

E:\zq_04_CQ\zq_04_CQ03436.bmp


ans =

E:\zq_04_CQ\zq_04_CQ01354.bmp


ans =

E:\zq_04_CQ\zq_04_CQ04344.bmp


ans =

E:\zq_04_CQ\zq_04_CQ00630.bmp


ans =

E:\zq_04_CQ\zq_04_CQ02469.bmp


ans =

E:\zq_04_CQ\zq_04_CQ03918.bmp


ans =

E:\zq_04_CQ\zq_04_CQ01848.bmp


ans =

E:\zq_04_CQ\zq_04_CQ02881.bmp


ans =

E:\zq_04_CQ\zq_04_CQ03433.bmp


ans =

E:\zq_04_CQ\zq_04_CQ01353.bmp


ans =

E:\zq_04_CQ\zq_04_CQ04342.bmp


ans =

E:\zq_04_CQ\zq_04_CQ00627.bmp


ans =

E:\zq_04_CQ\zq_04_CQ02467.bmp


ans =

E:\zq_04_CQ\zq_04_CQ03912.bmp


ans =

E:\zq_04_CQ\zq_04_CQ01845.bmp


ans =

E:\zq_04_CQ\zq_04_CQ02870.bmp


ans =

E:\zq_04_CQ\zq_04_CQ03432.bmp


ans =

E:\zq_04_CQ\zq_04_CQ01347.bmp


ans =

E:\zq_04_CQ\zq_04_CQ04339.bmp


ans =

E:\zq_04_CQ\zq_04_CQ00624.bmp


ans =

E:\zq_04_CQ\zq_04_CQ02466.bmp


ans =

E:\zq_04_CQ\zq_04_CQ03907.bmp


ans =

E:\zq_04_CQ\zq_04_CQ02868.bmp


ans =

E:\zq_04_CQ\zq_04_CQ01844.bmp


ans =

E:\zq_04_CQ\zq_04_CQ03429.bmp


ans =

E:\zq_04_CQ\zq_04_CQ01341.bmp


ans =

E:\zq_04_CQ\zq_04_CQ04337.bmp


ans =

E:\zq_04_CQ\zq_04_CQ00621.bmp


ans =

E:\zq_04_CQ\zq_04_CQ02463.bmp


ans =

E:\zq_04_CQ\zq_04_CQ03900.bmp


ans =

E:\zq_04_CQ\zq_04_CQ02857.bmp


ans =

E:\zq_04_CQ\zq_04_CQ01842.bmp


ans =

E:\zq_04_CQ\zq_04_CQ03428.bmp


ans =

E:\zq_04_CQ\zq_04_CQ01338.bmp


ans =

E:\zq_04_CQ\zq_04_CQ04335.bmp


ans =

E:\zq_04_CQ\zq_04_CQ00616.bmp


ans =

E:\zq_04_CQ\zq_04_CQ02460.bmp


ans =

E:\zq_04_CQ\zq_04_CQ03893.bmp


ans =

E:\zq_04_CQ\zq_04_CQ02853.bmp


ans =

E:\zq_04_CQ\zq_04_CQ01841.bmp


ans =

E:\zq_04_CQ\zq_04_CQ03426.bmp


ans =

E:\zq_04_CQ\zq_04_CQ01335.bmp


ans =

E:\zq_04_CQ\zq_04_CQ00613.bmp


ans =

E:\zq_04_CQ\zq_04_CQ04332.bmp


ans =

E:\zq_04_CQ\zq_04_CQ02454.bmp


ans =

E:\zq_04_CQ\zq_04_CQ03888.bmp


ans =

E:\zq_04_CQ\zq_04_CQ02847.bmp


ans =

E:\zq_04_CQ\zq_04_CQ01837.bmp


ans =

E:\zq_04_CQ\zq_04_CQ03424.bmp


ans =

E:\zq_04_CQ\zq_04_CQ01332.bmp


ans =

E:\zq_04_CQ\zq_04_CQ04331.bmp


ans =

E:\zq_04_CQ\zq_04_CQ02448.bmp


ans =

E:\zq_04_CQ\zq_04_CQ03882.bmp


ans =

E:\zq_04_CQ\zq_04_CQ02845.bmp


ans =

E:\zq_04_CQ\zq_04_CQ00606.bmp


ans =

E:\zq_04_CQ\zq_04_CQ01836.bmp


ans =

E:\zq_04_CQ\zq_04_CQ03422.bmp


ans =

E:\zq_04_CQ\zq_04_CQ01330.bmp


ans =

E:\zq_04_CQ\zq_04_CQ04328.bmp


ans =

E:\zq_04_CQ\zq_04_CQ02442.bmp


ans =

E:\zq_04_CQ\zq_04_CQ03876.bmp


ans =

E:\zq_04_CQ\zq_04_CQ02835.bmp


ans =

E:\zq_04_CQ\zq_04_CQ00602.bmp


ans =

E:\zq_04_CQ\zq_04_CQ01835.bmp


ans =

E:\zq_04_CQ\zq_04_CQ03421.bmp


ans =

E:\zq_04_CQ\zq_04_CQ01329.bmp


ans =

E:\zq_04_CQ\zq_04_CQ04327.bmp


ans =

E:\zq_04_CQ\zq_04_CQ02436.bmp


ans =

E:\zq_04_CQ\zq_04_CQ03870.bmp


ans =

E:\zq_04_CQ\zq_04_CQ00600.bmp


ans =

E:\zq_04_CQ\zq_04_CQ01828.bmp


ans =

E:\zq_04_CQ\zq_04_CQ02832.bmp


ans =

E:\zq_04_CQ\zq_04_CQ03417.bmp


ans =

E:\zq_04_CQ\zq_04_CQ01327.bmp


ans =

E:\zq_04_CQ\zq_04_CQ00597.bmp


ans =

E:\zq_04_CQ\zq_04_CQ04324.bmp


ans =

E:\zq_04_CQ\zq_04_CQ02430.bmp


ans =

E:\zq_04_CQ\zq_04_CQ03864.bmp


ans =

E:\zq_04_CQ\zq_04_CQ01825.bmp


ans =

E:\zq_04_CQ\zq_04_CQ02831.bmp


ans =

E:\zq_04_CQ\zq_04_CQ03416.bmp


ans =

E:\zq_04_CQ\zq_04_CQ01326.bmp


ans =

E:\zq_04_CQ\zq_04_CQ00594.bmp


ans =

E:\zq_04_CQ\zq_04_CQ04322.bmp


ans =

E:\zq_04_CQ\zq_04_CQ02423.bmp


ans =

E:\zq_04_CQ\zq_04_CQ03858.bmp


ans =

E:\zq_04_CQ\zq_04_CQ01819.bmp


ans =

E:\zq_04_CQ\zq_04_CQ02820.bmp


ans =

E:\zq_04_CQ\zq_04_CQ03413.bmp


ans =

E:\zq_04_CQ\zq_04_CQ01320.bmp


ans =

E:\zq_04_CQ\zq_04_CQ00588.bmp


ans =

E:\zq_04_CQ\zq_04_CQ04319.bmp


ans =

E:\zq_04_CQ\zq_04_CQ02418.bmp


ans =

E:\zq_04_CQ\zq_04_CQ03852.bmp


ans =

E:\zq_04_CQ\zq_04_CQ01814.bmp


ans =

E:\zq_04_CQ\zq_04_CQ02818.bmp


ans =

E:\zq_04_CQ\zq_04_CQ01313.bmp


ans =

E:\zq_04_CQ\zq_04_CQ03412.bmp


ans =

E:\zq_04_CQ\zq_04_CQ04317.bmp


ans =

E:\zq_04_CQ\zq_04_CQ02412.bmp


ans =

E:\zq_04_CQ\zq_04_CQ03848.bmp


ans =

E:\zq_04_CQ\zq_04_CQ01810.bmp


ans =

E:\zq_04_CQ\zq_04_CQ02817.bmp


ans =

E:\zq_04_CQ\zq_04_CQ00585.bmp


ans =

E:\zq_04_CQ\zq_04_CQ01308.bmp


ans =

E:\zq_04_CQ\zq_04_CQ03410.bmp


ans =

E:\zq_04_CQ\zq_04_CQ04316.bmp


ans =

E:\zq_04_CQ\zq_04_CQ02406.bmp


ans =

E:\zq_04_CQ\zq_04_CQ03846.bmp


ans =

E:\zq_04_CQ\zq_04_CQ01796.bmp


ans =

E:\zq_04_CQ\zq_04_CQ02807.bmp


ans =

E:\zq_04_CQ\zq_04_CQ00580.bmp


ans =

E:\zq_04_CQ\zq_04_CQ01305.bmp


ans =

E:\zq_04_CQ\zq_04_CQ03409.bmp


ans =

E:\zq_04_CQ\zq_04_CQ02400.bmp


ans =

E:\zq_04_CQ\zq_04_CQ03844.bmp


ans =

E:\zq_04_CQ\zq_04_CQ01792.bmp


ans =

E:\zq_04_CQ\zq_04_CQ02806.bmp


ans =

E:\zq_04_CQ\zq_04_CQ00576.bmp


ans =

E:\zq_04_CQ\zq_04_CQ04311.bmp


ans =

E:\zq_04_CQ\zq_04_CQ01302.bmp


ans =

E:\zq_04_CQ\zq_04_CQ03407.bmp


ans =

E:\zq_04_CQ\zq_04_CQ02804.bmp


ans =

E:\zq_04_CQ\zq_04_CQ02394.bmp


ans =

E:\zq_04_CQ\zq_04_CQ03843.bmp


ans =

E:\zq_04_CQ\zq_04_CQ01786.bmp


ans =

E:\zq_04_CQ\zq_04_CQ00573.bmp


ans =

E:\zq_04_CQ\zq_04_CQ04309.bmp


ans =

E:\zq_04_CQ\zq_04_CQ01299.bmp


ans =

E:\zq_04_CQ\zq_04_CQ03403.bmp


ans =

E:\zq_04_CQ\zq_04_CQ02800.bmp


ans =

E:\zq_04_CQ\zq_04_CQ02388.bmp


ans =

E:\zq_04_CQ\zq_04_CQ03838.bmp


ans =

E:\zq_04_CQ\zq_04_CQ01777.bmp


ans =

E:\zq_04_CQ\zq_04_CQ00571.bmp


ans =

E:\zq_04_CQ\zq_04_CQ04308.bmp


ans =

E:\zq_04_CQ\zq_04_CQ01296.bmp


ans =

E:\zq_04_CQ\zq_04_CQ03402.bmp


ans =

E:\zq_04_CQ\zq_04_CQ01774.bmp


ans =

E:\zq_04_CQ\zq_04_CQ02797.bmp


ans =

E:\zq_04_CQ\zq_04_CQ02382.bmp


ans =

E:\zq_04_CQ\zq_04_CQ03834.bmp


ans =

E:\zq_04_CQ\zq_04_CQ00567.bmp


ans =

E:\zq_04_CQ\zq_04_CQ04306.bmp


ans =

E:\zq_04_CQ\zq_04_CQ01290.bmp


ans =

E:\zq_04_CQ\zq_04_CQ03399.bmp


ans =

E:\zq_04_CQ\zq_04_CQ01764.bmp


ans =

E:\zq_04_CQ\zq_04_CQ02791.bmp


ans =

E:\zq_04_CQ\zq_04_CQ02375.bmp


ans =

E:\zq_04_CQ\zq_04_CQ03833.bmp


ans =

E:\zq_04_CQ\zq_04_CQ00561.bmp


ans =

E:\zq_04_CQ\zq_04_CQ04305.bmp


ans =

E:\zq_04_CQ\zq_04_CQ01287.bmp


ans =

E:\zq_04_CQ\zq_04_CQ01758.bmp


ans =

E:\zq_04_CQ\zq_04_CQ02784.bmp


ans =

E:\zq_04_CQ\zq_04_CQ03398.bmp


ans =

E:\zq_04_CQ\zq_04_CQ02369.bmp


ans =

E:\zq_04_CQ\zq_04_CQ03830.bmp


ans =

E:\zq_04_CQ\zq_04_CQ00555.bmp


ans =

E:\zq_04_CQ\zq_04_CQ04301.bmp


ans =

E:\zq_04_CQ\zq_04_CQ01284.bmp


ans =

E:\zq_04_CQ\zq_04_CQ02364.bmp


ans =

E:\zq_04_CQ\zq_04_CQ01750.bmp


ans =

E:\zq_04_CQ\zq_04_CQ02781.bmp


ans =

E:\zq_04_CQ\zq_04_CQ03394.bmp


ans =

E:\zq_04_CQ\zq_04_CQ03829.bmp


ans =

E:\zq_04_CQ\zq_04_CQ00552.bmp


ans =

E:\zq_04_CQ\zq_04_CQ04300.bmp


ans =

E:\zq_04_CQ\zq_04_CQ01281.bmp


ans =

E:\zq_04_CQ\zq_04_CQ02358.bmp


ans =

E:\zq_04_CQ\zq_04_CQ01744.bmp


ans =

E:\zq_04_CQ\zq_04_CQ02779.bmp


ans =

E:\zq_04_CQ\zq_04_CQ03391.bmp


ans =

E:\zq_04_CQ\zq_04_CQ03825.bmp


ans =

E:\zq_04_CQ\zq_04_CQ00549.bmp


ans =

E:\zq_04_CQ\zq_04_CQ04295.bmp


ans =

E:\zq_04_CQ\zq_04_CQ01275.bmp


ans =

E:\zq_04_CQ\zq_04_CQ02352.bmp


ans =

E:\zq_04_CQ\zq_04_CQ01739.bmp


ans =

E:\zq_04_CQ\zq_04_CQ02775.bmp


ans =

E:\zq_04_CQ\zq_04_CQ03382.bmp


ans =

E:\zq_04_CQ\zq_04_CQ03824.bmp


ans =

E:\zq_04_CQ\zq_04_CQ00546.bmp


ans =

E:\zq_04_CQ\zq_04_CQ04294.bmp


ans =

E:\zq_04_CQ\zq_04_CQ01269.bmp


ans =

E:\zq_04_CQ\zq_04_CQ02346.bmp


ans =

E:\zq_04_CQ\zq_04_CQ01735.bmp


ans =

E:\zq_04_CQ\zq_04_CQ02774.bmp


ans =

E:\zq_04_CQ\zq_04_CQ03379.bmp


ans =

E:\zq_04_CQ\zq_04_CQ03822.bmp


ans =

E:\zq_04_CQ\zq_04_CQ00543.bmp


ans =

E:\zq_04_CQ\zq_04_CQ04287.bmp


ans =

E:\zq_04_CQ\zq_04_CQ01266.bmp


ans =

E:\zq_04_CQ\zq_04_CQ02340.bmp


ans =

E:\zq_04_CQ\zq_04_CQ01732.bmp


ans =

E:\zq_04_CQ\zq_04_CQ02772.bmp


ans =

E:\zq_04_CQ\zq_04_CQ03372.bmp


ans =

E:\zq_04_CQ\zq_04_CQ03821.bmp


ans =

E:\zq_04_CQ\zq_04_CQ00540.bmp


ans =

E:\zq_04_CQ\zq_04_CQ04286.bmp


ans =

E:\zq_04_CQ\zq_04_CQ01263.bmp


ans =

E:\zq_04_CQ\zq_04_CQ02334.bmp


ans =

E:\zq_04_CQ\zq_04_CQ01727.bmp


ans =

E:\zq_04_CQ\zq_04_CQ02771.bmp


ans =

E:\zq_04_CQ\zq_04_CQ03371.bmp


ans =

E:\zq_04_CQ\zq_04_CQ03818.bmp


ans =

E:\zq_04_CQ\zq_04_CQ00534.bmp


ans =

E:\zq_04_CQ\zq_04_CQ04283.bmp


ans =

E:\zq_04_CQ\zq_04_CQ01261.bmp


ans =

E:\zq_04_CQ\zq_04_CQ02328.bmp


ans =

E:\zq_04_CQ\zq_04_CQ01719.bmp


ans =

E:\zq_04_CQ\zq_04_CQ02767.bmp


ans =

E:\zq_04_CQ\zq_04_CQ03361.bmp


ans =

E:\zq_04_CQ\zq_04_CQ03816.bmp


ans =

E:\zq_04_CQ\zq_04_CQ00528.bmp


ans =

E:\zq_04_CQ\zq_04_CQ04282.bmp


ans =

E:\zq_04_CQ\zq_04_CQ01256.bmp


ans =

E:\zq_04_CQ\zq_04_CQ02322.bmp


ans =

E:\zq_04_CQ\zq_04_CQ01713.bmp


ans =

E:\zq_04_CQ\zq_04_CQ02766.bmp


ans =

E:\zq_04_CQ\zq_04_CQ03815.bmp


ans =

E:\zq_04_CQ\zq_04_CQ00522.bmp


ans =

E:\zq_04_CQ\zq_04_CQ03359.bmp


ans =

E:\zq_04_CQ\zq_04_CQ04279.bmp


ans =

E:\zq_04_CQ\zq_04_CQ01253.bmp


ans =

E:\zq_04_CQ\zq_04_CQ02315.bmp


ans =

E:\zq_04_CQ\zq_04_CQ01710.bmp


ans =

E:\zq_04_CQ\zq_04_CQ02764.bmp


ans =

E:\zq_04_CQ\zq_04_CQ03813.bmp


ans =

E:\zq_04_CQ\zq_04_CQ00519.bmp


ans =

E:\zq_04_CQ\zq_04_CQ03351.bmp


ans =

E:\zq_04_CQ\zq_04_CQ04278.bmp


ans =

E:\zq_04_CQ\zq_04_CQ02309.bmp


ans =

E:\zq_04_CQ\zq_04_CQ01707.bmp


ans =

E:\zq_04_CQ\zq_04_CQ02763.bmp


ans =

E:\zq_04_CQ\zq_04_CQ01250.bmp


ans =

E:\zq_04_CQ\zq_04_CQ03811.bmp


ans =

E:\zq_04_CQ\zq_04_CQ00516.bmp


ans =

E:\zq_04_CQ\zq_04_CQ03349.bmp


ans =

E:\zq_04_CQ\zq_04_CQ04274.bmp


ans =

E:\zq_04_CQ\zq_04_CQ01245.bmp


ans =

E:\zq_04_CQ\zq_04_CQ02303.bmp


ans =

E:\zq_04_CQ\zq_04_CQ01704.bmp


ans =

E:\zq_04_CQ\zq_04_CQ02762.bmp


ans =

E:\zq_04_CQ\zq_04_CQ03810.bmp


ans =

E:\zq_04_CQ\zq_04_CQ00513.bmp


ans =

E:\zq_04_CQ\zq_04_CQ03339.bmp


ans =

E:\zq_04_CQ\zq_04_CQ04273.bmp


ans =

E:\zq_04_CQ\zq_04_CQ01239.bmp


ans =

E:\zq_04_CQ\zq_04_CQ02298.bmp


ans =

E:\zq_04_CQ\zq_04_CQ01701.bmp


ans =

E:\zq_04_CQ\zq_04_CQ02760.bmp


ans =

E:\zq_04_CQ\zq_04_CQ03808.bmp


ans =

E:\zq_04_CQ\zq_04_CQ00510.bmp


ans =

E:\zq_04_CQ\zq_04_CQ03334.bmp


ans =

E:\zq_04_CQ\zq_04_CQ04270.bmp


ans =

E:\zq_04_CQ\zq_04_CQ02292.bmp


ans =

E:\zq_04_CQ\zq_04_CQ01698.bmp


ans =

E:\zq_04_CQ\zq_04_CQ02754.bmp


ans =

E:\zq_04_CQ\zq_04_CQ01233.bmp


ans =

E:\zq_04_CQ\zq_04_CQ03804.bmp


ans =

E:\zq_04_CQ\zq_04_CQ00504.bmp


ans =

E:\zq_04_CQ\zq_04_CQ03329.bmp


ans =

E:\zq_04_CQ\zq_04_CQ04268.bmp


ans =

E:\zq_04_CQ\zq_04_CQ02286.bmp


ans =

E:\zq_04_CQ\zq_04_CQ01692.bmp


ans =

E:\zq_04_CQ\zq_04_CQ02748.bmp


ans =

E:\zq_04_CQ\zq_04_CQ01230.bmp


ans =

E:\zq_04_CQ\zq_04_CQ03803.bmp


ans =

E:\zq_04_CQ\zq_04_CQ00501.bmp


ans =

E:\zq_04_CQ\zq_04_CQ03322.bmp


ans =

E:\zq_04_CQ\zq_04_CQ02281.bmp


ans =

E:\zq_04_CQ\zq_04_CQ01687.bmp


ans =

E:\zq_04_CQ\zq_04_CQ02745.bmp


ans =

E:\zq_04_CQ\zq_04_CQ01227.bmp


ans =

E:\zq_04_CQ\zq_04_CQ04266.bmp


ans =

E:\zq_04_CQ\zq_04_CQ03800.bmp


ans =

E:\zq_04_CQ\zq_04_CQ00499.bmp


ans =

E:\zq_04_CQ\zq_04_CQ03318.bmp


ans =

E:\zq_04_CQ\zq_04_CQ02274.bmp


ans =

E:\zq_04_CQ\zq_04_CQ01683.bmp


ans =

E:\zq_04_CQ\zq_04_CQ02742.bmp


ans =

E:\zq_04_CQ\zq_04_CQ01224.bmp


ans =

E:\zq_04_CQ\zq_04_CQ04264.bmp


ans =

E:\zq_04_CQ\zq_04_CQ03799.bmp


ans =

E:\zq_04_CQ\zq_04_CQ00495.bmp


ans =

E:\zq_04_CQ\zq_04_CQ03310.bmp


ans =

E:\zq_04_CQ\zq_04_CQ02273.bmp


ans =

E:\zq_04_CQ\zq_04_CQ01680.bmp


ans =

E:\zq_04_CQ\zq_04_CQ02739.bmp


ans =

E:\zq_04_CQ\zq_04_CQ01218.bmp


ans =

E:\zq_04_CQ\zq_04_CQ04262.bmp


ans =

E:\zq_04_CQ\zq_04_CQ03798.bmp


ans =

E:\zq_04_CQ\zq_04_CQ00491.bmp


ans =

E:\zq_04_CQ\zq_04_CQ03301.bmp


ans =

E:\zq_04_CQ\zq_04_CQ02272.bmp


ans =

E:\zq_04_CQ\zq_04_CQ01677.bmp


ans =

E:\zq_04_CQ\zq_04_CQ02736.bmp


ans =

E:\zq_04_CQ\zq_04_CQ01212.bmp


ans =

E:\zq_04_CQ\zq_04_CQ04260.bmp


ans =

E:\zq_04_CQ\zq_04_CQ03794.bmp


ans =

E:\zq_04_CQ\zq_04_CQ00486.bmp


ans =

E:\zq_04_CQ\zq_04_CQ03296.bmp


ans =

E:\zq_04_CQ\zq_04_CQ02268.bmp


ans =

E:\zq_04_CQ\zq_04_CQ01674.bmp


ans =

E:\zq_04_CQ\zq_04_CQ02735.bmp


ans =

E:\zq_04_CQ\zq_04_CQ01207.bmp


ans =

E:\zq_04_CQ\zq_04_CQ03792.bmp


ans =

E:\zq_04_CQ\zq_04_CQ00481.bmp


ans =

E:\zq_04_CQ\zq_04_CQ04256.bmp


ans =

E:\zq_04_CQ\zq_04_CQ03289.bmp


ans =

E:\zq_04_CQ\zq_04_CQ02267.bmp


ans =

E:\zq_04_CQ\zq_04_CQ02734.bmp


ans =

E:\zq_04_CQ\zq_04_CQ01199.bmp


ans =

E:\zq_04_CQ\zq_04_CQ01667.bmp


ans =

E:\zq_04_CQ\zq_04_CQ00477.bmp


ans =

E:\zq_04_CQ\zq_04_CQ04254.bmp


ans =

E:\zq_04_CQ\zq_04_CQ03790.bmp


ans =

E:\zq_04_CQ\zq_04_CQ03286.bmp


ans =

E:\zq_04_CQ\zq_04_CQ02265.bmp


ans =

E:\zq_04_CQ\zq_04_CQ02731.bmp


ans =

E:\zq_04_CQ\zq_04_CQ01194.bmp


ans =

E:\zq_04_CQ\zq_04_CQ01662.bmp


ans =

E:\zq_04_CQ\zq_04_CQ00474.bmp


ans =

E:\zq_04_CQ\zq_04_CQ04253.bmp


ans =

E:\zq_04_CQ\zq_04_CQ03788.bmp


ans =

E:\zq_04_CQ\zq_04_CQ03282.bmp


ans =

E:\zq_04_CQ\zq_04_CQ02264.bmp


ans =

E:\zq_04_CQ\zq_04_CQ02730.bmp


ans =

E:\zq_04_CQ\zq_04_CQ01187.bmp


ans =

E:\zq_04_CQ\zq_04_CQ01659.bmp


ans =

E:\zq_04_CQ\zq_04_CQ00471.bmp


ans =

E:\zq_04_CQ\zq_04_CQ04252.bmp


ans =

E:\zq_04_CQ\zq_04_CQ03787.bmp


ans =

E:\zq_04_CQ\zq_04_CQ03276.bmp


ans =

E:\zq_04_CQ\zq_04_CQ02263.bmp


ans =

E:\zq_04_CQ\zq_04_CQ02724.bmp


ans =

E:\zq_04_CQ\zq_04_CQ01182.bmp


ans =

E:\zq_04_CQ\zq_04_CQ01656.bmp


ans =

E:\zq_04_CQ\zq_04_CQ00468.bmp


ans =

E:\zq_04_CQ\zq_04_CQ04249.bmp


ans =

E:\zq_04_CQ\zq_04_CQ03784.bmp


ans =

E:\zq_04_CQ\zq_04_CQ03271.bmp


ans =

E:\zq_04_CQ\zq_04_CQ02261.bmp


ans =

E:\zq_04_CQ\zq_04_CQ02723.bmp


ans =

E:\zq_04_CQ\zq_04_CQ01177.bmp


ans =

E:\zq_04_CQ\zq_04_CQ01653.bmp


ans =

E:\zq_04_CQ\zq_04_CQ00463.bmp


ans =

E:\zq_04_CQ\zq_04_CQ03782.bmp


ans =

E:\zq_04_CQ\zq_04_CQ04248.bmp


ans =

E:\zq_04_CQ\zq_04_CQ03267.bmp


ans =

E:\zq_04_CQ\zq_04_CQ02260.bmp


ans =

E:\zq_04_CQ\zq_04_CQ02718.bmp


ans =

E:\zq_04_CQ\zq_04_CQ01170.bmp


ans =

E:\zq_04_CQ\zq_04_CQ01650.bmp


ans =

E:\zq_04_CQ\zq_04_CQ03778.bmp


ans =

E:\zq_04_CQ\zq_04_CQ00462.bmp


ans =

E:\zq_04_CQ\zq_04_CQ04245.bmp


ans =

E:\zq_04_CQ\zq_04_CQ03264.bmp


ans =

E:\zq_04_CQ\zq_04_CQ02259.bmp


ans =

E:\zq_04_CQ\zq_04_CQ02716.bmp


ans =

E:\zq_04_CQ\zq_04_CQ01164.bmp


ans =

E:\zq_04_CQ\zq_04_CQ01647.bmp


ans =

E:\zq_04_CQ\zq_04_CQ03777.bmp


ans =

E:\zq_04_CQ\zq_04_CQ00457.bmp


ans =

E:\zq_04_CQ\zq_04_CQ04243.bmp


ans =

E:\zq_04_CQ\zq_04_CQ03261.bmp


ans =

E:\zq_04_CQ\zq_04_CQ02257.bmp


ans =

E:\zq_04_CQ\zq_04_CQ02715.bmp


ans =

E:\zq_04_CQ\zq_04_CQ01158.bmp


ans =

E:\zq_04_CQ\zq_04_CQ01641.bmp


ans =

E:\zq_04_CQ\zq_04_CQ03774.bmp


ans =

E:\zq_04_CQ\zq_04_CQ00453.bmp


ans =

E:\zq_04_CQ\zq_04_CQ04242.bmp


ans =

E:\zq_04_CQ\zq_04_CQ03255.bmp


ans =

E:\zq_04_CQ\zq_04_CQ02256.bmp


ans =

E:\zq_04_CQ\zq_04_CQ02714.bmp


ans =

E:\zq_04_CQ\zq_04_CQ01152.bmp


ans =

E:\zq_04_CQ\zq_04_CQ01635.bmp


ans =

E:\zq_04_CQ\zq_04_CQ03773.bmp


ans =

E:\zq_04_CQ\zq_04_CQ00450.bmp


ans =

E:\zq_04_CQ\zq_04_CQ04241.bmp


ans =

E:\zq_04_CQ\zq_04_CQ03252.bmp


ans =

E:\zq_04_CQ\zq_04_CQ02254.bmp


ans =

E:\zq_04_CQ\zq_04_CQ02713.bmp


ans =

E:\zq_04_CQ\zq_04_CQ01632.bmp


ans =

E:\zq_04_CQ\zq_04_CQ01147.bmp


ans =

E:\zq_04_CQ\zq_04_CQ03772.bmp


ans =

E:\zq_04_CQ\zq_04_CQ00444.bmp


ans =

E:\zq_04_CQ\zq_04_CQ04240.bmp


ans =

E:\zq_04_CQ\zq_04_CQ03249.bmp


ans =

E:\zq_04_CQ\zq_04_CQ02252.bmp


ans =

E:\zq_04_CQ\zq_04_CQ02709.bmp


ans =

E:\zq_04_CQ\zq_04_CQ01630.bmp


ans =

E:\zq_04_CQ\zq_04_CQ01140.bmp


ans =

E:\zq_04_CQ\zq_04_CQ03769.bmp


ans =

E:\zq_04_CQ\zq_04_CQ00438.bmp


ans =

E:\zq_04_CQ\zq_04_CQ04238.bmp


ans =

E:\zq_04_CQ\zq_04_CQ03246.bmp


ans =

E:\zq_04_CQ\zq_04_CQ02250.bmp


ans =

E:\zq_04_CQ\zq_04_CQ02708.bmp


ans =

E:\zq_04_CQ\zq_04_CQ01629.bmp


ans =

E:\zq_04_CQ\zq_04_CQ01133.bmp


ans =

E:\zq_04_CQ\zq_04_CQ03767.bmp


ans =

E:\zq_04_CQ\zq_04_CQ00431.bmp


ans =

E:\zq_04_CQ\zq_04_CQ04236.bmp


ans =

E:\zq_04_CQ\zq_04_CQ02248.bmp


ans =

E:\zq_04_CQ\zq_04_CQ02707.bmp


ans =

E:\zq_04_CQ\zq_04_CQ03240.bmp


ans =

E:\zq_04_CQ\zq_04_CQ01128.bmp


ans =

E:\zq_04_CQ\zq_04_CQ03762.bmp


ans =

E:\zq_04_CQ\zq_04_CQ01624.bmp


ans =

E:\zq_04_CQ\zq_04_CQ00425.bmp


ans =

E:\zq_04_CQ\zq_04_CQ04233.bmp


ans =

E:\zq_04_CQ\zq_04_CQ02246.bmp


ans =

E:\zq_04_CQ\zq_04_CQ03235.bmp


ans =

E:\zq_04_CQ\zq_04_CQ02706.bmp


ans =

E:\zq_04_CQ\zq_04_CQ01122.bmp


ans =

E:\zq_04_CQ\zq_04_CQ01623.bmp


ans =

E:\zq_04_CQ\zq_04_CQ03760.bmp


ans =

E:\zq_04_CQ\zq_04_CQ00420.bmp


ans =

E:\zq_04_CQ\zq_04_CQ04223.bmp


ans =

E:\zq_04_CQ\zq_04_CQ02245.bmp


ans =

E:\zq_04_CQ\zq_04_CQ03234.bmp


ans =

E:\zq_04_CQ\zq_04_CQ02705.bmp


ans =

E:\zq_04_CQ\zq_04_CQ01619.bmp


ans =

E:\zq_04_CQ\zq_04_CQ01116.bmp


ans =

E:\zq_04_CQ\zq_04_CQ03753.bmp


ans =

E:\zq_04_CQ\zq_04_CQ00414.bmp


ans =

E:\zq_04_CQ\zq_04_CQ04220.bmp


ans =

E:\zq_04_CQ\zq_04_CQ02242.bmp


ans =

E:\zq_04_CQ\zq_04_CQ03228.bmp


ans =

E:\zq_04_CQ\zq_04_CQ02704.bmp


ans =

E:\zq_04_CQ\zq_04_CQ01618.bmp


ans =

E:\zq_04_CQ\zq_04_CQ01110.bmp


ans =

E:\zq_04_CQ\zq_04_CQ03749.bmp


ans =

E:\zq_04_CQ\zq_04_CQ00408.bmp


ans =

E:\zq_04_CQ\zq_04_CQ04210.bmp


ans =

E:\zq_04_CQ\zq_04_CQ02241.bmp


ans =

E:\zq_04_CQ\zq_04_CQ03225.bmp


ans =

E:\zq_04_CQ\zq_04_CQ02703.bmp


ans =

E:\zq_04_CQ\zq_04_CQ01617.bmp


ans =

E:\zq_04_CQ\zq_04_CQ01104.bmp


ans =

E:\zq_04_CQ\zq_04_CQ03741.bmp


ans =

E:\zq_04_CQ\zq_04_CQ00402.bmp


ans =

E:\zq_04_CQ\zq_04_CQ04209.bmp


ans =

E:\zq_04_CQ\zq_04_CQ02238.bmp


ans =

E:\zq_04_CQ\zq_04_CQ02700.bmp


ans =

E:\zq_04_CQ\zq_04_CQ03222.bmp


ans =

E:\zq_04_CQ\zq_04_CQ01615.bmp


ans =

E:\zq_04_CQ\zq_04_CQ01098.bmp


ans =

E:\zq_04_CQ\zq_04_CQ03735.bmp


ans =

E:\zq_04_CQ\zq_04_CQ00396.bmp


ans =

E:\zq_04_CQ\zq_04_CQ04208.bmp


ans =

E:\zq_04_CQ\zq_04_CQ02237.bmp


ans =

E:\zq_04_CQ\zq_04_CQ02698.bmp


ans =

E:\zq_04_CQ\zq_04_CQ03217.bmp


ans =

E:\zq_04_CQ\zq_04_CQ01614.bmp


ans =

E:\zq_04_CQ\zq_04_CQ01092.bmp


ans =

E:\zq_04_CQ\zq_04_CQ03730.bmp


ans =

E:\zq_04_CQ\zq_04_CQ00390.bmp


ans =

E:\zq_04_CQ\zq_04_CQ04198.bmp


ans =

E:\zq_04_CQ\zq_04_CQ02234.bmp


ans =

E:\zq_04_CQ\zq_04_CQ02697.bmp


ans =

E:\zq_04_CQ\zq_04_CQ03213.bmp


ans =

E:\zq_04_CQ\zq_04_CQ01613.bmp


ans =

E:\zq_04_CQ\zq_04_CQ01086.bmp


ans =

E:\zq_04_CQ\zq_04_CQ03720.bmp


ans =

E:\zq_04_CQ\zq_04_CQ00385.bmp


ans =

E:\zq_04_CQ\zq_04_CQ04194.bmp


ans =

E:\zq_04_CQ\zq_04_CQ02233.bmp


ans =

E:\zq_04_CQ\zq_04_CQ02693.bmp


ans =

E:\zq_04_CQ\zq_04_CQ03211.bmp


ans =

E:\zq_04_CQ\zq_04_CQ01612.bmp


ans =

E:\zq_04_CQ\zq_04_CQ01080.bmp


ans =

E:\zq_04_CQ\zq_04_CQ03714.bmp


ans =

E:\zq_04_CQ\zq_04_CQ00378.bmp


ans =

E:\zq_04_CQ\zq_04_CQ04183.bmp


ans =

E:\zq_04_CQ\zq_04_CQ02232.bmp


ans =

E:\zq_04_CQ\zq_04_CQ02692.bmp


ans =

E:\zq_04_CQ\zq_04_CQ03208.bmp


ans =

E:\zq_04_CQ\zq_04_CQ01610.bmp


ans =

E:\zq_04_CQ\zq_04_CQ01073.bmp


ans =

E:\zq_04_CQ\zq_04_CQ03701.bmp


ans =

E:\zq_04_CQ\zq_04_CQ00372.bmp


ans =

E:\zq_04_CQ\zq_04_CQ02231.bmp


ans =

E:\zq_04_CQ\zq_04_CQ04176.bmp


ans =

E:\zq_04_CQ\zq_04_CQ02691.bmp


ans =

E:\zq_04_CQ\zq_04_CQ03202.bmp


ans =

E:\zq_04_CQ\zq_04_CQ01608.bmp


ans =

E:\zq_04_CQ\zq_04_CQ01068.bmp


ans =

E:\zq_04_CQ\zq_04_CQ03691.bmp


ans =

E:\zq_04_CQ\zq_04_CQ00365.bmp


ans =

E:\zq_04_CQ\zq_04_CQ02228.bmp


ans =

E:\zq_04_CQ\zq_04_CQ04172.bmp


ans =

E:\zq_04_CQ\zq_04_CQ02690.bmp


ans =

E:\zq_04_CQ\zq_04_CQ03198.bmp


ans =

E:\zq_04_CQ\zq_04_CQ01607.bmp


ans =

E:\zq_04_CQ\zq_04_CQ01063.bmp


ans =

E:\zq_04_CQ\zq_04_CQ00360.bmp


ans =

E:\zq_04_CQ\zq_04_CQ03682.bmp


ans =

E:\zq_04_CQ\zq_04_CQ02227.bmp


ans =

E:\zq_04_CQ\zq_04_CQ04167.bmp


ans =

E:\zq_04_CQ\zq_04_CQ02689.bmp


ans =

E:\zq_04_CQ\zq_04_CQ03197.bmp


ans =

E:\zq_04_CQ\zq_04_CQ01604.bmp


ans =

E:\zq_04_CQ\zq_04_CQ01062.bmp


ans =

E:\zq_04_CQ\zq_04_CQ00354.bmp


ans =

E:\zq_04_CQ\zq_04_CQ03676.bmp


ans =

E:\zq_04_CQ\zq_04_CQ02226.bmp


ans =

E:\zq_04_CQ\zq_04_CQ04161.bmp


ans =

E:\zq_04_CQ\zq_04_CQ02688.bmp


ans =

E:\zq_04_CQ\zq_04_CQ03196.bmp


ans =

E:\zq_04_CQ\zq_04_CQ01600.bmp


ans =

E:\zq_04_CQ\zq_04_CQ01057.bmp


ans =

E:\zq_04_CQ\zq_04_CQ03671.bmp


ans =

E:\zq_04_CQ\zq_04_CQ00348.bmp


ans =

E:\zq_04_CQ\zq_04_CQ02224.bmp


ans =

E:\zq_04_CQ\zq_04_CQ04156.bmp


ans =

E:\zq_04_CQ\zq_04_CQ02686.bmp


ans =

E:\zq_04_CQ\zq_04_CQ03195.bmp


ans =

E:\zq_04_CQ\zq_04_CQ01599.bmp


ans =

E:\zq_04_CQ\zq_04_CQ01056.bmp


ans =

E:\zq_04_CQ\zq_04_CQ03666.bmp


ans =

E:\zq_04_CQ\zq_04_CQ00342.bmp


ans =

E:\zq_04_CQ\zq_04_CQ02222.bmp


ans =

E:\zq_04_CQ\zq_04_CQ04147.bmp


ans =

E:\zq_04_CQ\zq_04_CQ02685.bmp


ans =

E:\zq_04_CQ\zq_04_CQ01597.bmp


ans =

E:\zq_04_CQ\zq_04_CQ03194.bmp


ans =

E:\zq_04_CQ\zq_04_CQ03658.bmp


ans =

E:\zq_04_CQ\zq_04_CQ01051.bmp


ans =

E:\zq_04_CQ\zq_04_CQ00336.bmp


ans =

E:\zq_04_CQ\zq_04_CQ02221.bmp


ans =

E:\zq_04_CQ\zq_04_CQ02684.bmp


ans =

E:\zq_04_CQ\zq_04_CQ04144.bmp


ans =

E:\zq_04_CQ\zq_04_CQ01596.bmp


ans =

E:\zq_04_CQ\zq_04_CQ03193.bmp


ans =

E:\zq_04_CQ\zq_04_CQ03652.bmp


ans =

E:\zq_04_CQ\zq_04_CQ01047.bmp


ans =

E:\zq_04_CQ\zq_04_CQ00330.bmp


ans =

E:\zq_04_CQ\zq_04_CQ02220.bmp


ans =

E:\zq_04_CQ\zq_04_CQ02683.bmp


ans =

E:\zq_04_CQ\zq_04_CQ04137.bmp


ans =

E:\zq_04_CQ\zq_04_CQ01593.bmp


ans =

E:\zq_04_CQ\zq_04_CQ03192.bmp


ans =

E:\zq_04_CQ\zq_04_CQ03645.bmp


ans =

E:\zq_04_CQ\zq_04_CQ01046.bmp


ans =

E:\zq_04_CQ\zq_04_CQ00324.bmp


ans =

E:\zq_04_CQ\zq_04_CQ02218.bmp


ans =

E:\zq_04_CQ\zq_04_CQ02682.bmp


ans =

E:\zq_04_CQ\zq_04_CQ04131.bmp


ans =

E:\zq_04_CQ\zq_04_CQ01590.bmp


ans =

E:\zq_04_CQ\zq_04_CQ03186.bmp


ans =

E:\zq_04_CQ\zq_04_CQ03640.bmp


ans =

E:\zq_04_CQ\zq_04_CQ01044.bmp


ans =

E:\zq_04_CQ\zq_04_CQ00319.bmp


ans =

E:\zq_04_CQ\zq_04_CQ02217.bmp


ans =

E:\zq_04_CQ\zq_04_CQ02679.bmp


ans =

E:\zq_04_CQ\zq_04_CQ04124.bmp


ans =

E:\zq_04_CQ\zq_04_CQ01587.bmp


ans =

E:\zq_04_CQ\zq_04_CQ03185.bmp


ans =

E:\zq_04_CQ\zq_04_CQ03633.bmp


ans =

E:\zq_04_CQ\zq_04_CQ01042.bmp


ans =

E:\zq_04_CQ\zq_04_CQ00311.bmp


ans =

E:\zq_04_CQ\zq_04_CQ02216.bmp


ans =

E:\zq_04_CQ\zq_04_CQ02678.bmp


ans =

E:\zq_04_CQ\zq_04_CQ04119.bmp


ans =

E:\zq_04_CQ\zq_04_CQ01584.bmp


ans =

E:\zq_04_CQ\zq_04_CQ00305.bmp


ans =

E:\zq_04_CQ\zq_04_CQ03184.bmp


ans =

E:\zq_04_CQ\zq_04_CQ03627.bmp


ans =

E:\zq_04_CQ\zq_04_CQ01039.bmp


ans =

E:\zq_04_CQ\zq_04_CQ02214.bmp


ans =

E:\zq_04_CQ\zq_04_CQ02677.bmp


ans =

E:\zq_04_CQ\zq_04_CQ04112.bmp


ans =

E:\zq_04_CQ\zq_04_CQ01579.bmp


ans =

E:\zq_04_CQ\zq_04_CQ00300.bmp


ans =

E:\zq_04_CQ\zq_04_CQ03183.bmp


ans =

E:\zq_04_CQ\zq_04_CQ03621.bmp


ans =

E:\zq_04_CQ\zq_04_CQ01037.bmp


ans =

E:\zq_04_CQ\zq_04_CQ02213.bmp


ans =

E:\zq_04_CQ\zq_04_CQ02676.bmp


ans =

E:\zq_04_CQ\zq_04_CQ04104.bmp


ans =

E:\zq_04_CQ\zq_04_CQ01578.bmp


ans =

E:\zq_04_CQ\zq_04_CQ00294.bmp


ans =

E:\zq_04_CQ\zq_04_CQ03181.bmp


ans =

E:\zq_04_CQ\zq_04_CQ03615.bmp


ans =

E:\zq_04_CQ\zq_04_CQ01035.bmp


ans =

E:\zq_04_CQ\zq_04_CQ02212.bmp


ans =

E:\zq_04_CQ\zq_04_CQ02675.bmp


ans =

E:\zq_04_CQ\zq_04_CQ01576.bmp


ans =

E:\zq_04_CQ\zq_04_CQ04102.bmp


ans =

E:\zq_04_CQ\zq_04_CQ03609.bmp


ans =

E:\zq_04_CQ\zq_04_CQ01032.bmp


ans =

E:\zq_04_CQ\zq_04_CQ00288.bmp


ans =

E:\zq_04_CQ\zq_04_CQ03180.bmp


ans =

E:\zq_04_CQ\zq_04_CQ02210.bmp


ans =

E:\zq_04_CQ\zq_04_CQ02674.bmp


ans =

E:\zq_04_CQ\zq_04_CQ01573.bmp


ans =

E:\zq_04_CQ\zq_04_CQ00282.bmp


ans =

E:\zq_04_CQ\zq_04_CQ04096.bmp


ans =

E:\zq_04_CQ\zq_04_CQ03603.bmp


ans =

E:\zq_04_CQ\zq_04_CQ01030.bmp


ans =

E:\zq_04_CQ\zq_04_CQ03174.bmp


ans =

E:\zq_04_CQ\zq_04_CQ02209.bmp


ans =

E:\zq_04_CQ\zq_04_CQ02668.bmp


ans =

E:\zq_04_CQ\zq_04_CQ01572.bmp


ans =

E:\zq_04_CQ\zq_04_CQ00276.bmp


ans =

E:\zq_04_CQ\zq_04_CQ04085.bmp


ans =

E:\zq_04_CQ\zq_04_CQ03597.bmp


ans =

E:\zq_04_CQ\zq_04_CQ01028.bmp


ans =

E:\zq_04_CQ\zq_04_CQ03168.bmp


ans =

E:\zq_04_CQ\zq_04_CQ02208.bmp


ans =

E:\zq_04_CQ\zq_04_CQ02667.bmp


ans =

E:\zq_04_CQ\zq_04_CQ01568.bmp


ans =

E:\zq_04_CQ\zq_04_CQ00270.bmp


ans =

E:\zq_04_CQ\zq_04_CQ04081.bmp


ans =

E:\zq_04_CQ\zq_04_CQ03591.bmp


ans =

E:\zq_04_CQ\zq_04_CQ01026.bmp


ans =

E:\zq_04_CQ\zq_04_CQ03166.bmp


ans =

E:\zq_04_CQ\zq_04_CQ02207.bmp


ans =

E:\zq_04_CQ\zq_04_CQ02665.bmp


ans =

E:\zq_04_CQ\zq_04_CQ01567.bmp


ans =

E:\zq_04_CQ\zq_04_CQ00264.bmp


ans =

E:\zq_04_CQ\zq_04_CQ04072.bmp


ans =

E:\zq_04_CQ\zq_04_CQ03585.bmp


ans =

E:\zq_04_CQ\zq_04_CQ01023.bmp


ans =

E:\zq_04_CQ\zq_04_CQ03165.bmp


ans =

E:\zq_04_CQ\zq_04_CQ02206.bmp


ans =

E:\zq_04_CQ\zq_04_CQ02664.bmp


ans =

E:\zq_04_CQ\zq_04_CQ01566.bmp


ans =

E:\zq_04_CQ\zq_04_CQ00258.bmp


ans =

E:\zq_04_CQ\zq_04_CQ04067.bmp


ans =

E:\zq_04_CQ\zq_04_CQ01020.bmp


ans =

E:\zq_04_CQ\zq_04_CQ03162.bmp


ans =

E:\zq_04_CQ\zq_04_CQ03579.bmp


ans =

E:\zq_04_CQ\zq_04_CQ02204.bmp


ans =

E:\zq_04_CQ\zq_04_CQ02663.bmp


ans =

E:\zq_04_CQ\zq_04_CQ01560.bmp


ans =

E:\zq_04_CQ\zq_04_CQ00251.bmp


ans =

E:\zq_04_CQ\zq_04_CQ04051.bmp


ans =

E:\zq_04_CQ\zq_04_CQ01019.bmp


ans =

E:\zq_04_CQ\zq_04_CQ03159.bmp


ans =

E:\zq_04_CQ\zq_04_CQ03573.bmp


ans =

E:\zq_04_CQ\zq_04_CQ02203.bmp


ans =

E:\zq_04_CQ\zq_04_CQ02662.bmp


ans =

E:\zq_04_CQ\zq_04_CQ01557.bmp


ans =

E:\zq_04_CQ\zq_04_CQ00246.bmp


ans =

E:\zq_04_CQ\zq_04_CQ04050.bmp


ans =

E:\zq_04_CQ\zq_04_CQ01016.bmp


ans =

E:\zq_04_CQ\zq_04_CQ03156.bmp


ans =

E:\zq_04_CQ\zq_04_CQ03569.bmp


ans =

E:\zq_04_CQ\zq_04_CQ02201.bmp


ans =

E:\zq_04_CQ\zq_04_CQ02660.bmp


ans =

E:\zq_04_CQ\zq_04_CQ01554.bmp


ans =

E:\zq_04_CQ\zq_04_CQ00240.bmp


ans =

E:\zq_04_CQ\zq_04_CQ04037.bmp


ans =

E:\zq_04_CQ\zq_04_CQ01015.bmp


ans =

E:\zq_04_CQ\zq_04_CQ03150.bmp


ans =

E:\zq_04_CQ\zq_04_CQ03568.bmp


ans =

E:\zq_04_CQ\zq_04_CQ02200.bmp


ans =

E:\zq_04_CQ\zq_04_CQ02659.bmp


ans =

E:\zq_04_CQ\zq_04_CQ01552.bmp


ans =

E:\zq_04_CQ\zq_04_CQ00234.bmp


ans =

E:\zq_04_CQ\zq_04_CQ01012.bmp


ans =

E:\zq_04_CQ\zq_04_CQ04035.bmp


ans =

E:\zq_04_CQ\zq_04_CQ03567.bmp


ans =

E:\zq_04_CQ\zq_04_CQ03145.bmp


ans =

E:\zq_04_CQ\zq_04_CQ02199.bmp


ans =

E:\zq_04_CQ\zq_04_CQ02653.bmp


ans =

E:\zq_04_CQ\zq_04_CQ01551.bmp


ans =

E:\zq_04_CQ\zq_04_CQ00228.bmp


ans =

E:\zq_04_CQ\zq_04_CQ01011.bmp


ans =

E:\zq_04_CQ\zq_04_CQ04024.bmp


ans =

E:\zq_04_CQ\zq_04_CQ03561.bmp


ans =

E:\zq_04_CQ\zq_04_CQ03140.bmp


ans =

E:\zq_04_CQ\zq_04_CQ02197.bmp


ans =

E:\zq_04_CQ\zq_04_CQ02652.bmp


ans =

E:\zq_04_CQ\zq_04_CQ01550.bmp


ans =

E:\zq_04_CQ\zq_04_CQ00222.bmp


ans =

E:\zq_04_CQ\zq_04_CQ01010.bmp


ans =

E:\zq_04_CQ\zq_04_CQ02195.bmp


ans =

E:\zq_04_CQ\zq_04_CQ03555.bmp


ans =

E:\zq_04_CQ\zq_04_CQ03137.bmp


ans =

E:\zq_04_CQ\zq_04_CQ02647.bmp


ans =

E:\zq_04_CQ\zq_04_CQ01548.bmp


ans =

E:\zq_04_CQ\zq_04_CQ00216.bmp


ans =

E:\zq_04_CQ\zq_04_CQ01007.bmp


ans =

E:\zq_04_CQ\zq_04_CQ04869.bmp


ans =

E:\zq_04_CQ\zq_04_CQ04863.bmp


ans =

E:\zq_04_CQ\zq_04_CQ02194.bmp


ans =

E:\zq_04_CQ\zq_04_CQ03549.bmp


ans =

E:\zq_04_CQ\zq_04_CQ03134.bmp


ans =

E:\zq_04_CQ\zq_04_CQ02646.bmp


ans =

E:\zq_04_CQ\zq_04_CQ01547.bmp


ans =

E:\zq_04_CQ\zq_04_CQ00210.bmp


ans =

E:\zq_04_CQ\zq_04_CQ01006.bmp


ans =

E:\zq_04_CQ\zq_04_CQ04859.bmp


ans =

E:\zq_04_CQ\zq_04_CQ02193.bmp


ans =

E:\zq_04_CQ\zq_04_CQ03542.bmp


ans =

E:\zq_04_CQ\zq_04_CQ03129.bmp


ans =

E:\zq_04_CQ\zq_04_CQ02644.bmp


ans =

E:\zq_04_CQ\zq_04_CQ01546.bmp


ans =

E:\zq_04_CQ\zq_04_CQ00204.bmp


ans =

E:\zq_04_CQ\zq_04_CQ01002.bmp


ans =

E:\zq_04_CQ\zq_04_CQ04857.bmp


ans =

E:\zq_04_CQ\zq_04_CQ02189.bmp


ans =

E:\zq_04_CQ\zq_04_CQ03537.bmp


ans =

E:\zq_04_CQ\zq_04_CQ03126.bmp


ans =

E:\zq_04_CQ\zq_04_CQ02643.bmp


ans =

E:\zq_04_CQ\zq_04_CQ01545.bmp


ans =

E:\zq_04_CQ\zq_04_CQ00197.bmp


ans =

E:\zq_04_CQ\zq_04_CQ01001.bmp


ans =

E:\zq_04_CQ\zq_04_CQ04853.bmp


ans =

E:\zq_04_CQ\zq_04_CQ02186.bmp


ans =

E:\zq_04_CQ\zq_04_CQ03534.bmp


ans =

E:\zq_04_CQ\zq_04_CQ03123.bmp


ans =

E:\zq_04_CQ\zq_04_CQ02641.bmp


ans =

E:\zq_04_CQ\zq_04_CQ01544.bmp


ans =

E:\zq_04_CQ\zq_04_CQ00191.bmp


ans =

E:\zq_04_CQ\zq_04_CQ00998.bmp


ans =

E:\zq_04_CQ\zq_04_CQ04851.bmp


ans =

E:\zq_04_CQ\zq_04_CQ02183.bmp


ans =

E:\zq_04_CQ\zq_04_CQ03533.bmp


ans =

E:\zq_04_CQ\zq_04_CQ03120.bmp


ans =

E:\zq_04_CQ\zq_04_CQ02640.bmp


ans =

E:\zq_04_CQ\zq_04_CQ01543.bmp


ans =

E:\zq_04_CQ\zq_04_CQ00186.bmp


ans =

E:\zq_04_CQ\zq_04_CQ00994.bmp


ans =

E:\zq_04_CQ\zq_04_CQ04844.bmp


ans =

E:\zq_04_CQ\zq_04_CQ02182.bmp


ans =

E:\zq_04_CQ\zq_04_CQ03531.bmp


ans =

E:\zq_04_CQ\zq_04_CQ03117.bmp


ans =

E:\zq_04_CQ\zq_04_CQ02638.bmp


ans =

E:\zq_04_CQ\zq_04_CQ01542.bmp


ans =

E:\zq_04_CQ\zq_04_CQ00180.bmp


ans =

E:\zq_04_CQ\zq_04_CQ00991.bmp


ans =

E:\zq_04_CQ\zq_04_CQ04839.bmp


ans =

E:\zq_04_CQ\zq_04_CQ02170.bmp


ans =

E:\zq_04_CQ\zq_04_CQ03525.bmp


ans =

E:\zq_04_CQ\zq_04_CQ03111.bmp


ans =

E:\zq_04_CQ\zq_04_CQ02637.bmp


ans =

E:\zq_04_CQ\zq_04_CQ01541.bmp


ans =

E:\zq_04_CQ\zq_04_CQ00174.bmp


ans =

E:\zq_04_CQ\zq_04_CQ00981.bmp


ans =

E:\zq_04_CQ\zq_04_CQ02169.bmp


ans =

E:\zq_04_CQ\zq_04_CQ03519.bmp


ans =

E:\zq_04_CQ\zq_04_CQ04838.bmp


ans =

E:\zq_04_CQ\zq_04_CQ03105.bmp


ans =

E:\zq_04_CQ\zq_04_CQ02635.bmp


ans =

E:\zq_04_CQ\zq_04_CQ01536.bmp


ans =

E:\zq_04_CQ\zq_04_CQ00168.bmp


ans =

E:\zq_04_CQ\zq_04_CQ00977.bmp


ans =

E:\zq_04_CQ\zq_04_CQ02167.bmp


ans =

E:\zq_04_CQ\zq_04_CQ03515.bmp


ans =

E:\zq_04_CQ\zq_04_CQ04836.bmp


ans =

E:\zq_04_CQ\zq_04_CQ03099.bmp


ans =

E:\zq_04_CQ\zq_04_CQ02634.bmp


ans =

E:\zq_04_CQ\zq_04_CQ01533.bmp


ans =

E:\zq_04_CQ\zq_04_CQ00162.bmp


ans =

E:\zq_04_CQ\zq_04_CQ02159.bmp


ans =

E:\zq_04_CQ\zq_04_CQ00967.bmp


ans =

E:\zq_04_CQ\zq_04_CQ03513.bmp


ans =

E:\zq_04_CQ\zq_04_CQ04835.bmp


ans =

E:\zq_04_CQ\zq_04_CQ03093.bmp


ans =

E:\zq_04_CQ\zq_04_CQ02632.bmp


ans =

E:\zq_04_CQ\zq_04_CQ01532.bmp


ans =

E:\zq_04_CQ\zq_04_CQ00156.bmp


ans =

E:\zq_04_CQ\zq_04_CQ02155.bmp


ans =

E:\zq_04_CQ\zq_04_CQ00964.bmp


ans =

E:\zq_04_CQ\zq_04_CQ03509.bmp


ans =

E:\zq_04_CQ\zq_04_CQ04833.bmp


ans =

E:\zq_04_CQ\zq_04_CQ03087.bmp


ans =

E:\zq_04_CQ\zq_04_CQ02631.bmp


ans =

E:\zq_04_CQ\zq_04_CQ01531.bmp


ans =

E:\zq_04_CQ\zq_04_CQ00150.bmp


ans =

E:\zq_04_CQ\zq_04_CQ02146.bmp


ans =

E:\zq_04_CQ\zq_04_CQ03508.bmp


ans =

E:\zq_04_CQ\zq_04_CQ00957.bmp


ans =

E:\zq_04_CQ\zq_04_CQ04828.bmp


ans =

E:\zq_04_CQ\zq_04_CQ02627.bmp


ans =

E:\zq_04_CQ\zq_04_CQ03081.bmp


ans =

E:\zq_04_CQ\zq_04_CQ01530.bmp


ans =

E:\zq_04_CQ\zq_04_CQ00144.bmp


ans =

E:\zq_04_CQ\zq_04_CQ02145.bmp


ans =

E:\zq_04_CQ\zq_04_CQ03504.bmp


ans =

E:\zq_04_CQ\zq_04_CQ00950.bmp


ans =

E:\zq_04_CQ\zq_04_CQ04827.bmp


ans =

E:\zq_04_CQ\zq_04_CQ02626.bmp


ans =

E:\zq_04_CQ\zq_04_CQ03080.bmp


ans =

E:\zq_04_CQ\zq_04_CQ01527.bmp


ans =

E:\zq_04_CQ\zq_04_CQ00137.bmp


ans =

E:\zq_04_CQ\zq_04_CQ02144.bmp


ans =

E:\zq_04_CQ\zq_04_CQ00942.bmp


ans =

E:\zq_04_CQ\zq_04_CQ04824.bmp


ans =

E:\zq_04_CQ\zq_04_CQ02625.bmp


ans =

E:\zq_04_CQ\zq_04_CQ03075.bmp


ans =

E:\zq_04_CQ\zq_04_CQ01524.bmp


ans =

E:\zq_04_CQ\zq_04_CQ00131.bmp


ans =

E:\zq_04_CQ\zq_04_CQ02130.bmp


ans =

E:\zq_04_CQ\zq_04_CQ05274.bmp


ans =

E:\zq_04_CQ\zq_04_CQ05271.bmp


ans =

E:\zq_04_CQ\zq_04_CQ00938.bmp


ans =

E:\zq_04_CQ\zq_04_CQ04822.bmp


ans =

E:\zq_04_CQ\zq_04_CQ02622.bmp


ans =

E:\zq_04_CQ\zq_04_CQ03074.bmp


ans =

E:\zq_04_CQ\zq_04_CQ01522.bmp


ans =

E:\zq_04_CQ\zq_04_CQ00126.bmp


ans =

E:\zq_04_CQ\zq_04_CQ02128.bmp


ans =

E:\zq_04_CQ\zq_04_CQ05270.bmp


ans =

E:\zq_04_CQ\zq_04_CQ00929.bmp


ans =

E:\zq_04_CQ\zq_04_CQ04821.bmp


ans =

E:\zq_04_CQ\zq_04_CQ02621.bmp


ans =

E:\zq_04_CQ\zq_04_CQ03070.bmp


ans =

E:\zq_04_CQ\zq_04_CQ00120.bmp


ans =

E:\zq_04_CQ\zq_04_CQ01521.bmp


ans =

E:\zq_04_CQ\zq_04_CQ02120.bmp


ans =

E:\zq_04_CQ\zq_04_CQ05263.bmp


ans =

E:\zq_04_CQ\zq_04_CQ00923.bmp


ans =

E:\zq_04_CQ\zq_04_CQ04817.bmp


ans =

E:\zq_04_CQ\zq_04_CQ02619.bmp


ans =

E:\zq_04_CQ\zq_04_CQ03069.bmp


ans =

E:\zq_04_CQ\zq_04_CQ00115.bmp


ans =

E:\zq_04_CQ\zq_04_CQ01520.bmp


ans =

E:\zq_04_CQ\zq_04_CQ02119.bmp


ans =

E:\zq_04_CQ\zq_04_CQ05261.bmp


ans =

E:\zq_04_CQ\zq_04_CQ02618.bmp


ans =

E:\zq_04_CQ\zq_04_CQ00918.bmp


ans =

E:\zq_04_CQ\zq_04_CQ04816.bmp


ans =

E:\zq_04_CQ\zq_04_CQ03064.bmp


ans =

E:\zq_04_CQ\zq_04_CQ00109.bmp


ans =

E:\zq_04_CQ\zq_04_CQ01519.bmp


ans =

E:\zq_04_CQ\zq_04_CQ02104.bmp


ans =

E:\zq_04_CQ\zq_04_CQ05259.bmp


ans =

E:\zq_04_CQ\zq_04_CQ02617.bmp


ans =

E:\zq_04_CQ\zq_04_CQ00913.bmp


ans =

E:\zq_04_CQ\zq_04_CQ04813.bmp


ans =

E:\zq_04_CQ\zq_04_CQ03063.bmp


ans =

E:\zq_04_CQ\zq_04_CQ00107.bmp


ans =

E:\zq_04_CQ\zq_04_CQ01518.bmp


ans =

E:\zq_04_CQ\zq_04_CQ02091.bmp


ans =

E:\zq_04_CQ\zq_04_CQ05256.bmp


ans =

E:\zq_04_CQ\zq_04_CQ02616.bmp


ans =

E:\zq_04_CQ\zq_04_CQ00904.bmp


ans =

E:\zq_04_CQ\zq_04_CQ04810.bmp


ans =

E:\zq_04_CQ\zq_04_CQ03058.bmp


ans =

E:\zq_04_CQ\zq_04_CQ00104.bmp


ans =

E:\zq_04_CQ\zq_04_CQ01517.bmp


ans =

E:\zq_04_CQ\zq_04_CQ02083.bmp


ans =

E:\zq_04_CQ\zq_04_CQ05254.bmp


ans =

E:\zq_04_CQ\zq_04_CQ02615.bmp


ans =

E:\zq_04_CQ\zq_04_CQ00896.bmp


ans =

E:\zq_04_CQ\zq_04_CQ04809.bmp


ans =

E:\zq_04_CQ\zq_04_CQ03057.bmp


ans =

E:\zq_04_CQ\zq_04_CQ00103.bmp


ans =

E:\zq_04_CQ\zq_04_CQ01516.bmp


ans =

E:\zq_04_CQ\zq_04_CQ02080.bmp


ans =

E:\zq_04_CQ\zq_04_CQ05253.bmp


ans =

E:\zq_04_CQ\zq_04_CQ02614.bmp


ans =

E:\zq_04_CQ\zq_04_CQ00891.bmp


ans =

E:\zq_04_CQ\zq_04_CQ04807.bmp


ans =

E:\zq_04_CQ\zq_04_CQ03052.bmp


ans =

E:\zq_04_CQ\zq_04_CQ00099.bmp


ans =

E:\zq_04_CQ\zq_04_CQ01515.bmp


ans =

E:\zq_04_CQ\zq_04_CQ02077.bmp


ans =

E:\zq_04_CQ\zq_04_CQ05249.bmp


ans =

E:\zq_04_CQ\zq_04_CQ02613.bmp


ans =

E:\zq_04_CQ\zq_04_CQ00886.bmp


ans =

E:\zq_04_CQ\zq_04_CQ04805.bmp


ans =

E:\zq_04_CQ\zq_04_CQ03051.bmp


ans =

E:\zq_04_CQ\zq_04_CQ00098.bmp


ans =

E:\zq_04_CQ\zq_04_CQ01512.bmp


ans =

E:\zq_04_CQ\zq_04_CQ02070.bmp


ans =

E:\zq_04_CQ\zq_04_CQ02611.bmp


ans =

E:\zq_04_CQ\zq_04_CQ05248.bmp


ans =

E:\zq_04_CQ\zq_04_CQ00884.bmp


ans =

E:\zq_04_CQ\zq_04_CQ04803.bmp


ans =

E:\zq_04_CQ\zq_04_CQ03045.bmp


ans =

E:\zq_04_CQ\zq_04_CQ00096.bmp


ans =

E:\zq_04_CQ\zq_04_CQ01511.bmp


ans =

E:\zq_04_CQ\zq_04_CQ02064.bmp


ans =

E:\zq_04_CQ\zq_04_CQ05247.bmp


ans =

E:\zq_04_CQ\zq_04_CQ02610.bmp


ans =

E:\zq_04_CQ\zq_04_CQ00877.bmp


ans =

E:\zq_04_CQ\zq_04_CQ04802.bmp


ans =

E:\zq_04_CQ\zq_04_CQ03039.bmp


ans =

E:\zq_04_CQ\zq_04_CQ00093.bmp


ans =

E:\zq_04_CQ\zq_04_CQ01510.bmp


ans =

E:\zq_04_CQ\zq_04_CQ02058.bmp


ans =

E:\zq_04_CQ\zq_04_CQ05245.bmp


ans =

E:\zq_04_CQ\zq_04_CQ02609.bmp


ans =

E:\zq_04_CQ\zq_04_CQ00873.bmp


ans =

E:\zq_04_CQ\zq_04_CQ04800.bmp


ans =

E:\zq_04_CQ\zq_04_CQ00091.bmp


ans =

E:\zq_04_CQ\zq_04_CQ03033.bmp


ans =

E:\zq_04_CQ\zq_04_CQ01509.bmp


ans =

E:\zq_04_CQ\zq_04_CQ02052.bmp


ans =

E:\zq_04_CQ\zq_04_CQ05241.bmp


ans =

E:\zq_04_CQ\zq_04_CQ02607.bmp


ans =

E:\zq_04_CQ\zq_04_CQ00870.bmp


ans =

E:\zq_04_CQ\zq_04_CQ04799.bmp


ans =

E:\zq_04_CQ\zq_04_CQ00089.bmp


ans =

E:\zq_04_CQ\zq_04_CQ03027.bmp


ans =

E:\zq_04_CQ\zq_04_CQ01504.bmp


ans =

E:\zq_04_CQ\zq_04_CQ02046.bmp


ans =

E:\zq_04_CQ\zq_04_CQ05240.bmp


ans =

E:\zq_04_CQ\zq_04_CQ02603.bmp


ans =

E:\zq_04_CQ\zq_04_CQ00867.bmp


ans =

E:\zq_04_CQ\zq_04_CQ04798.bmp


ans =

E:\zq_04_CQ\zq_04_CQ00087.bmp


ans =

E:\zq_04_CQ\zq_04_CQ03020.bmp


ans =

E:\zq_04_CQ\zq_04_CQ01500.bmp


ans =

E:\zq_04_CQ\zq_04_CQ02040.bmp


ans =

E:\zq_04_CQ\zq_04_CQ02601.bmp


ans =

E:\zq_04_CQ\zq_04_CQ05239.bmp


ans =

E:\zq_04_CQ\zq_04_CQ00865.bmp


ans =

E:\zq_04_CQ\zq_04_CQ04797.bmp


ans =

E:\zq_04_CQ\zq_04_CQ00084.bmp


ans =

E:\zq_04_CQ\zq_04_CQ03015.bmp


ans =

E:\zq_04_CQ\zq_04_CQ01499.bmp


ans =

E:\zq_04_CQ\zq_04_CQ02034.bmp


ans =

E:\zq_04_CQ\zq_04_CQ02598.bmp


ans =

E:\zq_04_CQ\zq_04_CQ05237.bmp


ans =

E:\zq_04_CQ\zq_04_CQ00861.bmp


ans =

E:\zq_04_CQ\zq_04_CQ04795.bmp


ans =

E:\zq_04_CQ\zq_04_CQ00083.bmp


ans =

E:\zq_04_CQ\zq_04_CQ03009.bmp


ans =

E:\zq_04_CQ\zq_04_CQ01498.bmp


ans =

E:\zq_04_CQ\zq_04_CQ02028.bmp


ans =

E:\zq_04_CQ\zq_04_CQ02597.bmp


ans =

E:\zq_04_CQ\zq_04_CQ05236.bmp


ans =

E:\zq_04_CQ\zq_04_CQ00858.bmp


ans =

E:\zq_04_CQ\zq_04_CQ04793.bmp


ans =

E:\zq_04_CQ\zq_04_CQ00080.bmp


ans =

E:\zq_04_CQ\zq_04_CQ03004.bmp


ans =

E:\zq_04_CQ\zq_04_CQ01493.bmp


ans =

E:\zq_04_CQ\zq_04_CQ02021.bmp


ans =

E:\zq_04_CQ\zq_04_CQ02595.bmp


ans =

E:\zq_04_CQ\zq_04_CQ05232.bmp


ans =

E:\zq_04_CQ\zq_04_CQ00855.bmp


ans =

E:\zq_04_CQ\zq_04_CQ04791.bmp


ans =

E:\zq_04_CQ\zq_04_CQ00077.bmp


ans =

E:\zq_04_CQ\zq_04_CQ02997.bmp


ans =

E:\zq_04_CQ\zq_04_CQ01492.bmp


ans =

E:\zq_04_CQ\zq_04_CQ02015.bmp


ans =

E:\zq_04_CQ\zq_04_CQ02591.bmp


ans =

E:\zq_04_CQ\zq_04_CQ05231.bmp


ans =

E:\zq_04_CQ\zq_04_CQ00849.bmp


ans =

E:\zq_04_CQ\zq_04_CQ04790.bmp


ans =

E:\zq_04_CQ\zq_04_CQ00074.bmp


ans =

E:\zq_04_CQ\zq_04_CQ02992.bmp


ans =

E:\zq_04_CQ\zq_04_CQ01491.bmp


ans =

E:\zq_04_CQ\zq_04_CQ02010.bmp


ans =

E:\zq_04_CQ\zq_04_CQ02590.bmp


ans =

E:\zq_04_CQ\zq_04_CQ05228.bmp


ans =

E:\zq_04_CQ\zq_04_CQ00843.bmp


ans =

E:\zq_04_CQ\zq_04_CQ04789.bmp


ans =

E:\zq_04_CQ\zq_04_CQ00073.bmp


ans =

E:\zq_04_CQ\zq_04_CQ02985.bmp


ans =

E:\zq_04_CQ\zq_04_CQ01490.bmp


ans =

E:\zq_04_CQ\zq_04_CQ02589.bmp


ans =

E:\zq_04_CQ\zq_04_CQ02004.bmp


ans =

E:\zq_04_CQ\zq_04_CQ05226.bmp


ans =

E:\zq_04_CQ\zq_04_CQ00840.bmp


ans =

E:\zq_04_CQ\zq_04_CQ04787.bmp


ans =

E:\zq_04_CQ\zq_04_CQ00070.bmp


ans =

E:\zq_04_CQ\zq_04_CQ02980.bmp


ans =

E:\zq_04_CQ\zq_04_CQ01489.bmp


ans =

E:\zq_04_CQ\zq_04_CQ02586.bmp


ans =

E:\zq_04_CQ\zq_04_CQ01998.bmp


ans =

E:\zq_04_CQ\zq_04_CQ05222.bmp


ans =

E:\zq_04_CQ\zq_04_CQ00837.bmp


ans =

E:\zq_04_CQ\zq_04_CQ00069.bmp


ans =

E:\zq_04_CQ\zq_04_CQ04784.bmp


ans =

E:\zq_04_CQ\zq_04_CQ02585.bmp


ans =

E:\zq_04_CQ\zq_04_CQ01488.bmp


ans =

E:\zq_04_CQ\zq_04_CQ01992.bmp


ans =

E:\zq_04_CQ\zq_04_CQ05221.bmp


ans =

E:\zq_04_CQ\zq_04_CQ00834.bmp


ans =

E:\zq_04_CQ\zq_04_CQ00067.bmp


ans =

E:\zq_04_CQ\zq_04_CQ04783.bmp


ans =

E:\zq_04_CQ\zq_04_CQ01485.bmp


ans =

E:\zq_04_CQ\zq_04_CQ02584.bmp


ans =

E:\zq_04_CQ\zq_04_CQ05527.bmp


ans =

E:\zq_04_CQ\zq_04_CQ05522.bmp


ans =

E:\zq_04_CQ\zq_04_CQ01986.bmp


ans =

E:\zq_04_CQ\zq_04_CQ05218.bmp


ans =

E:\zq_04_CQ\zq_04_CQ00828.bmp


ans =

E:\zq_04_CQ\zq_04_CQ00065.bmp


ans =

E:\zq_04_CQ\zq_04_CQ04781.bmp


ans =

E:\zq_04_CQ\zq_04_CQ01482.bmp


ans =

E:\zq_04_CQ\zq_04_CQ02581.bmp


ans =

E:\zq_04_CQ\zq_04_CQ05513.bmp


ans =

E:\zq_04_CQ\zq_04_CQ01980.bmp


ans =

E:\zq_04_CQ\zq_04_CQ05217.bmp


ans =

E:\zq_04_CQ\zq_04_CQ00822.bmp


ans =

E:\zq_04_CQ\zq_04_CQ00061.bmp


ans =

E:\zq_04_CQ\zq_04_CQ04779.bmp


ans =

E:\zq_04_CQ\zq_04_CQ01480.bmp


ans =

E:\zq_04_CQ\zq_04_CQ02577.bmp


ans =

E:\zq_04_CQ\zq_04_CQ05512.bmp


ans =

E:\zq_04_CQ\zq_04_CQ01974.bmp


ans =

E:\zq_04_CQ\zq_04_CQ05214.bmp


ans =

E:\zq_04_CQ\zq_04_CQ00817.bmp


ans =

E:\zq_04_CQ\zq_04_CQ00059.bmp


ans =

E:\zq_04_CQ\zq_04_CQ04778.bmp


ans =

E:\zq_04_CQ\zq_04_CQ02575.bmp


ans =

E:\zq_04_CQ\zq_04_CQ05509.bmp


ans =

E:\zq_04_CQ\zq_04_CQ01968.bmp


ans =

E:\zq_04_CQ\zq_04_CQ01479.bmp


ans =

E:\zq_04_CQ\zq_04_CQ05213.bmp


ans =

E:\zq_04_CQ\zq_04_CQ00813.bmp


ans =

E:\zq_04_CQ\zq_04_CQ00057.bmp


ans =

E:\zq_04_CQ\zq_04_CQ02574.bmp


ans =

E:\zq_04_CQ\zq_04_CQ04777.bmp


ans =

E:\zq_04_CQ\zq_04_CQ05508.bmp


ans =

E:\zq_04_CQ\zq_04_CQ01961.bmp


ans =

E:\zq_04_CQ\zq_04_CQ01475.bmp


ans =

E:\zq_04_CQ\zq_04_CQ05210.bmp


ans =

E:\zq_04_CQ\zq_04_CQ00810.bmp


ans =

E:\zq_04_CQ\zq_04_CQ00055.bmp


ans =

E:\zq_04_CQ\zq_04_CQ02573.bmp


ans =

E:\zq_04_CQ\zq_04_CQ04775.bmp


ans =

E:\zq_04_CQ\zq_04_CQ05499.bmp


ans =

E:\zq_04_CQ\zq_04_CQ01957.bmp


ans =

E:\zq_04_CQ\zq_04_CQ05209.bmp


ans =

E:\zq_04_CQ\zq_04_CQ01474.bmp


ans =

E:\zq_04_CQ\zq_04_CQ00807.bmp


ans =

E:\zq_04_CQ\zq_04_CQ00053.bmp


ans =

E:\zq_04_CQ\zq_04_CQ01956.bmp


ans =

E:\zq_04_CQ\zq_04_CQ01473.bmp


ans =

E:\zq_04_CQ\zq_04_CQ02571.bmp


ans =

E:\zq_04_CQ\zq_04_CQ04774.bmp


ans =

E:\zq_04_CQ\zq_04_CQ05498.bmp


ans =

E:\zq_04_CQ\zq_04_CQ05205.bmp


ans =

E:\zq_04_CQ\zq_04_CQ00804.bmp


ans =

E:\zq_04_CQ\zq_04_CQ02567.bmp


ans =

E:\zq_04_CQ\zq_04_CQ00049.bmp


ans =

E:\zq_04_CQ\zq_04_CQ01951.bmp


ans =

E:\zq_04_CQ\zq_04_CQ01467.bmp


ans =

E:\zq_04_CQ\zq_04_CQ04773.bmp


ans =

E:\zq_04_CQ\zq_04_CQ05495.bmp


ans =

E:\zq_04_CQ\zq_04_CQ05204.bmp


ans =

E:\zq_04_CQ\zq_04_CQ00801.bmp


ans =

E:\zq_04_CQ\zq_04_CQ00048.bmp


ans =

E:\zq_04_CQ\zq_04_CQ02566.bmp


ans =

E:\zq_04_CQ\zq_04_CQ01950.bmp


ans =

E:\zq_04_CQ\zq_04_CQ01462.bmp


ans =

E:\zq_04_CQ\zq_04_CQ04771.bmp


ans =

E:\zq_04_CQ\zq_04_CQ05494.bmp


ans =

E:\zq_04_CQ\zq_04_CQ05199.bmp


ans =

E:\zq_04_CQ\zq_04_CQ00798.bmp


ans =

E:\zq_04_CQ\zq_04_CQ00045.bmp


ans =

E:\zq_04_CQ\zq_04_CQ02565.bmp


ans =

E:\zq_04_CQ\zq_04_CQ01945.bmp


ans =

E:\zq_04_CQ\zq_04_CQ01461.bmp


ans =

E:\zq_04_CQ\zq_04_CQ04770.bmp


ans =

E:\zq_04_CQ\zq_04_CQ05197.bmp


ans =

E:\zq_04_CQ\zq_04_CQ05480.bmp


ans =

E:\zq_04_CQ\zq_04_CQ00791.bmp


ans =

E:\zq_04_CQ\zq_04_CQ00043.bmp


ans =

E:\zq_04_CQ\zq_04_CQ02559.bmp


ans =

E:\zq_04_CQ\zq_04_CQ01944.bmp


ans =

E:\zq_04_CQ\zq_04_CQ01459.bmp


ans =

E:\zq_04_CQ\zq_04_CQ05189.bmp


ans =

E:\zq_04_CQ\zq_04_CQ04767.bmp


ans =

E:\zq_04_CQ\zq_04_CQ05479.bmp


ans =

E:\zq_04_CQ\zq_04_CQ00786.bmp


ans =

E:\zq_04_CQ\zq_04_CQ00040.bmp


ans =

E:\zq_04_CQ\zq_04_CQ02558.bmp


ans =

E:\zq_04_CQ\zq_04_CQ01938.bmp


ans =

E:\zq_04_CQ\zq_04_CQ01458.bmp


ans =

E:\zq_04_CQ\zq_04_CQ05186.bmp


ans =

E:\zq_04_CQ\zq_04_CQ04765.bmp


ans =

E:\zq_04_CQ\zq_04_CQ05478.bmp


ans =

E:\zq_04_CQ\zq_04_CQ00782.bmp


ans =

E:\zq_04_CQ\zq_04_CQ00039.bmp


ans =

E:\zq_04_CQ\zq_04_CQ02556.bmp


ans =

E:\zq_04_CQ\zq_04_CQ01932.bmp


ans =

E:\zq_04_CQ\zq_04_CQ01455.bmp


ans =

E:\zq_04_CQ\zq_04_CQ05177.bmp


ans =

E:\zq_04_CQ\zq_04_CQ04764.bmp


ans =

E:\zq_04_CQ\zq_04_CQ05477.bmp


ans =

E:\zq_04_CQ\zq_04_CQ00780.bmp


ans =

E:\zq_04_CQ\zq_04_CQ02555.bmp


ans =

E:\zq_04_CQ\zq_04_CQ00035.bmp


ans =

E:\zq_04_CQ\zq_04_CQ01926.bmp


ans =

E:\zq_04_CQ\zq_04_CQ01449.bmp


ans =

E:\zq_04_CQ\zq_04_CQ05170.bmp


ans =

E:\zq_04_CQ\zq_04_CQ04760.bmp


ans =

E:\zq_04_CQ\zq_04_CQ05464.bmp


ans =

E:\zq_04_CQ\zq_04_CQ00777.bmp


ans =

E:\zq_04_CQ\zq_04_CQ02554.bmp


ans =

E:\zq_04_CQ\zq_04_CQ00033.bmp


ans =

E:\zq_04_CQ\zq_04_CQ01925.bmp


ans =

E:\zq_04_CQ\zq_04_CQ01446.bmp


ans =

E:\zq_04_CQ\zq_04_CQ05165.bmp


ans =

E:\zq_04_CQ\zq_04_CQ04759.bmp


ans =

E:\zq_04_CQ\zq_04_CQ05462.bmp


ans =

E:\zq_04_CQ\zq_04_CQ00774.bmp


ans =

E:\zq_04_CQ\zq_04_CQ00010.bmp


ans =

E:\zq_04_CQ\zq_04_CQ01924.bmp


ans =

E:\zq_04_CQ\zq_04_CQ01443.bmp


ans =

E:\zq_04_CQ\zq_04_CQ05157.bmp


ans =

E:\zq_04_CQ\zq_04_CQ05452.bmp


ans =

E:\zq_04_CQ\zq_04_CQ04756.bmp


ans =

E:\zq_04_CQ\zq_04_CQ00771.bmp


ans =

E:\zq_04_CQ\zq_04_CQ00008.bmp


ans =

E:\zq_04_CQ\zq_04_CQ05756.bmp


ans =

E:\zq_04_CQ\zq_04_CQ05755.bmp


ans =

E:\zq_04_CQ\zq_04_CQ01440.bmp


ans =

E:\zq_04_CQ\zq_04_CQ05152.bmp


ans =

E:\zq_04_CQ\zq_04_CQ05446.bmp


ans =

E:\zq_04_CQ\zq_04_CQ04752.bmp


ans =

E:\zq_04_CQ\zq_04_CQ00765.bmp


ans =

E:\zq_04_CQ\zq_04_CQ05753.bmp


ans =

E:\zq_04_CQ\zq_04_CQ00001.bmp


ans =

E:\zq_04_CQ\zq_04_CQ05956.bmp


ans =

E:\zq_04_CQ\zq_04_CQ05955.bmp


ans =

E:\zq_04_CQ\zq_04_CQ05147.bmp


ans =

E:\zq_04_CQ\zq_04_CQ04751.bmp


ans =

E:\zq_04_CQ\zq_04_CQ05440.bmp


ans =

E:\zq_04_CQ\zq_04_CQ00759.bmp


ans =

E:\zq_04_CQ\zq_04_CQ05750.bmp


ans =

E:\zq_04_CQ\zq_04_CQ05952.bmp


ans =

E:\zq_04_CQ\zq_04_CQ05146.bmp


ans =

E:\zq_04_CQ\zq_04_CQ06078.bmp


ans =

E:\zq_04_CQ\zq_04_CQ06075.bmp


ans =

E:\zq_04_CQ\zq_04_CQ04749.bmp


ans =

E:\zq_04_CQ\zq_04_CQ05433.bmp


ans =

E:\zq_04_CQ\zq_04_CQ06264.bmp


ans =

E:\zq_04_CQ\zq_04_CQ06259.bmp


ans =

E:\zq_04_CQ\zq_04_CQ05747.bmp


ans =

E:\zq_04_CQ\zq_04_CQ05951.bmp


ans =

E:\zq_04_CQ\zq_04_CQ06074.bmp


ans =

E:\zq_04_CQ\zq_04_CQ05140.bmp


ans =

E:\zq_04_CQ\zq_04_CQ04747.bmp


ans =

E:\zq_04_CQ\zq_04_CQ05426.bmp


ans =

E:\zq_04_CQ\zq_04_CQ06524.bmp


ans =

E:\zq_04_CQ\zq_04_CQ06522.bmp


ans =

E:\zq_04_CQ\zq_04_CQ06252.bmp


ans =

E:\zq_04_CQ\zq_04_CQ05746.bmp


ans =

E:\zq_04_CQ\zq_04_CQ05945.bmp


ans =

E:\zq_04_CQ\zq_04_CQ06070.bmp


ans =

E:\zq_04_CQ\zq_04_CQ05134.bmp


ans =

E:\zq_04_CQ\zq_04_CQ05421.bmp


ans =

E:\zq_04_CQ\zq_04_CQ06519.bmp


ans =

E:\zq_04_CQ\zq_04_CQ04744.bmp


ans =

E:\zq_04_CQ\zq_04_CQ05742.bmp


ans =

E:\zq_04_CQ\zq_04_CQ06247.bmp


ans =

E:\zq_04_CQ\zq_04_CQ05944.bmp


ans =

E:\zq_04_CQ\zq_04_CQ06069.bmp


ans =

E:\zq_04_CQ\zq_04_CQ05128.bmp


ans =

E:\zq_04_CQ\zq_04_CQ05415.bmp


ans =

E:\zq_04_CQ\zq_04_CQ06517.bmp


ans =

E:\zq_04_CQ\zq_04_CQ04742.bmp


ans =

E:\zq_04_CQ\zq_04_CQ05740.bmp


ans =

E:\zq_04_CQ\zq_04_CQ06246.bmp


ans =

E:\zq_04_CQ\zq_04_CQ05938.bmp


ans =

E:\zq_04_CQ\zq_04_CQ06067.bmp


ans =

E:\zq_04_CQ\zq_04_CQ05120.bmp


ans =

E:\zq_04_CQ\zq_04_CQ05410.bmp


ans =

E:\zq_04_CQ\zq_04_CQ06508.bmp


ans =

E:\zq_04_CQ\zq_04_CQ04740.bmp


ans =

E:\zq_04_CQ\zq_04_CQ05738.bmp


ans =

E:\zq_04_CQ\zq_04_CQ06243.bmp


ans =

E:\zq_04_CQ\zq_04_CQ05937.bmp


ans =

E:\zq_04_CQ\zq_04_CQ06066.bmp


ans =

E:\zq_04_CQ\zq_04_CQ05118.bmp


ans =

E:\zq_04_CQ\zq_04_CQ05409.bmp


ans =

E:\zq_04_CQ\zq_04_CQ06505.bmp


ans =

E:\zq_04_CQ\zq_04_CQ04737.bmp


ans =

E:\zq_04_CQ\zq_04_CQ05736.bmp


ans =

E:\zq_04_CQ\zq_04_CQ06240.bmp


ans =

E:\zq_04_CQ\zq_04_CQ05933.bmp


ans =

E:\zq_04_CQ\zq_04_CQ05107.bmp


ans =

E:\zq_04_CQ\zq_04_CQ06065.bmp


ans =

E:\zq_04_CQ\zq_04_CQ06496.bmp


ans =

E:\zq_04_CQ\zq_04_CQ04735.bmp


ans =

E:\zq_04_CQ\zq_04_CQ05404.bmp


ans =

E:\zq_04_CQ\zq_04_CQ05734.bmp


ans =

E:\zq_04_CQ\zq_04_CQ06234.bmp


ans =

E:\zq_04_CQ\zq_04_CQ05926.bmp


ans =

E:\zq_04_CQ\zq_04_CQ05103.bmp


ans =

E:\zq_04_CQ\zq_04_CQ06061.bmp


ans =

E:\zq_04_CQ\zq_04_CQ06492.bmp


ans =

E:\zq_04_CQ\zq_04_CQ04733.bmp


ans =

E:\zq_04_CQ\zq_04_CQ05403.bmp


ans =

E:\zq_04_CQ\zq_04_CQ05731.bmp


ans =

E:\zq_04_CQ\zq_04_CQ06229.bmp


ans =

E:\zq_04_CQ\zq_04_CQ05921.bmp


ans =

E:\zq_04_CQ\zq_04_CQ05095.bmp


ans =

E:\zq_04_CQ\zq_04_CQ06060.bmp


ans =

E:\zq_04_CQ\zq_04_CQ04732.bmp


ans =

E:\zq_04_CQ\zq_04_CQ05398.bmp


ans =

E:\zq_04_CQ\zq_04_CQ05730.bmp


ans =

E:\zq_04_CQ\zq_04_CQ06485.bmp


ans =

E:\zq_04_CQ\zq_04_CQ06222.bmp


ans =

E:\zq_04_CQ\zq_04_CQ05920.bmp


ans =

E:\zq_04_CQ\zq_04_CQ05093.bmp


ans =

E:\zq_04_CQ\zq_04_CQ06058.bmp


ans =

E:\zq_04_CQ\zq_04_CQ04729.bmp


ans =

E:\zq_04_CQ\zq_04_CQ05397.bmp


ans =

E:\zq_04_CQ\zq_04_CQ05729.bmp


ans =

E:\zq_04_CQ\zq_04_CQ06482.bmp


ans =

E:\zq_04_CQ\zq_04_CQ06216.bmp


ans =

E:\zq_04_CQ\zq_04_CQ05913.bmp


ans =

E:\zq_04_CQ\zq_04_CQ05085.bmp


ans =

E:\zq_04_CQ\zq_04_CQ06057.bmp


ans =

E:\zq_04_CQ\zq_04_CQ05392.bmp


ans =

E:\zq_04_CQ\zq_04_CQ05728.bmp


ans =

E:\zq_04_CQ\zq_04_CQ06472.bmp


ans =

E:\zq_04_CQ\zq_04_CQ04727.bmp


ans =

E:\zq_04_CQ\zq_04_CQ06210.bmp


ans =

E:\zq_04_CQ\zq_04_CQ05907.bmp


ans =

E:\zq_04_CQ\zq_04_CQ05078.bmp


ans =

E:\zq_04_CQ\zq_04_CQ06056.bmp


ans =

E:\zq_04_CQ\zq_04_CQ05391.bmp


ans =

E:\zq_04_CQ\zq_04_CQ05727.bmp


ans =

E:\zq_04_CQ\zq_04_CQ06467.bmp


ans =

E:\zq_04_CQ\zq_04_CQ04724.bmp


ans =

E:\zq_04_CQ\zq_04_CQ05072.bmp


ans =

E:\zq_04_CQ\zq_04_CQ06204.bmp


ans =

E:\zq_04_CQ\zq_04_CQ05900.bmp


ans =

E:\zq_04_CQ\zq_04_CQ06055.bmp


ans =

E:\zq_04_CQ\zq_04_CQ05386.bmp


ans =

E:\zq_04_CQ\zq_04_CQ05726.bmp


ans =

E:\zq_04_CQ\zq_04_CQ06461.bmp


ans =

E:\zq_04_CQ\zq_04_CQ04722.bmp


ans =

E:\zq_04_CQ\zq_04_CQ05063.bmp


ans =

E:\zq_04_CQ\zq_04_CQ06198.bmp


ans =

E:\zq_04_CQ\zq_04_CQ05895.bmp


ans =

E:\zq_04_CQ\zq_04_CQ06053.bmp


ans =

E:\zq_04_CQ\zq_04_CQ05385.bmp


ans =

E:\zq_04_CQ\zq_04_CQ05721.bmp


ans =

E:\zq_04_CQ\zq_04_CQ06444.bmp


ans =

E:\zq_04_CQ\zq_04_CQ04718.bmp


ans =

E:\zq_04_CQ\zq_04_CQ05059.bmp


ans =

E:\zq_04_CQ\zq_04_CQ06191.bmp


ans =

E:\zq_04_CQ\zq_04_CQ05889.bmp


ans =

E:\zq_04_CQ\zq_04_CQ06052.bmp


ans =

E:\zq_04_CQ\zq_04_CQ05379.bmp


ans =

E:\zq_04_CQ\zq_04_CQ05720.bmp


ans =

E:\zq_04_CQ\zq_04_CQ06439.bmp


ans =

E:\zq_04_CQ\zq_04_CQ04717.bmp


ans =

E:\zq_04_CQ\zq_04_CQ05049.bmp


ans =

E:\zq_04_CQ\zq_04_CQ06186.bmp


ans =

E:\zq_04_CQ\zq_04_CQ05883.bmp


ans =

E:\zq_04_CQ\zq_04_CQ06051.bmp


ans =

E:\zq_04_CQ\zq_04_CQ05373.bmp


ans =

E:\zq_04_CQ\zq_04_CQ05718.bmp


ans =

E:\zq_04_CQ\zq_04_CQ06423.bmp


ans =

E:\zq_04_CQ\zq_04_CQ04710.bmp


ans =

E:\zq_04_CQ\zq_04_CQ05046.bmp


ans =

E:\zq_04_CQ\zq_04_CQ05877.bmp


ans =

E:\zq_04_CQ\zq_04_CQ06180.bmp


ans =

E:\zq_04_CQ\zq_04_CQ06050.bmp


ans =

E:\zq_04_CQ\zq_04_CQ05368.bmp


ans =

E:\zq_04_CQ\zq_04_CQ05716.bmp


ans =

E:\zq_04_CQ\zq_04_CQ06419.bmp


ans =

E:\zq_04_CQ\zq_04_CQ04707.bmp


ans =

E:\zq_04_CQ\zq_04_CQ05037.bmp


ans =

E:\zq_04_CQ\zq_04_CQ05871.bmp


ans =

E:\zq_04_CQ\zq_04_CQ06174.bmp


ans =

E:\zq_04_CQ\zq_04_CQ06048.bmp


ans =

E:\zq_04_CQ\zq_04_CQ05022.bmp


ans =

E:\zq_04_CQ\zq_04_CQ05714.bmp


ans =

E:\zq_04_CQ\zq_04_CQ06412.bmp


ans =

E:\zq_04_CQ\zq_04_CQ04697.bmp


ans =

E:\zq_04_CQ\zq_04_CQ05367.bmp


ans =

E:\zq_04_CQ\zq_04_CQ05865.bmp


ans =

E:\zq_04_CQ\zq_04_CQ06168.bmp


ans =

E:\zq_04_CQ\zq_04_CQ06047.bmp


ans =

E:\zq_04_CQ\zq_04_CQ05015.bmp


ans =

E:\zq_04_CQ\zq_04_CQ05713.bmp


ans =

E:\zq_04_CQ\zq_04_CQ06401.bmp


ans =

E:\zq_04_CQ\zq_04_CQ05362.bmp


ans =

E:\zq_04_CQ\zq_04_CQ04692.bmp


ans =

E:\zq_04_CQ\zq_04_CQ05860.bmp


ans =

E:\zq_04_CQ\zq_04_CQ06162.bmp


ans =

E:\zq_04_CQ\zq_04_CQ06046.bmp


ans =

E:\zq_04_CQ\zq_04_CQ05002.bmp


ans =

E:\zq_04_CQ\zq_04_CQ05712.bmp


ans =

E:\zq_04_CQ\zq_04_CQ06400.bmp


ans =

E:\zq_04_CQ\zq_04_CQ05361.bmp


ans =

E:\zq_04_CQ\zq_04_CQ04683.bmp


ans =

E:\zq_04_CQ\zq_04_CQ05859.bmp


ans =

E:\zq_04_CQ\zq_04_CQ06156.bmp


ans =

E:\zq_04_CQ\zq_04_CQ06045.bmp


ans =

E:\zq_04_CQ\zq_04_CQ04997.bmp


ans =

E:\zq_04_CQ\zq_04_CQ05708.bmp


ans =

E:\zq_04_CQ\zq_04_CQ06384.bmp


ans =

E:\zq_04_CQ\zq_04_CQ05357.bmp


ans =

E:\zq_04_CQ\zq_04_CQ04679.bmp


ans =

E:\zq_04_CQ\zq_04_CQ05853.bmp


ans =

E:\zq_04_CQ\zq_04_CQ06150.bmp


ans =

E:\zq_04_CQ\zq_04_CQ06044.bmp


ans =

E:\zq_04_CQ\zq_04_CQ05707.bmp


ans =

E:\zq_04_CQ\zq_04_CQ06375.bmp


ans =

E:\zq_04_CQ\zq_04_CQ05356.bmp


ans =

E:\zq_04_CQ\zq_04_CQ04990.bmp


ans =

E:\zq_04_CQ\zq_04_CQ04669.bmp


ans =

E:\zq_04_CQ\zq_04_CQ05848.bmp


ans =

E:\zq_04_CQ\zq_04_CQ06144.bmp


ans =

E:\zq_04_CQ\zq_04_CQ06043.bmp


ans =

E:\zq_04_CQ\zq_04_CQ04985.bmp


ans =

E:\zq_04_CQ\zq_04_CQ05703.bmp


ans =

E:\zq_04_CQ\zq_04_CQ06368.bmp


ans =

E:\zq_04_CQ\zq_04_CQ05355.bmp


ans =

E:\zq_04_CQ\zq_04_CQ04668.bmp


ans =

E:\zq_04_CQ\zq_04_CQ05847.bmp


ans =

E:\zq_04_CQ\zq_04_CQ06139.bmp


ans =

E:\zq_04_CQ\zq_04_CQ06042.bmp


ans =

E:\zq_04_CQ\zq_04_CQ04978.bmp


ans =

E:\zq_04_CQ\zq_04_CQ05702.bmp


ans =

E:\zq_04_CQ\zq_04_CQ06359.bmp


ans =

E:\zq_04_CQ\zq_04_CQ05351.bmp


ans =

E:\zq_04_CQ\zq_04_CQ04658.bmp


ans =

E:\zq_04_CQ\zq_04_CQ05841.bmp


ans =

E:\zq_04_CQ\zq_04_CQ06133.bmp


ans =

E:\zq_04_CQ\zq_04_CQ06041.bmp


ans =

E:\zq_04_CQ\zq_04_CQ04973.bmp


ans =

E:\zq_04_CQ\zq_04_CQ05700.bmp


ans =

E:\zq_04_CQ\zq_04_CQ06346.bmp


ans =

E:\zq_04_CQ\zq_04_CQ05349.bmp


ans =

E:\zq_04_CQ\zq_04_CQ04653.bmp


ans =

E:\zq_04_CQ\zq_04_CQ05840.bmp


ans =

E:\zq_04_CQ\zq_04_CQ06131.bmp


ans =

E:\zq_04_CQ\zq_04_CQ06040.bmp


ans =

E:\zq_04_CQ\zq_04_CQ04967.bmp


ans =

E:\zq_04_CQ\zq_04_CQ05699.bmp


ans =

E:\zq_04_CQ\zq_04_CQ06340.bmp


ans =

E:\zq_04_CQ\zq_04_CQ04646.bmp


ans =

E:\zq_04_CQ\zq_04_CQ05345.bmp


ans =

E:\zq_04_CQ\zq_04_CQ05836.bmp


ans =

E:\zq_04_CQ\zq_04_CQ06039.bmp


ans =

E:\zq_04_CQ\zq_04_CQ06126.bmp


ans =

E:\zq_04_CQ\zq_04_CQ04960.bmp


ans =

E:\zq_04_CQ\zq_04_CQ05695.bmp


ans =

E:\zq_04_CQ\zq_04_CQ06326.bmp


ans =

E:\zq_04_CQ\zq_04_CQ05344.bmp


ans =

E:\zq_04_CQ\zq_04_CQ05835.bmp


ans =

E:\zq_04_CQ\zq_04_CQ04639.bmp


ans =

E:\zq_04_CQ\zq_04_CQ06035.bmp


ans =

E:\zq_04_CQ\zq_04_CQ06120.bmp


ans =

E:\zq_04_CQ\zq_04_CQ04954.bmp


ans =

E:\zq_04_CQ\zq_04_CQ05694.bmp


ans =

E:\zq_04_CQ\zq_04_CQ06323.bmp


ans =

E:\zq_04_CQ\zq_04_CQ05341.bmp


ans =

E:\zq_04_CQ\zq_04_CQ05832.bmp


ans =

E:\zq_04_CQ\zq_04_CQ04628.bmp


ans =

E:\zq_04_CQ\zq_04_CQ06034.bmp


ans =

E:\zq_04_CQ\zq_04_CQ06117.bmp


ans =

E:\zq_04_CQ\zq_04_CQ04947.bmp


ans =

E:\zq_04_CQ\zq_04_CQ05692.bmp


ans =

E:\zq_04_CQ\zq_04_CQ06316.bmp


ans =

E:\zq_04_CQ\zq_04_CQ05340.bmp


ans =

E:\zq_04_CQ\zq_04_CQ05829.bmp


ans =

E:\zq_04_CQ\zq_04_CQ04611.bmp


ans =

E:\zq_04_CQ\zq_04_CQ06030.bmp


ans =

E:\zq_04_CQ\zq_04_CQ06116.bmp


ans =

E:\zq_04_CQ\zq_04_CQ04941.bmp


ans =

E:\zq_04_CQ\zq_04_CQ05691.bmp


ans =

E:\zq_04_CQ\zq_04_CQ06309.bmp


ans =

E:\zq_04_CQ\zq_04_CQ05339.bmp


ans =

E:\zq_04_CQ\zq_04_CQ05826.bmp


ans =

E:\zq_04_CQ\zq_04_CQ04609.bmp


ans =

E:\zq_04_CQ\zq_04_CQ06029.bmp


ans =

E:\zq_04_CQ\zq_04_CQ06112.bmp


ans =

E:\zq_04_CQ\zq_04_CQ04935.bmp


ans =

E:\zq_04_CQ\zq_04_CQ05689.bmp


ans =

E:\zq_04_CQ\zq_04_CQ06307.bmp


ans =

E:\zq_04_CQ\zq_04_CQ05337.bmp


ans =

E:\zq_04_CQ\zq_04_CQ05824.bmp


ans =

E:\zq_04_CQ\zq_04_CQ04593.bmp


ans =

E:\zq_04_CQ\zq_04_CQ06024.bmp


ans =

E:\zq_04_CQ\zq_04_CQ06109.bmp


ans =

E:\zq_04_CQ\zq_04_CQ04929.bmp


ans =

E:\zq_04_CQ\zq_04_CQ05687.bmp


ans =

E:\zq_04_CQ\zq_04_CQ06303.bmp


ans =

E:\zq_04_CQ\zq_04_CQ05336.bmp


ans =

E:\zq_04_CQ\zq_04_CQ05823.bmp


ans =

E:\zq_04_CQ\zq_04_CQ04590.bmp


ans =

E:\zq_04_CQ\zq_04_CQ06023.bmp


ans =

E:\zq_04_CQ\zq_04_CQ06107.bmp


ans =

E:\zq_04_CQ\zq_04_CQ04923.bmp


ans =

E:\zq_04_CQ\zq_04_CQ05686.bmp


ans =

E:\zq_04_CQ\zq_04_CQ06302.bmp


ans =

E:\zq_04_CQ\zq_04_CQ05335.bmp


ans =

E:\zq_04_CQ\zq_04_CQ05818.bmp


ans =

E:\zq_04_CQ\zq_04_CQ04578.bmp


ans =

E:\zq_04_CQ\zq_04_CQ06014.bmp


ans =

E:\zq_04_CQ\zq_04_CQ06104.bmp


ans =

E:\zq_04_CQ\zq_04_CQ04917.bmp


ans =

E:\zq_04_CQ\zq_04_CQ05683.bmp


ans =

E:\zq_04_CQ\zq_04_CQ06288.bmp


ans =

E:\zq_04_CQ\zq_04_CQ05332.bmp


ans =

E:\zq_04_CQ\zq_04_CQ05817.bmp


ans =

E:\zq_04_CQ\zq_04_CQ04574.bmp


ans =

E:\zq_04_CQ\zq_04_CQ06013.bmp


ans =

E:\zq_04_CQ\zq_04_CQ06102.bmp


ans =

E:\zq_04_CQ\zq_04_CQ04911.bmp


ans =

E:\zq_04_CQ\zq_04_CQ05678.bmp


ans =

E:\zq_04_CQ\zq_04_CQ06287.bmp


ans =

E:\zq_04_CQ\zq_04_CQ05814.bmp


ans =

E:\zq_04_CQ\zq_04_CQ04568.bmp


ans =

E:\zq_04_CQ\zq_04_CQ05331.bmp


ans =

E:\zq_04_CQ\zq_04_CQ06011.bmp


ans =

E:\zq_04_CQ\zq_04_CQ06099.bmp


ans =

E:\zq_04_CQ\zq_04_CQ04905.bmp


ans =

E:\zq_04_CQ\zq_04_CQ06281.bmp


ans =

E:\zq_04_CQ\zq_04_CQ05677.bmp


ans =

E:\zq_04_CQ\zq_04_CQ05812.bmp


ans =

E:\zq_04_CQ\zq_04_CQ04559.bmp


ans =

E:\zq_04_CQ\zq_04_CQ05329.bmp


ans =

E:\zq_04_CQ\zq_04_CQ06010.bmp


ans =

E:\zq_04_CQ\zq_04_CQ06098.bmp


ans =

E:\zq_04_CQ\zq_04_CQ06280.bmp


ans =

E:\zq_04_CQ\zq_04_CQ04899.bmp


ans =

E:\zq_04_CQ\zq_04_CQ05676.bmp


ans =

E:\zq_04_CQ\zq_04_CQ05811.bmp


ans =

E:\zq_04_CQ\zq_04_CQ04555.bmp


ans =

E:\zq_04_CQ\zq_04_CQ05326.bmp


ans =

E:\zq_04_CQ\zq_04_CQ06002.bmp


ans =

E:\zq_04_CQ\zq_04_CQ06096.bmp


ans =

E:\zq_04_CQ\zq_04_CQ06278.bmp


ans =

E:\zq_04_CQ\zq_04_CQ04898.bmp


ans =

E:\zq_04_CQ\zq_04_CQ05668.bmp


ans =

E:\zq_04_CQ\zq_04_CQ05806.bmp


ans =

E:\zq_04_CQ\zq_04_CQ04538.bmp


ans =

E:\zq_04_CQ\zq_04_CQ05325.bmp


ans =

E:\zq_04_CQ\zq_04_CQ06001.bmp


ans =

E:\zq_04_CQ\zq_04_CQ06093.bmp


ans =

E:\zq_04_CQ\zq_04_CQ06273.bmp


ans =

E:\zq_04_CQ\zq_04_CQ04894.bmp


ans =

E:\zq_04_CQ\zq_04_CQ05665.bmp


ans =

E:\zq_04_CQ\zq_04_CQ05805.bmp


ans =

E:\zq_04_CQ\zq_04_CQ05320.bmp


ans =

E:\zq_04_CQ\zq_04_CQ05998.bmp


ans =

E:\zq_04_CQ\zq_04_CQ04533.bmp


ans =

E:\zq_04_CQ\zq_04_CQ06090.bmp


ans =

E:\zq_04_CQ\zq_04_CQ06268.bmp


ans =

E:\zq_04_CQ\zq_04_CQ04893.bmp


ans =

E:\zq_04_CQ\zq_04_CQ05661.bmp


ans =

E:\zq_04_CQ\zq_04_CQ05800.bmp


ans =

E:\zq_04_CQ\zq_04_CQ05319.bmp


ans =

E:\zq_04_CQ\zq_04_CQ05997.bmp


ans =

E:\zq_04_CQ\zq_04_CQ04523.bmp


ans =

E:\zq_04_CQ\zq_04_CQ06088.bmp


ans =

E:\zq_04_CQ\zq_04_CQ04887.bmp


ans =

E:\zq_04_CQ\zq_04_CQ05655.bmp


ans =

E:\zq_04_CQ\zq_04_CQ05799.bmp


ans =

E:\zq_04_CQ\zq_04_CQ05315.bmp


ans =

E:\zq_04_CQ\zq_04_CQ05987.bmp


ans =

E:\zq_04_CQ\zq_04_CQ04512.bmp


ans =

E:\zq_04_CQ\zq_04_CQ06087.bmp


ans =

E:\zq_04_CQ\zq_04_CQ04882.bmp


ans =

E:\zq_04_CQ\zq_04_CQ06607.bmp


ans =

E:\zq_04_CQ\zq_04_CQ06605.bmp


ans =

E:\zq_04_CQ\zq_04_CQ05651.bmp


ans =

E:\zq_04_CQ\zq_04_CQ05794.bmp


ans =

E:\zq_04_CQ\zq_04_CQ04507.bmp


ans =

E:\zq_04_CQ\zq_04_CQ05313.bmp


ans =

E:\zq_04_CQ\zq_04_CQ05986.bmp


ans =

E:\zq_04_CQ\zq_04_CQ06086.bmp


ans =

E:\zq_04_CQ\zq_04_CQ04881.bmp


ans =

E:\zq_04_CQ\zq_04_CQ06602.bmp


ans =

E:\zq_04_CQ\zq_04_CQ05650.bmp


ans =

E:\zq_04_CQ\zq_04_CQ05793.bmp


ans =

E:\zq_04_CQ\zq_04_CQ04496.bmp


ans =

E:\zq_04_CQ\zq_04_CQ05309.bmp


ans =

E:\zq_04_CQ\zq_04_CQ05985.bmp


ans =

E:\zq_04_CQ\zq_04_CQ06084.bmp


ans =

E:\zq_04_CQ\zq_04_CQ04876.bmp


ans =

E:\zq_04_CQ\zq_04_CQ06600.bmp


ans =

E:\zq_04_CQ\zq_04_CQ05643.bmp


ans =

E:\zq_04_CQ\zq_04_CQ05789.bmp


ans =

E:\zq_04_CQ\zq_04_CQ05308.bmp


ans =

E:\zq_04_CQ\zq_04_CQ05984.bmp


ans =

E:\zq_04_CQ\zq_04_CQ04489.bmp


ans =

E:\zq_04_CQ\zq_04_CQ06079.bmp


ans =

E:\zq_04_CQ\zq_04_CQ04875.bmp


ans =

E:\zq_04_CQ\zq_04_CQ06595.bmp


ans =

E:\zq_04_CQ\zq_04_CQ05642.bmp


ans =

E:\zq_04_CQ\zq_04_CQ05788.bmp


ans =

E:\zq_04_CQ\zq_04_CQ05305.bmp


ans =

E:\zq_04_CQ\zq_04_CQ05975.bmp


ans =

E:\zq_04_CQ\zq_04_CQ04483.bmp


ans =

E:\zq_04_CQ\zq_04_CQ06594.bmp


ans =

E:\zq_04_CQ\zq_04_CQ05638.bmp


ans =

E:\zq_04_CQ\zq_04_CQ05782.bmp


ans =

E:\zq_04_CQ\zq_04_CQ05303.bmp


ans =

E:\zq_04_CQ\zq_04_CQ05974.bmp


ans =

E:\zq_04_CQ\zq_04_CQ04476.bmp


ans =

E:\zq_04_CQ\zq_04_CQ06692.bmp


ans =

E:\zq_04_CQ\zq_04_CQ06687.bmp


ans =

E:\zq_04_CQ\zq_04_CQ06811.bmp


ans =

E:\zq_04_CQ\zq_04_CQ06803.bmp


ans =

E:\zq_04_CQ\zq_04_CQ06593.bmp


ans =

E:\zq_04_CQ\zq_04_CQ05637.bmp


ans =

E:\zq_04_CQ\zq_04_CQ05781.bmp


ans =

E:\zq_04_CQ\zq_04_CQ05970.bmp


ans =

E:\zq_04_CQ\zq_04_CQ05300.bmp


ans =

E:\zq_04_CQ\zq_04_CQ06686.bmp


ans =

E:\zq_04_CQ\zq_04_CQ06796.bmp


ans =

E:\zq_04_CQ\zq_04_CQ06592.bmp


ans =

E:\zq_04_CQ\zq_04_CQ05632.bmp


ans =

E:\zq_04_CQ\zq_04_CQ05776.bmp


ans =

E:\zq_04_CQ\zq_04_CQ05969.bmp


ans =

E:\zq_04_CQ\zq_04_CQ05299.bmp


ans =

E:\zq_04_CQ\zq_04_CQ06682.bmp


ans =

E:\zq_04_CQ\zq_04_CQ06994.bmp


ans =

E:\zq_04_CQ\zq_04_CQ06988.bmp


ans =

E:\zq_04_CQ\zq_04_CQ06790.bmp


ans =

E:\zq_04_CQ\zq_04_CQ06586.bmp


ans =

E:\zq_04_CQ\zq_04_CQ05631.bmp


ans =

E:\zq_04_CQ\zq_04_CQ05775.bmp


ans =

E:\zq_04_CQ\zq_04_CQ05966.bmp


ans =

E:\zq_04_CQ\zq_04_CQ05296.bmp


ans =

E:\zq_04_CQ\zq_04_CQ06981.bmp


ans =

E:\zq_04_CQ\zq_04_CQ06680.bmp


ans =

E:\zq_04_CQ\zq_04_CQ06784.bmp


ans =

E:\zq_04_CQ\zq_04_CQ06584.bmp


ans =

E:\zq_04_CQ\zq_04_CQ05630.bmp


ans =

E:\zq_04_CQ\zq_04_CQ05771.bmp


ans =

E:\zq_04_CQ\zq_04_CQ05965.bmp


ans =

E:\zq_04_CQ\zq_04_CQ05295.bmp


ans =

E:\zq_04_CQ\zq_04_CQ06978.bmp


ans =

E:\zq_04_CQ\zq_04_CQ06677.bmp


ans =

E:\zq_04_CQ\zq_04_CQ06774.bmp


ans =

E:\zq_04_CQ\zq_04_CQ06582.bmp


ans =

E:\zq_04_CQ\zq_04_CQ05629.bmp


ans =

E:\zq_04_CQ\zq_04_CQ05769.bmp


ans =

E:\zq_04_CQ\zq_04_CQ05294.bmp


ans =

E:\zq_04_CQ\zq_04_CQ06977.bmp


ans =

E:\zq_04_CQ\zq_04_CQ06674.bmp


ans =

E:\zq_04_CQ\zq_04_CQ06766.bmp


ans =

E:\zq_04_CQ\zq_04_CQ06579.bmp


ans =

E:\zq_04_CQ\zq_04_CQ05623.bmp


ans =

E:\zq_04_CQ\zq_04_CQ05767.bmp


ans =

E:\zq_04_CQ\zq_04_CQ05289.bmp


ans =

E:\zq_04_CQ\zq_04_CQ07173.bmp


ans =

E:\zq_04_CQ\zq_04_CQ07168.bmp


ans =

E:\zq_04_CQ\zq_04_CQ06969.bmp


ans =

E:\zq_04_CQ\zq_04_CQ06672.bmp


ans =

E:\zq_04_CQ\zq_04_CQ06760.bmp


ans =

E:\zq_04_CQ\zq_04_CQ06574.bmp


ans =

E:\zq_04_CQ\zq_04_CQ05618.bmp


ans =

E:\zq_04_CQ\zq_04_CQ05764.bmp


ans =

E:\zq_04_CQ\zq_04_CQ07154.bmp


ans =

E:\zq_04_CQ\zq_04_CQ05288.bmp


ans =

E:\zq_04_CQ\zq_04_CQ06669.bmp


ans =

E:\zq_04_CQ\zq_04_CQ06964.bmp


ans =

E:\zq_04_CQ\zq_04_CQ06572.bmp


ans =

E:\zq_04_CQ\zq_04_CQ06751.bmp


ans =

E:\zq_04_CQ\zq_04_CQ05617.bmp


ans =

E:\zq_04_CQ\zq_04_CQ05762.bmp


ans =

E:\zq_04_CQ\zq_04_CQ07151.bmp


ans =

E:\zq_04_CQ\zq_04_CQ05287.bmp


ans =

E:\zq_04_CQ\zq_04_CQ06666.bmp


ans =

E:\zq_04_CQ\zq_04_CQ06955.bmp


ans =

E:\zq_04_CQ\zq_04_CQ06570.bmp


ans =

E:\zq_04_CQ\zq_04_CQ06750.bmp


ans =

E:\zq_04_CQ\zq_04_CQ05604.bmp


ans =

E:\zq_04_CQ\zq_04_CQ05761.bmp


ans =

E:\zq_04_CQ\zq_04_CQ07141.bmp


ans =

E:\zq_04_CQ\zq_04_CQ05285.bmp


ans =

E:\zq_04_CQ\zq_04_CQ06952.bmp


ans =

E:\zq_04_CQ\zq_04_CQ06568.bmp


ans =

E:\zq_04_CQ\zq_04_CQ06662.bmp


ans =

E:\zq_04_CQ\zq_04_CQ06749.bmp


ans =

E:\zq_04_CQ\zq_04_CQ05601.bmp


ans =

E:\zq_04_CQ\zq_04_CQ05759.bmp


ans =

E:\zq_04_CQ\zq_04_CQ07139.bmp


ans =

E:\zq_04_CQ\zq_04_CQ05280.bmp


ans =

E:\zq_04_CQ\zq_04_CQ06944.bmp


ans =

E:\zq_04_CQ\zq_04_CQ06566.bmp


ans =

E:\zq_04_CQ\zq_04_CQ06660.bmp


ans =

E:\zq_04_CQ\zq_04_CQ06745.bmp


ans =

E:\zq_04_CQ\zq_04_CQ05589.bmp


ans =

E:\zq_04_CQ\zq_04_CQ07133.bmp


ans =

E:\zq_04_CQ\zq_04_CQ05279.bmp


ans =

E:\zq_04_CQ\zq_04_CQ06657.bmp


ans =

E:\zq_04_CQ\zq_04_CQ06939.bmp


ans =

E:\zq_04_CQ\zq_04_CQ06564.bmp


ans =

E:\zq_04_CQ\zq_04_CQ06742.bmp


ans =

E:\zq_04_CQ\zq_04_CQ05587.bmp


ans =

E:\zq_04_CQ\zq_04_CQ07280.bmp


ans =

E:\zq_04_CQ\zq_04_CQ07279.bmp


ans =

E:\zq_04_CQ\zq_04_CQ07124.bmp


ans =

E:\zq_04_CQ\zq_04_CQ05276.bmp


ans =

E:\zq_04_CQ\zq_04_CQ06655.bmp


ans =

E:\zq_04_CQ\zq_04_CQ06935.bmp


ans =

E:\zq_04_CQ\zq_04_CQ06738.bmp


ans =

E:\zq_04_CQ\zq_04_CQ06562.bmp


ans =

E:\zq_04_CQ\zq_04_CQ05574.bmp


ans =

E:\zq_04_CQ\zq_04_CQ07274.bmp


ans =

E:\zq_04_CQ\zq_04_CQ07121.bmp


ans =

E:\zq_04_CQ\zq_04_CQ06928.bmp


ans =

E:\zq_04_CQ\zq_04_CQ06560.bmp


ans =

E:\zq_04_CQ\zq_04_CQ06651.bmp


ans =

E:\zq_04_CQ\zq_04_CQ06735.bmp


ans =

E:\zq_04_CQ\zq_04_CQ05563.bmp


ans =

E:\zq_04_CQ\zq_04_CQ07272.bmp


ans =

E:\zq_04_CQ\zq_04_CQ07110.bmp


ans =

E:\zq_04_CQ\zq_04_CQ07344.bmp


ans =

E:\zq_04_CQ\zq_04_CQ07342.bmp


ans =

E:\zq_04_CQ\zq_04_CQ06558.bmp


ans =

E:\zq_04_CQ\zq_04_CQ06648.bmp


ans =

E:\zq_04_CQ\zq_04_CQ06925.bmp


ans =

E:\zq_04_CQ\zq_04_CQ06732.bmp


ans =

E:\zq_04_CQ\zq_04_CQ05559.bmp


ans =

E:\zq_04_CQ\zq_04_CQ07270.bmp


ans =

E:\zq_04_CQ\zq_04_CQ07109.bmp


ans =

E:\zq_04_CQ\zq_04_CQ07341.bmp


ans =

E:\zq_04_CQ\zq_04_CQ06557.bmp


ans =

E:\zq_04_CQ\zq_04_CQ06646.bmp


ans =

E:\zq_04_CQ\zq_04_CQ06915.bmp


ans =

E:\zq_04_CQ\zq_04_CQ06730.bmp


ans =

E:\zq_04_CQ\zq_04_CQ05547.bmp


ans =

E:\zq_04_CQ\zq_04_CQ07268.bmp


ans =

E:\zq_04_CQ\zq_04_CQ07099.bmp


ans =

E:\zq_04_CQ\zq_04_CQ07337.bmp


ans =

E:\zq_04_CQ\zq_04_CQ06556.bmp


ans =

E:\zq_04_CQ\zq_04_CQ06644.bmp


ans =

E:\zq_04_CQ\zq_04_CQ06913.bmp


ans =

E:\zq_04_CQ\zq_04_CQ06723.bmp


ans =

E:\zq_04_CQ\zq_04_CQ05544.bmp


ans =

E:\zq_04_CQ\zq_04_CQ07266.bmp


ans =

E:\zq_04_CQ\zq_04_CQ07098.bmp


ans =

E:\zq_04_CQ\zq_04_CQ07335.bmp


ans =

E:\zq_04_CQ\zq_04_CQ06551.bmp


ans =

E:\zq_04_CQ\zq_04_CQ06643.bmp


ans =

E:\zq_04_CQ\zq_04_CQ06900.bmp


ans =

E:\zq_04_CQ\zq_04_CQ06722.bmp


ans =

E:\zq_04_CQ\zq_04_CQ05532.bmp


ans =

E:\zq_04_CQ\zq_04_CQ07263.bmp


ans =

E:\zq_04_CQ\zq_04_CQ07095.bmp


ans =

E:\zq_04_CQ\zq_04_CQ07333.bmp


ans =

E:\zq_04_CQ\zq_04_CQ06550.bmp


ans =

E:\zq_04_CQ\zq_04_CQ06897.bmp


ans =

E:\zq_04_CQ\zq_04_CQ06641.bmp


ans =

E:\zq_04_CQ\zq_04_CQ06718.bmp


ans =

E:\zq_04_CQ\zq_04_CQ07260.bmp


ans =

E:\zq_04_CQ\zq_04_CQ07088.bmp


ans =

E:\zq_04_CQ\zq_04_CQ07331.bmp


ans =

E:\zq_04_CQ\zq_04_CQ06547.bmp


ans =

E:\zq_04_CQ\zq_04_CQ06633.bmp


ans =

E:\zq_04_CQ\zq_04_CQ06877.bmp


ans =

E:\zq_04_CQ\zq_04_CQ06716.bmp


ans =

E:\zq_04_CQ\zq_04_CQ07418.bmp


ans =

E:\zq_04_CQ\zq_04_CQ07413.bmp


ans =

E:\zq_04_CQ\zq_04_CQ07259.bmp


ans =

E:\zq_04_CQ\zq_04_CQ07085.bmp


ans =

E:\zq_04_CQ\zq_04_CQ06874.bmp


ans =

E:\zq_04_CQ\zq_04_CQ06860.bmp


ans =

E:\zq_04_CQ\zq_04_CQ06857.bmp


ans =

E:\zq_04_CQ\zq_04_CQ07328.bmp


ans =

E:\zq_04_CQ\zq_04_CQ07327.bmp


ans =

E:\zq_04_CQ\zq_04_CQ07325.bmp


ans =

E:\zq_04_CQ\zq_04_CQ07256.bmp


ans =

E:\zq_04_CQ\zq_04_CQ07254.bmp


ans =

E:\zq_04_CQ\zq_04_CQ07251.bmp


ans =

E:\zq_04_CQ\zq_04_CQ06711.bmp


ans =

E:\zq_04_CQ\zq_04_CQ06708.bmp


ans =

E:\zq_04_CQ\zq_04_CQ06705.bmp


ans =

E:\zq_04_CQ\zq_04_CQ07073.bmp


ans =

E:\zq_04_CQ\zq_04_CQ07057.bmp


ans =

E:\zq_04_CQ\zq_04_CQ07045.bmp


ans =

E:\zq_04_CQ\zq_04_CQ07410.bmp


ans =

E:\zq_04_CQ\zq_04_CQ07408.bmp


ans =

E:\zq_04_CQ\zq_04_CQ07405.bmp


ans =

E:\zq_04_CQ\zq_04_CQ06545.bmp


ans =

E:\zq_04_CQ\zq_04_CQ06542.bmp


ans =

E:\zq_04_CQ\zq_04_CQ06541.bmp


ans =

E:\zq_04_CQ\zq_04_CQ06630.bmp


ans =

E:\zq_04_CQ\zq_04_CQ06629.bmp


ans =

E:\zq_04_CQ\zq_04_CQ06626.bmp


ans =

E:\zq_04_CQ\zq_04_CQ06623.bmp


ans =

E:\zq_04_CQ\zq_04_CQ06621.bmp


ans =

E:\zq_04_CQ\zq_04_CQ06618.bmp


ans =

E:\zq_04_CQ\zq_04_CQ06840.bmp


ans =

E:\zq_04_CQ\zq_04_CQ06837.bmp


ans =

E:\zq_04_CQ\zq_04_CQ07323.bmp


ans =

E:\zq_04_CQ\zq_04_CQ07321.bmp


ans =

E:\zq_04_CQ\zq_04_CQ07317.bmp


ans =

E:\zq_04_CQ\zq_04_CQ07250.bmp


ans =

E:\zq_04_CQ\zq_04_CQ07247.bmp


ans =

E:\zq_04_CQ\zq_04_CQ06701.bmp


ans =

E:\zq_04_CQ\zq_04_CQ06697.bmp


ans =

E:\zq_04_CQ\zq_04_CQ06694.bmp


ans =

E:\zq_04_CQ\zq_04_CQ07043.bmp


ans =

E:\zq_04_CQ\zq_04_CQ07033.bmp


ans =

E:\zq_04_CQ\zq_04_CQ07404.bmp


ans =

E:\zq_04_CQ\zq_04_CQ07400.bmp


ans =

E:\zq_04_CQ\zq_04_CQ06538.bmp


ans =

E:\zq_04_CQ\zq_04_CQ06536.bmp


ans =

E:\zq_04_CQ\zq_04_CQ06533.bmp


ans =

E:\zq_04_CQ\zq_04_CQ06823.bmp


ans =

E:\zq_04_CQ\zq_04_CQ07245.bmp


ans =

E:\zq_04_CQ\zq_04_CQ07398.bmp


ans =

E:\zq_04_CQ\zq_04_CQ07031.bmp


ans =

E:\zq_04_CQ\zq_04_CQ06617.bmp


ans =

E:\zq_04_CQ\zq_04_CQ07316.bmp


ans =

E:\zq_04_CQ\zq_04_CQ06532.bmp


ans =

E:\zq_04_CQ\zq_04_CQ06817.bmp


ans =

E:\zq_04_CQ\zq_04_CQ07397.bmp


ans =

E:\zq_04_CQ\zq_04_CQ07244.bmp


ans =

E:\zq_04_CQ\zq_04_CQ07021.bmp


ans =

E:\zq_04_CQ\zq_04_CQ07310.bmp


ans =

E:\zq_04_CQ\zq_04_CQ07557.bmp


ans =

E:\zq_04_CQ\zq_04_CQ07555.bmp


ans =

E:\zq_04_CQ\zq_04_CQ06528.bmp


ans =

E:\zq_04_CQ\zq_04_CQ06615.bmp


ans =

E:\zq_04_CQ\zq_04_CQ07242.bmp


ans =

E:\zq_04_CQ\zq_04_CQ07394.bmp


ans =

E:\zq_04_CQ\zq_04_CQ07015.bmp


ans =

E:\zq_04_CQ\zq_04_CQ06527.bmp


ans =

E:\zq_04_CQ\zq_04_CQ06611.bmp


ans =

E:\zq_04_CQ\zq_04_CQ07308.bmp


ans =

E:\zq_04_CQ\zq_04_CQ07547.bmp


ans =

E:\zq_04_CQ\zq_04_CQ07757.bmp


ans =

E:\zq_04_CQ\zq_04_CQ07753.bmp


ans =

E:\zq_04_CQ\zq_04_CQ07241.bmp


ans =

E:\zq_04_CQ\zq_04_CQ07390.bmp


ans =

E:\zq_04_CQ\zq_04_CQ07013.bmp


ans =

E:\zq_04_CQ\zq_04_CQ07303.bmp


ans =

E:\zq_04_CQ\zq_04_CQ07230.bmp


ans =

E:\zq_04_CQ\zq_04_CQ07543.bmp


ans =

E:\zq_04_CQ\zq_04_CQ07738.bmp


ans =

E:\zq_04_CQ\zq_04_CQ07386.bmp


ans =

E:\zq_04_CQ\zq_04_CQ07001.bmp


ans =

E:\zq_04_CQ\zq_04_CQ07301.bmp


ans =

E:\zq_04_CQ\zq_04_CQ07223.bmp


ans =

E:\zq_04_CQ\zq_04_CQ07532.bmp


ans =

E:\zq_04_CQ\zq_04_CQ07383.bmp


ans =

E:\zq_04_CQ\zq_04_CQ07732.bmp


ans =

E:\zq_04_CQ\zq_04_CQ07298.bmp


ans =

E:\zq_04_CQ\zq_04_CQ07205.bmp


ans =

E:\zq_04_CQ\zq_04_CQ07526.bmp


ans =

E:\zq_04_CQ\zq_04_CQ07381.bmp


ans =

E:\zq_04_CQ\zq_04_CQ07724.bmp


ans =

E:\zq_04_CQ\zq_04_CQ07199.bmp


ans =

E:\zq_04_CQ\zq_04_CQ07521.bmp


ans =

E:\zq_04_CQ\zq_04_CQ07378.bmp


ans =

E:\zq_04_CQ\zq_04_CQ07717.bmp


ans =

E:\zq_04_CQ\zq_04_CQ07297.bmp


ans =

E:\zq_04_CQ\zq_04_CQ07190.bmp


ans =

E:\zq_04_CQ\zq_04_CQ07504.bmp


ans =

E:\zq_04_CQ\zq_04_CQ07376.bmp


ans =

E:\zq_04_CQ\zq_04_CQ07710.bmp


ans =

E:\zq_04_CQ\zq_04_CQ07292.bmp


ans =

E:\zq_04_CQ\zq_04_CQ07495.bmp


ans =

E:\zq_04_CQ\zq_04_CQ07183.bmp


ans =

E:\zq_04_CQ\zq_04_CQ07370.bmp


ans =

E:\zq_04_CQ\zq_04_CQ07704.bmp


ans =

E:\zq_04_CQ\zq_04_CQ07291.bmp


ans =

E:\zq_04_CQ\zq_04_CQ07486.bmp


ans =

E:\zq_04_CQ\zq_04_CQ07179.bmp


ans =

E:\zq_04_CQ\zq_04_CQ07368.bmp


ans =

E:\zq_04_CQ\zq_04_CQ07290.bmp


ans =

E:\zq_04_CQ\zq_04_CQ07698.bmp


ans =

E:\zq_04_CQ\zq_04_CQ07478.bmp


ans =

E:\zq_04_CQ\zq_04_CQ07365.bmp


ans =

E:\zq_04_CQ\zq_04_CQ07692.bmp


ans =

E:\zq_04_CQ\zq_04_CQ07286.bmp


ans =

E:\zq_04_CQ\zq_04_CQ07471.bmp


ans =

E:\zq_04_CQ\zq_04_CQ07285.bmp


ans =

E:\zq_04_CQ\zq_04_CQ07364.bmp


ans =

E:\zq_04_CQ\zq_04_CQ07687.bmp


ans =

E:\zq_04_CQ\zq_04_CQ07467.bmp


ans =

E:\zq_04_CQ\zq_04_CQ07360.bmp


ans =

E:\zq_04_CQ\zq_04_CQ07684.bmp


ans =

E:\zq_04_CQ\zq_04_CQ07283.bmp


ans =

E:\zq_04_CQ\zq_04_CQ07464.bmp


ans =

E:\zq_04_CQ\zq_04_CQ07358.bmp


ans =

E:\zq_04_CQ\zq_04_CQ07674.bmp


ans =

E:\zq_04_CQ\zq_04_CQ07460.bmp


ans =

E:\zq_04_CQ\zq_04_CQ07355.bmp


ans =

E:\zq_04_CQ\zq_04_CQ07659.bmp


ans =

E:\zq_04_CQ\zq_04_CQ07457.bmp


ans =

E:\zq_04_CQ\zq_04_CQ07354.bmp


ans =

E:\zq_04_CQ\zq_04_CQ07454.bmp


ans =

E:\zq_04_CQ\zq_04_CQ07646.bmp


ans =

E:\zq_04_CQ\zq_04_CQ07350.bmp


ans =

E:\zq_04_CQ\zq_04_CQ07450.bmp


ans =

E:\zq_04_CQ\zq_04_CQ07633.bmp


ans =

E:\zq_04_CQ\zq_04_CQ07349.bmp


ans =

E:\zq_04_CQ\zq_04_CQ07448.bmp


ans =

E:\zq_04_CQ\zq_04_CQ07629.bmp


ans =

E:\zq_04_CQ\zq_04_CQ07446.bmp


ans =

E:\zq_04_CQ\zq_04_CQ07617.bmp


ans =

E:\zq_04_CQ\zq_04_CQ07444.bmp


ans =

E:\zq_04_CQ\zq_04_CQ07613.bmp


ans =

E:\zq_04_CQ\zq_04_CQ07436.bmp


ans =

E:\zq_04_CQ\zq_04_CQ07604.bmp


ans =

E:\zq_04_CQ\zq_04_CQ07434.bmp


ans =

E:\zq_04_CQ\zq_04_CQ07601.bmp


ans =

E:\zq_04_CQ\zq_04_CQ07427.bmp


ans =

E:\zq_04_CQ\zq_04_CQ07589.bmp


ans =

E:\zq_04_CQ\zq_04_CQ07425.bmp


ans =

E:\zq_04_CQ\zq_04_CQ07419.bmp


ans =

E:\zq_04_CQ\zq_04_CQ07588.bmp


ans =

E:\zq_04_CQ\zq_04_CQ07578.bmp


ans =

E:\zq_04_CQ\zq_04_CQ07575.bmp


ans =

E:\zq_04_CQ\zq_04_CQ07566.bmp


outpath =

C:\zq_04_CQ.csv


ans =

C:\zq_04_CQ.csv

