
ans =

E:\zq_03_CQ


csv_rootpath =

C:\

Reading the bmp list

ans =

E:\zq_03_CQ\zq_03_CQ04233.bmp


ans =

E:\zq_03_CQ\zq_03_CQ04227.bmp


ans =

E:\zq_03_CQ\zq_03_CQ03738.bmp


ans =

E:\zq_03_CQ\zq_03_CQ03729.bmp


ans =

E:\zq_03_CQ\zq_03_CQ01811.bmp


ans =

E:\zq_03_CQ\zq_03_CQ01806.bmp


ans =

E:\zq_03_CQ\zq_03_CQ02830.bmp


ans =

E:\zq_03_CQ\zq_03_CQ02827.bmp


ans =

E:\zq_03_CQ\zq_03_CQ01252.bmp


ans =

E:\zq_03_CQ\zq_03_CQ01251.bmp


ans =

E:\zq_03_CQ\zq_03_CQ00666.bmp


ans =

E:\zq_03_CQ\zq_03_CQ00664.bmp


ans =

E:\zq_03_CQ\zq_03_CQ03342.bmp


ans =

E:\zq_03_CQ\zq_03_CQ03341.bmp


ans =

E:\zq_03_CQ\zq_03_CQ02244.bmp


ans =

E:\zq_03_CQ\zq_03_CQ02243.bmp


ans =

E:\zq_03_CQ\zq_03_CQ03728.bmp


ans =

E:\zq_03_CQ\zq_03_CQ02821.bmp


ans =

E:\zq_03_CQ\zq_03_CQ01245.bmp


ans =

E:\zq_03_CQ\zq_03_CQ04207.bmp


ans =

E:\zq_03_CQ\zq_03_CQ03340.bmp


ans =

E:\zq_03_CQ\zq_03_CQ02239.bmp


ans =

E:\zq_03_CQ\zq_03_CQ01801.bmp


ans =

E:\zq_03_CQ\zq_03_CQ00660.bmp


ans =

E:\zq_03_CQ\zq_03_CQ03722.bmp


ans =

E:\zq_03_CQ\zq_03_CQ04204.bmp


ans =

E:\zq_03_CQ\zq_03_CQ03339.bmp


ans =

E:\zq_03_CQ\zq_03_CQ02238.bmp


ans =

E:\zq_03_CQ\zq_03_CQ01787.bmp


ans =

E:\zq_03_CQ\zq_03_CQ02820.bmp


ans =

E:\zq_03_CQ\zq_03_CQ01226.bmp


ans =

E:\zq_03_CQ\zq_03_CQ00658.bmp


ans =

E:\zq_03_CQ\zq_03_CQ04196.bmp


ans =

E:\zq_03_CQ\zq_03_CQ03338.bmp


ans =

E:\zq_03_CQ\zq_03_CQ02237.bmp


ans =

E:\zq_03_CQ\zq_03_CQ03716.bmp


ans =

E:\zq_03_CQ\zq_03_CQ03713.bmp


ans =

E:\zq_03_CQ\zq_03_CQ01774.bmp


ans =

E:\zq_03_CQ\zq_03_CQ02814.bmp


ans =

E:\zq_03_CQ\zq_03_CQ01223.bmp


ans =

E:\zq_03_CQ\zq_03_CQ00653.bmp


ans =

E:\zq_03_CQ\zq_03_CQ01760.bmp


ans =

E:\zq_03_CQ\zq_03_CQ02812.bmp


ans =

E:\zq_03_CQ\zq_03_CQ01205.bmp


ans =

E:\zq_03_CQ\zq_03_CQ04194.bmp


ans =

E:\zq_03_CQ\zq_03_CQ03333.bmp


ans =

E:\zq_03_CQ\zq_03_CQ02233.bmp


ans =

E:\zq_03_CQ\zq_03_CQ00647.bmp


ans =

E:\zq_03_CQ\zq_03_CQ03710.bmp


ans =

E:\zq_03_CQ\zq_03_CQ01745.bmp


ans =

E:\zq_03_CQ\zq_03_CQ02808.bmp


ans =

E:\zq_03_CQ\zq_03_CQ01199.bmp


ans =

E:\zq_03_CQ\zq_03_CQ04188.bmp


ans =

E:\zq_03_CQ\zq_03_CQ02232.bmp


ans =

E:\zq_03_CQ\zq_03_CQ00643.bmp


ans =

E:\zq_03_CQ\zq_03_CQ03332.bmp


ans =

E:\zq_03_CQ\zq_03_CQ03708.bmp


ans =

E:\zq_03_CQ\zq_03_CQ02806.bmp


ans =

E:\zq_03_CQ\zq_03_CQ01191.bmp


ans =

E:\zq_03_CQ\zq_03_CQ02231.bmp


ans =

E:\zq_03_CQ\zq_03_CQ01731.bmp


ans =

E:\zq_03_CQ\zq_03_CQ00638.bmp


ans =

E:\zq_03_CQ\zq_03_CQ04186.bmp


ans =

E:\zq_03_CQ\zq_03_CQ03330.bmp


ans =

E:\zq_03_CQ\zq_03_CQ03704.bmp


ans =

E:\zq_03_CQ\zq_03_CQ02802.bmp


ans =

E:\zq_03_CQ\zq_03_CQ01190.bmp


ans =

E:\zq_03_CQ\zq_03_CQ02230.bmp


ans =

E:\zq_03_CQ\zq_03_CQ01717.bmp


ans =

E:\zq_03_CQ\zq_03_CQ00636.bmp


ans =

E:\zq_03_CQ\zq_03_CQ04178.bmp


ans =

E:\zq_03_CQ\zq_03_CQ03326.bmp


ans =

E:\zq_03_CQ\zq_03_CQ03699.bmp


ans =

E:\zq_03_CQ\zq_03_CQ02799.bmp


ans =

E:\zq_03_CQ\zq_03_CQ01703.bmp


ans =

E:\zq_03_CQ\zq_03_CQ01189.bmp


ans =

E:\zq_03_CQ\zq_03_CQ00633.bmp


ans =

E:\zq_03_CQ\zq_03_CQ04175.bmp


ans =

E:\zq_03_CQ\zq_03_CQ03325.bmp


ans =

E:\zq_03_CQ\zq_03_CQ02226.bmp


ans =

E:\zq_03_CQ\zq_03_CQ03695.bmp


ans =

E:\zq_03_CQ\zq_03_CQ02797.bmp


ans =

E:\zq_03_CQ\zq_03_CQ01698.bmp


ans =

E:\zq_03_CQ\zq_03_CQ01183.bmp


ans =

E:\zq_03_CQ\zq_03_CQ00631.bmp


ans =

E:\zq_03_CQ\zq_03_CQ03324.bmp


ans =

E:\zq_03_CQ\zq_03_CQ02225.bmp


ans =

E:\zq_03_CQ\zq_03_CQ04171.bmp


ans =

E:\zq_03_CQ\zq_03_CQ03693.bmp


ans =

E:\zq_03_CQ\zq_03_CQ02794.bmp


ans =

E:\zq_03_CQ\zq_03_CQ01685.bmp


ans =

E:\zq_03_CQ\zq_03_CQ01180.bmp


ans =

E:\zq_03_CQ\zq_03_CQ00627.bmp


ans =

E:\zq_03_CQ\zq_03_CQ02224.bmp


ans =

E:\zq_03_CQ\zq_03_CQ04164.bmp


ans =

E:\zq_03_CQ\zq_03_CQ03319.bmp


ans =

E:\zq_03_CQ\zq_03_CQ03688.bmp


ans =

E:\zq_03_CQ\zq_03_CQ02790.bmp


ans =

E:\zq_03_CQ\zq_03_CQ01678.bmp


ans =

E:\zq_03_CQ\zq_03_CQ01173.bmp


ans =

E:\zq_03_CQ\zq_03_CQ02223.bmp


ans =

E:\zq_03_CQ\zq_03_CQ00623.bmp


ans =

E:\zq_03_CQ\zq_03_CQ04162.bmp


ans =

E:\zq_03_CQ\zq_03_CQ03314.bmp


ans =

E:\zq_03_CQ\zq_03_CQ03686.bmp


ans =

E:\zq_03_CQ\zq_03_CQ02788.bmp


ans =

E:\zq_03_CQ\zq_03_CQ01666.bmp


ans =

E:\zq_03_CQ\zq_03_CQ01170.bmp


ans =

E:\zq_03_CQ\zq_03_CQ02222.bmp


ans =

E:\zq_03_CQ\zq_03_CQ00622.bmp


ans =

E:\zq_03_CQ\zq_03_CQ04156.bmp


ans =

E:\zq_03_CQ\zq_03_CQ03307.bmp


ans =

E:\zq_03_CQ\zq_03_CQ03681.bmp


ans =

E:\zq_03_CQ\zq_03_CQ02785.bmp


ans =

E:\zq_03_CQ\zq_03_CQ01660.bmp


ans =

E:\zq_03_CQ\zq_03_CQ01165.bmp


ans =

E:\zq_03_CQ\zq_03_CQ02220.bmp


ans =

E:\zq_03_CQ\zq_03_CQ00615.bmp


ans =

E:\zq_03_CQ\zq_03_CQ03305.bmp


ans =

E:\zq_03_CQ\zq_03_CQ04153.bmp


ans =

E:\zq_03_CQ\zq_03_CQ03679.bmp


ans =

E:\zq_03_CQ\zq_03_CQ02781.bmp


ans =

E:\zq_03_CQ\zq_03_CQ01161.bmp


ans =

E:\zq_03_CQ\zq_03_CQ02219.bmp


ans =

E:\zq_03_CQ\zq_03_CQ01645.bmp


ans =

E:\zq_03_CQ\zq_03_CQ00613.bmp


ans =

E:\zq_03_CQ\zq_03_CQ04145.bmp


ans =

E:\zq_03_CQ\zq_03_CQ03304.bmp


ans =

E:\zq_03_CQ\zq_03_CQ03674.bmp


ans =

E:\zq_03_CQ\zq_03_CQ02779.bmp


ans =

E:\zq_03_CQ\zq_03_CQ01153.bmp


ans =

E:\zq_03_CQ\zq_03_CQ02218.bmp


ans =

E:\zq_03_CQ\zq_03_CQ01642.bmp


ans =

E:\zq_03_CQ\zq_03_CQ00611.bmp


ans =

E:\zq_03_CQ\zq_03_CQ04139.bmp


ans =

E:\zq_03_CQ\zq_03_CQ03303.bmp


ans =

E:\zq_03_CQ\zq_03_CQ03671.bmp


ans =

E:\zq_03_CQ\zq_03_CQ02775.bmp


ans =

E:\zq_03_CQ\zq_03_CQ01152.bmp


ans =

E:\zq_03_CQ\zq_03_CQ02217.bmp


ans =

E:\zq_03_CQ\zq_03_CQ01626.bmp


ans =

E:\zq_03_CQ\zq_03_CQ00607.bmp


ans =

E:\zq_03_CQ\zq_03_CQ04137.bmp


ans =

E:\zq_03_CQ\zq_03_CQ03302.bmp


ans =

E:\zq_03_CQ\zq_03_CQ03667.bmp


ans =

E:\zq_03_CQ\zq_03_CQ02773.bmp


ans =

E:\zq_03_CQ\zq_03_CQ01151.bmp


ans =

E:\zq_03_CQ\zq_03_CQ02215.bmp


ans =

E:\zq_03_CQ\zq_03_CQ01615.bmp


ans =

E:\zq_03_CQ\zq_03_CQ00605.bmp


ans =

E:\zq_03_CQ\zq_03_CQ03297.bmp


ans =

E:\zq_03_CQ\zq_03_CQ04131.bmp


ans =

E:\zq_03_CQ\zq_03_CQ03665.bmp


ans =

E:\zq_03_CQ\zq_03_CQ02767.bmp


ans =

E:\zq_03_CQ\zq_03_CQ01144.bmp


ans =

E:\zq_03_CQ\zq_03_CQ02214.bmp


ans =

E:\zq_03_CQ\zq_03_CQ01603.bmp


ans =

E:\zq_03_CQ\zq_03_CQ00596.bmp


ans =

E:\zq_03_CQ\zq_03_CQ04130.bmp


ans =

E:\zq_03_CQ\zq_03_CQ03296.bmp


ans =

E:\zq_03_CQ\zq_03_CQ03660.bmp


ans =

E:\zq_03_CQ\zq_03_CQ02766.bmp


ans =

E:\zq_03_CQ\zq_03_CQ01142.bmp


ans =

E:\zq_03_CQ\zq_03_CQ02212.bmp


ans =

E:\zq_03_CQ\zq_03_CQ01597.bmp


ans =

E:\zq_03_CQ\zq_03_CQ00584.bmp


ans =

E:\zq_03_CQ\zq_03_CQ04120.bmp


ans =

E:\zq_03_CQ\zq_03_CQ03295.bmp


ans =

E:\zq_03_CQ\zq_03_CQ03656.bmp


ans =

E:\zq_03_CQ\zq_03_CQ02765.bmp


ans =

E:\zq_03_CQ\zq_03_CQ01141.bmp


ans =

E:\zq_03_CQ\zq_03_CQ02211.bmp


ans =

E:\zq_03_CQ\zq_03_CQ01578.bmp


ans =

E:\zq_03_CQ\zq_03_CQ00578.bmp


ans =

E:\zq_03_CQ\zq_03_CQ04119.bmp


ans =

E:\zq_03_CQ\zq_03_CQ03294.bmp


ans =

E:\zq_03_CQ\zq_03_CQ03654.bmp


ans =

E:\zq_03_CQ\zq_03_CQ02763.bmp


ans =

E:\zq_03_CQ\zq_03_CQ01136.bmp


ans =

E:\zq_03_CQ\zq_03_CQ00571.bmp


ans =

E:\zq_03_CQ\zq_03_CQ02209.bmp


ans =

E:\zq_03_CQ\zq_03_CQ01572.bmp


ans =

E:\zq_03_CQ\zq_03_CQ04111.bmp


ans =

E:\zq_03_CQ\zq_03_CQ03287.bmp


ans =

E:\zq_03_CQ\zq_03_CQ03649.bmp


ans =

E:\zq_03_CQ\zq_03_CQ02757.bmp


ans =

E:\zq_03_CQ\zq_03_CQ01133.bmp


ans =

E:\zq_03_CQ\zq_03_CQ00557.bmp


ans =

E:\zq_03_CQ\zq_03_CQ02208.bmp


ans =

E:\zq_03_CQ\zq_03_CQ01558.bmp


ans =

E:\zq_03_CQ\zq_03_CQ03284.bmp


ans =

E:\zq_03_CQ\zq_03_CQ03646.bmp


ans =

E:\zq_03_CQ\zq_03_CQ04109.bmp


ans =

E:\zq_03_CQ\zq_03_CQ02754.bmp


ans =

E:\zq_03_CQ\zq_03_CQ01125.bmp


ans =

E:\zq_03_CQ\zq_03_CQ00552.bmp


ans =

E:\zq_03_CQ\zq_03_CQ02203.bmp


ans =

E:\zq_03_CQ\zq_03_CQ01556.bmp


ans =

E:\zq_03_CQ\zq_03_CQ03283.bmp


ans =

E:\zq_03_CQ\zq_03_CQ03642.bmp


ans =

E:\zq_03_CQ\zq_03_CQ04103.bmp


ans =

E:\zq_03_CQ\zq_03_CQ02751.bmp


ans =

E:\zq_03_CQ\zq_03_CQ01124.bmp


ans =

E:\zq_03_CQ\zq_03_CQ00537.bmp


ans =

E:\zq_03_CQ\zq_03_CQ02202.bmp


ans =

E:\zq_03_CQ\zq_03_CQ01549.bmp


ans =

E:\zq_03_CQ\zq_03_CQ03639.bmp


ans =

E:\zq_03_CQ\zq_03_CQ04100.bmp


ans =

E:\zq_03_CQ\zq_03_CQ03282.bmp


ans =

E:\zq_03_CQ\zq_03_CQ02749.bmp


ans =

E:\zq_03_CQ\zq_03_CQ02201.bmp


ans =

E:\zq_03_CQ\zq_03_CQ01118.bmp


ans =

E:\zq_03_CQ\zq_03_CQ00531.bmp


ans =

E:\zq_03_CQ\zq_03_CQ01547.bmp


ans =

E:\zq_03_CQ\zq_03_CQ03635.bmp


ans =

E:\zq_03_CQ\zq_03_CQ04095.bmp


ans =

E:\zq_03_CQ\zq_03_CQ03276.bmp


ans =

E:\zq_03_CQ\zq_03_CQ02747.bmp


ans =

E:\zq_03_CQ\zq_03_CQ02200.bmp


ans =

E:\zq_03_CQ\zq_03_CQ01116.bmp


ans =

E:\zq_03_CQ\zq_03_CQ00520.bmp


ans =

E:\zq_03_CQ\zq_03_CQ01541.bmp


ans =

E:\zq_03_CQ\zq_03_CQ03633.bmp


ans =

E:\zq_03_CQ\zq_03_CQ04090.bmp


ans =

E:\zq_03_CQ\zq_03_CQ03275.bmp


ans =

E:\zq_03_CQ\zq_03_CQ02743.bmp


ans =

E:\zq_03_CQ\zq_03_CQ01113.bmp


ans =

E:\zq_03_CQ\zq_03_CQ02197.bmp


ans =

E:\zq_03_CQ\zq_03_CQ00508.bmp


ans =

E:\zq_03_CQ\zq_03_CQ01539.bmp


ans =

E:\zq_03_CQ\zq_03_CQ03628.bmp


ans =

E:\zq_03_CQ\zq_03_CQ03272.bmp


ans =

E:\zq_03_CQ\zq_03_CQ02741.bmp


ans =

E:\zq_03_CQ\zq_03_CQ04087.bmp


ans =

E:\zq_03_CQ\zq_03_CQ02196.bmp


ans =

E:\zq_03_CQ\zq_03_CQ01112.bmp


ans =

E:\zq_03_CQ\zq_03_CQ00498.bmp


ans =

E:\zq_03_CQ\zq_03_CQ01530.bmp


ans =

E:\zq_03_CQ\zq_03_CQ03626.bmp


ans =

E:\zq_03_CQ\zq_03_CQ03271.bmp


ans =

E:\zq_03_CQ\zq_03_CQ02737.bmp


ans =

E:\zq_03_CQ\zq_03_CQ01110.bmp


ans =

E:\zq_03_CQ\zq_03_CQ04082.bmp


ans =

E:\zq_03_CQ\zq_03_CQ02195.bmp


ans =

E:\zq_03_CQ\zq_03_CQ00493.bmp


ans =

E:\zq_03_CQ\zq_03_CQ01529.bmp


ans =

E:\zq_03_CQ\zq_03_CQ03619.bmp


ans =

E:\zq_03_CQ\zq_03_CQ03265.bmp


ans =

E:\zq_03_CQ\zq_03_CQ02734.bmp


ans =

E:\zq_03_CQ\zq_03_CQ01106.bmp


ans =

E:\zq_03_CQ\zq_03_CQ04080.bmp


ans =

E:\zq_03_CQ\zq_03_CQ02194.bmp


ans =

E:\zq_03_CQ\zq_03_CQ00480.bmp


ans =

E:\zq_03_CQ\zq_03_CQ01522.bmp


ans =

E:\zq_03_CQ\zq_03_CQ03617.bmp


ans =

E:\zq_03_CQ\zq_03_CQ02732.bmp


ans =

E:\zq_03_CQ\zq_03_CQ01104.bmp


ans =

E:\zq_03_CQ\zq_03_CQ00477.bmp


ans =

E:\zq_03_CQ\zq_03_CQ04073.bmp


ans =

E:\zq_03_CQ\zq_03_CQ03260.bmp


ans =

E:\zq_03_CQ\zq_03_CQ02190.bmp


ans =

E:\zq_03_CQ\zq_03_CQ01520.bmp


ans =

E:\zq_03_CQ\zq_03_CQ03612.bmp


ans =

E:\zq_03_CQ\zq_03_CQ02728.bmp


ans =

E:\zq_03_CQ\zq_03_CQ01098.bmp


ans =

E:\zq_03_CQ\zq_03_CQ00462.bmp


ans =

E:\zq_03_CQ\zq_03_CQ04069.bmp


ans =

E:\zq_03_CQ\zq_03_CQ03256.bmp


ans =

E:\zq_03_CQ\zq_03_CQ02189.bmp


ans =

E:\zq_03_CQ\zq_03_CQ01515.bmp


ans =

E:\zq_03_CQ\zq_03_CQ03610.bmp


ans =

E:\zq_03_CQ\zq_03_CQ02725.bmp


ans =

E:\zq_03_CQ\zq_03_CQ01096.bmp


ans =

E:\zq_03_CQ\zq_03_CQ00456.bmp


ans =

E:\zq_03_CQ\zq_03_CQ03251.bmp


ans =

E:\zq_03_CQ\zq_03_CQ02188.bmp


ans =

E:\zq_03_CQ\zq_03_CQ04065.bmp


ans =

E:\zq_03_CQ\zq_03_CQ01514.bmp


ans =

E:\zq_03_CQ\zq_03_CQ03603.bmp


ans =

E:\zq_03_CQ\zq_03_CQ02720.bmp


ans =

E:\zq_03_CQ\zq_03_CQ01091.bmp


ans =

E:\zq_03_CQ\zq_03_CQ00444.bmp


ans =

E:\zq_03_CQ\zq_03_CQ03247.bmp


ans =

E:\zq_03_CQ\zq_03_CQ02184.bmp


ans =

E:\zq_03_CQ\zq_03_CQ04060.bmp


ans =

E:\zq_03_CQ\zq_03_CQ01513.bmp


ans =

E:\zq_03_CQ\zq_03_CQ03601.bmp


ans =

E:\zq_03_CQ\zq_03_CQ02716.bmp


ans =

E:\zq_03_CQ\zq_03_CQ01089.bmp


ans =

E:\zq_03_CQ\zq_03_CQ00440.bmp


ans =

E:\zq_03_CQ\zq_03_CQ02183.bmp


ans =

E:\zq_03_CQ\zq_03_CQ04055.bmp


ans =

E:\zq_03_CQ\zq_03_CQ03243.bmp


ans =

E:\zq_03_CQ\zq_03_CQ01509.bmp


ans =

E:\zq_03_CQ\zq_03_CQ03596.bmp


ans =

E:\zq_03_CQ\zq_03_CQ02715.bmp


ans =

E:\zq_03_CQ\zq_03_CQ02181.bmp


ans =

E:\zq_03_CQ\zq_03_CQ01082.bmp


ans =

E:\zq_03_CQ\zq_03_CQ00424.bmp


ans =

E:\zq_03_CQ\zq_03_CQ04051.bmp


ans =

E:\zq_03_CQ\zq_03_CQ03242.bmp


ans =

E:\zq_03_CQ\zq_03_CQ01507.bmp


ans =

E:\zq_03_CQ\zq_03_CQ03594.bmp


ans =

E:\zq_03_CQ\zq_03_CQ02711.bmp


ans =

E:\zq_03_CQ\zq_03_CQ02180.bmp


ans =

E:\zq_03_CQ\zq_03_CQ01080.bmp


ans =

E:\zq_03_CQ\zq_03_CQ00419.bmp


ans =

E:\zq_03_CQ\zq_03_CQ04047.bmp


ans =

E:\zq_03_CQ\zq_03_CQ03236.bmp


ans =

E:\zq_03_CQ\zq_03_CQ01506.bmp


ans =

E:\zq_03_CQ\zq_03_CQ03588.bmp


ans =

E:\zq_03_CQ\zq_03_CQ02710.bmp


ans =

E:\zq_03_CQ\zq_03_CQ02177.bmp


ans =

E:\zq_03_CQ\zq_03_CQ01076.bmp


ans =

E:\zq_03_CQ\zq_03_CQ00401.bmp


ans =

E:\zq_03_CQ\zq_03_CQ04042.bmp


ans =

E:\zq_03_CQ\zq_03_CQ03235.bmp


ans =

E:\zq_03_CQ\zq_03_CQ01505.bmp


ans =

E:\zq_03_CQ\zq_03_CQ03586.bmp


ans =

E:\zq_03_CQ\zq_03_CQ02707.bmp


ans =

E:\zq_03_CQ\zq_03_CQ02176.bmp


ans =

E:\zq_03_CQ\zq_03_CQ01073.bmp


ans =

E:\zq_03_CQ\zq_03_CQ00394.bmp


ans =

E:\zq_03_CQ\zq_03_CQ03230.bmp


ans =

E:\zq_03_CQ\zq_03_CQ01503.bmp


ans =

E:\zq_03_CQ\zq_03_CQ04037.bmp


ans =

E:\zq_03_CQ\zq_03_CQ03582.bmp


ans =

E:\zq_03_CQ\zq_03_CQ02706.bmp


ans =

E:\zq_03_CQ\zq_03_CQ02175.bmp


ans =

E:\zq_03_CQ\zq_03_CQ01070.bmp


ans =

E:\zq_03_CQ\zq_03_CQ00377.bmp


ans =

E:\zq_03_CQ\zq_03_CQ03228.bmp


ans =

E:\zq_03_CQ\zq_03_CQ01499.bmp


ans =

E:\zq_03_CQ\zq_03_CQ04034.bmp


ans =

E:\zq_03_CQ\zq_03_CQ03581.bmp


ans =

E:\zq_03_CQ\zq_03_CQ02705.bmp


ans =

E:\zq_03_CQ\zq_03_CQ00372.bmp


ans =

E:\zq_03_CQ\zq_03_CQ02174.bmp


ans =

E:\zq_03_CQ\zq_03_CQ01067.bmp


ans =

E:\zq_03_CQ\zq_03_CQ03225.bmp


ans =

E:\zq_03_CQ\zq_03_CQ01496.bmp


ans =

E:\zq_03_CQ\zq_03_CQ04030.bmp


ans =

E:\zq_03_CQ\zq_03_CQ03579.bmp


ans =

E:\zq_03_CQ\zq_03_CQ02699.bmp


ans =

E:\zq_03_CQ\zq_03_CQ02173.bmp


ans =

E:\zq_03_CQ\zq_03_CQ01062.bmp


ans =

E:\zq_03_CQ\zq_03_CQ00356.bmp


ans =

E:\zq_03_CQ\zq_03_CQ01495.bmp


ans =

E:\zq_03_CQ\zq_03_CQ04025.bmp


ans =

E:\zq_03_CQ\zq_03_CQ03220.bmp


ans =

E:\zq_03_CQ\zq_03_CQ03574.bmp


ans =

E:\zq_03_CQ\zq_03_CQ02695.bmp


ans =

E:\zq_03_CQ\zq_03_CQ02172.bmp


ans =

E:\zq_03_CQ\zq_03_CQ01060.bmp


ans =

E:\zq_03_CQ\zq_03_CQ00351.bmp


ans =

E:\zq_03_CQ\zq_03_CQ01493.bmp


ans =

E:\zq_03_CQ\zq_03_CQ04021.bmp


ans =

E:\zq_03_CQ\zq_03_CQ03218.bmp


ans =

E:\zq_03_CQ\zq_03_CQ03572.bmp


ans =

E:\zq_03_CQ\zq_03_CQ02692.bmp


ans =

E:\zq_03_CQ\zq_03_CQ02169.bmp


ans =

E:\zq_03_CQ\zq_03_CQ01056.bmp


ans =

E:\zq_03_CQ\zq_03_CQ00346.bmp


ans =

E:\zq_03_CQ\zq_03_CQ01490.bmp


ans =

E:\zq_03_CQ\zq_03_CQ03216.bmp


ans =

E:\zq_03_CQ\zq_03_CQ04017.bmp


ans =

E:\zq_03_CQ\zq_03_CQ03566.bmp


ans =

E:\zq_03_CQ\zq_03_CQ02691.bmp


ans =

E:\zq_03_CQ\zq_03_CQ02168.bmp


ans =

E:\zq_03_CQ\zq_03_CQ01054.bmp


ans =

E:\zq_03_CQ\zq_03_CQ00340.bmp


ans =

E:\zq_03_CQ\zq_03_CQ01489.bmp


ans =

E:\zq_03_CQ\zq_03_CQ03213.bmp


ans =

E:\zq_03_CQ\zq_03_CQ04013.bmp


ans =

E:\zq_03_CQ\zq_03_CQ03564.bmp


ans =

E:\zq_03_CQ\zq_03_CQ02685.bmp


ans =

E:\zq_03_CQ\zq_03_CQ02167.bmp


ans =

E:\zq_03_CQ\zq_03_CQ01049.bmp


ans =

E:\zq_03_CQ\zq_03_CQ00335.bmp


ans =

E:\zq_03_CQ\zq_03_CQ01487.bmp


ans =

E:\zq_03_CQ\zq_03_CQ03208.bmp


ans =

E:\zq_03_CQ\zq_03_CQ04008.bmp


ans =

E:\zq_03_CQ\zq_03_CQ03559.bmp


ans =

E:\zq_03_CQ\zq_03_CQ02682.bmp


ans =

E:\zq_03_CQ\zq_03_CQ02162.bmp


ans =

E:\zq_03_CQ\zq_03_CQ01047.bmp


ans =

E:\zq_03_CQ\zq_03_CQ00330.bmp


ans =

E:\zq_03_CQ\zq_03_CQ01482.bmp


ans =

E:\zq_03_CQ\zq_03_CQ03203.bmp


ans =

E:\zq_03_CQ\zq_03_CQ04006.bmp


ans =

E:\zq_03_CQ\zq_03_CQ03557.bmp


ans =

E:\zq_03_CQ\zq_03_CQ02680.bmp


ans =

E:\zq_03_CQ\zq_03_CQ01042.bmp


ans =

E:\zq_03_CQ\zq_03_CQ00325.bmp


ans =

E:\zq_03_CQ\zq_03_CQ02161.bmp


ans =

E:\zq_03_CQ\zq_03_CQ01480.bmp


ans =

E:\zq_03_CQ\zq_03_CQ04003.bmp


ans =

E:\zq_03_CQ\zq_03_CQ03199.bmp


ans =

E:\zq_03_CQ\zq_03_CQ03552.bmp


ans =

E:\zq_03_CQ\zq_03_CQ02676.bmp


ans =

E:\zq_03_CQ\zq_03_CQ01040.bmp


ans =

E:\zq_03_CQ\zq_03_CQ00319.bmp


ans =

E:\zq_03_CQ\zq_03_CQ02160.bmp


ans =

E:\zq_03_CQ\zq_03_CQ01473.bmp


ans =

E:\zq_03_CQ\zq_03_CQ03194.bmp


ans =

E:\zq_03_CQ\zq_03_CQ03998.bmp


ans =

E:\zq_03_CQ\zq_03_CQ03550.bmp


ans =

E:\zq_03_CQ\zq_03_CQ02674.bmp


ans =

E:\zq_03_CQ\zq_03_CQ01035.bmp


ans =

E:\zq_03_CQ\zq_03_CQ00317.bmp


ans =

E:\zq_03_CQ\zq_03_CQ02159.bmp


ans =

E:\zq_03_CQ\zq_03_CQ01471.bmp


ans =

E:\zq_03_CQ\zq_03_CQ03192.bmp


ans =

E:\zq_03_CQ\zq_03_CQ03994.bmp


ans =

E:\zq_03_CQ\zq_03_CQ03545.bmp


ans =

E:\zq_03_CQ\zq_03_CQ02669.bmp


ans =

E:\zq_03_CQ\zq_03_CQ01033.bmp


ans =

E:\zq_03_CQ\zq_03_CQ00312.bmp


ans =

E:\zq_03_CQ\zq_03_CQ02147.bmp


ans =

E:\zq_03_CQ\zq_03_CQ01466.bmp


ans =

E:\zq_03_CQ\zq_03_CQ03187.bmp


ans =

E:\zq_03_CQ\zq_03_CQ03990.bmp


ans =

E:\zq_03_CQ\zq_03_CQ03543.bmp


ans =

E:\zq_03_CQ\zq_03_CQ02665.bmp


ans =

E:\zq_03_CQ\zq_03_CQ01028.bmp


ans =

E:\zq_03_CQ\zq_03_CQ00306.bmp


ans =

E:\zq_03_CQ\zq_03_CQ02143.bmp


ans =

E:\zq_03_CQ\zq_03_CQ01464.bmp


ans =

E:\zq_03_CQ\zq_03_CQ03183.bmp


ans =

E:\zq_03_CQ\zq_03_CQ03987.bmp


ans =

E:\zq_03_CQ\zq_03_CQ03538.bmp


ans =

E:\zq_03_CQ\zq_03_CQ02661.bmp


ans =

E:\zq_03_CQ\zq_03_CQ01026.bmp


ans =

E:\zq_03_CQ\zq_03_CQ00301.bmp


ans =

E:\zq_03_CQ\zq_03_CQ02133.bmp


ans =

E:\zq_03_CQ\zq_03_CQ01461.bmp


ans =

E:\zq_03_CQ\zq_03_CQ03983.bmp


ans =

E:\zq_03_CQ\zq_03_CQ03177.bmp


ans =

E:\zq_03_CQ\zq_03_CQ03537.bmp


ans =

E:\zq_03_CQ\zq_03_CQ02658.bmp


ans =

E:\zq_03_CQ\zq_03_CQ01022.bmp


ans =

E:\zq_03_CQ\zq_03_CQ00296.bmp


ans =

E:\zq_03_CQ\zq_03_CQ02132.bmp


ans =

E:\zq_03_CQ\zq_03_CQ01456.bmp


ans =

E:\zq_03_CQ\zq_03_CQ03979.bmp


ans =

E:\zq_03_CQ\zq_03_CQ03173.bmp


ans =

E:\zq_03_CQ\zq_03_CQ03532.bmp


ans =

E:\zq_03_CQ\zq_03_CQ02656.bmp


ans =

E:\zq_03_CQ\zq_03_CQ01019.bmp


ans =

E:\zq_03_CQ\zq_03_CQ02126.bmp


ans =

E:\zq_03_CQ\zq_03_CQ00292.bmp


ans =

E:\zq_03_CQ\zq_03_CQ01453.bmp


ans =

E:\zq_03_CQ\zq_03_CQ03171.bmp


ans =

E:\zq_03_CQ\zq_03_CQ03531.bmp


ans =

E:\zq_03_CQ\zq_03_CQ02653.bmp


ans =

E:\zq_03_CQ\zq_03_CQ03975.bmp


ans =

E:\zq_03_CQ\zq_03_CQ01013.bmp


ans =

E:\zq_03_CQ\zq_03_CQ02125.bmp


ans =

E:\zq_03_CQ\zq_03_CQ00289.bmp


ans =

E:\zq_03_CQ\zq_03_CQ01451.bmp


ans =

E:\zq_03_CQ\zq_03_CQ03169.bmp


ans =

E:\zq_03_CQ\zq_03_CQ03525.bmp


ans =

E:\zq_03_CQ\zq_03_CQ02647.bmp


ans =

E:\zq_03_CQ\zq_03_CQ03970.bmp


ans =

E:\zq_03_CQ\zq_03_CQ01010.bmp


ans =

E:\zq_03_CQ\zq_03_CQ02118.bmp


ans =

E:\zq_03_CQ\zq_03_CQ00286.bmp


ans =

E:\zq_03_CQ\zq_03_CQ01446.bmp


ans =

E:\zq_03_CQ\zq_03_CQ03165.bmp


ans =

E:\zq_03_CQ\zq_03_CQ03523.bmp


ans =

E:\zq_03_CQ\zq_03_CQ02640.bmp


ans =

E:\zq_03_CQ\zq_03_CQ03963.bmp


ans =

E:\zq_03_CQ\zq_03_CQ01004.bmp


ans =

E:\zq_03_CQ\zq_03_CQ02117.bmp


ans =

E:\zq_03_CQ\zq_03_CQ00284.bmp


ans =

E:\zq_03_CQ\zq_03_CQ01445.bmp


ans =

E:\zq_03_CQ\zq_03_CQ03163.bmp


ans =

E:\zq_03_CQ\zq_03_CQ03518.bmp


ans =

E:\zq_03_CQ\zq_03_CQ02626.bmp


ans =

E:\zq_03_CQ\zq_03_CQ03953.bmp


ans =

E:\zq_03_CQ\zq_03_CQ01002.bmp


ans =

E:\zq_03_CQ\zq_03_CQ02106.bmp


ans =

E:\zq_03_CQ\zq_03_CQ00279.bmp


ans =

E:\zq_03_CQ\zq_03_CQ01444.bmp


ans =

E:\zq_03_CQ\zq_03_CQ03159.bmp


ans =

E:\zq_03_CQ\zq_03_CQ03516.bmp


ans =

E:\zq_03_CQ\zq_03_CQ02612.bmp


ans =

E:\zq_03_CQ\zq_03_CQ00996.bmp


ans =

E:\zq_03_CQ\zq_03_CQ03938.bmp


ans =

E:\zq_03_CQ\zq_03_CQ02105.bmp


ans =

E:\zq_03_CQ\zq_03_CQ00277.bmp


ans =

E:\zq_03_CQ\zq_03_CQ01442.bmp


ans =

E:\zq_03_CQ\zq_03_CQ03511.bmp


ans =

E:\zq_03_CQ\zq_03_CQ02598.bmp


ans =

E:\zq_03_CQ\zq_03_CQ00994.bmp


ans =

E:\zq_03_CQ\zq_03_CQ03157.bmp


ans =

E:\zq_03_CQ\zq_03_CQ03926.bmp


ans =

E:\zq_03_CQ\zq_03_CQ02102.bmp


ans =

E:\zq_03_CQ\zq_03_CQ00273.bmp


ans =

E:\zq_03_CQ\zq_03_CQ01441.bmp


ans =

E:\zq_03_CQ\zq_03_CQ03916.bmp


ans =

E:\zq_03_CQ\zq_03_CQ03154.bmp


ans =

E:\zq_03_CQ\zq_03_CQ02101.bmp


ans =

E:\zq_03_CQ\zq_03_CQ03509.bmp


ans =

E:\zq_03_CQ\zq_03_CQ01440.bmp


ans =

E:\zq_03_CQ\zq_03_CQ02583.bmp


ans =

E:\zq_03_CQ\zq_03_CQ02567.bmp


ans =

E:\zq_03_CQ\zq_03_CQ00988.bmp


ans =

E:\zq_03_CQ\zq_03_CQ00271.bmp


ans =

E:\zq_03_CQ\zq_03_CQ03151.bmp


ans =

E:\zq_03_CQ\zq_03_CQ03504.bmp


ans =

E:\zq_03_CQ\zq_03_CQ00986.bmp


ans =

E:\zq_03_CQ\zq_03_CQ02091.bmp


ans =

E:\zq_03_CQ\zq_03_CQ03902.bmp


ans =

E:\zq_03_CQ\zq_03_CQ00268.bmp


ans =

E:\zq_03_CQ\zq_03_CQ01439.bmp


ans =

E:\zq_03_CQ\zq_03_CQ02552.bmp


ans =

E:\zq_03_CQ\zq_03_CQ03502.bmp


ans =

E:\zq_03_CQ\zq_03_CQ00983.bmp


ans =

E:\zq_03_CQ\zq_03_CQ03148.bmp


ans =

E:\zq_03_CQ\zq_03_CQ03887.bmp


ans =

E:\zq_03_CQ\zq_03_CQ02090.bmp


ans =

E:\zq_03_CQ\zq_03_CQ00264.bmp


ans =

E:\zq_03_CQ\zq_03_CQ01436.bmp


ans =

E:\zq_03_CQ\zq_03_CQ02549.bmp


ans =

E:\zq_03_CQ\zq_03_CQ03498.bmp


ans =

E:\zq_03_CQ\zq_03_CQ00979.bmp


ans =

E:\zq_03_CQ\zq_03_CQ03146.bmp


ans =

E:\zq_03_CQ\zq_03_CQ03871.bmp


ans =

E:\zq_03_CQ\zq_03_CQ02087.bmp


ans =

E:\zq_03_CQ\zq_03_CQ00262.bmp


ans =

E:\zq_03_CQ\zq_03_CQ01435.bmp


ans =

E:\zq_03_CQ\zq_03_CQ02531.bmp


ans =

E:\zq_03_CQ\zq_03_CQ03496.bmp


ans =

E:\zq_03_CQ\zq_03_CQ00977.bmp


ans =

E:\zq_03_CQ\zq_03_CQ03141.bmp


ans =

E:\zq_03_CQ\zq_03_CQ02086.bmp


ans =

E:\zq_03_CQ\zq_03_CQ00258.bmp


ans =

E:\zq_03_CQ\zq_03_CQ03859.bmp


ans =

E:\zq_03_CQ\zq_03_CQ01434.bmp


ans =

E:\zq_03_CQ\zq_03_CQ02528.bmp


ans =

E:\zq_03_CQ\zq_03_CQ03492.bmp


ans =

E:\zq_03_CQ\zq_03_CQ03137.bmp


ans =

E:\zq_03_CQ\zq_03_CQ00972.bmp


ans =

E:\zq_03_CQ\zq_03_CQ02075.bmp


ans =

E:\zq_03_CQ\zq_03_CQ00255.bmp


ans =

E:\zq_03_CQ\zq_03_CQ03845.bmp


ans =

E:\zq_03_CQ\zq_03_CQ01433.bmp


ans =

E:\zq_03_CQ\zq_03_CQ03490.bmp


ans =

E:\zq_03_CQ\zq_03_CQ02509.bmp


ans =

E:\zq_03_CQ\zq_03_CQ00970.bmp


ans =

E:\zq_03_CQ\zq_03_CQ03132.bmp


ans =

E:\zq_03_CQ\zq_03_CQ02074.bmp


ans =

E:\zq_03_CQ\zq_03_CQ03832.bmp


ans =

E:\zq_03_CQ\zq_03_CQ01431.bmp


ans =

E:\zq_03_CQ\zq_03_CQ00252.bmp


ans =

E:\zq_03_CQ\zq_03_CQ03483.bmp


ans =

E:\zq_03_CQ\zq_03_CQ02504.bmp


ans =

E:\zq_03_CQ\zq_03_CQ00963.bmp


ans =

E:\zq_03_CQ\zq_03_CQ03127.bmp


ans =

E:\zq_03_CQ\zq_03_CQ02069.bmp


ans =

E:\zq_03_CQ\zq_03_CQ01430.bmp


ans =

E:\zq_03_CQ\zq_03_CQ00249.bmp


ans =

E:\zq_03_CQ\zq_03_CQ03826.bmp


ans =

E:\zq_03_CQ\zq_03_CQ03481.bmp


ans =

E:\zq_03_CQ\zq_03_CQ02487.bmp


ans =

E:\zq_03_CQ\zq_03_CQ00961.bmp


ans =

E:\zq_03_CQ\zq_03_CQ03121.bmp


ans =

E:\zq_03_CQ\zq_03_CQ02068.bmp


ans =

E:\zq_03_CQ\zq_03_CQ01429.bmp


ans =

E:\zq_03_CQ\zq_03_CQ00244.bmp


ans =

E:\zq_03_CQ\zq_03_CQ03817.bmp


ans =

E:\zq_03_CQ\zq_03_CQ03467.bmp


ans =

E:\zq_03_CQ\zq_03_CQ02482.bmp


ans =

E:\zq_03_CQ\zq_03_CQ00946.bmp


ans =

E:\zq_03_CQ\zq_03_CQ03108.bmp


ans =

E:\zq_03_CQ\zq_03_CQ02055.bmp


ans =

E:\zq_03_CQ\zq_03_CQ01428.bmp


ans =

E:\zq_03_CQ\zq_03_CQ00241.bmp


ans =

E:\zq_03_CQ\zq_03_CQ03811.bmp


ans =

E:\zq_03_CQ\zq_03_CQ03461.bmp


ans =

E:\zq_03_CQ\zq_03_CQ02464.bmp


ans =

E:\zq_03_CQ\zq_03_CQ00941.bmp


ans =

E:\zq_03_CQ\zq_03_CQ03095.bmp


ans =

E:\zq_03_CQ\zq_03_CQ02054.bmp


ans =

E:\zq_03_CQ\zq_03_CQ01425.bmp


ans =

E:\zq_03_CQ\zq_03_CQ00240.bmp


ans =

E:\zq_03_CQ\zq_03_CQ03803.bmp


ans =

E:\zq_03_CQ\zq_03_CQ03448.bmp


ans =

E:\zq_03_CQ\zq_03_CQ02461.bmp


ans =

E:\zq_03_CQ\zq_03_CQ00923.bmp


ans =

E:\zq_03_CQ\zq_03_CQ02047.bmp


ans =

E:\zq_03_CQ\zq_03_CQ03082.bmp


ans =

E:\zq_03_CQ\zq_03_CQ01424.bmp


ans =

E:\zq_03_CQ\zq_03_CQ00234.bmp


ans =

E:\zq_03_CQ\zq_03_CQ03797.bmp


ans =

E:\zq_03_CQ\zq_03_CQ03435.bmp


ans =

E:\zq_03_CQ\zq_03_CQ02450.bmp


ans =

E:\zq_03_CQ\zq_03_CQ00919.bmp


ans =

E:\zq_03_CQ\zq_03_CQ02037.bmp


ans =

E:\zq_03_CQ\zq_03_CQ03068.bmp


ans =

E:\zq_03_CQ\zq_03_CQ01422.bmp


ans =

E:\zq_03_CQ\zq_03_CQ00230.bmp


ans =

E:\zq_03_CQ\zq_03_CQ03785.bmp


ans =

E:\zq_03_CQ\zq_03_CQ03430.bmp


ans =

E:\zq_03_CQ\zq_03_CQ02443.bmp


ans =

E:\zq_03_CQ\zq_03_CQ00903.bmp


ans =

E:\zq_03_CQ\zq_03_CQ02033.bmp


ans =

E:\zq_03_CQ\zq_03_CQ03054.bmp


ans =

E:\zq_03_CQ\zq_03_CQ01421.bmp


ans =

E:\zq_03_CQ\zq_03_CQ00226.bmp


ans =

E:\zq_03_CQ\zq_03_CQ03782.bmp


ans =

E:\zq_03_CQ\zq_03_CQ02424.bmp


ans =

E:\zq_03_CQ\zq_03_CQ03405.bmp


ans =

E:\zq_03_CQ\zq_03_CQ00901.bmp


ans =

E:\zq_03_CQ\zq_03_CQ02028.bmp


ans =

E:\zq_03_CQ\zq_03_CQ03039.bmp


ans =

E:\zq_03_CQ\zq_03_CQ01420.bmp


ans =

E:\zq_03_CQ\zq_03_CQ00222.bmp


ans =

E:\zq_03_CQ\zq_03_CQ03771.bmp


ans =

E:\zq_03_CQ\zq_03_CQ02418.bmp


ans =

E:\zq_03_CQ\zq_03_CQ03401.bmp


ans =

E:\zq_03_CQ\zq_03_CQ00881.bmp


ans =

E:\zq_03_CQ\zq_03_CQ02025.bmp


ans =

E:\zq_03_CQ\zq_03_CQ03025.bmp


ans =

E:\zq_03_CQ\zq_03_CQ01419.bmp


ans =

E:\zq_03_CQ\zq_03_CQ00220.bmp


ans =

E:\zq_03_CQ\zq_03_CQ03761.bmp


ans =

E:\zq_03_CQ\zq_03_CQ02402.bmp


ans =

E:\zq_03_CQ\zq_03_CQ03400.bmp


ans =

E:\zq_03_CQ\zq_03_CQ00880.bmp


ans =

E:\zq_03_CQ\zq_03_CQ02017.bmp


ans =

E:\zq_03_CQ\zq_03_CQ03011.bmp


ans =

E:\zq_03_CQ\zq_03_CQ01415.bmp


ans =

E:\zq_03_CQ\zq_03_CQ00217.bmp


ans =

E:\zq_03_CQ\zq_03_CQ02398.bmp


ans =

E:\zq_03_CQ\zq_03_CQ03757.bmp


ans =

E:\zq_03_CQ\zq_03_CQ03373.bmp


ans =

E:\zq_03_CQ\zq_03_CQ00866.bmp


ans =

E:\zq_03_CQ\zq_03_CQ02014.bmp


ans =

E:\zq_03_CQ\zq_03_CQ02998.bmp


ans =

E:\zq_03_CQ\zq_03_CQ01414.bmp


ans =

E:\zq_03_CQ\zq_03_CQ00211.bmp


ans =

E:\zq_03_CQ\zq_03_CQ02390.bmp


ans =

E:\zq_03_CQ\zq_03_CQ03756.bmp


ans =

E:\zq_03_CQ\zq_03_CQ03372.bmp


ans =

E:\zq_03_CQ\zq_03_CQ00855.bmp


ans =

E:\zq_03_CQ\zq_03_CQ02008.bmp


ans =

E:\zq_03_CQ\zq_03_CQ02990.bmp


ans =

E:\zq_03_CQ\zq_03_CQ01412.bmp


ans =

E:\zq_03_CQ\zq_03_CQ00207.bmp


ans =

E:\zq_03_CQ\zq_03_CQ02387.bmp


ans =

E:\zq_03_CQ\zq_03_CQ03746.bmp


ans =

E:\zq_03_CQ\zq_03_CQ03371.bmp


ans =

E:\zq_03_CQ\zq_03_CQ00848.bmp


ans =

E:\zq_03_CQ\zq_03_CQ02005.bmp


ans =

E:\zq_03_CQ\zq_03_CQ02980.bmp


ans =

E:\zq_03_CQ\zq_03_CQ01411.bmp


ans =

E:\zq_03_CQ\zq_03_CQ00203.bmp


ans =

E:\zq_03_CQ\zq_03_CQ02382.bmp


ans =

E:\zq_03_CQ\zq_03_CQ03745.bmp


ans =

E:\zq_03_CQ\zq_03_CQ03360.bmp


ans =

E:\zq_03_CQ\zq_03_CQ00837.bmp


ans =

E:\zq_03_CQ\zq_03_CQ01997.bmp


ans =

E:\zq_03_CQ\zq_03_CQ02970.bmp


ans =

E:\zq_03_CQ\zq_03_CQ01410.bmp


ans =

E:\zq_03_CQ\zq_03_CQ00200.bmp


ans =

E:\zq_03_CQ\zq_03_CQ02380.bmp


ans =

E:\zq_03_CQ\zq_03_CQ03359.bmp


ans =

E:\zq_03_CQ\zq_03_CQ01993.bmp


ans =

E:\zq_03_CQ\zq_03_CQ00834.bmp


ans =

E:\zq_03_CQ\zq_03_CQ00195.bmp


ans =

E:\zq_03_CQ\zq_03_CQ02968.bmp


ans =

E:\zq_03_CQ\zq_03_CQ01409.bmp


ans =

E:\zq_03_CQ\zq_03_CQ02372.bmp


ans =

E:\zq_03_CQ\zq_03_CQ03358.bmp


ans =

E:\zq_03_CQ\zq_03_CQ04534.bmp


ans =

E:\zq_03_CQ\zq_03_CQ04529.bmp


ans =

E:\zq_03_CQ\zq_03_CQ01987.bmp


ans =

E:\zq_03_CQ\zq_03_CQ00825.bmp


ans =

E:\zq_03_CQ\zq_03_CQ00190.bmp


ans =

E:\zq_03_CQ\zq_03_CQ02955.bmp


ans =

E:\zq_03_CQ\zq_03_CQ01405.bmp


ans =

E:\zq_03_CQ\zq_03_CQ02370.bmp


ans =

E:\zq_03_CQ\zq_03_CQ03356.bmp


ans =

E:\zq_03_CQ\zq_03_CQ04527.bmp


ans =

E:\zq_03_CQ\zq_03_CQ01981.bmp


ans =

E:\zq_03_CQ\zq_03_CQ00823.bmp


ans =

E:\zq_03_CQ\zq_03_CQ00187.bmp


ans =

E:\zq_03_CQ\zq_03_CQ02954.bmp


ans =

E:\zq_03_CQ\zq_03_CQ01404.bmp


ans =

E:\zq_03_CQ\zq_03_CQ03355.bmp


ans =

E:\zq_03_CQ\zq_03_CQ02363.bmp


ans =

E:\zq_03_CQ\zq_03_CQ04522.bmp


ans =

E:\zq_03_CQ\zq_03_CQ01975.bmp


ans =

E:\zq_03_CQ\zq_03_CQ00811.bmp


ans =

E:\zq_03_CQ\zq_03_CQ01403.bmp


ans =

E:\zq_03_CQ\zq_03_CQ00185.bmp


ans =

E:\zq_03_CQ\zq_03_CQ02949.bmp


ans =

E:\zq_03_CQ\zq_03_CQ02362.bmp


ans =

E:\zq_03_CQ\zq_03_CQ03350.bmp


ans =

E:\zq_03_CQ\zq_03_CQ04518.bmp


ans =

E:\zq_03_CQ\zq_03_CQ01972.bmp


ans =

E:\zq_03_CQ\zq_03_CQ00802.bmp


ans =

E:\zq_03_CQ\zq_03_CQ01402.bmp


ans =

E:\zq_03_CQ\zq_03_CQ00179.bmp


ans =

E:\zq_03_CQ\zq_03_CQ02939.bmp


ans =

E:\zq_03_CQ\zq_03_CQ02353.bmp


ans =

E:\zq_03_CQ\zq_03_CQ03349.bmp


ans =

E:\zq_03_CQ\zq_03_CQ04514.bmp


ans =

E:\zq_03_CQ\zq_03_CQ01967.bmp


ans =

E:\zq_03_CQ\zq_03_CQ00795.bmp


ans =

E:\zq_03_CQ\zq_03_CQ01398.bmp


ans =

E:\zq_03_CQ\zq_03_CQ00175.bmp


ans =

E:\zq_03_CQ\zq_03_CQ02924.bmp


ans =

E:\zq_03_CQ\zq_03_CQ02351.bmp


ans =

E:\zq_03_CQ\zq_03_CQ03347.bmp


ans =

E:\zq_03_CQ\zq_03_CQ04511.bmp


ans =

E:\zq_03_CQ\zq_03_CQ01964.bmp


ans =

E:\zq_03_CQ\zq_03_CQ00789.bmp


ans =

E:\zq_03_CQ\zq_03_CQ01397.bmp


ans =

E:\zq_03_CQ\zq_03_CQ00172.bmp


ans =

E:\zq_03_CQ\zq_03_CQ02922.bmp


ans =

E:\zq_03_CQ\zq_03_CQ02344.bmp


ans =

E:\zq_03_CQ\zq_03_CQ04505.bmp


ans =

E:\zq_03_CQ\zq_03_CQ03346.bmp


ans =

E:\zq_03_CQ\zq_03_CQ01959.bmp


ans =

E:\zq_03_CQ\zq_03_CQ00782.bmp


ans =

E:\zq_03_CQ\zq_03_CQ01394.bmp


ans =

E:\zq_03_CQ\zq_03_CQ00168.bmp


ans =

E:\zq_03_CQ\zq_03_CQ02914.bmp


ans =

E:\zq_03_CQ\zq_03_CQ02343.bmp


ans =

E:\zq_03_CQ\zq_03_CQ04502.bmp


ans =

E:\zq_03_CQ\zq_03_CQ03345.bmp


ans =

E:\zq_03_CQ\zq_03_CQ01956.bmp


ans =

E:\zq_03_CQ\zq_03_CQ00777.bmp


ans =

E:\zq_03_CQ\zq_03_CQ01393.bmp


ans =

E:\zq_03_CQ\zq_03_CQ00165.bmp


ans =

E:\zq_03_CQ\zq_03_CQ02908.bmp


ans =

E:\zq_03_CQ\zq_03_CQ02342.bmp


ans =

E:\zq_03_CQ\zq_03_CQ04497.bmp


ans =

E:\zq_03_CQ\zq_03_CQ00774.bmp


ans =

E:\zq_03_CQ\zq_03_CQ01950.bmp


ans =

E:\zq_03_CQ\zq_03_CQ01388.bmp


ans =

E:\zq_03_CQ\zq_03_CQ02901.bmp


ans =

E:\zq_03_CQ\zq_03_CQ02336.bmp


ans =

E:\zq_03_CQ\zq_03_CQ00163.bmp


ans =

E:\zq_03_CQ\zq_03_CQ04494.bmp


ans =

E:\zq_03_CQ\zq_03_CQ00770.bmp


ans =

E:\zq_03_CQ\zq_03_CQ01947.bmp


ans =

E:\zq_03_CQ\zq_03_CQ04900.bmp


ans =

E:\zq_03_CQ\zq_03_CQ04897.bmp


ans =

E:\zq_03_CQ\zq_03_CQ01386.bmp


ans =

E:\zq_03_CQ\zq_03_CQ02894.bmp


ans =

E:\zq_03_CQ\zq_03_CQ00161.bmp


ans =

E:\zq_03_CQ\zq_03_CQ02334.bmp


ans =

E:\zq_03_CQ\zq_03_CQ00764.bmp


ans =

E:\zq_03_CQ\zq_03_CQ04490.bmp


ans =

E:\zq_03_CQ\zq_03_CQ04893.bmp


ans =

E:\zq_03_CQ\zq_03_CQ01939.bmp


ans =

E:\zq_03_CQ\zq_03_CQ01381.bmp


ans =

E:\zq_03_CQ\zq_03_CQ02879.bmp


ans =

E:\zq_03_CQ\zq_03_CQ00158.bmp


ans =

E:\zq_03_CQ\zq_03_CQ02328.bmp


ans =

E:\zq_03_CQ\zq_03_CQ00760.bmp


ans =

E:\zq_03_CQ\zq_03_CQ04487.bmp


ans =

E:\zq_03_CQ\zq_03_CQ04889.bmp


ans =

E:\zq_03_CQ\zq_03_CQ01937.bmp


ans =

E:\zq_03_CQ\zq_03_CQ01379.bmp


ans =

E:\zq_03_CQ\zq_03_CQ02876.bmp


ans =

E:\zq_03_CQ\zq_03_CQ00154.bmp


ans =

E:\zq_03_CQ\zq_03_CQ02326.bmp


ans =

E:\zq_03_CQ\zq_03_CQ00755.bmp


ans =

E:\zq_03_CQ\zq_03_CQ04482.bmp


ans =

E:\zq_03_CQ\zq_03_CQ04887.bmp


ans =

E:\zq_03_CQ\zq_03_CQ01928.bmp


ans =

E:\zq_03_CQ\zq_03_CQ01374.bmp


ans =

E:\zq_03_CQ\zq_03_CQ02872.bmp


ans =

E:\zq_03_CQ\zq_03_CQ00152.bmp


ans =

E:\zq_03_CQ\zq_03_CQ02318.bmp


ans =

E:\zq_03_CQ\zq_03_CQ00750.bmp


ans =

E:\zq_03_CQ\zq_03_CQ04480.bmp


ans =

E:\zq_03_CQ\zq_03_CQ04878.bmp


ans =

E:\zq_03_CQ\zq_03_CQ01922.bmp


ans =

E:\zq_03_CQ\zq_03_CQ01372.bmp


ans =

E:\zq_03_CQ\zq_03_CQ02869.bmp


ans =

E:\zq_03_CQ\zq_03_CQ00149.bmp


ans =

E:\zq_03_CQ\zq_03_CQ02316.bmp


ans =

E:\zq_03_CQ\zq_03_CQ00745.bmp


ans =

E:\zq_03_CQ\zq_03_CQ04478.bmp


ans =

E:\zq_03_CQ\zq_03_CQ04875.bmp


ans =

E:\zq_03_CQ\zq_03_CQ01917.bmp


ans =

E:\zq_03_CQ\zq_03_CQ01367.bmp


ans =

E:\zq_03_CQ\zq_03_CQ02866.bmp


ans =

E:\zq_03_CQ\zq_03_CQ00146.bmp


ans =

E:\zq_03_CQ\zq_03_CQ02310.bmp


ans =

E:\zq_03_CQ\zq_03_CQ00740.bmp


ans =

E:\zq_03_CQ\zq_03_CQ04470.bmp


ans =

E:\zq_03_CQ\zq_03_CQ04871.bmp


ans =

E:\zq_03_CQ\zq_03_CQ01912.bmp


ans =

E:\zq_03_CQ\zq_03_CQ01366.bmp


ans =

E:\zq_03_CQ\zq_03_CQ02864.bmp


ans =

E:\zq_03_CQ\zq_03_CQ00143.bmp


ans =

E:\zq_03_CQ\zq_03_CQ02308.bmp


ans =

E:\zq_03_CQ\zq_03_CQ00735.bmp


ans =

E:\zq_03_CQ\zq_03_CQ04867.bmp


ans =

E:\zq_03_CQ\zq_03_CQ04468.bmp


ans =

E:\zq_03_CQ\zq_03_CQ01908.bmp


ans =

E:\zq_03_CQ\zq_03_CQ01365.bmp


ans =

E:\zq_03_CQ\zq_03_CQ02857.bmp


ans =

E:\zq_03_CQ\zq_03_CQ00141.bmp


ans =

E:\zq_03_CQ\zq_03_CQ02302.bmp


ans =

E:\zq_03_CQ\zq_03_CQ00730.bmp


ans =

E:\zq_03_CQ\zq_03_CQ04863.bmp


ans =

E:\zq_03_CQ\zq_03_CQ04463.bmp


ans =

E:\zq_03_CQ\zq_03_CQ01904.bmp


ans =

E:\zq_03_CQ\zq_03_CQ01359.bmp


ans =

E:\zq_03_CQ\zq_03_CQ00139.bmp


ans =

E:\zq_03_CQ\zq_03_CQ02855.bmp


ans =

E:\zq_03_CQ\zq_03_CQ02300.bmp


ans =

E:\zq_03_CQ\zq_03_CQ00726.bmp


ans =

E:\zq_03_CQ\zq_03_CQ04859.bmp


ans =

E:\zq_03_CQ\zq_03_CQ04461.bmp


ans =

E:\zq_03_CQ\zq_03_CQ01899.bmp


ans =

E:\zq_03_CQ\zq_03_CQ01358.bmp


ans =

E:\zq_03_CQ\zq_03_CQ00136.bmp


ans =

E:\zq_03_CQ\zq_03_CQ02852.bmp


ans =

E:\zq_03_CQ\zq_03_CQ02295.bmp


ans =

E:\zq_03_CQ\zq_03_CQ00724.bmp


ans =

E:\zq_03_CQ\zq_03_CQ04854.bmp


ans =

E:\zq_03_CQ\zq_03_CQ01351.bmp


ans =

E:\zq_03_CQ\zq_03_CQ04457.bmp


ans =

E:\zq_03_CQ\zq_03_CQ01895.bmp


ans =

E:\zq_03_CQ\zq_03_CQ00134.bmp


ans =

E:\zq_03_CQ\zq_03_CQ02848.bmp


ans =

E:\zq_03_CQ\zq_03_CQ02291.bmp


ans =

E:\zq_03_CQ\zq_03_CQ00720.bmp


ans =

E:\zq_03_CQ\zq_03_CQ04850.bmp


ans =

E:\zq_03_CQ\zq_03_CQ01350.bmp


ans =

E:\zq_03_CQ\zq_03_CQ04455.bmp


ans =

E:\zq_03_CQ\zq_03_CQ01890.bmp


ans =

E:\zq_03_CQ\zq_03_CQ00129.bmp


ans =

E:\zq_03_CQ\zq_03_CQ02843.bmp


ans =

E:\zq_03_CQ\zq_03_CQ02287.bmp


ans =

E:\zq_03_CQ\zq_03_CQ00716.bmp


ans =

E:\zq_03_CQ\zq_03_CQ04847.bmp


ans =

E:\zq_03_CQ\zq_03_CQ01344.bmp


ans =

E:\zq_03_CQ\zq_03_CQ04449.bmp


ans =

E:\zq_03_CQ\zq_03_CQ01885.bmp


ans =

E:\zq_03_CQ\zq_03_CQ00128.bmp


ans =

E:\zq_03_CQ\zq_03_CQ02839.bmp


ans =

E:\zq_03_CQ\zq_03_CQ02285.bmp


ans =

E:\zq_03_CQ\zq_03_CQ00714.bmp


ans =

E:\zq_03_CQ\zq_03_CQ04846.bmp


ans =

E:\zq_03_CQ\zq_03_CQ01342.bmp


ans =

E:\zq_03_CQ\zq_03_CQ04447.bmp


ans =

E:\zq_03_CQ\zq_03_CQ01878.bmp


ans =

E:\zq_03_CQ\zq_03_CQ00123.bmp


ans =

E:\zq_03_CQ\zq_03_CQ02835.bmp


ans =

E:\zq_03_CQ\zq_03_CQ02281.bmp


ans =

E:\zq_03_CQ\zq_03_CQ00711.bmp


ans =

E:\zq_03_CQ\zq_03_CQ04842.bmp


ans =

E:\zq_03_CQ\zq_03_CQ01338.bmp


ans =

E:\zq_03_CQ\zq_03_CQ01877.bmp


ans =

E:\zq_03_CQ\zq_03_CQ04442.bmp


ans =

E:\zq_03_CQ\zq_03_CQ00120.bmp


ans =

E:\zq_03_CQ\zq_03_CQ02278.bmp


ans =

E:\zq_03_CQ\zq_03_CQ04839.bmp


ans =

E:\zq_03_CQ\zq_03_CQ00704.bmp


ans =

E:\zq_03_CQ\zq_03_CQ01871.bmp


ans =

E:\zq_03_CQ\zq_03_CQ01336.bmp


ans =

E:\zq_03_CQ\zq_03_CQ04440.bmp


ans =

E:\zq_03_CQ\zq_03_CQ00108.bmp


ans =

E:\zq_03_CQ\zq_03_CQ05256.bmp


ans =

E:\zq_03_CQ\zq_03_CQ05252.bmp


ans =

E:\zq_03_CQ\zq_03_CQ02275.bmp


ans =

E:\zq_03_CQ\zq_03_CQ04838.bmp


ans =

E:\zq_03_CQ\zq_03_CQ00702.bmp


ans =

E:\zq_03_CQ\zq_03_CQ01866.bmp


ans =

E:\zq_03_CQ\zq_03_CQ01331.bmp


ans =

E:\zq_03_CQ\zq_03_CQ04435.bmp


ans =

E:\zq_03_CQ\zq_03_CQ00102.bmp


ans =

E:\zq_03_CQ\zq_03_CQ05236.bmp


ans =

E:\zq_03_CQ\zq_03_CQ02274.bmp


ans =

E:\zq_03_CQ\zq_03_CQ04836.bmp


ans =

E:\zq_03_CQ\zq_03_CQ01329.bmp


ans =

E:\zq_03_CQ\zq_03_CQ00698.bmp


ans =

E:\zq_03_CQ\zq_03_CQ01862.bmp


ans =

E:\zq_03_CQ\zq_03_CQ04432.bmp


ans =

E:\zq_03_CQ\zq_03_CQ00094.bmp


ans =

E:\zq_03_CQ\zq_03_CQ05230.bmp


ans =

E:\zq_03_CQ\zq_03_CQ02273.bmp


ans =

E:\zq_03_CQ\zq_03_CQ04830.bmp


ans =

E:\zq_03_CQ\zq_03_CQ00695.bmp


ans =

E:\zq_03_CQ\zq_03_CQ01856.bmp


ans =

E:\zq_03_CQ\zq_03_CQ01323.bmp


ans =

E:\zq_03_CQ\zq_03_CQ04428.bmp


ans =

E:\zq_03_CQ\zq_03_CQ00085.bmp


ans =

E:\zq_03_CQ\zq_03_CQ05218.bmp


ans =

E:\zq_03_CQ\zq_03_CQ02268.bmp


ans =

E:\zq_03_CQ\zq_03_CQ04828.bmp


ans =

E:\zq_03_CQ\zq_03_CQ01320.bmp


ans =

E:\zq_03_CQ\zq_03_CQ00693.bmp


ans =

E:\zq_03_CQ\zq_03_CQ01852.bmp


ans =

E:\zq_03_CQ\zq_03_CQ04425.bmp


ans =

E:\zq_03_CQ\zq_03_CQ00074.bmp


ans =

E:\zq_03_CQ\zq_03_CQ05212.bmp


ans =

E:\zq_03_CQ\zq_03_CQ02266.bmp


ans =

E:\zq_03_CQ\zq_03_CQ04826.bmp


ans =

E:\zq_03_CQ\zq_03_CQ01308.bmp


ans =

E:\zq_03_CQ\zq_03_CQ00689.bmp


ans =

E:\zq_03_CQ\zq_03_CQ01848.bmp


ans =

E:\zq_03_CQ\zq_03_CQ04421.bmp


ans =

E:\zq_03_CQ\zq_03_CQ00070.bmp


ans =

E:\zq_03_CQ\zq_03_CQ05204.bmp


ans =

E:\zq_03_CQ\zq_03_CQ02260.bmp


ans =

E:\zq_03_CQ\zq_03_CQ04823.bmp


ans =

E:\zq_03_CQ\zq_03_CQ01302.bmp


ans =

E:\zq_03_CQ\zq_03_CQ00687.bmp


ans =

E:\zq_03_CQ\zq_03_CQ01843.bmp


ans =

E:\zq_03_CQ\zq_03_CQ04419.bmp


ans =

E:\zq_03_CQ\zq_03_CQ00054.bmp


ans =

E:\zq_03_CQ\zq_03_CQ05192.bmp


ans =

E:\zq_03_CQ\zq_03_CQ02259.bmp


ans =

E:\zq_03_CQ\zq_03_CQ01288.bmp


ans =

E:\zq_03_CQ\zq_03_CQ00685.bmp


ans =

E:\zq_03_CQ\zq_03_CQ01839.bmp


ans =

E:\zq_03_CQ\zq_03_CQ04819.bmp


ans =

E:\zq_03_CQ\zq_03_CQ04413.bmp


ans =

E:\zq_03_CQ\zq_03_CQ00041.bmp


ans =

E:\zq_03_CQ\zq_03_CQ02253.bmp


ans =

E:\zq_03_CQ\zq_03_CQ05183.bmp


ans =

E:\zq_03_CQ\zq_03_CQ01279.bmp


ans =

E:\zq_03_CQ\zq_03_CQ00683.bmp


ans =

E:\zq_03_CQ\zq_03_CQ01835.bmp


ans =

E:\zq_03_CQ\zq_03_CQ04817.bmp


ans =

E:\zq_03_CQ\zq_03_CQ04411.bmp


ans =

E:\zq_03_CQ\zq_03_CQ00040.bmp


ans =

E:\zq_03_CQ\zq_03_CQ02251.bmp


ans =

E:\zq_03_CQ\zq_03_CQ05177.bmp


ans =

E:\zq_03_CQ\zq_03_CQ01268.bmp


ans =

E:\zq_03_CQ\zq_03_CQ00679.bmp


ans =

E:\zq_03_CQ\zq_03_CQ01829.bmp


ans =

E:\zq_03_CQ\zq_03_CQ04812.bmp


ans =

E:\zq_03_CQ\zq_03_CQ04407.bmp


ans =

E:\zq_03_CQ\zq_03_CQ02246.bmp


ans =

E:\zq_03_CQ\zq_03_CQ00039.bmp


ans =

E:\zq_03_CQ\zq_03_CQ05163.bmp


ans =

E:\zq_03_CQ\zq_03_CQ04810.bmp


ans =

E:\zq_03_CQ\zq_03_CQ01267.bmp


ans =

E:\zq_03_CQ\zq_03_CQ00676.bmp


ans =

E:\zq_03_CQ\zq_03_CQ01825.bmp


ans =

E:\zq_03_CQ\zq_03_CQ04405.bmp


ans =

E:\zq_03_CQ\zq_03_CQ02245.bmp


ans =

E:\zq_03_CQ\zq_03_CQ00027.bmp


ans =

E:\zq_03_CQ\zq_03_CQ05149.bmp


ans =

E:\zq_03_CQ\zq_03_CQ04806.bmp


ans =

E:\zq_03_CQ\zq_03_CQ01264.bmp


ans =

E:\zq_03_CQ\zq_03_CQ00672.bmp


ans =

E:\zq_03_CQ\zq_03_CQ01820.bmp


ans =

E:\zq_03_CQ\zq_03_CQ04399.bmp


ans =

E:\zq_03_CQ\zq_03_CQ00010.bmp


ans =

E:\zq_03_CQ\zq_03_CQ05147.bmp


ans =

E:\zq_03_CQ\zq_03_CQ01263.bmp


ans =

E:\zq_03_CQ\zq_03_CQ00669.bmp


ans =

E:\zq_03_CQ\zq_03_CQ01815.bmp


ans =

E:\zq_03_CQ\zq_03_CQ04804.bmp


ans =

E:\zq_03_CQ\zq_03_CQ04397.bmp


ans =

E:\zq_03_CQ\zq_03_CQ00001.bmp


ans =

E:\zq_03_CQ\zq_03_CQ05464.bmp


ans =

E:\zq_03_CQ\zq_03_CQ05459.bmp


ans =

E:\zq_03_CQ\zq_03_CQ05139.bmp


ans =

E:\zq_03_CQ\zq_03_CQ04798.bmp


ans =

E:\zq_03_CQ\zq_03_CQ04393.bmp


ans =

E:\zq_03_CQ\zq_03_CQ05455.bmp


ans =

E:\zq_03_CQ\zq_03_CQ05918.bmp


ans =

E:\zq_03_CQ\zq_03_CQ05917.bmp


ans =

E:\zq_03_CQ\zq_03_CQ05773.bmp


ans =

E:\zq_03_CQ\zq_03_CQ05766.bmp


ans =

E:\zq_03_CQ\zq_03_CQ05132.bmp


ans =

E:\zq_03_CQ\zq_03_CQ04790.bmp


ans =

E:\zq_03_CQ\zq_03_CQ06085.bmp


ans =

E:\zq_03_CQ\zq_03_CQ06075.bmp


ans =

E:\zq_03_CQ\zq_03_CQ04391.bmp


ans =

E:\zq_03_CQ\zq_03_CQ05449.bmp


ans =

E:\zq_03_CQ\zq_03_CQ06265.bmp


ans =

E:\zq_03_CQ\zq_03_CQ06264.bmp


ans =

E:\zq_03_CQ\zq_03_CQ05916.bmp


ans =

E:\zq_03_CQ\zq_03_CQ05759.bmp


ans =

E:\zq_03_CQ\zq_03_CQ05122.bmp


ans =

E:\zq_03_CQ\zq_03_CQ04783.bmp


ans =

E:\zq_03_CQ\zq_03_CQ06072.bmp


ans =

E:\zq_03_CQ\zq_03_CQ04385.bmp


ans =

E:\zq_03_CQ\zq_03_CQ05444.bmp


ans =

E:\zq_03_CQ\zq_03_CQ06261.bmp


ans =

E:\zq_03_CQ\zq_03_CQ05115.bmp


ans =

E:\zq_03_CQ\zq_03_CQ04774.bmp


ans =

E:\zq_03_CQ\zq_03_CQ05910.bmp


ans =

E:\zq_03_CQ\zq_03_CQ05746.bmp


ans =

E:\zq_03_CQ\zq_03_CQ06057.bmp


ans =

E:\zq_03_CQ\zq_03_CQ04383.bmp


ans =

E:\zq_03_CQ\zq_03_CQ05439.bmp


ans =

E:\zq_03_CQ\zq_03_CQ06260.bmp


ans =

E:\zq_03_CQ\zq_03_CQ05096.bmp


ans =

E:\zq_03_CQ\zq_03_CQ04769.bmp


ans =

E:\zq_03_CQ\zq_03_CQ05908.bmp


ans =

E:\zq_03_CQ\zq_03_CQ05735.bmp


ans =

E:\zq_03_CQ\zq_03_CQ06053.bmp


ans =

E:\zq_03_CQ\zq_03_CQ04378.bmp


ans =

E:\zq_03_CQ\zq_03_CQ06255.bmp


ans =

E:\zq_03_CQ\zq_03_CQ05435.bmp


ans =

E:\zq_03_CQ\zq_03_CQ05089.bmp


ans =

E:\zq_03_CQ\zq_03_CQ04756.bmp


ans =

E:\zq_03_CQ\zq_03_CQ05904.bmp


ans =

E:\zq_03_CQ\zq_03_CQ05734.bmp


ans =

E:\zq_03_CQ\zq_03_CQ06052.bmp


ans =

E:\zq_03_CQ\zq_03_CQ04376.bmp


ans =

E:\zq_03_CQ\zq_03_CQ06250.bmp


ans =

E:\zq_03_CQ\zq_03_CQ05433.bmp


ans =

E:\zq_03_CQ\zq_03_CQ04748.bmp


ans =

E:\zq_03_CQ\zq_03_CQ05902.bmp


ans =

E:\zq_03_CQ\zq_03_CQ05719.bmp


ans =

E:\zq_03_CQ\zq_03_CQ05061.bmp


ans =

E:\zq_03_CQ\zq_03_CQ06036.bmp


ans =

E:\zq_03_CQ\zq_03_CQ04371.bmp


ans =

E:\zq_03_CQ\zq_03_CQ06245.bmp


ans =

E:\zq_03_CQ\zq_03_CQ05427.bmp


ans =

E:\zq_03_CQ\zq_03_CQ04733.bmp


ans =

E:\zq_03_CQ\zq_03_CQ05896.bmp


ans =

E:\zq_03_CQ\zq_03_CQ05706.bmp


ans =

E:\zq_03_CQ\zq_03_CQ05052.bmp


ans =

E:\zq_03_CQ\zq_03_CQ06033.bmp


ans =

E:\zq_03_CQ\zq_03_CQ04369.bmp


ans =

E:\zq_03_CQ\zq_03_CQ06237.bmp


ans =

E:\zq_03_CQ\zq_03_CQ05424.bmp


ans =

E:\zq_03_CQ\zq_03_CQ04729.bmp


ans =

E:\zq_03_CQ\zq_03_CQ05895.bmp


ans =

E:\zq_03_CQ\zq_03_CQ05695.bmp


ans =

E:\zq_03_CQ\zq_03_CQ05040.bmp


ans =

E:\zq_03_CQ\zq_03_CQ06017.bmp


ans =

E:\zq_03_CQ\zq_03_CQ04365.bmp


ans =

E:\zq_03_CQ\zq_03_CQ06224.bmp


ans =

E:\zq_03_CQ\zq_03_CQ05888.bmp


ans =

E:\zq_03_CQ\zq_03_CQ05419.bmp


ans =

E:\zq_03_CQ\zq_03_CQ04715.bmp


ans =

E:\zq_03_CQ\zq_03_CQ05694.bmp


ans =

E:\zq_03_CQ\zq_03_CQ05035.bmp


ans =

E:\zq_03_CQ\zq_03_CQ06014.bmp


ans =

E:\zq_03_CQ\zq_03_CQ04363.bmp


ans =

E:\zq_03_CQ\zq_03_CQ06223.bmp


ans =

E:\zq_03_CQ\zq_03_CQ05885.bmp


ans =

E:\zq_03_CQ\zq_03_CQ05414.bmp


ans =

E:\zq_03_CQ\zq_03_CQ05679.bmp


ans =

E:\zq_03_CQ\zq_03_CQ05033.bmp


ans =

E:\zq_03_CQ\zq_03_CQ06001.bmp


ans =

E:\zq_03_CQ\zq_03_CQ04711.bmp


ans =

E:\zq_03_CQ\zq_03_CQ04359.bmp


ans =

E:\zq_03_CQ\zq_03_CQ06212.bmp


ans =

E:\zq_03_CQ\zq_03_CQ05880.bmp


ans =

E:\zq_03_CQ\zq_03_CQ05413.bmp


ans =

E:\zq_03_CQ\zq_03_CQ04700.bmp


ans =

E:\zq_03_CQ\zq_03_CQ05676.bmp


ans =

E:\zq_03_CQ\zq_03_CQ05023.bmp


ans =

E:\zq_03_CQ\zq_03_CQ05999.bmp


ans =

E:\zq_03_CQ\zq_03_CQ04357.bmp


ans =

E:\zq_03_CQ\zq_03_CQ06211.bmp


ans =

E:\zq_03_CQ\zq_03_CQ05878.bmp


ans =

E:\zq_03_CQ\zq_03_CQ05409.bmp


ans =

E:\zq_03_CQ\zq_03_CQ04693.bmp


ans =

E:\zq_03_CQ\zq_03_CQ05662.bmp


ans =

E:\zq_03_CQ\zq_03_CQ05021.bmp


ans =

E:\zq_03_CQ\zq_03_CQ05992.bmp


ans =

E:\zq_03_CQ\zq_03_CQ04351.bmp


ans =

E:\zq_03_CQ\zq_03_CQ06197.bmp


ans =

E:\zq_03_CQ\zq_03_CQ05873.bmp


ans =

E:\zq_03_CQ\zq_03_CQ05407.bmp


ans =

E:\zq_03_CQ\zq_03_CQ05990.bmp


ans =

E:\zq_03_CQ\zq_03_CQ04685.bmp


ans =

E:\zq_03_CQ\zq_03_CQ05654.bmp


ans =

E:\zq_03_CQ\zq_03_CQ05013.bmp


ans =

E:\zq_03_CQ\zq_03_CQ04349.bmp


ans =

E:\zq_03_CQ\zq_03_CQ06185.bmp


ans =

E:\zq_03_CQ\zq_03_CQ05871.bmp


ans =

E:\zq_03_CQ\zq_03_CQ05404.bmp


ans =

E:\zq_03_CQ\zq_03_CQ05984.bmp


ans =

E:\zq_03_CQ\zq_03_CQ04676.bmp


ans =

E:\zq_03_CQ\zq_03_CQ05635.bmp


ans =

E:\zq_03_CQ\zq_03_CQ05011.bmp


ans =

E:\zq_03_CQ\zq_03_CQ06184.bmp


ans =

E:\zq_03_CQ\zq_03_CQ04344.bmp


ans =

E:\zq_03_CQ\zq_03_CQ05865.bmp


ans =

E:\zq_03_CQ\zq_03_CQ05402.bmp


ans =

E:\zq_03_CQ\zq_03_CQ05982.bmp


ans =

E:\zq_03_CQ\zq_03_CQ04671.bmp


ans =

E:\zq_03_CQ\zq_03_CQ05630.bmp


ans =

E:\zq_03_CQ\zq_03_CQ05001.bmp


ans =

E:\zq_03_CQ\zq_03_CQ05397.bmp


ans =

E:\zq_03_CQ\zq_03_CQ06182.bmp


ans =

E:\zq_03_CQ\zq_03_CQ04342.bmp


ans =

E:\zq_03_CQ\zq_03_CQ05863.bmp


ans =

E:\zq_03_CQ\zq_03_CQ05973.bmp


ans =

E:\zq_03_CQ\zq_03_CQ04660.bmp


ans =

E:\zq_03_CQ\zq_03_CQ05614.bmp


ans =

E:\zq_03_CQ\zq_03_CQ04996.bmp


ans =

E:\zq_03_CQ\zq_03_CQ05393.bmp


ans =

E:\zq_03_CQ\zq_03_CQ06181.bmp


ans =

E:\zq_03_CQ\zq_03_CQ04338.bmp


ans =

E:\zq_03_CQ\zq_03_CQ05858.bmp


ans =

E:\zq_03_CQ\zq_03_CQ05971.bmp


ans =

E:\zq_03_CQ\zq_03_CQ04650.bmp


ans =

E:\zq_03_CQ\zq_03_CQ05606.bmp


ans =

E:\zq_03_CQ\zq_03_CQ04992.bmp


ans =

E:\zq_03_CQ\zq_03_CQ05388.bmp


ans =

E:\zq_03_CQ\zq_03_CQ06166.bmp


ans =

E:\zq_03_CQ\zq_03_CQ04336.bmp


ans =

E:\zq_03_CQ\zq_03_CQ05856.bmp


ans =

E:\zq_03_CQ\zq_03_CQ05964.bmp


ans =

E:\zq_03_CQ\zq_03_CQ04638.bmp


ans =

E:\zq_03_CQ\zq_03_CQ05595.bmp


ans =

E:\zq_03_CQ\zq_03_CQ04986.bmp


ans =

E:\zq_03_CQ\zq_03_CQ05384.bmp


ans =

E:\zq_03_CQ\zq_03_CQ06165.bmp


ans =

E:\zq_03_CQ\zq_03_CQ04333.bmp


ans =

E:\zq_03_CQ\zq_03_CQ05851.bmp


ans =

E:\zq_03_CQ\zq_03_CQ05961.bmp


ans =

E:\zq_03_CQ\zq_03_CQ04627.bmp


ans =

E:\zq_03_CQ\zq_03_CQ05587.bmp


ans =

E:\zq_03_CQ\zq_03_CQ04984.bmp


ans =

E:\zq_03_CQ\zq_03_CQ05381.bmp


ans =

E:\zq_03_CQ\zq_03_CQ06162.bmp


ans =

E:\zq_03_CQ\zq_03_CQ04329.bmp


ans =

E:\zq_03_CQ\zq_03_CQ05849.bmp


ans =

E:\zq_03_CQ\zq_03_CQ05957.bmp


ans =

E:\zq_03_CQ\zq_03_CQ04616.bmp


ans =

E:\zq_03_CQ\zq_03_CQ05575.bmp


ans =

E:\zq_03_CQ\zq_03_CQ04982.bmp


ans =

E:\zq_03_CQ\zq_03_CQ05379.bmp


ans =

E:\zq_03_CQ\zq_03_CQ06161.bmp


ans =

E:\zq_03_CQ\zq_03_CQ04327.bmp


ans =

E:\zq_03_CQ\zq_03_CQ05953.bmp


ans =

E:\zq_03_CQ\zq_03_CQ04610.bmp


ans =

E:\zq_03_CQ\zq_03_CQ05845.bmp


ans =

E:\zq_03_CQ\zq_03_CQ05566.bmp


ans =

E:\zq_03_CQ\zq_03_CQ04981.bmp


ans =

E:\zq_03_CQ\zq_03_CQ06147.bmp


ans =

E:\zq_03_CQ\zq_03_CQ05373.bmp


ans =

E:\zq_03_CQ\zq_03_CQ04322.bmp


ans =

E:\zq_03_CQ\zq_03_CQ05948.bmp


ans =

E:\zq_03_CQ\zq_03_CQ04598.bmp


ans =

E:\zq_03_CQ\zq_03_CQ05843.bmp


ans =

E:\zq_03_CQ\zq_03_CQ05556.bmp


ans =

E:\zq_03_CQ\zq_03_CQ04975.bmp


ans =

E:\zq_03_CQ\zq_03_CQ06141.bmp


ans =

E:\zq_03_CQ\zq_03_CQ05370.bmp


ans =

E:\zq_03_CQ\zq_03_CQ04318.bmp


ans =

E:\zq_03_CQ\zq_03_CQ05945.bmp


ans =

E:\zq_03_CQ\zq_03_CQ04595.bmp


ans =

E:\zq_03_CQ\zq_03_CQ05838.bmp


ans =

E:\zq_03_CQ\zq_03_CQ05549.bmp


ans =

E:\zq_03_CQ\zq_03_CQ04971.bmp


ans =

E:\zq_03_CQ\zq_03_CQ06130.bmp


ans =

E:\zq_03_CQ\zq_03_CQ05368.bmp


ans =

E:\zq_03_CQ\zq_03_CQ04306.bmp


ans =

E:\zq_03_CQ\zq_03_CQ05938.bmp


ans =

E:\zq_03_CQ\zq_03_CQ04590.bmp


ans =

E:\zq_03_CQ\zq_03_CQ05836.bmp


ans =

E:\zq_03_CQ\zq_03_CQ05538.bmp


ans =

E:\zq_03_CQ\zq_03_CQ04968.bmp


ans =

E:\zq_03_CQ\zq_03_CQ06125.bmp


ans =

E:\zq_03_CQ\zq_03_CQ05364.bmp


ans =

E:\zq_03_CQ\zq_03_CQ04299.bmp


ans =

E:\zq_03_CQ\zq_03_CQ05936.bmp


ans =

E:\zq_03_CQ\zq_03_CQ04569.bmp


ans =

E:\zq_03_CQ\zq_03_CQ05830.bmp


ans =

E:\zq_03_CQ\zq_03_CQ05532.bmp


ans =

E:\zq_03_CQ\zq_03_CQ04967.bmp


ans =

E:\zq_03_CQ\zq_03_CQ06109.bmp


ans =

E:\zq_03_CQ\zq_03_CQ05360.bmp


ans =

E:\zq_03_CQ\zq_03_CQ04289.bmp


ans =

E:\zq_03_CQ\zq_03_CQ05933.bmp


ans =

E:\zq_03_CQ\zq_03_CQ04564.bmp


ans =

E:\zq_03_CQ\zq_03_CQ05828.bmp


ans =

E:\zq_03_CQ\zq_03_CQ05531.bmp


ans =

E:\zq_03_CQ\zq_03_CQ04964.bmp


ans =

E:\zq_03_CQ\zq_03_CQ06101.bmp


ans =

E:\zq_03_CQ\zq_03_CQ05929.bmp


ans =

E:\zq_03_CQ\zq_03_CQ05354.bmp


ans =

E:\zq_03_CQ\zq_03_CQ04278.bmp


ans =

E:\zq_03_CQ\zq_03_CQ04557.bmp


ans =

E:\zq_03_CQ\zq_03_CQ05822.bmp


ans =

E:\zq_03_CQ\zq_03_CQ05520.bmp


ans =

E:\zq_03_CQ\zq_03_CQ04963.bmp


ans =

E:\zq_03_CQ\zq_03_CQ06092.bmp


ans =

E:\zq_03_CQ\zq_03_CQ05926.bmp


ans =

E:\zq_03_CQ\zq_03_CQ05350.bmp


ans =

E:\zq_03_CQ\zq_03_CQ04273.bmp


ans =

E:\zq_03_CQ\zq_03_CQ04554.bmp


ans =

E:\zq_03_CQ\zq_03_CQ05817.bmp


ans =

E:\zq_03_CQ\zq_03_CQ05519.bmp


ans =

E:\zq_03_CQ\zq_03_CQ04958.bmp


ans =

E:\zq_03_CQ\zq_03_CQ05925.bmp


ans =

E:\zq_03_CQ\zq_03_CQ05348.bmp


ans =

E:\zq_03_CQ\zq_03_CQ04255.bmp


ans =

E:\zq_03_CQ\zq_03_CQ04548.bmp


ans =

E:\zq_03_CQ\zq_03_CQ05811.bmp


ans =

E:\zq_03_CQ\zq_03_CQ05518.bmp


ans =

E:\zq_03_CQ\zq_03_CQ06317.bmp


ans =

E:\zq_03_CQ\zq_03_CQ06314.bmp


ans =

E:\zq_03_CQ\zq_03_CQ04953.bmp


ans =

E:\zq_03_CQ\zq_03_CQ04254.bmp


ans =

E:\zq_03_CQ\zq_03_CQ05924.bmp


ans =

E:\zq_03_CQ\zq_03_CQ04545.bmp


ans =

E:\zq_03_CQ\zq_03_CQ05810.bmp


ans =

E:\zq_03_CQ\zq_03_CQ05346.bmp


ans =

E:\zq_03_CQ\zq_03_CQ05517.bmp


ans =

E:\zq_03_CQ\zq_03_CQ06313.bmp


ans =

E:\zq_03_CQ\zq_03_CQ04950.bmp


ans =

E:\zq_03_CQ\zq_03_CQ05923.bmp


ans =

E:\zq_03_CQ\zq_03_CQ05806.bmp


ans =

E:\zq_03_CQ\zq_03_CQ05344.bmp


ans =

E:\zq_03_CQ\zq_03_CQ04250.bmp


ans =

E:\zq_03_CQ\zq_03_CQ04541.bmp


ans =

E:\zq_03_CQ\zq_03_CQ05511.bmp


ans =

E:\zq_03_CQ\zq_03_CQ06309.bmp


ans =

E:\zq_03_CQ\zq_03_CQ04949.bmp


ans =

E:\zq_03_CQ\zq_03_CQ05339.bmp


ans =

E:\zq_03_CQ\zq_03_CQ04249.bmp


ans =

E:\zq_03_CQ\zq_03_CQ04537.bmp


ans =

E:\zq_03_CQ\zq_03_CQ05798.bmp


ans =

E:\zq_03_CQ\zq_03_CQ05510.bmp


ans =

E:\zq_03_CQ\zq_03_CQ06305.bmp


ans =

E:\zq_03_CQ\zq_03_CQ04943.bmp


ans =

E:\zq_03_CQ\zq_03_CQ05335.bmp


ans =

E:\zq_03_CQ\zq_03_CQ06388.bmp


ans =

E:\zq_03_CQ\zq_03_CQ06387.bmp


ans =

E:\zq_03_CQ\zq_03_CQ05793.bmp


ans =

E:\zq_03_CQ\zq_03_CQ04234.bmp


ans =

E:\zq_03_CQ\zq_03_CQ05508.bmp


ans =

E:\zq_03_CQ\zq_03_CQ06303.bmp


ans =

E:\zq_03_CQ\zq_03_CQ04938.bmp


ans =

E:\zq_03_CQ\zq_03_CQ06381.bmp


ans =

E:\zq_03_CQ\zq_03_CQ05787.bmp


ans =

E:\zq_03_CQ\zq_03_CQ05333.bmp


ans =

E:\zq_03_CQ\zq_03_CQ06467.bmp


ans =

E:\zq_03_CQ\zq_03_CQ06463.bmp


ans =

E:\zq_03_CQ\zq_03_CQ05501.bmp


ans =

E:\zq_03_CQ\zq_03_CQ06302.bmp


ans =

E:\zq_03_CQ\zq_03_CQ04933.bmp


ans =

E:\zq_03_CQ\zq_03_CQ05329.bmp


ans =

E:\zq_03_CQ\zq_03_CQ06378.bmp


ans =

E:\zq_03_CQ\zq_03_CQ06458.bmp


ans =

E:\zq_03_CQ\zq_03_CQ05781.bmp


ans =

E:\zq_03_CQ\zq_03_CQ06611.bmp


ans =

E:\zq_03_CQ\zq_03_CQ06607.bmp


ans =

E:\zq_03_CQ\zq_03_CQ05496.bmp


ans =

E:\zq_03_CQ\zq_03_CQ06298.bmp


ans =

E:\zq_03_CQ\zq_03_CQ04929.bmp


ans =

E:\zq_03_CQ\zq_03_CQ05326.bmp


ans =

E:\zq_03_CQ\zq_03_CQ06375.bmp


ans =

E:\zq_03_CQ\zq_03_CQ06454.bmp


ans =

E:\zq_03_CQ\zq_03_CQ05776.bmp


ans =

E:\zq_03_CQ\zq_03_CQ06595.bmp


ans =

E:\zq_03_CQ\zq_03_CQ05493.bmp


ans =

E:\zq_03_CQ\zq_03_CQ06297.bmp


ans =

E:\zq_03_CQ\zq_03_CQ04924.bmp


ans =

E:\zq_03_CQ\zq_03_CQ05322.bmp


ans =

E:\zq_03_CQ\zq_03_CQ06371.bmp


ans =

E:\zq_03_CQ\zq_03_CQ06591.bmp


ans =

E:\zq_03_CQ\zq_03_CQ06451.bmp


ans =

E:\zq_03_CQ\zq_03_CQ05487.bmp


ans =

E:\zq_03_CQ\zq_03_CQ06295.bmp


ans =

E:\zq_03_CQ\zq_03_CQ04919.bmp


ans =

E:\zq_03_CQ\zq_03_CQ06367.bmp


ans =

E:\zq_03_CQ\zq_03_CQ06757.bmp


ans =

E:\zq_03_CQ\zq_03_CQ06752.bmp


ans =

E:\zq_03_CQ\zq_03_CQ05317.bmp


ans =

E:\zq_03_CQ\zq_03_CQ06445.bmp


ans =

E:\zq_03_CQ\zq_03_CQ05484.bmp


ans =

E:\zq_03_CQ\zq_03_CQ06581.bmp


ans =

E:\zq_03_CQ\zq_03_CQ06294.bmp


ans =

E:\zq_03_CQ\zq_03_CQ04915.bmp


ans =

E:\zq_03_CQ\zq_03_CQ06364.bmp


ans =

E:\zq_03_CQ\zq_03_CQ05313.bmp


ans =

E:\zq_03_CQ\zq_03_CQ06444.bmp


ans =

E:\zq_03_CQ\zq_03_CQ06747.bmp


ans =

E:\zq_03_CQ\zq_03_CQ05478.bmp


ans =

E:\zq_03_CQ\zq_03_CQ06572.bmp


ans =

E:\zq_03_CQ\zq_03_CQ06293.bmp


ans =

E:\zq_03_CQ\zq_03_CQ04911.bmp


ans =

E:\zq_03_CQ\zq_03_CQ06361.bmp


ans =

E:\zq_03_CQ\zq_03_CQ06436.bmp


ans =

E:\zq_03_CQ\zq_03_CQ05309.bmp


ans =

E:\zq_03_CQ\zq_03_CQ06743.bmp


ans =

E:\zq_03_CQ\zq_03_CQ05474.bmp


ans =

E:\zq_03_CQ\zq_03_CQ06562.bmp


ans =

E:\zq_03_CQ\zq_03_CQ06288.bmp


ans =

E:\zq_03_CQ\zq_03_CQ04907.bmp


ans =

E:\zq_03_CQ\zq_03_CQ06357.bmp


ans =

E:\zq_03_CQ\zq_03_CQ06432.bmp


ans =

E:\zq_03_CQ\zq_03_CQ05304.bmp


ans =

E:\zq_03_CQ\zq_03_CQ06739.bmp


ans =

E:\zq_03_CQ\zq_03_CQ05467.bmp


ans =

E:\zq_03_CQ\zq_03_CQ06557.bmp


ans =

E:\zq_03_CQ\zq_03_CQ05297.bmp


ans =

E:\zq_03_CQ\zq_03_CQ06287.bmp


ans =

E:\zq_03_CQ\zq_03_CQ04904.bmp


ans =

E:\zq_03_CQ\zq_03_CQ06355.bmp


ans =

E:\zq_03_CQ\zq_03_CQ06429.bmp


ans =

E:\zq_03_CQ\zq_03_CQ06736.bmp


ans =

E:\zq_03_CQ\zq_03_CQ06546.bmp


ans =

E:\zq_03_CQ\zq_03_CQ05292.bmp


ans =

E:\zq_03_CQ\zq_03_CQ06349.bmp


ans =

E:\zq_03_CQ\zq_03_CQ06423.bmp


ans =

E:\zq_03_CQ\zq_03_CQ06283.bmp


ans =

E:\zq_03_CQ\zq_03_CQ06730.bmp


ans =

E:\zq_03_CQ\zq_03_CQ06825.bmp


ans =

E:\zq_03_CQ\zq_03_CQ06821.bmp


ans =

E:\zq_03_CQ\zq_03_CQ06539.bmp


ans =

E:\zq_03_CQ\zq_03_CQ05286.bmp


ans =

E:\zq_03_CQ\zq_03_CQ06282.bmp


ans =

E:\zq_03_CQ\zq_03_CQ06347.bmp


ans =

E:\zq_03_CQ\zq_03_CQ06419.bmp


ans =

E:\zq_03_CQ\zq_03_CQ06903.bmp


ans =

E:\zq_03_CQ\zq_03_CQ06896.bmp


ans =

E:\zq_03_CQ\zq_03_CQ06725.bmp


ans =

E:\zq_03_CQ\zq_03_CQ06816.bmp


ans =

E:\zq_03_CQ\zq_03_CQ06527.bmp


ans =

E:\zq_03_CQ\zq_03_CQ05280.bmp


ans =

E:\zq_03_CQ\zq_03_CQ06279.bmp


ans =

E:\zq_03_CQ\zq_03_CQ06342.bmp


ans =

E:\zq_03_CQ\zq_03_CQ06416.bmp


ans =

E:\zq_03_CQ\zq_03_CQ06893.bmp


ans =

E:\zq_03_CQ\zq_03_CQ06717.bmp


ans =

E:\zq_03_CQ\zq_03_CQ06811.bmp


ans =

E:\zq_03_CQ\zq_03_CQ06525.bmp


ans =

E:\zq_03_CQ\zq_03_CQ05269.bmp


ans =

E:\zq_03_CQ\zq_03_CQ06278.bmp


ans =

E:\zq_03_CQ\zq_03_CQ06337.bmp


ans =

E:\zq_03_CQ\zq_03_CQ06411.bmp


ans =

E:\zq_03_CQ\zq_03_CQ06706.bmp


ans =

E:\zq_03_CQ\zq_03_CQ06888.bmp


ans =

E:\zq_03_CQ\zq_03_CQ06807.bmp


ans =

E:\zq_03_CQ\zq_03_CQ06514.bmp


ans =

E:\zq_03_CQ\zq_03_CQ06405.bmp


ans =

E:\zq_03_CQ\zq_03_CQ06276.bmp


ans =

E:\zq_03_CQ\zq_03_CQ06333.bmp


ans =

E:\zq_03_CQ\zq_03_CQ06693.bmp


ans =

E:\zq_03_CQ\zq_03_CQ06884.bmp


ans =

E:\zq_03_CQ\zq_03_CQ06803.bmp


ans =

E:\zq_03_CQ\zq_03_CQ06501.bmp


ans =

E:\zq_03_CQ\zq_03_CQ06402.bmp


ans =

E:\zq_03_CQ\zq_03_CQ06998.bmp


ans =

E:\zq_03_CQ\zq_03_CQ06988.bmp


ans =

E:\zq_03_CQ\zq_03_CQ06275.bmp


ans =

E:\zq_03_CQ\zq_03_CQ06329.bmp


ans =

E:\zq_03_CQ\zq_03_CQ06680.bmp


ans =

E:\zq_03_CQ\zq_03_CQ06883.bmp


ans =

E:\zq_03_CQ\zq_03_CQ06799.bmp


ans =

E:\zq_03_CQ\zq_03_CQ06494.bmp


ans =

E:\zq_03_CQ\zq_03_CQ06399.bmp


ans =

E:\zq_03_CQ\zq_03_CQ06970.bmp


ans =

E:\zq_03_CQ\zq_03_CQ06274.bmp


ans =

E:\zq_03_CQ\zq_03_CQ06326.bmp


ans =

E:\zq_03_CQ\zq_03_CQ06676.bmp


ans =

E:\zq_03_CQ\zq_03_CQ06878.bmp


ans =

E:\zq_03_CQ\zq_03_CQ06795.bmp


ans =

E:\zq_03_CQ\zq_03_CQ06485.bmp


ans =

E:\zq_03_CQ\zq_03_CQ06395.bmp


ans =

E:\zq_03_CQ\zq_03_CQ06968.bmp


ans =

E:\zq_03_CQ\zq_03_CQ06273.bmp


ans =

E:\zq_03_CQ\zq_03_CQ06325.bmp


ans =

E:\zq_03_CQ\zq_03_CQ06661.bmp


ans =

E:\zq_03_CQ\zq_03_CQ06875.bmp


ans =

E:\zq_03_CQ\zq_03_CQ06792.bmp


ans =

E:\zq_03_CQ\zq_03_CQ06479.bmp


ans =

E:\zq_03_CQ\zq_03_CQ06392.bmp


ans =

E:\zq_03_CQ\zq_03_CQ06955.bmp


ans =

E:\zq_03_CQ\zq_03_CQ06269.bmp


ans =

E:\zq_03_CQ\zq_03_CQ06321.bmp


ans =

E:\zq_03_CQ\zq_03_CQ06655.bmp


ans =

E:\zq_03_CQ\zq_03_CQ06870.bmp


ans =

E:\zq_03_CQ\zq_03_CQ06790.bmp


ans =

E:\zq_03_CQ\zq_03_CQ06475.bmp


ans =

E:\zq_03_CQ\zq_03_CQ06952.bmp


ans =

E:\zq_03_CQ\zq_03_CQ06643.bmp


ans =

E:\zq_03_CQ\zq_03_CQ06268.bmp


ans =

E:\zq_03_CQ\zq_03_CQ06318.bmp


ans =

E:\zq_03_CQ\zq_03_CQ06789.bmp


ans =

E:\zq_03_CQ\zq_03_CQ06866.bmp


ans =

E:\zq_03_CQ\zq_03_CQ06472.bmp


ans =

E:\zq_03_CQ\zq_03_CQ07190.bmp


ans =

E:\zq_03_CQ\zq_03_CQ07176.bmp


ans =

E:\zq_03_CQ\zq_03_CQ06948.bmp


ans =

E:\zq_03_CQ\zq_03_CQ06638.bmp


ans =

E:\zq_03_CQ\zq_03_CQ06785.bmp


ans =

E:\zq_03_CQ\zq_03_CQ06860.bmp


ans =

E:\zq_03_CQ\zq_03_CQ06940.bmp


ans =

E:\zq_03_CQ\zq_03_CQ07159.bmp


ans =

E:\zq_03_CQ\zq_03_CQ06627.bmp


ans =

E:\zq_03_CQ\zq_03_CQ07237.bmp


ans =

E:\zq_03_CQ\zq_03_CQ07236.bmp


ans =

E:\zq_03_CQ\zq_03_CQ06781.bmp


ans =

E:\zq_03_CQ\zq_03_CQ06858.bmp


ans =

E:\zq_03_CQ\zq_03_CQ07144.bmp


ans =

E:\zq_03_CQ\zq_03_CQ06937.bmp


ans =

E:\zq_03_CQ\zq_03_CQ06623.bmp


ans =

E:\zq_03_CQ\zq_03_CQ06780.bmp


ans =

E:\zq_03_CQ\zq_03_CQ07232.bmp


ans =

E:\zq_03_CQ\zq_03_CQ06854.bmp


ans =

E:\zq_03_CQ\zq_03_CQ06932.bmp


ans =

E:\zq_03_CQ\zq_03_CQ07137.bmp


ans =

E:\zq_03_CQ\zq_03_CQ07231.bmp


ans =

E:\zq_03_CQ\zq_03_CQ06776.bmp


ans =

E:\zq_03_CQ\zq_03_CQ06850.bmp


ans =

E:\zq_03_CQ\zq_03_CQ07135.bmp


ans =

E:\zq_03_CQ\zq_03_CQ06929.bmp


ans =

E:\zq_03_CQ\zq_03_CQ07226.bmp


ans =

E:\zq_03_CQ\zq_03_CQ06772.bmp


ans =

E:\zq_03_CQ\zq_03_CQ06846.bmp


ans =

E:\zq_03_CQ\zq_03_CQ07112.bmp


ans =

E:\zq_03_CQ\zq_03_CQ06924.bmp


ans =

E:\zq_03_CQ\zq_03_CQ06767.bmp


ans =

E:\zq_03_CQ\zq_03_CQ07220.bmp


ans =

E:\zq_03_CQ\zq_03_CQ06841.bmp


ans =

E:\zq_03_CQ\zq_03_CQ07104.bmp


ans =

E:\zq_03_CQ\zq_03_CQ06923.bmp


ans =

E:\zq_03_CQ\zq_03_CQ06762.bmp


ans =

E:\zq_03_CQ\zq_03_CQ07215.bmp


ans =

E:\zq_03_CQ\zq_03_CQ06837.bmp


ans =

E:\zq_03_CQ\zq_03_CQ07103.bmp


ans =

E:\zq_03_CQ\zq_03_CQ06922.bmp


ans =

E:\zq_03_CQ\zq_03_CQ06759.bmp


ans =

E:\zq_03_CQ\zq_03_CQ07211.bmp


ans =

E:\zq_03_CQ\zq_03_CQ07094.bmp


ans =

E:\zq_03_CQ\zq_03_CQ06833.bmp


ans =

E:\zq_03_CQ\zq_03_CQ06920.bmp


ans =

E:\zq_03_CQ\zq_03_CQ07210.bmp


ans =

E:\zq_03_CQ\zq_03_CQ06830.bmp


ans =

E:\zq_03_CQ\zq_03_CQ07086.bmp


ans =

E:\zq_03_CQ\zq_03_CQ06919.bmp


ans =

E:\zq_03_CQ\zq_03_CQ07207.bmp


ans =

E:\zq_03_CQ\zq_03_CQ07081.bmp


ans =

E:\zq_03_CQ\zq_03_CQ06916.bmp


ans =

E:\zq_03_CQ\zq_03_CQ07206.bmp


ans =

E:\zq_03_CQ\zq_03_CQ07077.bmp


ans =

E:\zq_03_CQ\zq_03_CQ06911.bmp


ans =

E:\zq_03_CQ\zq_03_CQ07201.bmp


ans =

E:\zq_03_CQ\zq_03_CQ07057.bmp


ans =

E:\zq_03_CQ\zq_03_CQ06905.bmp


ans =

E:\zq_03_CQ\zq_03_CQ07200.bmp


ans =

E:\zq_03_CQ\zq_03_CQ07054.bmp


ans =

E:\zq_03_CQ\zq_03_CQ07191.bmp


ans =

E:\zq_03_CQ\zq_03_CQ07032.bmp


ans =

E:\zq_03_CQ\zq_03_CQ07028.bmp


ans =

E:\zq_03_CQ\zq_03_CQ07013.bmp


ans =

E:\zq_03_CQ\zq_03_CQ07007.bmp


outpath =

C:\zq_03_CQ.csv


ans =

C:\zq_03_CQ.csv

