
ans =

D:\cc_09


csv_rootpath =

D:\

Reading the bmp list

ans =

D:\cc_09\cc09_l+30.bmp

error occur

ans =

D:\cc_09\cc09_l+10.bmp

error occur

ans =

D:\cc_09\cc09_l-20.bmp

error occur

ans =

D:\cc_09\cc09_l+50.bmp

error occur

ans =

D:\cc_09\cc09_l-50.bmp

error occur

ans =

D:\cc_09\cc09_l-90.bmp

error occur

ans =

D:\cc_09\cc09_l-30.bmp

error occur

ans =

D:\cc_09\cc09_l+90.bmp

error occur

ans =

D:\cc_09\cc09_l+20.bmp

error occur

ans =

D:\cc_09\cc09_l-10.bmp

error occur

outpath =

D:\cc_09.csv


ans =

D:\cc_09.csv


ans =

D:\cc_09


csv_rootpath =

D:\

Reading the bmp list

ans =

D:\cc_09\cc09_l-30.bmp


id =

-30


ans =

D:\cc_09\cc09_l-20.bmp


id =

-20


ans =

D:\cc_09\cc09_l-10.bmp


id =

-10


ans =

D:\cc_09\cc09_l+90.bmp


id =

+90


ans =

D:\cc_09\cc09_l+20.bmp


id =

+20


ans =

D:\cc_09\cc09_l+50.bmp


id =

+50


ans =

D:\cc_09\cc09_l+30.bmp


id =

+30


ans =

D:\cc_09\cc09_l+10.bmp


id =

+10


ans =

D:\cc_09\cc09_l-50.bmp


id =

-50


ans =

D:\cc_09\cc09_l-90.bmp


id =

-90


outpath =

D:\cc_09.csv


ans =

D:\cc_09.csv

