
ans =

D:\yy10


csv_rootpath =

D:\

Reading the bmp list

ans =

D:\yy10\yy10.bmp


id =

y10

error occur

ans =

D:\yy10\yy10_l+50.bmp


id =

+50


ans =

D:\yy10\yy10_l+20.bmp


id =

+20


ans =

D:\yy10\yy10_l+30.bmp


id =

+30


ans =

D:\yy10\yy10_l-20.bmp


id =

-20


ans =

D:\yy10\yy10_l-30.bmp


id =

-30


ans =

D:\yy10\yy10_l-10.bmp


id =

-10


ans =

D:\yy10\yy10_l+90.bmp


id =

+90


ans =

D:\yy10\yy10_l+10.bmp


id =

+10


ans =

D:\yy10\yy10_l-50.bmp


id =

-50


ans =

D:\yy10\yy10_l-90.bmp


id =

-90


outpath =

D:\yy10.csv


ans =

D:\yy10.csv

