
ans =

D:\yy11


csv_rootpath =

D:\

Reading the bmp list

ans =

D:\yy11\yy11.bmp


id =

y11

error occur

ans =

D:\yy11\yy11_l-50.bmp


id =

-50


ans =

D:\yy11\yy11_l+90.bmp


id =

+90


ans =

D:\yy11\yy11_l+10.bmp


id =

+10


ans =

D:\yy11\yy11_l-30.bmp


id =

-30


ans =

D:\yy11\yy11_l+50.bmp


id =

+50


ans =

D:\yy11\yy11_l-10.bmp


id =

-10


ans =

D:\yy11\yy11_l+20.bmp


id =

+20


ans =

D:\yy11\yy11_l+30.bmp


id =

+30


ans =

D:\yy11\yy11_l-90.bmp


id =

-90


outpath =

D:\yy11.csv


ans =

D:\yy11.csv

