
ans =

E:\zq_03_CQ


csv_rootpath =

C:\

Reading the bmp list

ans =

E:\zq_03_CQ\zq_03_CQ03342.bmp


id =

03342


ans =

E:\zq_03_CQ\zq_03_CQ03341.bmp


ans =

E:\zq_03_CQ\zq_03_CQ02830.bmp


id =

02830


ans =

E:\zq_03_CQ\zq_03_CQ02827.bmp


ans =

E:\zq_03_CQ\zq_03_CQ02244.bmp


id =

02244


ans =

E:\zq_03_CQ\zq_03_CQ02243.bmp


ans =

E:\zq_03_CQ\zq_03_CQ03738.bmp


id =

03738


ans =

E:\zq_03_CQ\zq_03_CQ03729.bmp


ans =

E:\zq_03_CQ\zq_03_CQ00666.bmp


id =

00666


ans =

E:\zq_03_CQ\zq_03_CQ00664.bmp


ans =

E:\zq_03_CQ\zq_03_CQ01252.bmp


id =

01252


ans =

E:\zq_03_CQ\zq_03_CQ01251.bmp


ans =

E:\zq_03_CQ\zq_03_CQ04233.bmp


id =

04233


ans =

E:\zq_03_CQ\zq_03_CQ04227.bmp


ans =

E:\zq_03_CQ\zq_03_CQ01811.bmp


id =

01811


ans =

E:\zq_03_CQ\zq_03_CQ01806.bmp


id =

03341


ans =

E:\zq_03_CQ\zq_03_CQ03340.bmp


id =

02827


ans =

E:\zq_03_CQ\zq_03_CQ02821.bmp


id =

02243


ans =

E:\zq_03_CQ\zq_03_CQ02239.bmp


id =

03729


ans =

E:\zq_03_CQ\zq_03_CQ03728.bmp


id =

00664


ans =

E:\zq_03_CQ\zq_03_CQ00660.bmp


id =

01251


ans =

E:\zq_03_CQ\zq_03_CQ01245.bmp


id =

04227


ans =

E:\zq_03_CQ\zq_03_CQ04207.bmp


id =

01806


ans =

E:\zq_03_CQ\zq_03_CQ01801.bmp


id =

03340


ans =

E:\zq_03_CQ\zq_03_CQ03339.bmp


id =

03728


ans =

E:\zq_03_CQ\zq_03_CQ03722.bmp


id =

01801


ans =

E:\zq_03_CQ\zq_03_CQ01787.bmp


id =

02821


ans =

E:\zq_03_CQ\zq_03_CQ02820.bmp


id =

02239


ans =

E:\zq_03_CQ\zq_03_CQ02238.bmp


id =

00660


ans =

E:\zq_03_CQ\zq_03_CQ00658.bmp


id =

01245


ans =

E:\zq_03_CQ\zq_03_CQ01226.bmp


id =

04207


ans =

E:\zq_03_CQ\zq_03_CQ04204.bmp


id =

03339


ans =

E:\zq_03_CQ\zq_03_CQ03338.bmp


id =

02820


ans =

E:\zq_03_CQ\zq_03_CQ02814.bmp


id =

02238


ans =

E:\zq_03_CQ\zq_03_CQ02237.bmp


id =

03722


ans =

E:\zq_03_CQ\zq_03_CQ03716.bmp


id =

00658


ans =

E:\zq_03_CQ\zq_03_CQ00653.bmp


id =

01226


ans =

E:\zq_03_CQ\zq_03_CQ01223.bmp


id =

04204


ans =

E:\zq_03_CQ\zq_03_CQ04196.bmp


id =

01787


ans =

E:\zq_03_CQ\zq_03_CQ01774.bmp


id =

03338


ans =

E:\zq_03_CQ\zq_03_CQ03333.bmp


id =

02814


ans =

E:\zq_03_CQ\zq_03_CQ02812.bmp


id =

02237


ans =

E:\zq_03_CQ\zq_03_CQ02233.bmp


id =

03716


ans =

E:\zq_03_CQ\zq_03_CQ03713.bmp


id =

00653


ans =

E:\zq_03_CQ\zq_03_CQ00647.bmp


id =

01223


ans =

E:\zq_03_CQ\zq_03_CQ01205.bmp


id =

04196


ans =

E:\zq_03_CQ\zq_03_CQ04194.bmp


id =

01774


ans =

E:\zq_03_CQ\zq_03_CQ01760.bmp


id =

03713


ans =

E:\zq_03_CQ\zq_03_CQ03710.bmp


id =

03333


ans =

E:\zq_03_CQ\zq_03_CQ03332.bmp


id =

02812


ans =

E:\zq_03_CQ\zq_03_CQ02808.bmp


id =

02233


ans =

E:\zq_03_CQ\zq_03_CQ02232.bmp


id =

00647


ans =

E:\zq_03_CQ\zq_03_CQ00643.bmp


id =

01205


ans =

E:\zq_03_CQ\zq_03_CQ01199.bmp


id =

04194


ans =

E:\zq_03_CQ\zq_03_CQ04188.bmp


id =

01760


ans =

E:\zq_03_CQ\zq_03_CQ01745.bmp


id =

03332


ans =

E:\zq_03_CQ\zq_03_CQ03330.bmp


id =

02808


ans =

E:\zq_03_CQ\zq_03_CQ02806.bmp


id =

02232


ans =

E:\zq_03_CQ\zq_03_CQ02231.bmp


id =

03710


ans =

E:\zq_03_CQ\zq_03_CQ03708.bmp


id =

00643


ans =

E:\zq_03_CQ\zq_03_CQ00638.bmp


id =

01199


ans =

E:\zq_03_CQ\zq_03_CQ01191.bmp


id =

04188


ans =

E:\zq_03_CQ\zq_03_CQ04186.bmp


id =

01745


ans =

E:\zq_03_CQ\zq_03_CQ01731.bmp


id =

03330


ans =

E:\zq_03_CQ\zq_03_CQ03326.bmp


id =

02806


ans =

E:\zq_03_CQ\zq_03_CQ02802.bmp


id =

02231


ans =

E:\zq_03_CQ\zq_03_CQ02230.bmp


id =

03708


ans =

E:\zq_03_CQ\zq_03_CQ03704.bmp


id =

00638


ans =

E:\zq_03_CQ\zq_03_CQ00636.bmp


id =

01191


ans =

E:\zq_03_CQ\zq_03_CQ01190.bmp


id =

04186


ans =

E:\zq_03_CQ\zq_03_CQ04178.bmp


id =

01731


ans =

E:\zq_03_CQ\zq_03_CQ01717.bmp


id =

03704


ans =

E:\zq_03_CQ\zq_03_CQ03699.bmp


id =

03326


ans =

E:\zq_03_CQ\zq_03_CQ03325.bmp


id =

02802


ans =

E:\zq_03_CQ\zq_03_CQ02799.bmp


id =

02230


ans =

E:\zq_03_CQ\zq_03_CQ02226.bmp


id =

00636


ans =

E:\zq_03_CQ\zq_03_CQ00633.bmp


id =

01190


ans =

E:\zq_03_CQ\zq_03_CQ01189.bmp


id =

04178


ans =

E:\zq_03_CQ\zq_03_CQ04175.bmp


id =

01717


ans =

E:\zq_03_CQ\zq_03_CQ01703.bmp


id =

02799


ans =

E:\zq_03_CQ\zq_03_CQ02797.bmp


id =

03699


ans =

E:\zq_03_CQ\zq_03_CQ03695.bmp


id =

00633


ans =

E:\zq_03_CQ\zq_03_CQ00631.bmp


id =

01703


ans =

E:\zq_03_CQ\zq_03_CQ01698.bmp


id =

03325


ans =

E:\zq_03_CQ\zq_03_CQ03324.bmp


id =

03324


ans =

E:\zq_03_CQ\zq_03_CQ03319.bmp


id =

03319


ans =

E:\zq_03_CQ\zq_03_CQ03314.bmp


id =

03314


ans =

E:\zq_03_CQ\zq_03_CQ03307.bmp


id =

03307


ans =

E:\zq_03_CQ\zq_03_CQ03305.bmp


id =

03305


ans =

E:\zq_03_CQ\zq_03_CQ03304.bmp


id =

02797


ans =

E:\zq_03_CQ\zq_03_CQ02794.bmp


id =

02794


ans =

E:\zq_03_CQ\zq_03_CQ02790.bmp


id =

02790


ans =

E:\zq_03_CQ\zq_03_CQ02788.bmp


id =

02788


ans =

E:\zq_03_CQ\zq_03_CQ02785.bmp


id =

02785


ans =

E:\zq_03_CQ\zq_03_CQ02781.bmp


id =

02226


ans =

E:\zq_03_CQ\zq_03_CQ02225.bmp


id =

02225


ans =

E:\zq_03_CQ\zq_03_CQ02224.bmp


id =

02224


ans =

E:\zq_03_CQ\zq_03_CQ02223.bmp


id =

02223


ans =

E:\zq_03_CQ\zq_03_CQ02222.bmp


id =

02222


ans =

E:\zq_03_CQ\zq_03_CQ02220.bmp


id =

02220


ans =

E:\zq_03_CQ\zq_03_CQ02219.bmp


id =

03695


ans =

E:\zq_03_CQ\zq_03_CQ03693.bmp


id =

03693


ans =

E:\zq_03_CQ\zq_03_CQ03688.bmp


id =

03688


ans =

E:\zq_03_CQ\zq_03_CQ03686.bmp


id =

03686


ans =

E:\zq_03_CQ\zq_03_CQ03681.bmp


id =

03681


ans =

E:\zq_03_CQ\zq_03_CQ03679.bmp


id =

00631


ans =

E:\zq_03_CQ\zq_03_CQ00627.bmp


id =

00627


ans =

E:\zq_03_CQ\zq_03_CQ00623.bmp


id =

00623


ans =

E:\zq_03_CQ\zq_03_CQ00622.bmp


id =

00622


ans =

E:\zq_03_CQ\zq_03_CQ00615.bmp


id =

00615


ans =

E:\zq_03_CQ\zq_03_CQ00613.bmp


id =

01189


ans =

E:\zq_03_CQ\zq_03_CQ01183.bmp


id =

01183


ans =

E:\zq_03_CQ\zq_03_CQ01180.bmp


id =

01180


ans =

E:\zq_03_CQ\zq_03_CQ01173.bmp


id =

01173


ans =

E:\zq_03_CQ\zq_03_CQ01170.bmp


id =

01170


ans =

E:\zq_03_CQ\zq_03_CQ01165.bmp


id =

01165


ans =

E:\zq_03_CQ\zq_03_CQ01161.bmp


id =

04175


ans =

E:\zq_03_CQ\zq_03_CQ04171.bmp


id =

04171


ans =

E:\zq_03_CQ\zq_03_CQ04164.bmp


id =

04164


ans =

E:\zq_03_CQ\zq_03_CQ04162.bmp


id =

04162


ans =

E:\zq_03_CQ\zq_03_CQ04156.bmp


id =

04156


ans =

E:\zq_03_CQ\zq_03_CQ04153.bmp


id =

04153


ans =

E:\zq_03_CQ\zq_03_CQ04145.bmp


id =

01698


ans =

E:\zq_03_CQ\zq_03_CQ01685.bmp


id =

01685


ans =

E:\zq_03_CQ\zq_03_CQ01678.bmp


id =

01678


ans =

E:\zq_03_CQ\zq_03_CQ01666.bmp


id =

01666


ans =

E:\zq_03_CQ\zq_03_CQ01660.bmp


id =

01660


ans =

E:\zq_03_CQ\zq_03_CQ01645.bmp


id =

02781


ans =

E:\zq_03_CQ\zq_03_CQ02779.bmp


id =

03679


ans =

E:\zq_03_CQ\zq_03_CQ03674.bmp


id =

03304


ans =

E:\zq_03_CQ\zq_03_CQ03303.bmp


id =

02219


ans =

E:\zq_03_CQ\zq_03_CQ02218.bmp


id =

03674


ans =

E:\zq_03_CQ\zq_03_CQ03671.bmp


id =

00613


ans =

E:\zq_03_CQ\zq_03_CQ00611.bmp


id =

01161


ans =

E:\zq_03_CQ\zq_03_CQ01153.bmp


id =

04145


ans =

E:\zq_03_CQ\zq_03_CQ04139.bmp


id =

01645


ans =

E:\zq_03_CQ\zq_03_CQ01642.bmp


id =

03303


ans =

E:\zq_03_CQ\zq_03_CQ03302.bmp


id =

02779


ans =

E:\zq_03_CQ\zq_03_CQ02775.bmp


id =

02218


ans =

E:\zq_03_CQ\zq_03_CQ02217.bmp


id =

00611


ans =

E:\zq_03_CQ\zq_03_CQ00607.bmp


id =

01642


ans =

E:\zq_03_CQ\zq_03_CQ01626.bmp


id =

03671


ans =

E:\zq_03_CQ\zq_03_CQ03667.bmp


id =

01153


ans =

E:\zq_03_CQ\zq_03_CQ01152.bmp


id =

04139


ans =

E:\zq_03_CQ\zq_03_CQ04137.bmp


id =

03302


ans =

E:\zq_03_CQ\zq_03_CQ03297.bmp


id =

02775


ans =

E:\zq_03_CQ\zq_03_CQ02773.bmp


id =

02217


ans =

E:\zq_03_CQ\zq_03_CQ02215.bmp


id =

00607


ans =

E:\zq_03_CQ\zq_03_CQ00605.bmp


id =

01152


ans =

E:\zq_03_CQ\zq_03_CQ01151.bmp


id =

04137


ans =

E:\zq_03_CQ\zq_03_CQ04131.bmp


id =

01626


ans =

E:\zq_03_CQ\zq_03_CQ01615.bmp


id =

02773


ans =

E:\zq_03_CQ\zq_03_CQ02767.bmp


id =

03667


ans =

E:\zq_03_CQ\zq_03_CQ03665.bmp


id =

03297


ans =

E:\zq_03_CQ\zq_03_CQ03296.bmp


id =

02215


ans =

E:\zq_03_CQ\zq_03_CQ02214.bmp


id =

03665


ans =

E:\zq_03_CQ\zq_03_CQ03660.bmp


id =

00605


ans =

E:\zq_03_CQ\zq_03_CQ00596.bmp


id =

01151


ans =

E:\zq_03_CQ\zq_03_CQ01144.bmp


id =

04131


ans =

E:\zq_03_CQ\zq_03_CQ04130.bmp


id =

01615


ans =

E:\zq_03_CQ\zq_03_CQ01603.bmp


id =

02767


ans =

E:\zq_03_CQ\zq_03_CQ02766.bmp


id =

02214


ans =

E:\zq_03_CQ\zq_03_CQ02212.bmp


id =

00596


ans =

E:\zq_03_CQ\zq_03_CQ00584.bmp


id =

01603


ans =

E:\zq_03_CQ\zq_03_CQ01597.bmp


id =

03296


ans =

E:\zq_03_CQ\zq_03_CQ03295.bmp


id =

03660


ans =

E:\zq_03_CQ\zq_03_CQ03656.bmp


id =

01144


ans =

E:\zq_03_CQ\zq_03_CQ01142.bmp


id =

04130


ans =

E:\zq_03_CQ\zq_03_CQ04120.bmp


id =

03295


ans =

E:\zq_03_CQ\zq_03_CQ03294.bmp


id =

02766


ans =

E:\zq_03_CQ\zq_03_CQ02765.bmp


id =

02212


ans =

E:\zq_03_CQ\zq_03_CQ02211.bmp


id =

00584


ans =

E:\zq_03_CQ\zq_03_CQ00578.bmp


id =

04120


ans =

E:\zq_03_CQ\zq_03_CQ04119.bmp


id =

01597


ans =

E:\zq_03_CQ\zq_03_CQ01578.bmp


id =

02765


ans =

E:\zq_03_CQ\zq_03_CQ02763.bmp


id =

03656


ans =

E:\zq_03_CQ\zq_03_CQ03654.bmp


id =

01142


ans =

E:\zq_03_CQ\zq_03_CQ01141.bmp


id =

03294


ans =

E:\zq_03_CQ\zq_03_CQ03287.bmp


id =

02211


ans =

E:\zq_03_CQ\zq_03_CQ02209.bmp


id =

03654


ans =

E:\zq_03_CQ\zq_03_CQ03649.bmp


id =

00578


ans =

E:\zq_03_CQ\zq_03_CQ00571.bmp


id =

01141


ans =

E:\zq_03_CQ\zq_03_CQ01136.bmp


id =

04119


ans =

E:\zq_03_CQ\zq_03_CQ04111.bmp


id =

01578


ans =

E:\zq_03_CQ\zq_03_CQ01572.bmp


id =

02763


ans =

E:\zq_03_CQ\zq_03_CQ02757.bmp


id =

02209


ans =

E:\zq_03_CQ\zq_03_CQ02208.bmp


id =

00571


ans =

E:\zq_03_CQ\zq_03_CQ00557.bmp


id =

03287


ans =

E:\zq_03_CQ\zq_03_CQ03284.bmp


id =

03649


ans =

E:\zq_03_CQ\zq_03_CQ03646.bmp


id =

01136


ans =

E:\zq_03_CQ\zq_03_CQ01133.bmp


id =

04111


ans =

E:\zq_03_CQ\zq_03_CQ04109.bmp


id =

01572


ans =

E:\zq_03_CQ\zq_03_CQ01558.bmp


id =

03284


ans =

E:\zq_03_CQ\zq_03_CQ03283.bmp


id =

02757


ans =

E:\zq_03_CQ\zq_03_CQ02754.bmp


id =

02208


ans =

E:\zq_03_CQ\zq_03_CQ02203.bmp


id =

00557


ans =

E:\zq_03_CQ\zq_03_CQ00552.bmp


id =

04109


ans =

E:\zq_03_CQ\zq_03_CQ04103.bmp


id =

01558


ans =

E:\zq_03_CQ\zq_03_CQ01556.bmp


id =

02754


ans =

E:\zq_03_CQ\zq_03_CQ02751.bmp


id =

03646


ans =

E:\zq_03_CQ\zq_03_CQ03642.bmp


id =

01133


ans =

E:\zq_03_CQ\zq_03_CQ01125.bmp


id =

03283


ans =

E:\zq_03_CQ\zq_03_CQ03282.bmp


id =

02203


ans =

E:\zq_03_CQ\zq_03_CQ02202.bmp


id =

03642


ans =

E:\zq_03_CQ\zq_03_CQ03639.bmp


id =

00552


ans =

E:\zq_03_CQ\zq_03_CQ00537.bmp


id =

01125


ans =

E:\zq_03_CQ\zq_03_CQ01124.bmp


id =

04103


ans =

E:\zq_03_CQ\zq_03_CQ04100.bmp


id =

01556


ans =

E:\zq_03_CQ\zq_03_CQ01549.bmp


id =

02751


ans =

E:\zq_03_CQ\zq_03_CQ02749.bmp


id =

02202


ans =

E:\zq_03_CQ\zq_03_CQ02201.bmp


id =

00537


ans =

E:\zq_03_CQ\zq_03_CQ00531.bmp


id =

03282


ans =

E:\zq_03_CQ\zq_03_CQ03276.bmp


id =

02749


ans =

E:\zq_03_CQ\zq_03_CQ02747.bmp


id =

03639


ans =

E:\zq_03_CQ\zq_03_CQ03635.bmp


id =

01124


ans =

E:\zq_03_CQ\zq_03_CQ01118.bmp


id =

04100


ans =

E:\zq_03_CQ\zq_03_CQ04095.bmp


id =

01549


ans =

E:\zq_03_CQ\zq_03_CQ01547.bmp


id =

03276


ans =

E:\zq_03_CQ\zq_03_CQ03275.bmp


id =

02201


ans =

E:\zq_03_CQ\zq_03_CQ02200.bmp


id =

00531


ans =

E:\zq_03_CQ\zq_03_CQ00520.bmp


id =

04095


ans =

E:\zq_03_CQ\zq_03_CQ04090.bmp


id =

01547


ans =

E:\zq_03_CQ\zq_03_CQ01541.bmp


id =

02747


ans =

E:\zq_03_CQ\zq_03_CQ02743.bmp


id =

03635


ans =

E:\zq_03_CQ\zq_03_CQ03633.bmp


id =

01118


ans =

E:\zq_03_CQ\zq_03_CQ01116.bmp


id =

03275


ans =

E:\zq_03_CQ\zq_03_CQ03272.bmp


id =

02200


ans =

E:\zq_03_CQ\zq_03_CQ02197.bmp


id =

03633


ans =

E:\zq_03_CQ\zq_03_CQ03628.bmp


id =

00520


ans =

E:\zq_03_CQ\zq_03_CQ00508.bmp


id =

01116


ans =

E:\zq_03_CQ\zq_03_CQ01113.bmp


id =

04090


ans =

E:\zq_03_CQ\zq_03_CQ04087.bmp


id =

01541


ans =

E:\zq_03_CQ\zq_03_CQ01539.bmp


id =

02743


ans =

E:\zq_03_CQ\zq_03_CQ02741.bmp


id =

02197


ans =

E:\zq_03_CQ\zq_03_CQ02196.bmp


id =

00508


ans =

E:\zq_03_CQ\zq_03_CQ00498.bmp


id =

01539


ans =

E:\zq_03_CQ\zq_03_CQ01530.bmp


id =

03272


ans =

E:\zq_03_CQ\zq_03_CQ03271.bmp


id =

02741


ans =

E:\zq_03_CQ\zq_03_CQ02737.bmp


id =

03628


ans =

E:\zq_03_CQ\zq_03_CQ03626.bmp


id =

01113


ans =

E:\zq_03_CQ\zq_03_CQ01112.bmp


id =

04087


ans =

E:\zq_03_CQ\zq_03_CQ04082.bmp


id =

03271


ans =

E:\zq_03_CQ\zq_03_CQ03265.bmp


id =

02196


ans =

E:\zq_03_CQ\zq_03_CQ02195.bmp


id =

00498


ans =

E:\zq_03_CQ\zq_03_CQ00493.bmp


id =

01530


ans =

E:\zq_03_CQ\zq_03_CQ01529.bmp


id =

02737


ans =

E:\zq_03_CQ\zq_03_CQ02734.bmp


id =

03626


ans =

E:\zq_03_CQ\zq_03_CQ03619.bmp


id =

01112


ans =

E:\zq_03_CQ\zq_03_CQ01110.bmp


id =

04082


ans =

E:\zq_03_CQ\zq_03_CQ04080.bmp


id =

03265


ans =

E:\zq_03_CQ\zq_03_CQ03260.bmp


id =

02195


ans =

E:\zq_03_CQ\zq_03_CQ02194.bmp


id =

03619


ans =

E:\zq_03_CQ\zq_03_CQ03617.bmp


id =

00493


ans =

E:\zq_03_CQ\zq_03_CQ00480.bmp


id =

04080


ans =

E:\zq_03_CQ\zq_03_CQ04073.bmp


id =

01529


ans =

E:\zq_03_CQ\zq_03_CQ01522.bmp


id =

02734


ans =

E:\zq_03_CQ\zq_03_CQ02732.bmp


id =

00480


ans =

E:\zq_03_CQ\zq_03_CQ00477.bmp


id =

01110


ans =

E:\zq_03_CQ\zq_03_CQ01106.bmp


id =

01522


ans =

E:\zq_03_CQ\zq_03_CQ01520.bmp


id =

03260


ans =

E:\zq_03_CQ\zq_03_CQ03256.bmp


id =

02732


ans =

E:\zq_03_CQ\zq_03_CQ02728.bmp


id =

02194


ans =

E:\zq_03_CQ\zq_03_CQ02190.bmp


id =

03617


ans =

E:\zq_03_CQ\zq_03_CQ03612.bmp


id =

01106


ans =

E:\zq_03_CQ\zq_03_CQ01104.bmp


id =

04073


ans =

E:\zq_03_CQ\zq_03_CQ04069.bmp


id =

03256


ans =

E:\zq_03_CQ\zq_03_CQ03251.bmp


id =

02190


ans =

E:\zq_03_CQ\zq_03_CQ02189.bmp


id =

00477


ans =

E:\zq_03_CQ\zq_03_CQ00462.bmp


id =

01520


ans =

E:\zq_03_CQ\zq_03_CQ01515.bmp


id =

02728


ans =

E:\zq_03_CQ\zq_03_CQ02725.bmp


id =

03612


ans =

E:\zq_03_CQ\zq_03_CQ03610.bmp


id =

01104


ans =

E:\zq_03_CQ\zq_03_CQ01098.bmp


id =

04069


ans =

E:\zq_03_CQ\zq_03_CQ04065.bmp


id =

03251


ans =

E:\zq_03_CQ\zq_03_CQ03247.bmp


id =

02189


ans =

E:\zq_03_CQ\zq_03_CQ02188.bmp


id =

03610


ans =

E:\zq_03_CQ\zq_03_CQ03603.bmp


id =

00462


ans =

E:\zq_03_CQ\zq_03_CQ00456.bmp


id =

04065


ans =

E:\zq_03_CQ\zq_03_CQ04060.bmp


id =

01515


ans =

E:\zq_03_CQ\zq_03_CQ01514.bmp


id =

02725


ans =

E:\zq_03_CQ\zq_03_CQ02720.bmp


id =

00456


ans =

E:\zq_03_CQ\zq_03_CQ00444.bmp


id =

01098


ans =

E:\zq_03_CQ\zq_03_CQ01096.bmp


id =

01514


ans =

E:\zq_03_CQ\zq_03_CQ01513.bmp


id =

03247


ans =

E:\zq_03_CQ\zq_03_CQ03243.bmp


id =

02720


ans =

E:\zq_03_CQ\zq_03_CQ02716.bmp


id =

02188


ans =

E:\zq_03_CQ\zq_03_CQ02184.bmp


id =

03603


ans =

E:\zq_03_CQ\zq_03_CQ03601.bmp


id =

01096


ans =

E:\zq_03_CQ\zq_03_CQ01091.bmp


id =

04060


ans =

E:\zq_03_CQ\zq_03_CQ04055.bmp


id =

02184


ans =

E:\zq_03_CQ\zq_03_CQ02183.bmp


id =

00444


ans =

E:\zq_03_CQ\zq_03_CQ00440.bmp


id =

01513


ans =

E:\zq_03_CQ\zq_03_CQ01509.bmp


id =

03243


ans =

E:\zq_03_CQ\zq_03_CQ03242.bmp


id =

02716


ans =

E:\zq_03_CQ\zq_03_CQ02715.bmp


id =

03601


ans =

E:\zq_03_CQ\zq_03_CQ03596.bmp


id =

01091


ans =

E:\zq_03_CQ\zq_03_CQ01089.bmp


id =

04055


ans =

E:\zq_03_CQ\zq_03_CQ04051.bmp


id =

03242


ans =

E:\zq_03_CQ\zq_03_CQ03236.bmp


id =

02183


ans =

E:\zq_03_CQ\zq_03_CQ02181.bmp


id =

03596


ans =

E:\zq_03_CQ\zq_03_CQ03594.bmp


id =

00440


ans =

E:\zq_03_CQ\zq_03_CQ00424.bmp


id =

04051


ans =

E:\zq_03_CQ\zq_03_CQ04047.bmp


id =

01509


ans =

E:\zq_03_CQ\zq_03_CQ01507.bmp


id =

02715


ans =

E:\zq_03_CQ\zq_03_CQ02711.bmp


id =

00424


ans =

E:\zq_03_CQ\zq_03_CQ00419.bmp


id =

01089


ans =

E:\zq_03_CQ\zq_03_CQ01082.bmp


id =

01507


ans =

E:\zq_03_CQ\zq_03_CQ01506.bmp


id =

03236


ans =

E:\zq_03_CQ\zq_03_CQ03235.bmp


id =

02711


ans =

E:\zq_03_CQ\zq_03_CQ02710.bmp


id =

02181


ans =

E:\zq_03_CQ\zq_03_CQ02180.bmp


id =

03594


ans =

E:\zq_03_CQ\zq_03_CQ03588.bmp


id =

01082


ans =

E:\zq_03_CQ\zq_03_CQ01080.bmp


id =

04047


ans =

E:\zq_03_CQ\zq_03_CQ04042.bmp


id =

02180


ans =

E:\zq_03_CQ\zq_03_CQ02177.bmp


id =

00419


ans =

E:\zq_03_CQ\zq_03_CQ00401.bmp


id =

01506


ans =

E:\zq_03_CQ\zq_03_CQ01505.bmp


id =

03235


ans =

E:\zq_03_CQ\zq_03_CQ03230.bmp


id =

02710


ans =

E:\zq_03_CQ\zq_03_CQ02707.bmp


id =

03588


ans =

E:\zq_03_CQ\zq_03_CQ03586.bmp


id =

01080


ans =

E:\zq_03_CQ\zq_03_CQ01076.bmp


id =

04042


ans =

E:\zq_03_CQ\zq_03_CQ04037.bmp


id =

03230


ans =

E:\zq_03_CQ\zq_03_CQ03228.bmp


id =

02177


ans =

E:\zq_03_CQ\zq_03_CQ02176.bmp


id =

03586


ans =

E:\zq_03_CQ\zq_03_CQ03582.bmp


id =

00401


ans =

E:\zq_03_CQ\zq_03_CQ00394.bmp


id =

04037


ans =

E:\zq_03_CQ\zq_03_CQ04034.bmp


id =

01505


ans =

E:\zq_03_CQ\zq_03_CQ01503.bmp


id =

02707


ans =

E:\zq_03_CQ\zq_03_CQ02706.bmp


id =

00394


ans =

E:\zq_03_CQ\zq_03_CQ00377.bmp


id =

01076


ans =

E:\zq_03_CQ\zq_03_CQ01073.bmp


id =

01503


ans =

E:\zq_03_CQ\zq_03_CQ01499.bmp


id =

03228


ans =

E:\zq_03_CQ\zq_03_CQ03225.bmp


id =

02706


ans =

E:\zq_03_CQ\zq_03_CQ02705.bmp


id =

02176


ans =

E:\zq_03_CQ\zq_03_CQ02175.bmp


id =

03582


ans =

E:\zq_03_CQ\zq_03_CQ03581.bmp


id =

04034


ans =

E:\zq_03_CQ\zq_03_CQ04030.bmp


id =

02175


ans =

E:\zq_03_CQ\zq_03_CQ02174.bmp


id =

00377


ans =

E:\zq_03_CQ\zq_03_CQ00372.bmp


id =

01073


ans =

E:\zq_03_CQ\zq_03_CQ01070.bmp


id =

01499


ans =

E:\zq_03_CQ\zq_03_CQ01496.bmp


id =

03225


ans =

E:\zq_03_CQ\zq_03_CQ03220.bmp


id =

02705


ans =

E:\zq_03_CQ\zq_03_CQ02699.bmp


id =

03581


ans =

E:\zq_03_CQ\zq_03_CQ03579.bmp


id =

01070


ans =

E:\zq_03_CQ\zq_03_CQ01067.bmp


id =

04030


ans =

E:\zq_03_CQ\zq_03_CQ04025.bmp


id =

03220


ans =

E:\zq_03_CQ\zq_03_CQ03218.bmp


id =

02174


ans =

E:\zq_03_CQ\zq_03_CQ02173.bmp


id =

03579


ans =

E:\zq_03_CQ\zq_03_CQ03574.bmp


id =

00372


ans =

E:\zq_03_CQ\zq_03_CQ00356.bmp


id =

01496


ans =

E:\zq_03_CQ\zq_03_CQ01495.bmp


id =

02699


ans =

E:\zq_03_CQ\zq_03_CQ02695.bmp


id =

00356


ans =

E:\zq_03_CQ\zq_03_CQ00351.bmp


id =

01067


ans =

E:\zq_03_CQ\zq_03_CQ01062.bmp


id =

04025


ans =

E:\zq_03_CQ\zq_03_CQ04021.bmp


id =

01495


ans =

E:\zq_03_CQ\zq_03_CQ01493.bmp


id =

03218


ans =

E:\zq_03_CQ\zq_03_CQ03216.bmp


id =

02695


ans =

E:\zq_03_CQ\zq_03_CQ02692.bmp


id =

02173


ans =

E:\zq_03_CQ\zq_03_CQ02172.bmp


id =

03574


ans =

E:\zq_03_CQ\zq_03_CQ03572.bmp


id =

04021


ans =

E:\zq_03_CQ\zq_03_CQ04017.bmp


id =

02172


ans =

E:\zq_03_CQ\zq_03_CQ02169.bmp


id =

00351


ans =

E:\zq_03_CQ\zq_03_CQ00346.bmp


id =

01062


ans =

E:\zq_03_CQ\zq_03_CQ01060.bmp


id =

01493


ans =

E:\zq_03_CQ\zq_03_CQ01490.bmp


id =

03216


ans =

E:\zq_03_CQ\zq_03_CQ03213.bmp


id =

02692


ans =

E:\zq_03_CQ\zq_03_CQ02691.bmp


id =

03572


ans =

E:\zq_03_CQ\zq_03_CQ03566.bmp


id =

01060


ans =

E:\zq_03_CQ\zq_03_CQ01056.bmp


id =

04017


ans =

E:\zq_03_CQ\zq_03_CQ04013.bmp


id =

03213


ans =

E:\zq_03_CQ\zq_03_CQ03208.bmp


id =

02169


ans =

E:\zq_03_CQ\zq_03_CQ02168.bmp


id =

03566


ans =

E:\zq_03_CQ\zq_03_CQ03564.bmp


id =

00346


ans =

E:\zq_03_CQ\zq_03_CQ00340.bmp


id =

01490


ans =

E:\zq_03_CQ\zq_03_CQ01489.bmp


id =

02691


ans =

E:\zq_03_CQ\zq_03_CQ02685.bmp


id =

00340


ans =

E:\zq_03_CQ\zq_03_CQ00335.bmp


id =

01056


ans =

E:\zq_03_CQ\zq_03_CQ01054.bmp


id =

04013


ans =

E:\zq_03_CQ\zq_03_CQ04008.bmp


id =

01489


ans =

E:\zq_03_CQ\zq_03_CQ01487.bmp


id =

03208


ans =

E:\zq_03_CQ\zq_03_CQ03203.bmp


id =

02685


ans =

E:\zq_03_CQ\zq_03_CQ02682.bmp


id =

02168


ans =

E:\zq_03_CQ\zq_03_CQ02167.bmp


id =

03564


ans =

E:\zq_03_CQ\zq_03_CQ03559.bmp


id =

04008


ans =

E:\zq_03_CQ\zq_03_CQ04006.bmp


id =

02167


ans =

E:\zq_03_CQ\zq_03_CQ02162.bmp


id =

00335


ans =

E:\zq_03_CQ\zq_03_CQ00330.bmp


id =

01054


ans =

E:\zq_03_CQ\zq_03_CQ01049.bmp


id =

01487


ans =

E:\zq_03_CQ\zq_03_CQ01482.bmp


id =

03203


ans =

E:\zq_03_CQ\zq_03_CQ03199.bmp


id =

02682


ans =

E:\zq_03_CQ\zq_03_CQ02680.bmp


id =

03559


ans =

E:\zq_03_CQ\zq_03_CQ03557.bmp


id =

01049


ans =

E:\zq_03_CQ\zq_03_CQ01047.bmp


id =

04006


ans =

E:\zq_03_CQ\zq_03_CQ04003.bmp


id =

03199


ans =

E:\zq_03_CQ\zq_03_CQ03194.bmp


id =

02162


ans =

E:\zq_03_CQ\zq_03_CQ02161.bmp


id =

03557


ans =

E:\zq_03_CQ\zq_03_CQ03552.bmp


id =

00330


ans =

E:\zq_03_CQ\zq_03_CQ00325.bmp


id =

01482


ans =

E:\zq_03_CQ\zq_03_CQ01480.bmp


id =

02680


ans =

E:\zq_03_CQ\zq_03_CQ02676.bmp


id =

00325


ans =

E:\zq_03_CQ\zq_03_CQ00319.bmp


id =

01047


ans =

E:\zq_03_CQ\zq_03_CQ01042.bmp


id =

04003


ans =

E:\zq_03_CQ\zq_03_CQ03998.bmp


id =

01480


ans =

E:\zq_03_CQ\zq_03_CQ01473.bmp


id =

03194


ans =

E:\zq_03_CQ\zq_03_CQ03192.bmp


id =

02676


ans =

E:\zq_03_CQ\zq_03_CQ02674.bmp


id =

02161


ans =

E:\zq_03_CQ\zq_03_CQ02160.bmp


id =

03552


ans =

E:\zq_03_CQ\zq_03_CQ03550.bmp


id =

03998


ans =

E:\zq_03_CQ\zq_03_CQ03994.bmp


id =

00319


ans =

E:\zq_03_CQ\zq_03_CQ00317.bmp


id =

01042


ans =

E:\zq_03_CQ\zq_03_CQ01040.bmp


id =

01473


ans =

E:\zq_03_CQ\zq_03_CQ01471.bmp


id =

03192


ans =

E:\zq_03_CQ\zq_03_CQ03187.bmp


id =

02674


ans =

E:\zq_03_CQ\zq_03_CQ02669.bmp


id =

02160


ans =

E:\zq_03_CQ\zq_03_CQ02159.bmp


id =

03550


ans =

E:\zq_03_CQ\zq_03_CQ03545.bmp


id =

01040


ans =

E:\zq_03_CQ\zq_03_CQ01035.bmp


id =

03994


ans =

E:\zq_03_CQ\zq_03_CQ03990.bmp


id =

03187


ans =

E:\zq_03_CQ\zq_03_CQ03183.bmp


id =

02159


ans =

E:\zq_03_CQ\zq_03_CQ02147.bmp


id =

03545


ans =

E:\zq_03_CQ\zq_03_CQ03543.bmp


id =

00317


ans =

E:\zq_03_CQ\zq_03_CQ00312.bmp


id =

01471


ans =

E:\zq_03_CQ\zq_03_CQ01466.bmp


id =

02669


ans =

E:\zq_03_CQ\zq_03_CQ02665.bmp


id =

00312


ans =

E:\zq_03_CQ\zq_03_CQ00306.bmp


id =

01035


ans =

E:\zq_03_CQ\zq_03_CQ01033.bmp


id =

03990


ans =

E:\zq_03_CQ\zq_03_CQ03987.bmp


id =

03183


ans =

E:\zq_03_CQ\zq_03_CQ03177.bmp


id =

02147


ans =

E:\zq_03_CQ\zq_03_CQ02143.bmp


id =

03543


ans =

E:\zq_03_CQ\zq_03_CQ03538.bmp


id =

01466


ans =

E:\zq_03_CQ\zq_03_CQ01464.bmp


id =

02665


ans =

E:\zq_03_CQ\zq_03_CQ02661.bmp


id =

00306


ans =

E:\zq_03_CQ\zq_03_CQ00301.bmp


id =

01033


ans =

E:\zq_03_CQ\zq_03_CQ01028.bmp


id =

03987


ans =

E:\zq_03_CQ\zq_03_CQ03983.bmp


id =

01464


ans =

E:\zq_03_CQ\zq_03_CQ01461.bmp


id =

03177


ans =

E:\zq_03_CQ\zq_03_CQ03173.bmp


id =

02661


ans =

E:\zq_03_CQ\zq_03_CQ02658.bmp


id =

02143


ans =

E:\zq_03_CQ\zq_03_CQ02133.bmp


id =

03538


ans =

E:\zq_03_CQ\zq_03_CQ03537.bmp


id =

03983


ans =

E:\zq_03_CQ\zq_03_CQ03979.bmp


id =

03173


ans =

E:\zq_03_CQ\zq_03_CQ03171.bmp


id =

02133


ans =

E:\zq_03_CQ\zq_03_CQ02132.bmp


id =

03537


ans =

E:\zq_03_CQ\zq_03_CQ03532.bmp


id =

00301


ans =

E:\zq_03_CQ\zq_03_CQ00296.bmp


id =

01028


ans =

E:\zq_03_CQ\zq_03_CQ01026.bmp


id =

01461


ans =

E:\zq_03_CQ\zq_03_CQ01456.bmp


id =

02658


ans =

E:\zq_03_CQ\zq_03_CQ02656.bmp


id =

00296


ans =

E:\zq_03_CQ\zq_03_CQ00292.bmp


id =

01026


ans =

E:\zq_03_CQ\zq_03_CQ01022.bmp


id =

03979


ans =

E:\zq_03_CQ\zq_03_CQ03975.bmp


id =

01456


ans =

E:\zq_03_CQ\zq_03_CQ01453.bmp


id =

03171


ans =

E:\zq_03_CQ\zq_03_CQ03169.bmp


id =

02656


ans =

E:\zq_03_CQ\zq_03_CQ02653.bmp


id =

02132


ans =

E:\zq_03_CQ\zq_03_CQ02126.bmp


id =

03532


ans =

E:\zq_03_CQ\zq_03_CQ03531.bmp


id =

02126


ans =

E:\zq_03_CQ\zq_03_CQ02125.bmp


id =

00292


ans =

E:\zq_03_CQ\zq_03_CQ00289.bmp


id =

01022


ans =

E:\zq_03_CQ\zq_03_CQ01019.bmp


id =

03975


ans =

E:\zq_03_CQ\zq_03_CQ03970.bmp


id =

01453


ans =

E:\zq_03_CQ\zq_03_CQ01451.bmp


id =

03169


ans =

E:\zq_03_CQ\zq_03_CQ03165.bmp


id =

02653


ans =

E:\zq_03_CQ\zq_03_CQ02647.bmp


id =

03531


ans =

E:\zq_03_CQ\zq_03_CQ03525.bmp


id =

03970


ans =

E:\zq_03_CQ\zq_03_CQ03963.bmp


id =

02125


ans =

E:\zq_03_CQ\zq_03_CQ02118.bmp


id =

00289


ans =

E:\zq_03_CQ\zq_03_CQ00286.bmp


id =

01019


ans =

E:\zq_03_CQ\zq_03_CQ01013.bmp


id =

01451


ans =

E:\zq_03_CQ\zq_03_CQ01446.bmp


id =

03165


ans =

E:\zq_03_CQ\zq_03_CQ03163.bmp


id =

02647


ans =

E:\zq_03_CQ\zq_03_CQ02640.bmp


id =

03525


ans =

E:\zq_03_CQ\zq_03_CQ03523.bmp


id =

00286


ans =

E:\zq_03_CQ\zq_03_CQ00284.bmp


id =

01013


ans =

E:\zq_03_CQ\zq_03_CQ01010.bmp


id =

03963


ans =

E:\zq_03_CQ\zq_03_CQ03953.bmp


id =

01446


ans =

E:\zq_03_CQ\zq_03_CQ01445.bmp


id =

03163


ans =

E:\zq_03_CQ\zq_03_CQ03159.bmp


id =

02118


ans =

E:\zq_03_CQ\zq_03_CQ02117.bmp


id =

03523


ans =

E:\zq_03_CQ\zq_03_CQ03518.bmp


id =

02640


ans =

E:\zq_03_CQ\zq_03_CQ02626.bmp


id =

00284


ans =

E:\zq_03_CQ\zq_03_CQ00279.bmp


id =

01010


ans =

E:\zq_03_CQ\zq_03_CQ01004.bmp


id =

03953


ans =

E:\zq_03_CQ\zq_03_CQ03938.bmp


id =

01445


ans =

E:\zq_03_CQ\zq_03_CQ01444.bmp


id =

03159


ans =

E:\zq_03_CQ\zq_03_CQ03157.bmp


id =

02626


ans =

E:\zq_03_CQ\zq_03_CQ02612.bmp


id =

02117


ans =

E:\zq_03_CQ\zq_03_CQ02106.bmp


id =

03518


ans =

E:\zq_03_CQ\zq_03_CQ03516.bmp


id =

03938


ans =

E:\zq_03_CQ\zq_03_CQ03926.bmp


id =

00279


ans =

E:\zq_03_CQ\zq_03_CQ00277.bmp


id =

01004


ans =

E:\zq_03_CQ\zq_03_CQ01002.bmp


id =

01444


ans =

E:\zq_03_CQ\zq_03_CQ01442.bmp


id =

03157


ans =

E:\zq_03_CQ\zq_03_CQ03154.bmp


id =

02612


ans =

E:\zq_03_CQ\zq_03_CQ02598.bmp


id =

02106


ans =

E:\zq_03_CQ\zq_03_CQ02105.bmp


id =

03516


ans =

E:\zq_03_CQ\zq_03_CQ03511.bmp


id =

00277


ans =

E:\zq_03_CQ\zq_03_CQ00273.bmp


id =

01002


ans =

E:\zq_03_CQ\zq_03_CQ00996.bmp


id =

03926


ans =

E:\zq_03_CQ\zq_03_CQ03916.bmp


id =

03154


ans =

E:\zq_03_CQ\zq_03_CQ03151.bmp


id =

02105


ans =

E:\zq_03_CQ\zq_03_CQ02102.bmp


id =

01442


ans =

E:\zq_03_CQ\zq_03_CQ01441.bmp


id =

02598


ans =

E:\zq_03_CQ\zq_03_CQ02583.bmp


id =

03511


ans =

E:\zq_03_CQ\zq_03_CQ03509.bmp


id =

00273


ans =

E:\zq_03_CQ\zq_03_CQ00271.bmp


id =

00996


ans =

E:\zq_03_CQ\zq_03_CQ00994.bmp


id =

03916


ans =

E:\zq_03_CQ\zq_03_CQ03902.bmp


id =

01441


ans =

E:\zq_03_CQ\zq_03_CQ01440.bmp


id =

03151


ans =

E:\zq_03_CQ\zq_03_CQ03148.bmp


id =

02583


ans =

E:\zq_03_CQ\zq_03_CQ02567.bmp


id =

02102


ans =

E:\zq_03_CQ\zq_03_CQ02101.bmp


id =

03509


ans =

E:\zq_03_CQ\zq_03_CQ03504.bmp


id =

00271


ans =

E:\zq_03_CQ\zq_03_CQ00268.bmp


id =

00994


ans =

E:\zq_03_CQ\zq_03_CQ00988.bmp


id =

03902


ans =

E:\zq_03_CQ\zq_03_CQ03887.bmp


id =

01440


ans =

E:\zq_03_CQ\zq_03_CQ01439.bmp


id =

03148


ans =

E:\zq_03_CQ\zq_03_CQ03146.bmp


id =

02567


ans =

E:\zq_03_CQ\zq_03_CQ02552.bmp


id =

02101


ans =

E:\zq_03_CQ\zq_03_CQ02091.bmp


id =

03504


ans =

E:\zq_03_CQ\zq_03_CQ03502.bmp


id =

03887


ans =

E:\zq_03_CQ\zq_03_CQ03871.bmp


id =

00268


ans =

E:\zq_03_CQ\zq_03_CQ00264.bmp


id =

00988


ans =

E:\zq_03_CQ\zq_03_CQ00986.bmp


id =

01439


ans =

E:\zq_03_CQ\zq_03_CQ01436.bmp


id =

03146


ans =

E:\zq_03_CQ\zq_03_CQ03141.bmp


id =

02552


ans =

E:\zq_03_CQ\zq_03_CQ02549.bmp


id =

02091


ans =

E:\zq_03_CQ\zq_03_CQ02090.bmp


id =

03502


ans =

E:\zq_03_CQ\zq_03_CQ03498.bmp


id =

00264


ans =

E:\zq_03_CQ\zq_03_CQ00262.bmp


id =

00986


ans =

E:\zq_03_CQ\zq_03_CQ00983.bmp


id =

03871


ans =

E:\zq_03_CQ\zq_03_CQ03859.bmp


id =

01436


ans =

E:\zq_03_CQ\zq_03_CQ01435.bmp


id =

03141


ans =

E:\zq_03_CQ\zq_03_CQ03137.bmp


id =

02549


ans =

E:\zq_03_CQ\zq_03_CQ02531.bmp


id =

02090


ans =

E:\zq_03_CQ\zq_03_CQ02087.bmp


id =

03498


ans =

E:\zq_03_CQ\zq_03_CQ03496.bmp


id =

00262


ans =

E:\zq_03_CQ\zq_03_CQ00258.bmp


id =

00983


ans =

E:\zq_03_CQ\zq_03_CQ00979.bmp


id =

03859


ans =

E:\zq_03_CQ\zq_03_CQ03845.bmp


id =

01435


ans =

E:\zq_03_CQ\zq_03_CQ01434.bmp


id =

03137


ans =

E:\zq_03_CQ\zq_03_CQ03132.bmp


id =

02531


ans =

E:\zq_03_CQ\zq_03_CQ02528.bmp


id =

02087


ans =

E:\zq_03_CQ\zq_03_CQ02086.bmp


id =

03496


ans =

E:\zq_03_CQ\zq_03_CQ03492.bmp


id =

03845


ans =

E:\zq_03_CQ\zq_03_CQ03832.bmp


id =

00258


ans =

E:\zq_03_CQ\zq_03_CQ00255.bmp


id =

00979


ans =

E:\zq_03_CQ\zq_03_CQ00977.bmp


id =

01434


ans =

E:\zq_03_CQ\zq_03_CQ01433.bmp


id =

03132


ans =

E:\zq_03_CQ\zq_03_CQ03127.bmp


id =

02528


ans =

E:\zq_03_CQ\zq_03_CQ02509.bmp


id =

02086


ans =

E:\zq_03_CQ\zq_03_CQ02075.bmp


id =

03492


ans =

E:\zq_03_CQ\zq_03_CQ03490.bmp


id =

00255


ans =

E:\zq_03_CQ\zq_03_CQ00252.bmp


id =

00977


ans =

E:\zq_03_CQ\zq_03_CQ00972.bmp


id =

03832


ans =

E:\zq_03_CQ\zq_03_CQ03826.bmp


id =

01433


ans =

E:\zq_03_CQ\zq_03_CQ01431.bmp


id =

03127


ans =

E:\zq_03_CQ\zq_03_CQ03121.bmp


id =

02509


ans =

E:\zq_03_CQ\zq_03_CQ02504.bmp


id =

02075


ans =

E:\zq_03_CQ\zq_03_CQ02074.bmp


id =

03490


ans =

E:\zq_03_CQ\zq_03_CQ03483.bmp


id =

00252


ans =

E:\zq_03_CQ\zq_03_CQ00249.bmp


id =

00972


ans =

E:\zq_03_CQ\zq_03_CQ00970.bmp


id =

03826


ans =

E:\zq_03_CQ\zq_03_CQ03817.bmp


id =

01431


ans =

E:\zq_03_CQ\zq_03_CQ01430.bmp


id =

03121


ans =

E:\zq_03_CQ\zq_03_CQ03108.bmp


id =

02504


ans =

E:\zq_03_CQ\zq_03_CQ02487.bmp


id =

02074


ans =

E:\zq_03_CQ\zq_03_CQ02069.bmp


id =

03483


ans =

E:\zq_03_CQ\zq_03_CQ03481.bmp


id =

03817


ans =

E:\zq_03_CQ\zq_03_CQ03811.bmp


id =

00249


ans =

E:\zq_03_CQ\zq_03_CQ00244.bmp


id =

00970


ans =

E:\zq_03_CQ\zq_03_CQ00963.bmp


id =

01430


ans =

E:\zq_03_CQ\zq_03_CQ01429.bmp


id =

03108


ans =

E:\zq_03_CQ\zq_03_CQ03095.bmp


id =

02487


ans =

E:\zq_03_CQ\zq_03_CQ02482.bmp


id =

02069


ans =

E:\zq_03_CQ\zq_03_CQ02068.bmp


id =

03481


ans =

E:\zq_03_CQ\zq_03_CQ03467.bmp


id =

00244


ans =

E:\zq_03_CQ\zq_03_CQ00241.bmp


id =

00963


ans =

E:\zq_03_CQ\zq_03_CQ00961.bmp


id =

03811


ans =

E:\zq_03_CQ\zq_03_CQ03803.bmp


id =

03095


ans =

E:\zq_03_CQ\zq_03_CQ03082.bmp


id =

02482


ans =

E:\zq_03_CQ\zq_03_CQ02464.bmp


id =

01429


ans =

E:\zq_03_CQ\zq_03_CQ01428.bmp


id =

02068


ans =

E:\zq_03_CQ\zq_03_CQ02055.bmp


id =

03467


ans =

E:\zq_03_CQ\zq_03_CQ03461.bmp


id =

00241


ans =

E:\zq_03_CQ\zq_03_CQ00240.bmp


id =

00961


ans =

E:\zq_03_CQ\zq_03_CQ00946.bmp


id =

03803


ans =

E:\zq_03_CQ\zq_03_CQ03797.bmp


id =

01428


ans =

E:\zq_03_CQ\zq_03_CQ01425.bmp


id =

03082


ans =

E:\zq_03_CQ\zq_03_CQ03068.bmp


id =

02464


ans =

E:\zq_03_CQ\zq_03_CQ02461.bmp


id =

02055


ans =

E:\zq_03_CQ\zq_03_CQ02054.bmp


id =

03461


ans =

E:\zq_03_CQ\zq_03_CQ03448.bmp


id =

00240


ans =

E:\zq_03_CQ\zq_03_CQ00234.bmp


id =

00946


ans =

E:\zq_03_CQ\zq_03_CQ00941.bmp


id =

03797


ans =

E:\zq_03_CQ\zq_03_CQ03785.bmp


id =

01425


ans =

E:\zq_03_CQ\zq_03_CQ01424.bmp


id =

03068


ans =

E:\zq_03_CQ\zq_03_CQ03054.bmp


id =

02461


ans =

E:\zq_03_CQ\zq_03_CQ02450.bmp


id =

02054


ans =

E:\zq_03_CQ\zq_03_CQ02047.bmp


id =

03448


ans =

E:\zq_03_CQ\zq_03_CQ03435.bmp


id =

00234


ans =

E:\zq_03_CQ\zq_03_CQ00230.bmp


id =

00941


ans =

E:\zq_03_CQ\zq_03_CQ00923.bmp


id =

03785


ans =

E:\zq_03_CQ\zq_03_CQ03782.bmp


id =

03054


ans =

E:\zq_03_CQ\zq_03_CQ03039.bmp


id =

02450


ans =

E:\zq_03_CQ\zq_03_CQ02443.bmp


id =

01424


ans =

E:\zq_03_CQ\zq_03_CQ01422.bmp


id =

02047


ans =

E:\zq_03_CQ\zq_03_CQ02037.bmp


id =

03435


ans =

E:\zq_03_CQ\zq_03_CQ03430.bmp


id =

00230


ans =

E:\zq_03_CQ\zq_03_CQ00226.bmp


id =

00923


ans =

E:\zq_03_CQ\zq_03_CQ00919.bmp


id =

03782


ans =

E:\zq_03_CQ\zq_03_CQ03771.bmp


id =

01422


ans =

E:\zq_03_CQ\zq_03_CQ01421.bmp


id =

03039


ans =

E:\zq_03_CQ\zq_03_CQ03025.bmp


id =

02443


ans =

E:\zq_03_CQ\zq_03_CQ02424.bmp


id =

02037


ans =

E:\zq_03_CQ\zq_03_CQ02033.bmp


id =

03430


ans =

E:\zq_03_CQ\zq_03_CQ03405.bmp


id =

00226


ans =

E:\zq_03_CQ\zq_03_CQ00222.bmp


id =

00919


ans =

E:\zq_03_CQ\zq_03_CQ00903.bmp


id =

03771


ans =

E:\zq_03_CQ\zq_03_CQ03761.bmp


id =

01421


ans =

E:\zq_03_CQ\zq_03_CQ01420.bmp


id =

03025


ans =

E:\zq_03_CQ\zq_03_CQ03011.bmp


id =

02424


ans =

E:\zq_03_CQ\zq_03_CQ02418.bmp


id =

02033


ans =

E:\zq_03_CQ\zq_03_CQ02028.bmp


id =

03405


ans =

E:\zq_03_CQ\zq_03_CQ03401.bmp


id =

00222


ans =

E:\zq_03_CQ\zq_03_CQ00220.bmp


id =

00903


ans =

E:\zq_03_CQ\zq_03_CQ00901.bmp


id =

03761


ans =

E:\zq_03_CQ\zq_03_CQ03757.bmp


id =

03011


ans =

E:\zq_03_CQ\zq_03_CQ02998.bmp


id =

02418


ans =

E:\zq_03_CQ\zq_03_CQ02402.bmp


id =

01420


ans =

E:\zq_03_CQ\zq_03_CQ01419.bmp


id =

02028


ans =

E:\zq_03_CQ\zq_03_CQ02025.bmp


id =

03401


ans =

E:\zq_03_CQ\zq_03_CQ03400.bmp


id =

00220


ans =

E:\zq_03_CQ\zq_03_CQ00217.bmp


id =

00901


ans =

E:\zq_03_CQ\zq_03_CQ00881.bmp


id =

03757


ans =

E:\zq_03_CQ\zq_03_CQ03756.bmp


id =

01419


ans =

E:\zq_03_CQ\zq_03_CQ01415.bmp


id =

02998


ans =

E:\zq_03_CQ\zq_03_CQ02990.bmp


id =

02402


ans =

E:\zq_03_CQ\zq_03_CQ02398.bmp


id =

02025


ans =

E:\zq_03_CQ\zq_03_CQ02017.bmp


id =

03400


ans =

E:\zq_03_CQ\zq_03_CQ03373.bmp


id =

00217


ans =

E:\zq_03_CQ\zq_03_CQ00211.bmp


id =

00881


ans =

E:\zq_03_CQ\zq_03_CQ00880.bmp


id =

03756


ans =

E:\zq_03_CQ\zq_03_CQ03746.bmp


id =

01415


ans =

E:\zq_03_CQ\zq_03_CQ01414.bmp


id =

02990


ans =

E:\zq_03_CQ\zq_03_CQ02980.bmp


id =

02398


ans =

E:\zq_03_CQ\zq_03_CQ02390.bmp


id =

03373


ans =

E:\zq_03_CQ\zq_03_CQ03372.bmp


id =

00211


ans =

E:\zq_03_CQ\zq_03_CQ00207.bmp


id =

00880


ans =

E:\zq_03_CQ\zq_03_CQ00866.bmp


id =

02980


ans =

E:\zq_03_CQ\zq_03_CQ02970.bmp


id =

02017


ans =

E:\zq_03_CQ\zq_03_CQ02014.bmp


id =

03746


ans =

E:\zq_03_CQ\zq_03_CQ03745.bmp


id =

01414


ans =

E:\zq_03_CQ\zq_03_CQ01412.bmp


id =

02390


ans =

E:\zq_03_CQ\zq_03_CQ02387.bmp


id =

02014


ans =

E:\zq_03_CQ\zq_03_CQ02008.bmp


id =

03372


ans =

E:\zq_03_CQ\zq_03_CQ03371.bmp


id =

00207


ans =

E:\zq_03_CQ\zq_03_CQ00203.bmp


id =

00866


ans =

E:\zq_03_CQ\zq_03_CQ00855.bmp


id =

03745


id =

02970


ans =

E:\zq_03_CQ\zq_03_CQ02968.bmp


id =

02387


ans =

E:\zq_03_CQ\zq_03_CQ02382.bmp


id =

01412


ans =

E:\zq_03_CQ\zq_03_CQ01411.bmp


id =

02008


ans =

E:\zq_03_CQ\zq_03_CQ02005.bmp


id =

03371


ans =

E:\zq_03_CQ\zq_03_CQ03360.bmp


id =

00203


ans =

E:\zq_03_CQ\zq_03_CQ00200.bmp


id =

00855


ans =

E:\zq_03_CQ\zq_03_CQ00848.bmp


ans =

E:\zq_03_CQ\zq_03_CQ04534.bmp


id =

04534


ans =

E:\zq_03_CQ\zq_03_CQ04529.bmp


id =

01411


ans =

E:\zq_03_CQ\zq_03_CQ01410.bmp


id =

02968


ans =

E:\zq_03_CQ\zq_03_CQ02955.bmp


id =

02382


ans =

E:\zq_03_CQ\zq_03_CQ02380.bmp


id =

02005


ans =

E:\zq_03_CQ\zq_03_CQ01997.bmp


id =

03360


ans =

E:\zq_03_CQ\zq_03_CQ03359.bmp


id =

00200


ans =

E:\zq_03_CQ\zq_03_CQ00195.bmp


id =

00848


ans =

E:\zq_03_CQ\zq_03_CQ00837.bmp


id =

04529


ans =

E:\zq_03_CQ\zq_03_CQ04527.bmp


id =

01410


ans =

E:\zq_03_CQ\zq_03_CQ01409.bmp


id =

02955


ans =

E:\zq_03_CQ\zq_03_CQ02954.bmp


id =

02380


ans =

E:\zq_03_CQ\zq_03_CQ02372.bmp


id =

03359


ans =

E:\zq_03_CQ\zq_03_CQ03358.bmp


id =

00195


ans =

E:\zq_03_CQ\zq_03_CQ00190.bmp


id =

00837


ans =

E:\zq_03_CQ\zq_03_CQ00834.bmp


id =

02954


ans =

E:\zq_03_CQ\zq_03_CQ02949.bmp


id =

01997


ans =

E:\zq_03_CQ\zq_03_CQ01993.bmp


id =

04527


ans =

E:\zq_03_CQ\zq_03_CQ04522.bmp


id =

01409


ans =

E:\zq_03_CQ\zq_03_CQ01405.bmp


id =

02372


ans =

E:\zq_03_CQ\zq_03_CQ02370.bmp


id =

01993


ans =

E:\zq_03_CQ\zq_03_CQ01987.bmp


id =

03358


ans =

E:\zq_03_CQ\zq_03_CQ03356.bmp


id =

00190


ans =

E:\zq_03_CQ\zq_03_CQ00187.bmp


id =

00834


ans =

E:\zq_03_CQ\zq_03_CQ00825.bmp


id =

04522


ans =

E:\zq_03_CQ\zq_03_CQ04518.bmp


id =

02949


ans =

E:\zq_03_CQ\zq_03_CQ02939.bmp


id =

02370


ans =

E:\zq_03_CQ\zq_03_CQ02363.bmp


id =

01405


ans =

E:\zq_03_CQ\zq_03_CQ01404.bmp


id =

01987


ans =

E:\zq_03_CQ\zq_03_CQ01981.bmp


id =

03356


ans =

E:\zq_03_CQ\zq_03_CQ03355.bmp


id =

00187


ans =

E:\zq_03_CQ\zq_03_CQ00185.bmp


id =

00825


ans =

E:\zq_03_CQ\zq_03_CQ00823.bmp


id =

04518


ans =

E:\zq_03_CQ\zq_03_CQ04514.bmp


id =

01404


ans =

E:\zq_03_CQ\zq_03_CQ01403.bmp


id =

02939


ans =

E:\zq_03_CQ\zq_03_CQ02924.bmp


id =

02363


ans =

E:\zq_03_CQ\zq_03_CQ02362.bmp


id =

03355


ans =

E:\zq_03_CQ\zq_03_CQ03350.bmp


id =

01981


ans =

E:\zq_03_CQ\zq_03_CQ01975.bmp


id =

00185


ans =

E:\zq_03_CQ\zq_03_CQ00179.bmp


id =

00823


ans =

E:\zq_03_CQ\zq_03_CQ00811.bmp


id =

04514


ans =

E:\zq_03_CQ\zq_03_CQ04511.bmp


id =

01403


ans =

E:\zq_03_CQ\zq_03_CQ01402.bmp


id =

02924


ans =

E:\zq_03_CQ\zq_03_CQ02922.bmp


id =

02362


ans =

E:\zq_03_CQ\zq_03_CQ02353.bmp


id =

03350


ans =

E:\zq_03_CQ\zq_03_CQ03349.bmp


id =

00811


ans =

E:\zq_03_CQ\zq_03_CQ00802.bmp


id =

00802


ans =

E:\zq_03_CQ\zq_03_CQ00795.bmp


id =

00795


ans =

E:\zq_03_CQ\zq_03_CQ00789.bmp


id =

02353


ans =

E:\zq_03_CQ\zq_03_CQ02351.bmp


id =

02351


ans =

E:\zq_03_CQ\zq_03_CQ02344.bmp


id =

02344


ans =

E:\zq_03_CQ\zq_03_CQ02343.bmp


id =

02343


ans =

E:\zq_03_CQ\zq_03_CQ02342.bmp


id =

03349


ans =

E:\zq_03_CQ\zq_03_CQ03347.bmp


id =

03347


ans =

E:\zq_03_CQ\zq_03_CQ03346.bmp


id =

03346


ans =

E:\zq_03_CQ\zq_03_CQ03345.bmp


id =

03345


id =

00179


ans =

E:\zq_03_CQ\zq_03_CQ00175.bmp


id =

00175


ans =

E:\zq_03_CQ\zq_03_CQ00172.bmp


id =

00172


ans =

E:\zq_03_CQ\zq_03_CQ00168.bmp


id =

00168


ans =

E:\zq_03_CQ\zq_03_CQ00165.bmp


id =

00789


ans =

E:\zq_03_CQ\zq_03_CQ00782.bmp


id =

00782


ans =

E:\zq_03_CQ\zq_03_CQ00777.bmp


id =

04511


ans =

E:\zq_03_CQ\zq_03_CQ04505.bmp


id =

04505


ans =

E:\zq_03_CQ\zq_03_CQ04502.bmp


id =

04502


ans =

E:\zq_03_CQ\zq_03_CQ04497.bmp


id =

04497


ans =

E:\zq_03_CQ\zq_03_CQ04494.bmp


id =

01402


ans =

E:\zq_03_CQ\zq_03_CQ01398.bmp


id =

01398


ans =

E:\zq_03_CQ\zq_03_CQ01397.bmp


id =

02922


ans =

E:\zq_03_CQ\zq_03_CQ02914.bmp


id =

02914


ans =

E:\zq_03_CQ\zq_03_CQ02908.bmp


id =

02908


ans =

E:\zq_03_CQ\zq_03_CQ02901.bmp


id =

02901


ans =

E:\zq_03_CQ\zq_03_CQ02894.bmp


id =

01975


ans =

E:\zq_03_CQ\zq_03_CQ01972.bmp


id =

01972


ans =

E:\zq_03_CQ\zq_03_CQ01967.bmp


id =

01967


ans =

E:\zq_03_CQ\zq_03_CQ01964.bmp


id =

01964


ans =

E:\zq_03_CQ\zq_03_CQ01959.bmp


id =

01959


ans =

E:\zq_03_CQ\zq_03_CQ01956.bmp


id =

00165


ans =

E:\zq_03_CQ\zq_03_CQ00163.bmp


id =

04494


ans =

E:\zq_03_CQ\zq_03_CQ04490.bmp


id =

01397


ans =

E:\zq_03_CQ\zq_03_CQ01394.bmp


id =

01394


ans =

E:\zq_03_CQ\zq_03_CQ01393.bmp


id =

01393


ans =

E:\zq_03_CQ\zq_03_CQ01388.bmp


id =

02894


ans =

E:\zq_03_CQ\zq_03_CQ02879.bmp


id =

02342


ans =

E:\zq_03_CQ\zq_03_CQ02336.bmp


ans =

E:\zq_03_CQ\zq_03_CQ04900.bmp


id =

04900


ans =

E:\zq_03_CQ\zq_03_CQ04897.bmp


id =

00777


ans =

E:\zq_03_CQ\zq_03_CQ00774.bmp


id =

02879


ans =

E:\zq_03_CQ\zq_03_CQ02876.bmp


id =

02876


ans =

E:\zq_03_CQ\zq_03_CQ02872.bmp


id =

02872


ans =

E:\zq_03_CQ\zq_03_CQ02869.bmp


id =

02869


ans =

E:\zq_03_CQ\zq_03_CQ02866.bmp


id =

02336


ans =

E:\zq_03_CQ\zq_03_CQ02334.bmp


id =

02334


ans =

E:\zq_03_CQ\zq_03_CQ02328.bmp


id =

02328


ans =

E:\zq_03_CQ\zq_03_CQ02326.bmp


id =

02326


ans =

E:\zq_03_CQ\zq_03_CQ02318.bmp


id =

01956


ans =

E:\zq_03_CQ\zq_03_CQ01950.bmp


id =

01950


ans =

E:\zq_03_CQ\zq_03_CQ01947.bmp


id =

01947


ans =

E:\zq_03_CQ\zq_03_CQ01939.bmp


id =

01939


ans =

E:\zq_03_CQ\zq_03_CQ01937.bmp


id =

04897


ans =

E:\zq_03_CQ\zq_03_CQ04893.bmp


id =

04893


ans =

E:\zq_03_CQ\zq_03_CQ04889.bmp


id =

04889


ans =

E:\zq_03_CQ\zq_03_CQ04887.bmp


id =

04887


ans =

E:\zq_03_CQ\zq_03_CQ04878.bmp


id =

00163


ans =

E:\zq_03_CQ\zq_03_CQ00161.bmp


id =

00161


ans =

E:\zq_03_CQ\zq_03_CQ00158.bmp


id =

00158


ans =

E:\zq_03_CQ\zq_03_CQ00154.bmp


id =

00154


ans =

E:\zq_03_CQ\zq_03_CQ00152.bmp


id =

00152


ans =

E:\zq_03_CQ\zq_03_CQ00149.bmp


id =

00774


ans =

E:\zq_03_CQ\zq_03_CQ00770.bmp


id =

00770


ans =

E:\zq_03_CQ\zq_03_CQ00764.bmp


id =

00764


ans =

E:\zq_03_CQ\zq_03_CQ00760.bmp


id =

04490


ans =

E:\zq_03_CQ\zq_03_CQ04487.bmp


id =

04487


ans =

E:\zq_03_CQ\zq_03_CQ04482.bmp


id =

04482


ans =

E:\zq_03_CQ\zq_03_CQ04480.bmp


id =

04480


ans =

E:\zq_03_CQ\zq_03_CQ04478.bmp


id =

01388


ans =

E:\zq_03_CQ\zq_03_CQ01386.bmp


id =

01386


ans =

E:\zq_03_CQ\zq_03_CQ01381.bmp


id =

01381


ans =

E:\zq_03_CQ\zq_03_CQ01379.bmp


id =

01379


ans =

E:\zq_03_CQ\zq_03_CQ01374.bmp


id =

02866


ans =

E:\zq_03_CQ\zq_03_CQ02864.bmp


id =

01937


ans =

E:\zq_03_CQ\zq_03_CQ01928.bmp


id =

00760


ans =

E:\zq_03_CQ\zq_03_CQ00755.bmp


id =

04478


ans =

E:\zq_03_CQ\zq_03_CQ04470.bmp


id =

01374


ans =

E:\zq_03_CQ\zq_03_CQ01372.bmp


id =

02318


ans =

E:\zq_03_CQ\zq_03_CQ02316.bmp


id =

04878


ans =

E:\zq_03_CQ\zq_03_CQ04875.bmp


id =

00149


ans =

E:\zq_03_CQ\zq_03_CQ00146.bmp


id =

00755


ans =

E:\zq_03_CQ\zq_03_CQ00750.bmp


id =

02864


ans =

E:\zq_03_CQ\zq_03_CQ02857.bmp


id =

01928


ans =

E:\zq_03_CQ\zq_03_CQ01922.bmp


id =

04470


ans =

E:\zq_03_CQ\zq_03_CQ04468.bmp


id =

01372


ans =

E:\zq_03_CQ\zq_03_CQ01367.bmp


id =

02316


ans =

E:\zq_03_CQ\zq_03_CQ02310.bmp


id =

01922


ans =

E:\zq_03_CQ\zq_03_CQ01917.bmp


id =

04875


ans =

E:\zq_03_CQ\zq_03_CQ04871.bmp


id =

00146


ans =

E:\zq_03_CQ\zq_03_CQ00143.bmp


id =

00750


ans =

E:\zq_03_CQ\zq_03_CQ00745.bmp


id =

04468


ans =

E:\zq_03_CQ\zq_03_CQ04463.bmp


id =

01367


ans =

E:\zq_03_CQ\zq_03_CQ01366.bmp


id =

02857


ans =

E:\zq_03_CQ\zq_03_CQ02855.bmp


id =

02310


ans =

E:\zq_03_CQ\zq_03_CQ02308.bmp


id =

04871


ans =

E:\zq_03_CQ\zq_03_CQ04867.bmp


id =

00143


ans =

E:\zq_03_CQ\zq_03_CQ00141.bmp


id =

02855


ans =

E:\zq_03_CQ\zq_03_CQ02852.bmp


id =

01917


ans =

E:\zq_03_CQ\zq_03_CQ01912.bmp


id =

00745


ans =

E:\zq_03_CQ\zq_03_CQ00740.bmp


id =

04463


ans =

E:\zq_03_CQ\zq_03_CQ04461.bmp


id =

01366


ans =

E:\zq_03_CQ\zq_03_CQ01365.bmp


id =

02308


ans =

E:\zq_03_CQ\zq_03_CQ02302.bmp


id =

04867


ans =

E:\zq_03_CQ\zq_03_CQ04863.bmp


id =

00141


ans =

E:\zq_03_CQ\zq_03_CQ00139.bmp


id =

00740


ans =

E:\zq_03_CQ\zq_03_CQ00735.bmp


id =

02852


ans =

E:\zq_03_CQ\zq_03_CQ02848.bmp


id =

01912


ans =

E:\zq_03_CQ\zq_03_CQ01908.bmp


id =

04461


ans =

E:\zq_03_CQ\zq_03_CQ04457.bmp


id =

01365


ans =

E:\zq_03_CQ\zq_03_CQ01359.bmp


id =

02302


ans =

E:\zq_03_CQ\zq_03_CQ02300.bmp


id =

04863


ans =

E:\zq_03_CQ\zq_03_CQ04859.bmp


id =

00139


ans =

E:\zq_03_CQ\zq_03_CQ00136.bmp


id =

00735


ans =

E:\zq_03_CQ\zq_03_CQ00730.bmp


id =

04457


ans =

E:\zq_03_CQ\zq_03_CQ04455.bmp


id =

02848


ans =

E:\zq_03_CQ\zq_03_CQ02843.bmp


id =

01908


ans =

E:\zq_03_CQ\zq_03_CQ01904.bmp


id =

04859


ans =

E:\zq_03_CQ\zq_03_CQ04854.bmp


id =

00136


ans =

E:\zq_03_CQ\zq_03_CQ00134.bmp


id =

01359


ans =

E:\zq_03_CQ\zq_03_CQ01358.bmp


id =

02300


ans =

E:\zq_03_CQ\zq_03_CQ02295.bmp


id =

01904


ans =

E:\zq_03_CQ\zq_03_CQ01899.bmp


id =

00730


ans =

E:\zq_03_CQ\zq_03_CQ00726.bmp


id =

04455


ans =

E:\zq_03_CQ\zq_03_CQ04449.bmp


id =

01358


ans =

E:\zq_03_CQ\zq_03_CQ01351.bmp


id =

02843


ans =

E:\zq_03_CQ\zq_03_CQ02839.bmp


id =

02295


ans =

E:\zq_03_CQ\zq_03_CQ02291.bmp


id =

04854


ans =

E:\zq_03_CQ\zq_03_CQ04850.bmp


id =

00134


ans =

E:\zq_03_CQ\zq_03_CQ00129.bmp


id =

00726


ans =

E:\zq_03_CQ\zq_03_CQ00724.bmp


id =

02839


ans =

E:\zq_03_CQ\zq_03_CQ02835.bmp


id =

01899


ans =

E:\zq_03_CQ\zq_03_CQ01895.bmp


id =

04449


ans =

E:\zq_03_CQ\zq_03_CQ04447.bmp


id =

01351


ans =

E:\zq_03_CQ\zq_03_CQ01350.bmp


id =

02291


ans =

E:\zq_03_CQ\zq_03_CQ02287.bmp


id =

04850


ans =

E:\zq_03_CQ\zq_03_CQ04847.bmp


id =

00129


ans =

E:\zq_03_CQ\zq_03_CQ00128.bmp


id =

00724


ans =

E:\zq_03_CQ\zq_03_CQ00720.bmp


id =

04447


ans =

E:\zq_03_CQ\zq_03_CQ04442.bmp


id =

02835


id =

01895


ans =

E:\zq_03_CQ\zq_03_CQ01890.bmp


id =

01350


ans =

E:\zq_03_CQ\zq_03_CQ01344.bmp


id =

02287


ans =

E:\zq_03_CQ\zq_03_CQ02285.bmp


id =

04847


ans =

E:\zq_03_CQ\zq_03_CQ04846.bmp


id =

00128


ans =

E:\zq_03_CQ\zq_03_CQ00123.bmp


id =

00720


ans =

E:\zq_03_CQ\zq_03_CQ00716.bmp


ans =

E:\zq_03_CQ\zq_03_CQ05256.bmp


id =

05256


ans =

E:\zq_03_CQ\zq_03_CQ05252.bmp


id =

01890


ans =

E:\zq_03_CQ\zq_03_CQ01885.bmp


id =

04442


ans =

E:\zq_03_CQ\zq_03_CQ04440.bmp


id =

01344


ans =

E:\zq_03_CQ\zq_03_CQ01342.bmp


id =

02285


ans =

E:\zq_03_CQ\zq_03_CQ02281.bmp


id =

04846


ans =

E:\zq_03_CQ\zq_03_CQ04842.bmp


id =

00123


ans =

E:\zq_03_CQ\zq_03_CQ00120.bmp


id =

00716


ans =

E:\zq_03_CQ\zq_03_CQ00714.bmp


id =

04440


ans =

E:\zq_03_CQ\zq_03_CQ04435.bmp


id =

05252


ans =

E:\zq_03_CQ\zq_03_CQ05236.bmp


id =

02281


ans =

E:\zq_03_CQ\zq_03_CQ02278.bmp


id =

01885


ans =

E:\zq_03_CQ\zq_03_CQ01878.bmp


id =

04842


ans =

E:\zq_03_CQ\zq_03_CQ04839.bmp


id =

00120


ans =

E:\zq_03_CQ\zq_03_CQ00108.bmp


id =

01342


ans =

E:\zq_03_CQ\zq_03_CQ01338.bmp


id =

00714


ans =

E:\zq_03_CQ\zq_03_CQ00711.bmp


id =

04435


ans =

E:\zq_03_CQ\zq_03_CQ04432.bmp


id =

01338


ans =

E:\zq_03_CQ\zq_03_CQ01336.bmp


id =

05236


ans =

E:\zq_03_CQ\zq_03_CQ05230.bmp


id =

02278


ans =

E:\zq_03_CQ\zq_03_CQ02275.bmp


id =

01878


ans =

E:\zq_03_CQ\zq_03_CQ01877.bmp


id =

04839


ans =

E:\zq_03_CQ\zq_03_CQ04838.bmp


id =

00108


ans =

E:\zq_03_CQ\zq_03_CQ00102.bmp


id =

00711


ans =

E:\zq_03_CQ\zq_03_CQ00704.bmp


id =

05230


ans =

E:\zq_03_CQ\zq_03_CQ05218.bmp


id =

01877


ans =

E:\zq_03_CQ\zq_03_CQ01871.bmp


id =

04432


ans =

E:\zq_03_CQ\zq_03_CQ04428.bmp


id =

01336


ans =

E:\zq_03_CQ\zq_03_CQ01331.bmp


id =

02275


ans =

E:\zq_03_CQ\zq_03_CQ02274.bmp


id =

04838


ans =

E:\zq_03_CQ\zq_03_CQ04836.bmp


id =

00102


ans =

E:\zq_03_CQ\zq_03_CQ00094.bmp


id =

00704


ans =

E:\zq_03_CQ\zq_03_CQ00702.bmp


id =

04428


ans =

E:\zq_03_CQ\zq_03_CQ04425.bmp


id =

05218


ans =

E:\zq_03_CQ\zq_03_CQ05212.bmp


id =

01871


ans =

E:\zq_03_CQ\zq_03_CQ01866.bmp


id =

04836


ans =

E:\zq_03_CQ\zq_03_CQ04830.bmp


id =

00094


ans =

E:\zq_03_CQ\zq_03_CQ00085.bmp


id =

01331


ans =

E:\zq_03_CQ\zq_03_CQ01329.bmp


id =

02274


ans =

E:\zq_03_CQ\zq_03_CQ02273.bmp


id =

00702


ans =

E:\zq_03_CQ\zq_03_CQ00698.bmp


id =

04425


ans =

E:\zq_03_CQ\zq_03_CQ04421.bmp


id =

01329


ans =

E:\zq_03_CQ\zq_03_CQ01323.bmp


id =

05212


ans =

E:\zq_03_CQ\zq_03_CQ05204.bmp


id =

02273


ans =

E:\zq_03_CQ\zq_03_CQ02268.bmp


id =

01866


ans =

E:\zq_03_CQ\zq_03_CQ01862.bmp


id =

04830


ans =

E:\zq_03_CQ\zq_03_CQ04828.bmp


id =

00085


ans =

E:\zq_03_CQ\zq_03_CQ00074.bmp


id =

05204


ans =

E:\zq_03_CQ\zq_03_CQ05192.bmp


id =

00698


ans =

E:\zq_03_CQ\zq_03_CQ00695.bmp


id =

04421


ans =

E:\zq_03_CQ\zq_03_CQ04419.bmp


id =

01323


ans =

E:\zq_03_CQ\zq_03_CQ01320.bmp


id =

02268


ans =

E:\zq_03_CQ\zq_03_CQ02266.bmp


id =

01862


ans =

E:\zq_03_CQ\zq_03_CQ01856.bmp


id =

04828


ans =

E:\zq_03_CQ\zq_03_CQ04826.bmp


id =

00074


ans =

E:\zq_03_CQ\zq_03_CQ00070.bmp


id =

00695


ans =

E:\zq_03_CQ\zq_03_CQ00693.bmp


id =

04419


ans =

E:\zq_03_CQ\zq_03_CQ04413.bmp


id =

05192


ans =

E:\zq_03_CQ\zq_03_CQ05183.bmp


id =

01856


ans =

E:\zq_03_CQ\zq_03_CQ01852.bmp


id =

04826


ans =

E:\zq_03_CQ\zq_03_CQ04823.bmp


id =

00070


ans =

E:\zq_03_CQ\zq_03_CQ00054.bmp


id =

01320


ans =

E:\zq_03_CQ\zq_03_CQ01308.bmp


id =

02266


ans =

E:\zq_03_CQ\zq_03_CQ02260.bmp


id =

00693


ans =

E:\zq_03_CQ\zq_03_CQ00689.bmp


id =

04413


ans =

E:\zq_03_CQ\zq_03_CQ04411.bmp


id =

01308


ans =

E:\zq_03_CQ\zq_03_CQ01302.bmp


id =

05183


ans =

E:\zq_03_CQ\zq_03_CQ05177.bmp


id =

02260


ans =

E:\zq_03_CQ\zq_03_CQ02259.bmp


id =

01852


ans =

E:\zq_03_CQ\zq_03_CQ01848.bmp


id =

04823


ans =

E:\zq_03_CQ\zq_03_CQ04819.bmp


id =

00054


ans =

E:\zq_03_CQ\zq_03_CQ00041.bmp


id =

05177


ans =

E:\zq_03_CQ\zq_03_CQ05163.bmp


id =

00689


ans =

E:\zq_03_CQ\zq_03_CQ00687.bmp


id =

04411


ans =

E:\zq_03_CQ\zq_03_CQ04407.bmp


id =

01302


ans =

E:\zq_03_CQ\zq_03_CQ01288.bmp


id =

02259


ans =

E:\zq_03_CQ\zq_03_CQ02253.bmp


id =

01848


ans =

E:\zq_03_CQ\zq_03_CQ01843.bmp


id =

04819


ans =

E:\zq_03_CQ\zq_03_CQ04817.bmp


id =

00041


ans =

E:\zq_03_CQ\zq_03_CQ00040.bmp


id =

00687


ans =

E:\zq_03_CQ\zq_03_CQ00685.bmp


id =

04407


ans =

E:\zq_03_CQ\zq_03_CQ04405.bmp


id =

05163


ans =

E:\zq_03_CQ\zq_03_CQ05149.bmp


id =

01843


ans =

E:\zq_03_CQ\zq_03_CQ01839.bmp


id =

04817


ans =

E:\zq_03_CQ\zq_03_CQ04812.bmp


id =

00040


ans =

E:\zq_03_CQ\zq_03_CQ00039.bmp


id =

01288


ans =

E:\zq_03_CQ\zq_03_CQ01279.bmp


id =

02253


ans =

E:\zq_03_CQ\zq_03_CQ02251.bmp


id =

00685


ans =

E:\zq_03_CQ\zq_03_CQ00683.bmp


id =

04405


ans =

E:\zq_03_CQ\zq_03_CQ04399.bmp


id =

01279


ans =

E:\zq_03_CQ\zq_03_CQ01268.bmp


id =

05149


ans =

E:\zq_03_CQ\zq_03_CQ05147.bmp


id =

02251


ans =

E:\zq_03_CQ\zq_03_CQ02246.bmp


id =

01839


ans =

E:\zq_03_CQ\zq_03_CQ01835.bmp


id =

04812


ans =

E:\zq_03_CQ\zq_03_CQ04810.bmp


id =

00039


ans =

E:\zq_03_CQ\zq_03_CQ00027.bmp


id =

00683


ans =

E:\zq_03_CQ\zq_03_CQ00679.bmp


id =

05147


ans =

E:\zq_03_CQ\zq_03_CQ05139.bmp


id =

04810


ans =

E:\zq_03_CQ\zq_03_CQ04806.bmp


id =

04399


ans =

E:\zq_03_CQ\zq_03_CQ04397.bmp


id =

01268


ans =

E:\zq_03_CQ\zq_03_CQ01267.bmp


id =

02246


ans =

E:\zq_03_CQ\zq_03_CQ02245.bmp


id =

01835


ans =

E:\zq_03_CQ\zq_03_CQ01829.bmp


id =

00027


ans =

E:\zq_03_CQ\zq_03_CQ00010.bmp


id =

00679


ans =

E:\zq_03_CQ\zq_03_CQ00676.bmp


id =

04397


ans =

E:\zq_03_CQ\zq_03_CQ04393.bmp


id =

05139


ans =

E:\zq_03_CQ\zq_03_CQ05132.bmp


id =

01829


ans =

E:\zq_03_CQ\zq_03_CQ01825.bmp


id =

04806


ans =

E:\zq_03_CQ\zq_03_CQ04804.bmp


id =

00010


ans =

E:\zq_03_CQ\zq_03_CQ00001.bmp


id =

01267


ans =

E:\zq_03_CQ\zq_03_CQ01264.bmp


id =

02245


id =

00676


ans =

E:\zq_03_CQ\zq_03_CQ00672.bmp


id =

04393


ans =

E:\zq_03_CQ\zq_03_CQ04391.bmp


id =

01264


ans =

E:\zq_03_CQ\zq_03_CQ01263.bmp


id =

05132


ans =

E:\zq_03_CQ\zq_03_CQ05122.bmp


id =

04804


ans =

E:\zq_03_CQ\zq_03_CQ04798.bmp


id =

00001


ans =

E:\zq_03_CQ\zq_03_CQ05464.bmp


id =

05464


ans =

E:\zq_03_CQ\zq_03_CQ05459.bmp


id =

01825


ans =

E:\zq_03_CQ\zq_03_CQ01820.bmp


id =

00672


ans =

E:\zq_03_CQ\zq_03_CQ00669.bmp


id =

04391


ans =

E:\zq_03_CQ\zq_03_CQ04385.bmp


id =

01263


id =

05122


ans =

E:\zq_03_CQ\zq_03_CQ05115.bmp


id =

05459


ans =

E:\zq_03_CQ\zq_03_CQ05455.bmp


id =

01820


ans =

E:\zq_03_CQ\zq_03_CQ01815.bmp


id =

04798


ans =

E:\zq_03_CQ\zq_03_CQ04790.bmp


ans =

E:\zq_03_CQ\zq_03_CQ05773.bmp


id =

05773


ans =

E:\zq_03_CQ\zq_03_CQ05766.bmp


id =

00669


id =

05115


ans =

E:\zq_03_CQ\zq_03_CQ05096.bmp


id =

04790


ans =

E:\zq_03_CQ\zq_03_CQ04783.bmp


id =

04385


ans =

E:\zq_03_CQ\zq_03_CQ04383.bmp


ans =

E:\zq_03_CQ\zq_03_CQ05918.bmp


id =

05918


ans =

E:\zq_03_CQ\zq_03_CQ05917.bmp


id =

01815


id =

05766


ans =

E:\zq_03_CQ\zq_03_CQ05759.bmp


id =

05455


ans =

E:\zq_03_CQ\zq_03_CQ05449.bmp


ans =

E:\zq_03_CQ\zq_03_CQ06085.bmp


id =

06085


ans =

E:\zq_03_CQ\zq_03_CQ06075.bmp


id =

04383


ans =

E:\zq_03_CQ\zq_03_CQ04378.bmp


id =

05917


ans =

E:\zq_03_CQ\zq_03_CQ05916.bmp


id =

05096


ans =

E:\zq_03_CQ\zq_03_CQ05089.bmp


id =

05449


ans =

E:\zq_03_CQ\zq_03_CQ05444.bmp


ans =

E:\zq_03_CQ\zq_03_CQ06265.bmp


id =

06265


ans =

E:\zq_03_CQ\zq_03_CQ06264.bmp


id =

04783


ans =

E:\zq_03_CQ\zq_03_CQ04774.bmp


id =

05759


ans =

E:\zq_03_CQ\zq_03_CQ05746.bmp


id =

05089


ans =

E:\zq_03_CQ\zq_03_CQ05061.bmp


id =

04774


ans =

E:\zq_03_CQ\zq_03_CQ04769.bmp


id =

06075


ans =

E:\zq_03_CQ\zq_03_CQ06072.bmp


id =

04378


ans =

E:\zq_03_CQ\zq_03_CQ04376.bmp


id =

05916


ans =

E:\zq_03_CQ\zq_03_CQ05910.bmp


id =

05444


ans =

E:\zq_03_CQ\zq_03_CQ05439.bmp


id =

06264


ans =

E:\zq_03_CQ\zq_03_CQ06261.bmp


id =

05746


ans =

E:\zq_03_CQ\zq_03_CQ05735.bmp


id =

06072


ans =

E:\zq_03_CQ\zq_03_CQ06057.bmp


id =

05061


ans =

E:\zq_03_CQ\zq_03_CQ05052.bmp


id =

05439


ans =

E:\zq_03_CQ\zq_03_CQ05435.bmp


id =

04769


ans =

E:\zq_03_CQ\zq_03_CQ04756.bmp


id =

05735


ans =

E:\zq_03_CQ\zq_03_CQ05734.bmp


id =

04376


ans =

E:\zq_03_CQ\zq_03_CQ04371.bmp


id =

05910


ans =

E:\zq_03_CQ\zq_03_CQ05908.bmp


id =

06261


ans =

E:\zq_03_CQ\zq_03_CQ06260.bmp


id =

04756


ans =

E:\zq_03_CQ\zq_03_CQ04748.bmp


id =

06057


ans =

E:\zq_03_CQ\zq_03_CQ06053.bmp


id =

04371


ans =

E:\zq_03_CQ\zq_03_CQ04369.bmp


id =

05908


ans =

E:\zq_03_CQ\zq_03_CQ05904.bmp


id =

05052


ans =

E:\zq_03_CQ\zq_03_CQ05040.bmp


id =

05435


ans =

E:\zq_03_CQ\zq_03_CQ05433.bmp


id =

06260


ans =

E:\zq_03_CQ\zq_03_CQ06255.bmp


id =

05734


ans =

E:\zq_03_CQ\zq_03_CQ05719.bmp


id =

05040


ans =

E:\zq_03_CQ\zq_03_CQ05035.bmp


id =

04748


ans =

E:\zq_03_CQ\zq_03_CQ04733.bmp


id =

06053


ans =

E:\zq_03_CQ\zq_03_CQ06052.bmp


id =

04369


ans =

E:\zq_03_CQ\zq_03_CQ04365.bmp


id =

05904


ans =

E:\zq_03_CQ\zq_03_CQ05902.bmp


id =

05433


ans =

E:\zq_03_CQ\zq_03_CQ05427.bmp


id =

06255


ans =

E:\zq_03_CQ\zq_03_CQ06250.bmp


id =

05719


ans =

E:\zq_03_CQ\zq_03_CQ05706.bmp


id =

06052


ans =

E:\zq_03_CQ\zq_03_CQ06036.bmp


id =

05035


ans =

E:\zq_03_CQ\zq_03_CQ05033.bmp


id =

05427


ans =

E:\zq_03_CQ\zq_03_CQ05424.bmp


id =

04733


ans =

E:\zq_03_CQ\zq_03_CQ04729.bmp


id =

05706


ans =

E:\zq_03_CQ\zq_03_CQ05695.bmp


id =

04365


ans =

E:\zq_03_CQ\zq_03_CQ04363.bmp


id =

05902


ans =

E:\zq_03_CQ\zq_03_CQ05896.bmp


id =

05033


ans =

E:\zq_03_CQ\zq_03_CQ05023.bmp


id =

06250


ans =

E:\zq_03_CQ\zq_03_CQ06245.bmp


id =

06036


ans =

E:\zq_03_CQ\zq_03_CQ06033.bmp


id =

04363


ans =

E:\zq_03_CQ\zq_03_CQ04359.bmp


id =

05896


ans =

E:\zq_03_CQ\zq_03_CQ05895.bmp


id =

05424


ans =

E:\zq_03_CQ\zq_03_CQ05419.bmp


id =

06245


ans =

E:\zq_03_CQ\zq_03_CQ06237.bmp


id =

04729


ans =

E:\zq_03_CQ\zq_03_CQ04715.bmp


id =

05695


ans =

E:\zq_03_CQ\zq_03_CQ05694.bmp


id =

05023


ans =

E:\zq_03_CQ\zq_03_CQ05021.bmp


id =

04715


ans =

E:\zq_03_CQ\zq_03_CQ04711.bmp


id =

06033


ans =

E:\zq_03_CQ\zq_03_CQ06017.bmp


id =

04359


ans =

E:\zq_03_CQ\zq_03_CQ04357.bmp


id =

05895


ans =

E:\zq_03_CQ\zq_03_CQ05888.bmp


id =

05419


ans =

E:\zq_03_CQ\zq_03_CQ05414.bmp


id =

06237


ans =

E:\zq_03_CQ\zq_03_CQ06224.bmp


id =

05694


ans =

E:\zq_03_CQ\zq_03_CQ05679.bmp


id =

06017


ans =

E:\zq_03_CQ\zq_03_CQ06014.bmp


id =

05021


ans =

E:\zq_03_CQ\zq_03_CQ05013.bmp


id =

05414


ans =

E:\zq_03_CQ\zq_03_CQ05413.bmp


id =

04711


ans =

E:\zq_03_CQ\zq_03_CQ04700.bmp


id =

05679


ans =

E:\zq_03_CQ\zq_03_CQ05676.bmp


id =

04357


ans =

E:\zq_03_CQ\zq_03_CQ04351.bmp


id =

05888


ans =

E:\zq_03_CQ\zq_03_CQ05885.bmp


id =

05013


ans =

E:\zq_03_CQ\zq_03_CQ05011.bmp


id =

06224


ans =

E:\zq_03_CQ\zq_03_CQ06223.bmp


id =

06014


ans =

E:\zq_03_CQ\zq_03_CQ06001.bmp


id =

04351


ans =

E:\zq_03_CQ\zq_03_CQ04349.bmp


id =

05885


ans =

E:\zq_03_CQ\zq_03_CQ05880.bmp


id =

05413


ans =

E:\zq_03_CQ\zq_03_CQ05409.bmp


id =

06223


ans =

E:\zq_03_CQ\zq_03_CQ06212.bmp


id =

04700


ans =

E:\zq_03_CQ\zq_03_CQ04693.bmp


id =

05676


ans =

E:\zq_03_CQ\zq_03_CQ05662.bmp


id =

05011


ans =

E:\zq_03_CQ\zq_03_CQ05001.bmp


id =

04693


ans =

E:\zq_03_CQ\zq_03_CQ04685.bmp


id =

06001


ans =

E:\zq_03_CQ\zq_03_CQ05999.bmp


id =

04349


ans =

E:\zq_03_CQ\zq_03_CQ04344.bmp


id =

05880


ans =

E:\zq_03_CQ\zq_03_CQ05878.bmp


id =

05409


ans =

E:\zq_03_CQ\zq_03_CQ05407.bmp


id =

06212


ans =

E:\zq_03_CQ\zq_03_CQ06211.bmp


id =

05662


ans =

E:\zq_03_CQ\zq_03_CQ05654.bmp


id =

05999


ans =

E:\zq_03_CQ\zq_03_CQ05992.bmp


id =

05001


ans =

E:\zq_03_CQ\zq_03_CQ04996.bmp


id =

05407


ans =

E:\zq_03_CQ\zq_03_CQ05404.bmp


id =

04685


ans =

E:\zq_03_CQ\zq_03_CQ04676.bmp


id =

05654


ans =

E:\zq_03_CQ\zq_03_CQ05635.bmp


id =

04344


ans =

E:\zq_03_CQ\zq_03_CQ04342.bmp


id =

05878


ans =

E:\zq_03_CQ\zq_03_CQ05873.bmp


id =

04996


ans =

E:\zq_03_CQ\zq_03_CQ04992.bmp


id =

06211


ans =

E:\zq_03_CQ\zq_03_CQ06197.bmp


id =

04676


ans =

E:\zq_03_CQ\zq_03_CQ04671.bmp


id =

05992


ans =

E:\zq_03_CQ\zq_03_CQ05990.bmp


id =

04342


ans =

E:\zq_03_CQ\zq_03_CQ04338.bmp


id =

05873


ans =

E:\zq_03_CQ\zq_03_CQ05871.bmp


id =

05404


ans =

E:\zq_03_CQ\zq_03_CQ05402.bmp


id =

06197


ans =

E:\zq_03_CQ\zq_03_CQ06185.bmp


id =

05635


ans =

E:\zq_03_CQ\zq_03_CQ05630.bmp


id =

04992


ans =

E:\zq_03_CQ\zq_03_CQ04986.bmp


id =

04671


ans =

E:\zq_03_CQ\zq_03_CQ04660.bmp


id =

05990


ans =

E:\zq_03_CQ\zq_03_CQ05984.bmp


id =

04338


ans =

E:\zq_03_CQ\zq_03_CQ04336.bmp


id =

05871


ans =

E:\zq_03_CQ\zq_03_CQ05865.bmp


id =

05402


ans =

E:\zq_03_CQ\zq_03_CQ05397.bmp


id =

06185


ans =

E:\zq_03_CQ\zq_03_CQ06184.bmp


id =

05630


ans =

E:\zq_03_CQ\zq_03_CQ05614.bmp


id =

05984


ans =

E:\zq_03_CQ\zq_03_CQ05982.bmp


id =

04986


ans =

E:\zq_03_CQ\zq_03_CQ04984.bmp


id =

05397


ans =

E:\zq_03_CQ\zq_03_CQ05393.bmp


id =

04660


ans =

E:\zq_03_CQ\zq_03_CQ04650.bmp


id =

05614


ans =

E:\zq_03_CQ\zq_03_CQ05606.bmp


id =

04336


ans =

E:\zq_03_CQ\zq_03_CQ04333.bmp


id =

05865


ans =

E:\zq_03_CQ\zq_03_CQ05863.bmp


id =

04984


ans =

E:\zq_03_CQ\zq_03_CQ04982.bmp


id =

06184


ans =

E:\zq_03_CQ\zq_03_CQ06182.bmp


id =

04650


ans =

E:\zq_03_CQ\zq_03_CQ04638.bmp


id =

05982


ans =

E:\zq_03_CQ\zq_03_CQ05973.bmp


id =

04333


ans =

E:\zq_03_CQ\zq_03_CQ04329.bmp


id =

05863


ans =

E:\zq_03_CQ\zq_03_CQ05858.bmp


id =

05393


ans =

E:\zq_03_CQ\zq_03_CQ05388.bmp


id =

06182


ans =

E:\zq_03_CQ\zq_03_CQ06181.bmp


id =

05606


ans =

E:\zq_03_CQ\zq_03_CQ05595.bmp


id =

04982


ans =

E:\zq_03_CQ\zq_03_CQ04981.bmp


id =

04638


ans =

E:\zq_03_CQ\zq_03_CQ04627.bmp


id =

05973


ans =

E:\zq_03_CQ\zq_03_CQ05971.bmp


id =

04329


ans =

E:\zq_03_CQ\zq_03_CQ04327.bmp


id =

05858


ans =

E:\zq_03_CQ\zq_03_CQ05856.bmp


id =

05388


ans =

E:\zq_03_CQ\zq_03_CQ05384.bmp


id =

06181


ans =

E:\zq_03_CQ\zq_03_CQ06166.bmp


id =

05595


ans =

E:\zq_03_CQ\zq_03_CQ05587.bmp


id =

05971


ans =

E:\zq_03_CQ\zq_03_CQ05964.bmp


id =

04981


ans =

E:\zq_03_CQ\zq_03_CQ04975.bmp


id =

05384


ans =

E:\zq_03_CQ\zq_03_CQ05381.bmp


id =

04627


ans =

E:\zq_03_CQ\zq_03_CQ04616.bmp


id =

05587


ans =

E:\zq_03_CQ\zq_03_CQ05575.bmp


id =

04327


ans =

E:\zq_03_CQ\zq_03_CQ04322.bmp


id =

05856


ans =

E:\zq_03_CQ\zq_03_CQ05851.bmp


id =

04975


ans =

E:\zq_03_CQ\zq_03_CQ04971.bmp


id =

06166


ans =

E:\zq_03_CQ\zq_03_CQ06165.bmp


id =

04616


ans =

E:\zq_03_CQ\zq_03_CQ04610.bmp


id =

05964


ans =

E:\zq_03_CQ\zq_03_CQ05961.bmp


id =

04322


ans =

E:\zq_03_CQ\zq_03_CQ04318.bmp


id =

05851


ans =

E:\zq_03_CQ\zq_03_CQ05849.bmp


id =

05381


ans =

E:\zq_03_CQ\zq_03_CQ05379.bmp


id =

06165


ans =

E:\zq_03_CQ\zq_03_CQ06162.bmp


id =

05575


ans =

E:\zq_03_CQ\zq_03_CQ05566.bmp


id =

04971


ans =

E:\zq_03_CQ\zq_03_CQ04968.bmp


id =

04610


ans =

E:\zq_03_CQ\zq_03_CQ04598.bmp


id =

05961


ans =

E:\zq_03_CQ\zq_03_CQ05957.bmp


id =

04318


ans =

E:\zq_03_CQ\zq_03_CQ04306.bmp


id =

05849


ans =

E:\zq_03_CQ\zq_03_CQ05845.bmp


id =

05379


ans =

E:\zq_03_CQ\zq_03_CQ05373.bmp


id =

06162


ans =

E:\zq_03_CQ\zq_03_CQ06161.bmp


id =

05566


ans =

E:\zq_03_CQ\zq_03_CQ05556.bmp


id =

05957


ans =

E:\zq_03_CQ\zq_03_CQ05953.bmp


id =

04306


ans =

E:\zq_03_CQ\zq_03_CQ04299.bmp


id =

04968


ans =

E:\zq_03_CQ\zq_03_CQ04967.bmp


id =

05373


ans =

E:\zq_03_CQ\zq_03_CQ05370.bmp


id =

04598


ans =

E:\zq_03_CQ\zq_03_CQ04595.bmp


id =

05556


ans =

E:\zq_03_CQ\zq_03_CQ05549.bmp


id =

05845


ans =

E:\zq_03_CQ\zq_03_CQ05843.bmp


id =

04967


ans =

E:\zq_03_CQ\zq_03_CQ04964.bmp


id =

06161


ans =

E:\zq_03_CQ\zq_03_CQ06147.bmp


id =

04595


ans =

E:\zq_03_CQ\zq_03_CQ04590.bmp


id =

05953


ans =

E:\zq_03_CQ\zq_03_CQ05948.bmp


id =

04299


ans =

E:\zq_03_CQ\zq_03_CQ04289.bmp


id =

05843


ans =

E:\zq_03_CQ\zq_03_CQ05838.bmp


id =

05370


ans =

E:\zq_03_CQ\zq_03_CQ05368.bmp


id =

06147


ans =

E:\zq_03_CQ\zq_03_CQ06141.bmp


id =

05549


ans =

E:\zq_03_CQ\zq_03_CQ05538.bmp


id =

04964


ans =

E:\zq_03_CQ\zq_03_CQ04963.bmp


id =

05368


ans =

E:\zq_03_CQ\zq_03_CQ05364.bmp


id =

04590


ans =

E:\zq_03_CQ\zq_03_CQ04569.bmp


id =

05948


ans =

E:\zq_03_CQ\zq_03_CQ05945.bmp


id =

04289


ans =

E:\zq_03_CQ\zq_03_CQ04278.bmp


id =

05838


ans =

E:\zq_03_CQ\zq_03_CQ05836.bmp


id =

06141


ans =

E:\zq_03_CQ\zq_03_CQ06130.bmp


id =

05538


ans =

E:\zq_03_CQ\zq_03_CQ05532.bmp


id =

05945


ans =

E:\zq_03_CQ\zq_03_CQ05938.bmp


id =

04278


ans =

E:\zq_03_CQ\zq_03_CQ04273.bmp


id =

04963


ans =

E:\zq_03_CQ\zq_03_CQ04958.bmp


id =

05364


ans =

E:\zq_03_CQ\zq_03_CQ05360.bmp


id =

04569


ans =

E:\zq_03_CQ\zq_03_CQ04564.bmp


id =

05532


ans =

E:\zq_03_CQ\zq_03_CQ05531.bmp


id =

05836


ans =

E:\zq_03_CQ\zq_03_CQ05830.bmp


id =

04958


ans =

E:\zq_03_CQ\zq_03_CQ04953.bmp


id =

06130


ans =

E:\zq_03_CQ\zq_03_CQ06125.bmp


id =

04564


ans =

E:\zq_03_CQ\zq_03_CQ04557.bmp


id =

05938


ans =

E:\zq_03_CQ\zq_03_CQ05936.bmp


id =

04273


ans =

E:\zq_03_CQ\zq_03_CQ04255.bmp


id =

05360


ans =

E:\zq_03_CQ\zq_03_CQ05354.bmp


id =

06125


ans =

E:\zq_03_CQ\zq_03_CQ06109.bmp


id =

05531


ans =

E:\zq_03_CQ\zq_03_CQ05520.bmp


id =

05830


ans =

E:\zq_03_CQ\zq_03_CQ05828.bmp


id =

04953


ans =

E:\zq_03_CQ\zq_03_CQ04950.bmp


id =

05354


ans =

E:\zq_03_CQ\zq_03_CQ05350.bmp


id =

04557


ans =

E:\zq_03_CQ\zq_03_CQ04554.bmp


id =

05936


ans =

E:\zq_03_CQ\zq_03_CQ05933.bmp


id =

04255


ans =

E:\zq_03_CQ\zq_03_CQ04254.bmp


id =

05828


ans =

E:\zq_03_CQ\zq_03_CQ05822.bmp


id =

06109


ans =

E:\zq_03_CQ\zq_03_CQ06101.bmp


id =

05520


ans =

E:\zq_03_CQ\zq_03_CQ05519.bmp


id =

05933


ans =

E:\zq_03_CQ\zq_03_CQ05929.bmp


id =

04254


ans =

E:\zq_03_CQ\zq_03_CQ04250.bmp


id =

04950


ans =

E:\zq_03_CQ\zq_03_CQ04949.bmp


id =

05350


ans =

E:\zq_03_CQ\zq_03_CQ05348.bmp


id =

04554


ans =

E:\zq_03_CQ\zq_03_CQ04548.bmp


id =

05519


ans =

E:\zq_03_CQ\zq_03_CQ05518.bmp


id =

05822


ans =

E:\zq_03_CQ\zq_03_CQ05817.bmp


id =

04949


ans =

E:\zq_03_CQ\zq_03_CQ04943.bmp


id =

06101


ans =

E:\zq_03_CQ\zq_03_CQ06092.bmp


id =

04548


ans =

E:\zq_03_CQ\zq_03_CQ04545.bmp


id =

05929


ans =

E:\zq_03_CQ\zq_03_CQ05926.bmp


id =

04250


ans =

E:\zq_03_CQ\zq_03_CQ04249.bmp


id =

05348


ans =

E:\zq_03_CQ\zq_03_CQ05346.bmp


id =

06092


id =

05518


ans =

E:\zq_03_CQ\zq_03_CQ05517.bmp


id =

05817


ans =

E:\zq_03_CQ\zq_03_CQ05811.bmp


id =

04943


ans =

E:\zq_03_CQ\zq_03_CQ04938.bmp


id =

04545


ans =

E:\zq_03_CQ\zq_03_CQ04541.bmp


id =

05926


ans =

E:\zq_03_CQ\zq_03_CQ05925.bmp


id =

04249


ans =

E:\zq_03_CQ\zq_03_CQ04234.bmp


id =

05811


ans =

E:\zq_03_CQ\zq_03_CQ05810.bmp


id =

05346


ans =

E:\zq_03_CQ\zq_03_CQ05344.bmp


ans =

E:\zq_03_CQ\zq_03_CQ06317.bmp


id =

06317


ans =

E:\zq_03_CQ\zq_03_CQ06314.bmp


id =

05517


ans =

E:\zq_03_CQ\zq_03_CQ05511.bmp


id =

04234


id =

04938


ans =

E:\zq_03_CQ\zq_03_CQ04933.bmp


id =

05344


ans =

E:\zq_03_CQ\zq_03_CQ05339.bmp


id =

04541


ans =

E:\zq_03_CQ\zq_03_CQ04537.bmp


id =

05511


ans =

E:\zq_03_CQ\zq_03_CQ05510.bmp


id =

05925


ans =

E:\zq_03_CQ\zq_03_CQ05924.bmp


id =

05810


ans =

E:\zq_03_CQ\zq_03_CQ05806.bmp


id =

06314


ans =

E:\zq_03_CQ\zq_03_CQ06313.bmp


id =

04537


id =

05924


ans =

E:\zq_03_CQ\zq_03_CQ05923.bmp


ans =

E:\zq_03_CQ\zq_03_CQ06388.bmp


id =

06388


ans =

E:\zq_03_CQ\zq_03_CQ06387.bmp


id =

04933


ans =

E:\zq_03_CQ\zq_03_CQ04929.bmp


id =

05339


ans =

E:\zq_03_CQ\zq_03_CQ05335.bmp


id =

05510


ans =

E:\zq_03_CQ\zq_03_CQ05508.bmp


id =

05806


ans =

E:\zq_03_CQ\zq_03_CQ05798.bmp


id =

06313


ans =

E:\zq_03_CQ\zq_03_CQ06309.bmp


id =

05923


id =

06387


ans =

E:\zq_03_CQ\zq_03_CQ06381.bmp


id =

04929


ans =

E:\zq_03_CQ\zq_03_CQ04924.bmp


id =

05335


ans =

E:\zq_03_CQ\zq_03_CQ05333.bmp


ans =

E:\zq_03_CQ\zq_03_CQ06467.bmp


id =

06467


ans =

E:\zq_03_CQ\zq_03_CQ06463.bmp


id =

05508


ans =

E:\zq_03_CQ\zq_03_CQ05501.bmp


id =

05798


ans =

E:\zq_03_CQ\zq_03_CQ05793.bmp


id =

04924


ans =

E:\zq_03_CQ\zq_03_CQ04919.bmp


id =

06309


ans =

E:\zq_03_CQ\zq_03_CQ06305.bmp


id =

06463


ans =

E:\zq_03_CQ\zq_03_CQ06458.bmp


ans =

E:\zq_03_CQ\zq_03_CQ06611.bmp


id =

06611


ans =

E:\zq_03_CQ\zq_03_CQ06607.bmp


id =

06381


ans =

E:\zq_03_CQ\zq_03_CQ06378.bmp


id =

05333


ans =

E:\zq_03_CQ\zq_03_CQ05329.bmp


id =

05501


ans =

E:\zq_03_CQ\zq_03_CQ05496.bmp


id =

05793


ans =

E:\zq_03_CQ\zq_03_CQ05787.bmp


id =

04919


ans =

E:\zq_03_CQ\zq_03_CQ04915.bmp


id =

05329


ans =

E:\zq_03_CQ\zq_03_CQ05326.bmp


id =

06305


ans =

E:\zq_03_CQ\zq_03_CQ06303.bmp


id =

06458


ans =

E:\zq_03_CQ\zq_03_CQ06454.bmp


id =

06607


ans =

E:\zq_03_CQ\zq_03_CQ06595.bmp


id =

06378


ans =

E:\zq_03_CQ\zq_03_CQ06375.bmp


id =

05787


ans =

E:\zq_03_CQ\zq_03_CQ05781.bmp


id =

06303


ans =

E:\zq_03_CQ\zq_03_CQ06302.bmp


id =

05496


ans =

E:\zq_03_CQ\zq_03_CQ05493.bmp


id =

06595


ans =

E:\zq_03_CQ\zq_03_CQ06591.bmp


id =

06375


ans =

E:\zq_03_CQ\zq_03_CQ06371.bmp


id =

04915


ans =

E:\zq_03_CQ\zq_03_CQ04911.bmp


id =

05326


ans =

E:\zq_03_CQ\zq_03_CQ05322.bmp


id =

06454


ans =

E:\zq_03_CQ\zq_03_CQ06451.bmp


id =

05493


ans =

E:\zq_03_CQ\zq_03_CQ05487.bmp


id =

05781


ans =

E:\zq_03_CQ\zq_03_CQ05776.bmp


id =

04911


ans =

E:\zq_03_CQ\zq_03_CQ04907.bmp


id =

06302


ans =

E:\zq_03_CQ\zq_03_CQ06298.bmp


id =

06451


ans =

E:\zq_03_CQ\zq_03_CQ06445.bmp


id =

06591


ans =

E:\zq_03_CQ\zq_03_CQ06581.bmp


id =

06371


ans =

E:\zq_03_CQ\zq_03_CQ06367.bmp


id =

05776


id =

05322


ans =

E:\zq_03_CQ\zq_03_CQ05317.bmp


id =

06298


ans =

E:\zq_03_CQ\zq_03_CQ06297.bmp


id =

05487


ans =

E:\zq_03_CQ\zq_03_CQ05484.bmp


id =

04907


ans =

E:\zq_03_CQ\zq_03_CQ04904.bmp


id =

05317


ans =

E:\zq_03_CQ\zq_03_CQ05313.bmp


id =

06445


ans =

E:\zq_03_CQ\zq_03_CQ06444.bmp


id =

06581


ans =

E:\zq_03_CQ\zq_03_CQ06572.bmp


id =

06367


ans =

E:\zq_03_CQ\zq_03_CQ06364.bmp


ans =

E:\zq_03_CQ\zq_03_CQ06757.bmp


id =

06757


ans =

E:\zq_03_CQ\zq_03_CQ06752.bmp


id =

06297


ans =

E:\zq_03_CQ\zq_03_CQ06295.bmp


id =

06444


ans =

E:\zq_03_CQ\zq_03_CQ06436.bmp


id =

05484


ans =

E:\zq_03_CQ\zq_03_CQ05478.bmp


id =

06572


ans =

E:\zq_03_CQ\zq_03_CQ06562.bmp


id =

04904


id =

06364


ans =

E:\zq_03_CQ\zq_03_CQ06361.bmp


id =

05313


ans =

E:\zq_03_CQ\zq_03_CQ05309.bmp


id =

05478


ans =

E:\zq_03_CQ\zq_03_CQ05474.bmp


id =

06752


ans =

E:\zq_03_CQ\zq_03_CQ06747.bmp


ans =

E:\zq_03_CQ\zq_03_CQ06825.bmp


id =

06825


ans =

E:\zq_03_CQ\zq_03_CQ06821.bmp


id =

05309


ans =

E:\zq_03_CQ\zq_03_CQ05304.bmp


id =

06295


ans =

E:\zq_03_CQ\zq_03_CQ06294.bmp


id =

06436


ans =

E:\zq_03_CQ\zq_03_CQ06432.bmp


id =

06562


ans =

E:\zq_03_CQ\zq_03_CQ06557.bmp


id =

06361


ans =

E:\zq_03_CQ\zq_03_CQ06357.bmp


id =

06294


ans =

E:\zq_03_CQ\zq_03_CQ06293.bmp


id =

05474


ans =

E:\zq_03_CQ\zq_03_CQ05467.bmp


id =

06747


ans =

E:\zq_03_CQ\zq_03_CQ06743.bmp


id =

06821


ans =

E:\zq_03_CQ\zq_03_CQ06816.bmp


id =

05304


ans =

E:\zq_03_CQ\zq_03_CQ05297.bmp


id =

06432


ans =

E:\zq_03_CQ\zq_03_CQ06429.bmp


id =

06557


ans =

E:\zq_03_CQ\zq_03_CQ06546.bmp


id =

06357


ans =

E:\zq_03_CQ\zq_03_CQ06355.bmp


id =

06743


ans =

E:\zq_03_CQ\zq_03_CQ06739.bmp


id =

05467


id =

06816


ans =

E:\zq_03_CQ\zq_03_CQ06811.bmp


id =

06293


ans =

E:\zq_03_CQ\zq_03_CQ06288.bmp


id =

06429


ans =

E:\zq_03_CQ\zq_03_CQ06423.bmp


id =

06546


ans =

E:\zq_03_CQ\zq_03_CQ06539.bmp


id =

06355


ans =

E:\zq_03_CQ\zq_03_CQ06349.bmp


id =

05297


ans =

E:\zq_03_CQ\zq_03_CQ05292.bmp


ans =

E:\zq_03_CQ\zq_03_CQ06903.bmp


id =

06903


ans =

E:\zq_03_CQ\zq_03_CQ06896.bmp


id =

06739


ans =

E:\zq_03_CQ\zq_03_CQ06736.bmp


id =

06811


ans =

E:\zq_03_CQ\zq_03_CQ06807.bmp


id =

05292


ans =

E:\zq_03_CQ\zq_03_CQ05286.bmp


id =

06288


ans =

E:\zq_03_CQ\zq_03_CQ06287.bmp


id =

06423


ans =

E:\zq_03_CQ\zq_03_CQ06419.bmp


id =

06539


ans =

E:\zq_03_CQ\zq_03_CQ06527.bmp


id =

06349


ans =

E:\zq_03_CQ\zq_03_CQ06347.bmp


id =

06736


ans =

E:\zq_03_CQ\zq_03_CQ06730.bmp


id =

06287


ans =

E:\zq_03_CQ\zq_03_CQ06283.bmp


id =

06896


ans =

E:\zq_03_CQ\zq_03_CQ06893.bmp


id =

06807


ans =

E:\zq_03_CQ\zq_03_CQ06803.bmp


id =

05286


ans =

E:\zq_03_CQ\zq_03_CQ05280.bmp


id =

06419


ans =

E:\zq_03_CQ\zq_03_CQ06416.bmp


id =

06527


ans =

E:\zq_03_CQ\zq_03_CQ06525.bmp


id =

06347


ans =

E:\zq_03_CQ\zq_03_CQ06342.bmp


id =

06730


ans =

E:\zq_03_CQ\zq_03_CQ06725.bmp


id =

06283


ans =

E:\zq_03_CQ\zq_03_CQ06282.bmp


id =

06416


ans =

E:\zq_03_CQ\zq_03_CQ06411.bmp


id =

06893


ans =

E:\zq_03_CQ\zq_03_CQ06888.bmp


id =

06525


ans =

E:\zq_03_CQ\zq_03_CQ06514.bmp


id =

06803


ans =

E:\zq_03_CQ\zq_03_CQ06799.bmp


id =

05280


ans =

E:\zq_03_CQ\zq_03_CQ05269.bmp


id =

06888


ans =

E:\zq_03_CQ\zq_03_CQ06884.bmp


id =

06342


ans =

E:\zq_03_CQ\zq_03_CQ06337.bmp


id =

06725


ans =

E:\zq_03_CQ\zq_03_CQ06717.bmp


id =

06799


ans =

E:\zq_03_CQ\zq_03_CQ06795.bmp


id =

05269


id =

06282


ans =

E:\zq_03_CQ\zq_03_CQ06279.bmp


id =

06411


ans =

E:\zq_03_CQ\zq_03_CQ06405.bmp


id =

06514


ans =

E:\zq_03_CQ\zq_03_CQ06501.bmp


id =

06337


ans =

E:\zq_03_CQ\zq_03_CQ06333.bmp


id =

06279


ans =

E:\zq_03_CQ\zq_03_CQ06278.bmp


id =

06884


ans =

E:\zq_03_CQ\zq_03_CQ06883.bmp


id =

06717


ans =

E:\zq_03_CQ\zq_03_CQ06706.bmp


id =

06795


ans =

E:\zq_03_CQ\zq_03_CQ06792.bmp


ans =

E:\zq_03_CQ\zq_03_CQ06998.bmp


id =

06998


ans =

E:\zq_03_CQ\zq_03_CQ06988.bmp


id =

06405


ans =

E:\zq_03_CQ\zq_03_CQ06402.bmp


id =

06501


ans =

E:\zq_03_CQ\zq_03_CQ06494.bmp


id =

06333


ans =

E:\zq_03_CQ\zq_03_CQ06329.bmp


id =

06706


ans =

E:\zq_03_CQ\zq_03_CQ06693.bmp


id =

06278


ans =

E:\zq_03_CQ\zq_03_CQ06276.bmp


id =

06402


ans =

E:\zq_03_CQ\zq_03_CQ06399.bmp


id =

06883


ans =

E:\zq_03_CQ\zq_03_CQ06878.bmp


id =

06792


ans =

E:\zq_03_CQ\zq_03_CQ06790.bmp


id =

06988


ans =

E:\zq_03_CQ\zq_03_CQ06970.bmp


id =

06878


ans =

E:\zq_03_CQ\zq_03_CQ06875.bmp


id =

06494


ans =

E:\zq_03_CQ\zq_03_CQ06485.bmp


id =

06329


ans =

E:\zq_03_CQ\zq_03_CQ06326.bmp


id =

06693


ans =

E:\zq_03_CQ\zq_03_CQ06680.bmp


id =

06790


ans =

E:\zq_03_CQ\zq_03_CQ06789.bmp


id =

06276


ans =

E:\zq_03_CQ\zq_03_CQ06275.bmp


id =

06399


ans =

E:\zq_03_CQ\zq_03_CQ06395.bmp


id =

06485


ans =

E:\zq_03_CQ\zq_03_CQ06479.bmp


id =

06326


ans =

E:\zq_03_CQ\zq_03_CQ06325.bmp


id =

06970


ans =

E:\zq_03_CQ\zq_03_CQ06968.bmp


id =

06275


ans =

E:\zq_03_CQ\zq_03_CQ06274.bmp


id =

06875


ans =

E:\zq_03_CQ\zq_03_CQ06870.bmp


id =

06680


ans =

E:\zq_03_CQ\zq_03_CQ06676.bmp


id =

06789


ans =

E:\zq_03_CQ\zq_03_CQ06785.bmp


id =

06968


ans =

E:\zq_03_CQ\zq_03_CQ06955.bmp


id =

06395


ans =

E:\zq_03_CQ\zq_03_CQ06392.bmp


id =

06479


ans =

E:\zq_03_CQ\zq_03_CQ06475.bmp


id =

06325


ans =

E:\zq_03_CQ\zq_03_CQ06321.bmp


id =

06676


ans =

E:\zq_03_CQ\zq_03_CQ06661.bmp


id =

06274


ans =

E:\zq_03_CQ\zq_03_CQ06273.bmp


id =

06392


id =

06870


ans =

E:\zq_03_CQ\zq_03_CQ06866.bmp


id =

06785


ans =

E:\zq_03_CQ\zq_03_CQ06781.bmp


id =

06955


ans =

E:\zq_03_CQ\zq_03_CQ06952.bmp


id =

06475


ans =

E:\zq_03_CQ\zq_03_CQ06472.bmp


id =

06321


ans =

E:\zq_03_CQ\zq_03_CQ06318.bmp


id =

06661


ans =

E:\zq_03_CQ\zq_03_CQ06655.bmp


id =

06273


ans =

E:\zq_03_CQ\zq_03_CQ06269.bmp


ans =

E:\zq_03_CQ\zq_03_CQ07190.bmp


id =

07190


ans =

E:\zq_03_CQ\zq_03_CQ07176.bmp


id =

06866


ans =

E:\zq_03_CQ\zq_03_CQ06860.bmp


id =

06472


id =

06781


ans =

E:\zq_03_CQ\zq_03_CQ06780.bmp


id =

06952


ans =

E:\zq_03_CQ\zq_03_CQ06948.bmp


id =

06318


id =

06269


ans =

E:\zq_03_CQ\zq_03_CQ06268.bmp


id =

07176


ans =

E:\zq_03_CQ\zq_03_CQ07159.bmp


id =

06860


ans =

E:\zq_03_CQ\zq_03_CQ06858.bmp


id =

06655


ans =

E:\zq_03_CQ\zq_03_CQ06643.bmp


id =

06780


ans =

E:\zq_03_CQ\zq_03_CQ06776.bmp


id =

06948


ans =

E:\zq_03_CQ\zq_03_CQ06940.bmp


id =

06858


ans =

E:\zq_03_CQ\zq_03_CQ06854.bmp


ans =

E:\zq_03_CQ\zq_03_CQ07237.bmp


id =

07237


ans =

E:\zq_03_CQ\zq_03_CQ07236.bmp


id =

06643


ans =

E:\zq_03_CQ\zq_03_CQ06638.bmp


id =

06268


id =

06776


ans =

E:\zq_03_CQ\zq_03_CQ06772.bmp


id =

06940


ans =

E:\zq_03_CQ\zq_03_CQ06937.bmp


id =

07159


ans =

E:\zq_03_CQ\zq_03_CQ07144.bmp


id =

07236


ans =

E:\zq_03_CQ\zq_03_CQ07232.bmp


id =

06638


ans =

E:\zq_03_CQ\zq_03_CQ06627.bmp


id =

06772


ans =

E:\zq_03_CQ\zq_03_CQ06767.bmp


id =

07144


ans =

E:\zq_03_CQ\zq_03_CQ07137.bmp


id =

06854


ans =

E:\zq_03_CQ\zq_03_CQ06850.bmp


id =

07232


ans =

E:\zq_03_CQ\zq_03_CQ07231.bmp


id =

06937


ans =

E:\zq_03_CQ\zq_03_CQ06932.bmp


id =

07137


ans =

E:\zq_03_CQ\zq_03_CQ07135.bmp


id =

06850


ans =

E:\zq_03_CQ\zq_03_CQ06846.bmp


id =

06627


ans =

E:\zq_03_CQ\zq_03_CQ06623.bmp


id =

06767


ans =

E:\zq_03_CQ\zq_03_CQ06762.bmp


id =

07231


ans =

E:\zq_03_CQ\zq_03_CQ07226.bmp


id =

06623


id =

06762


ans =

E:\zq_03_CQ\zq_03_CQ06759.bmp


id =

06932


ans =

E:\zq_03_CQ\zq_03_CQ06929.bmp


id =

07135


ans =

E:\zq_03_CQ\zq_03_CQ07112.bmp


id =

06846


ans =

E:\zq_03_CQ\zq_03_CQ06841.bmp


id =

07226


ans =

E:\zq_03_CQ\zq_03_CQ07220.bmp


id =

06929


ans =

E:\zq_03_CQ\zq_03_CQ06924.bmp


id =

07112


ans =

E:\zq_03_CQ\zq_03_CQ07104.bmp


id =

06841


ans =

E:\zq_03_CQ\zq_03_CQ06837.bmp


id =

06759


id =

06924


ans =

E:\zq_03_CQ\zq_03_CQ06923.bmp


id =

07104


ans =

E:\zq_03_CQ\zq_03_CQ07103.bmp


id =

06837


ans =

E:\zq_03_CQ\zq_03_CQ06833.bmp


id =

07220


ans =

E:\zq_03_CQ\zq_03_CQ07215.bmp


id =

06923


ans =

E:\zq_03_CQ\zq_03_CQ06922.bmp


id =

06833


ans =

E:\zq_03_CQ\zq_03_CQ06830.bmp


id =

07215


ans =

E:\zq_03_CQ\zq_03_CQ07211.bmp


id =

06830


id =

07211


ans =

E:\zq_03_CQ\zq_03_CQ07210.bmp


id =

06922


ans =

E:\zq_03_CQ\zq_03_CQ06920.bmp


id =

06920


ans =

E:\zq_03_CQ\zq_03_CQ06919.bmp


id =

07103


ans =

E:\zq_03_CQ\zq_03_CQ07094.bmp


id =

07094


ans =

E:\zq_03_CQ\zq_03_CQ07086.bmp


id =

07086


ans =

E:\zq_03_CQ\zq_03_CQ07081.bmp


id =

07081


ans =

E:\zq_03_CQ\zq_03_CQ07077.bmp


id =

07210


ans =

E:\zq_03_CQ\zq_03_CQ07207.bmp


id =

07207


ans =

E:\zq_03_CQ\zq_03_CQ07206.bmp


id =

06919


ans =

E:\zq_03_CQ\zq_03_CQ06916.bmp


id =

06916


ans =

E:\zq_03_CQ\zq_03_CQ06911.bmp


id =

07077


ans =

E:\zq_03_CQ\zq_03_CQ07057.bmp


id =

07057


ans =

E:\zq_03_CQ\zq_03_CQ07054.bmp


id =

07206


ans =

E:\zq_03_CQ\zq_03_CQ07201.bmp


id =

07201


ans =

E:\zq_03_CQ\zq_03_CQ07200.bmp


id =

06911


ans =

E:\zq_03_CQ\zq_03_CQ06905.bmp


id =

06905


id =

07200


ans =

E:\zq_03_CQ\zq_03_CQ07191.bmp


id =

07191


id =

07054


ans =

E:\zq_03_CQ\zq_03_CQ07032.bmp


id =

07032


ans =

E:\zq_03_CQ\zq_03_CQ07028.bmp


id =

07028


ans =

E:\zq_03_CQ\zq_03_CQ07013.bmp


id =

07013


ans =

E:\zq_03_CQ\zq_03_CQ07007.bmp


id =

07007


outpath =

C:\zq_03_CQ.csv


ans =

C:\zq_03_CQ.csv


ans =

E:\zq_04_CQ


name = 

    'E:'    'zq_04_CQ'


logfile =

log\zq_04_CQ.log

