
ans =

D:\cc_09


csv_rootpath =

D:\

Reading the bmp list

name =

cc_09


ans =

D:\cc_09\cc09_l+90.bmp

WARNING: You should compile the MEX version of "innerProd.c",
         found in the MEX subdirectory of matlabPyrTools, and put it in your matlab path. It is MUCH faster and requires less memory.

ans =

D:\cc_09\cc09_l+50.bmp

WARNING: You should compile the MEX version of "innerProd.c",
         found in the MEX subdirectory of matlabPyrTools, and put it in your matlab path. It is MUCH faster and requires less memory.

ans =

D:\cc_09\cc09_l+30.bmp

WARNING: You should compile the MEX version of "innerProd.c",
         found in the MEX subdirectory of matlabPyrTools, and put it in your matlab path. It is MUCH faster and requires less memory.

ans =

D:\cc_09\cc09_l+10.bmp

WARNING: You should compile the MEX version of "innerProd.c",
         found in the MEX subdirectory of matlabPyrTools, and put it in your matlab path. It is MUCH faster and requires less memory.

ans =

D:\cc_09\cc09_l-10.bmp

WARNING: You should compile the MEX version of "innerProd.c",
         found in the MEX subdirectory of matlabPyrTools, and put it in your matlab path. It is MUCH faster and requires less memory.

ans =

D:\cc_09\cc09_l-30.bmp

WARNING: You should compile the MEX version of "innerProd.c",
         found in the MEX subdirectory of matlabPyrTools, and put it in your matlab path. It is MUCH faster and requires less memory.

ans =

D:\cc_09\cc09_l-20.bmp

WARNING: You should compile the MEX version of "innerProd.c",
         found in the MEX subdirectory of matlabPyrTools, and put it in your matlab path. It is MUCH faster and requires less memory.

ans =

D:\cc_09\cc09_l+20.bmp

WARNING: You should compile the MEX version of "innerProd.c",
         found in the MEX subdirectory of matlabPyrTools, and put it in your matlab path. It is MUCH faster and requires less memory.
WARNING: You should compile the MEX version of "innerProd.c",
         found in the MEX subdirectory of matlabPyrTools, and put it in your matlab path. It is MUCH faster and requires less memory.
WARNING: You should compile the MEX version of "innerProd.c",
         found in the MEX subdirectory of matlabPyrTools, and put it in your matlab path. It is MUCH faster and requires less memory.
WARNING: You should compile the MEX version of "innerProd.c",
         found in the MEX subdirectory of matlabPyrTools, and put it in your matlab path. It is MUCH faster and requires less memory.
WARNING: You should compile the MEX version of "innerProd.c",
         found in the MEX subdirectory of matlabPyrTools, and put it in your matlab path. It is MUCH faster and requires less memory.
WARNING: You should compile the MEX version of "innerProd.c",
         found in the MEX subdirectory of matlabPyrTools, and put it in your matlab path. It is MUCH faster and requires less memory.
WARNING: You should compile the MEX version of "innerProd.c",
         found in the MEX subdirectory of matlabPyrTools, and put it in your matlab path. It is MUCH faster and requires less memory.
WARNING: You should compile the MEX version of "innerProd.c",
         found in the MEX subdirectory of matlabPyrTools, and put it in your matlab path. It is MUCH faster and requires less memory.
WARNING: You should compile the MEX version of "innerProd.c",
         found in the MEX subdirectory of matlabPyrTools, and put it in your matlab path. It is MUCH faster and requires less memory.
WARNING: You should compile the MEX version of "innerProd.c",
         found in the MEX subdirectory of matlabPyrTools, and put it in your matlab path. It is MUCH faster and requires less memory.
WARNING: You should compile the MEX version of "innerProd.c",
         found in the MEX subdirectory of matlabPyrTools, and put it in your matlab path. It is MUCH faster and requires less memory.
WARNING: You should compile the MEX version of "innerProd.c",
         found in the MEX subdirectory of matlabPyrTools, and put it in your matlab path. It is MUCH faster and requires less memory.
WARNING: You should compile the MEX version of "innerProd.c",
         found in the MEX subdirectory of matlabPyrTools, and put it in your matlab path. It is MUCH faster and requires less memory.
WARNING: You should compile the MEX version of "innerProd.c",
         found in the MEX subdirectory of matlabPyrTools, and put it in your matlab path. It is MUCH faster and requires less memory.
WARNING: You should compile the MEX version of "innerProd.c",
         found in the MEX subdirectory of matlabPyrTools, and put it in your matlab path. It is MUCH faster and requires less memory.
WARNING: You should compile the MEX version of "innerProd.c",
         found in the MEX subdirectory of matlabPyrTools, and put it in your matlab path. It is MUCH faster and requires less memory.
WARNING: You should compile the MEX version of "innerProd.c",
         found in the MEX subdirectory of matlabPyrTools, and put it in your matlab path. It is MUCH faster and requires less memory.
WARNING: You should compile the MEX version of "innerProd.c",
         found in the MEX subdirectory of matlabPyrTools, and put it in your matlab path. It is MUCH faster and requires less memory.
WARNING: You should compile the MEX version of "innerProd.c",
         found in the MEX subdirectory of matlabPyrTools, and put it in your matlab path. It is MUCH faster and requires less memory.
WARNING: You should compile the MEX version of "innerProd.c",
         found in the MEX subdirectory of matlabPyrTools, and put it in your matlab path. It is MUCH faster and requires less memory.
WARNING: You should compile the MEX version of "innerProd.c",
         found in the MEX subdirectory of matlabPyrTools, and put it in your matlab path. It is MUCH faster and requires less memory.
WARNING: You should compile the MEX version of "innerProd.c",
         found in the MEX subdirectory of matlabPyrTools, and put it in your matlab path. It is MUCH faster and requires less memory.
WARNING: You should compile the MEX version of "innerProd.c",
         found in the MEX subdirectory of matlabPyrTools, and put it in your matlab path. It is MUCH faster and requires less memory.
WARNING: You should compile the MEX version of "innerProd.c",
         found in the MEX subdirectory of matlabPyrTools, and put it in your matlab path. It is MUCH faster and requires less memory.
WARNING: You should compile the MEX version of "innerProd.c",
         found in the MEX subdirectory of matlabPyrTools, and put it in your matlab path. It is MUCH faster and requires less memory.
WARNING: You should compile the MEX version of "innerProd.c",
         found in the MEX subdirectory of matlabPyrTools, and put it in your matlab path. It is MUCH faster and requires less memory.
WARNING: You should compile the MEX version of "innerProd.c",
         found in the MEX subdirectory of matlabPyrTools, and put it in your matlab path. It is MUCH faster and requires less memory.
WARNING: You should compile the MEX version of "innerProd.c",
         found in the MEX subdirectory of matlabPyrTools, and put it in your matlab path. It is MUCH faster and requires less memory.
WARNING: You should compile the MEX version of "innerProd.c",
         found in the MEX subdirectory of matlabPyrTools, and put it in your matlab path. It is MUCH faster and requires less memory.
WARNING: You should compile the MEX version of "innerProd.c",
         found in the MEX subdirectory of matlabPyrTools, and put it in your matlab path. It is MUCH faster and requires less memory.
WARNING: You should compile the MEX version of "innerProd.c",
         found in the MEX subdirectory of matlabPyrTools, and put it in your matlab path. It is MUCH faster and requires less memory.
WARNING: You should compile the MEX version of "innerProd.c",
         found in the MEX subdirectory of matlabPyrTools, and put it in your matlab path. It is MUCH faster and requires less memory.
WARNING: You should compile the MEX version of "innerProd.c",
         found in the MEX subdirectory of matlabPyrTools, and put it in your matlab path. It is MUCH faster and requires less memory.
WARNING: You should compile the MEX version of "innerProd.c",
         found in the MEX subdirectory of matlabPyrTools, and put it in your matlab path. It is MUCH faster and requires less memory.
WARNING: You should compile the MEX version of "innerProd.c",
         found in the MEX subdirectory of matlabPyrTools, and put it in your matlab path. It is MUCH faster and requires less memory.
WARNING: You should compile the MEX version of "innerProd.c",
         found in the MEX subdirectory of matlabPyrTools, and put it in your matlab path. It is MUCH faster and requires less memory.
WARNING: You should compile the MEX version of "innerProd.c",
         found in the MEX subdirectory of matlabPyrTools, and put it in your matlab path. It is MUCH faster and requires less memory.
WARNING: You should compile the MEX version of "innerProd.c",
         found in the MEX subdirectory of matlabPyrTools, and put it in your matlab path. It is MUCH faster and requires less memory.
WARNING: You should compile the MEX version of "innerProd.c",
         found in the MEX subdirectory of matlabPyrTools, and put it in your matlab path. It is MUCH faster and requires less memory.
WARNING: You should compile the MEX version of "innerProd.c",
         found in the MEX subdirectory of matlabPyrTools, and put it in your matlab path. It is MUCH faster and requires less memory.
WARNING: You should compile the MEX version of "innerProd.c",
         found in the MEX subdirectory of matlabPyrTools, and put it in your matlab path. It is MUCH faster and requires less memory.
WARNING: You should compile the MEX version of "innerProd.c",
         found in the MEX subdirectory of matlabPyrTools, and put it in your matlab path. It is MUCH faster and requires less memory.
WARNING: You should compile the MEX version of "innerProd.c",
         found in the MEX subdirectory of matlabPyrTools, and put it in your matlab path. It is MUCH faster and requires less memory.
WARNING: You should compile the MEX version of "innerProd.c",
         found in the MEX subdirectory of matlabPyrTools, and put it in your matlab path. It is MUCH faster and requires less memory.
WARNING: You should compile the MEX version of "innerProd.c",
         found in the MEX subdirectory of matlabPyrTools, and put it in your matlab path. It is MUCH faster and requires less memory.
WARNING: You should compile the MEX version of "innerProd.c",
         found in the MEX subdirectory of matlabPyrTools, and put it in your matlab path. It is MUCH faster and requires less memory.
WARNING: You should compile the MEX version of "innerProd.c",
         found in the MEX subdirectory of matlabPyrTools, and put it in your matlab path. It is MUCH faster and requires less memory.
WARNING: You should compile the MEX version of "innerProd.c",
         found in the MEX subdirectory of matlabPyrTools, and put it in your matlab path. It is MUCH faster and requires less memory.
WARNING: You should compile the MEX version of "innerProd.c",
         found in the MEX subdirectory of matlabPyrTools, and put it in your matlab path. It is MUCH faster and requires less memory.
WARNING: You should compile the MEX version of "innerProd.c",
         found in the MEX subdirectory of matlabPyrTools, and put it in your matlab path. It is MUCH faster and requires less memory.
WARNING: You should compile the MEX version of "innerProd.c",
         found in the MEX subdirectory of matlabPyrTools, and put it in your matlab path. It is MUCH faster and requires less memory.
WARNING: You should compile the MEX version of "innerProd.c",
         found in the MEX subdirectory of matlabPyrTools, and put it in your matlab path. It is MUCH faster and requires less memory.
WARNING: You should compile the MEX version of "innerProd.c",
         found in the MEX subdirectory of matlabPyrTools, and put it in your matlab path. It is MUCH faster and requires less memory.
WARNING: You should compile the MEX version of "innerProd.c",
         found in the MEX subdirectory of matlabPyrTools, and put it in your matlab path. It is MUCH faster and requires less memory.
WARNING: You should compile the MEX version of "innerProd.c",
         found in the MEX subdirectory of matlabPyrTools, and put it in your matlab path. It is MUCH faster and requires less memory.
WARNING: You should compile the MEX version of "innerProd.c",
         found in the MEX subdirectory of matlabPyrTools, and put it in your matlab path. It is MUCH faster and requires less memory.
WARNING: You should compile the MEX version of "innerProd.c",
         found in the MEX subdirectory of matlabPyrTools, and put it in your matlab path. It is MUCH faster and requires less memory.
WARNING: You should compile the MEX version of "innerProd.c",
         found in the MEX subdirectory of matlabPyrTools, and put it in your matlab path. It is MUCH faster and requires less memory.
WARNING: You should compile the MEX version of "innerProd.c",
         found in the MEX subdirectory of matlabPyrTools, and put it in your matlab path. It is MUCH faster and requires less memory.
WARNING: You should compile the MEX version of "innerProd.c",
         found in the MEX subdirectory of matlabPyrTools, and put it in your matlab path. It is MUCH faster and requires less memory.
WARNING: You should compile the MEX version of "innerProd.c",
         found in the MEX subdirectory of matlabPyrTools, and put it in your matlab path. It is MUCH faster and requires less memory.
WARNING: You should compile the MEX version of "innerProd.c",
         found in the MEX subdirectory of matlabPyrTools, and put it in your matlab path. It is MUCH faster and requires less memory.
WARNING: You should compile the MEX version of "innerProd.c",
         found in the MEX subdirectory of matlabPyrTools, and put it in your matlab path. It is MUCH faster and requires less memory.
WARNING: You should compile the MEX version of "innerProd.c",
         found in the MEX subdirectory of matlabPyrTools, and put it in your matlab path. It is MUCH faster and requires less memory.
WARNING: You should compile the MEX version of "innerProd.c",
         found in the MEX subdirectory of matlabPyrTools, and put it in your matlab path. It is MUCH faster and requires less memory.
WARNING: You should compile the MEX version of "innerProd.c",
         found in the MEX subdirectory of matlabPyrTools, and put it in your matlab path. It is MUCH faster and requires less memory.
WARNING: You should compile the MEX version of "innerProd.c",
         found in the MEX subdirectory of matlabPyrTools, and put it in your matlab path. It is MUCH faster and requires less memory.
WARNING: You should compile the MEX version of "innerProd.c",
         found in the MEX subdirectory of matlabPyrTools, and put it in your matlab path. It is MUCH faster and requires less memory.
WARNING: You should compile the MEX version of "innerProd.c",
         found in the MEX subdirectory of matlabPyrTools, and put it in your matlab path. It is MUCH faster and requires less memory.
WARNING: You should compile the MEX version of "innerProd.c",
         found in the MEX subdirectory of matlabPyrTools, and put it in your matlab path. It is MUCH faster and requires less memory.
WARNING: You should compile the MEX version of "innerProd.c",
         found in the MEX subdirectory of matlabPyrTools, and put it in your matlab path. It is MUCH faster and requires less memory.
WARNING: You should compile the MEX version of "innerProd.c",
         found in the MEX subdirectory of matlabPyrTools, and put it in your matlab path. It is MUCH faster and requires less memory.
WARNING: You should compile the MEX version of "innerProd.c",
         found in the MEX subdirectory of matlabPyrTools, and put it in your matlab path. It is MUCH faster and requires less memory.
WARNING: You should compile the MEX version of "innerProd.c",
         found in the MEX subdirectory of matlabPyrTools, and put it in your matlab path. It is MUCH faster and requires less memory.
WARNING: You should compile the MEX version of "innerProd.c",
         found in the MEX subdirectory of matlabPyrTools, and put it in your matlab path. It is MUCH faster and requires less memory.
Accuracy = 0% (0/1) (classification)
Mean squared error = 5501.23 (regression)
Squared correlation coefficient = -1.#IND (regression)
Mean squared error = 3123.06 (regression)
Squared correlation coefficient = -1.#IND (regression)
Mean squared error = 1875 (regression)
Squared correlation coefficient = -1.#IND (regression)
Mean squared error = 1849.58 (regression)
Squared correlation coefficient = -1.#IND (regression)
Mean squared error = 7894.3 (regression)
Squared correlation coefficient = -1.#IND (regression)
Accuracy = 0% (0/1) (classification)
Mean squared error = 5664.37 (regression)
Squared correlation coefficient = -1.#IND (regression)
Mean squared error = 3156.65 (regression)
Squared correlation coefficient = -1.#IND (regression)
Mean squared error = 1875 (regression)
Squared correlation coefficient = -1.#IND (regression)
Mean squared error = 2056.81 (regression)
Squared correlation coefficient = -1.#IND (regression)
Mean squared error = 8042.23 (regression)
Squared correlation coefficient = -1.#IND (regression)
WARNING: You should compile the MEX version of "innerProd.c",
         found in the MEX subdirectory of matlabPyrTools, and put it in your matlab path. It is MUCH faster and requires less memory.
WARNING: You should compile the MEX version of "innerProd.c",
         found in the MEX subdirectory of matlabPyrTools, and put it in your matlab path. It is MUCH faster and requires less memory.
WARNING: You should compile the MEX version of "innerProd.c",
         found in the MEX subdirectory of matlabPyrTools, and put it in your matlab path. It is MUCH faster and requires less memory.
Accuracy = 0% (0/1) (classification)
Mean squared error = 5671.5 (regression)
Squared correlation coefficient = -1.#IND (regression)
Mean squared error = 3178.3 (regression)
Squared correlation coefficient = -1.#IND (regression)
Mean squared error = 1875 (regression)
Squared correlation coefficient = -1.#IND (regression)
Mean squared error = 2176.88 (regression)
Squared correlation coefficient = -1.#IND (regression)
Mean squared error = 7783.25 (regression)
Squared correlation coefficient = -1.#IND (regression)
WARNING: You should compile the MEX version of "innerProd.c",
         found in the MEX subdirectory of matlabPyrTools, and put it in your matlab path. It is MUCH faster and requires less memory.
WARNING: You should compile the MEX version of "innerProd.c",
         found in the MEX subdirectory of matlabPyrTools, and put it in your matlab path. It is MUCH faster and requires less memory.
WARNING: You should compile the MEX version of "innerProd.c",
         found in the MEX subdirectory of matlabPyrTools, and put it in your matlab path. It is MUCH faster and requires less memory.
Accuracy = 0% (0/1) (classification)
Mean squared error = 5388.8 (regression)
Squared correlation coefficient = -1.#IND (regression)
Mean squared error = 3146.02 (regression)
Squared correlation coefficient = -1.#IND (regression)
Mean squared error = 1875 (regression)
Squared correlation coefficient = -1.#IND (regression)
Mean squared error = 1666.92 (regression)
Squared correlation coefficient = -1.#IND (regression)
Mean squared error = 7559.69 (regression)
Squared correlation coefficient = -1.#IND (regression)
WARNING: You should compile the MEX version of "innerProd.c",
         found in the MEX subdirectory of matlabPyrTools, and put it in your matlab path. It is MUCH faster and requires less memory.
WARNING: You should compile the MEX version of "innerProd.c",
         found in the MEX subdirectory of matlabPyrTools, and put it in your matlab path. It is MUCH faster and requires less memory.
WARNING: You should compile the MEX version of "innerProd.c",
         found in the MEX subdirectory of matlabPyrTools, and put it in your matlab path. It is MUCH faster and requires less memory.
Accuracy = 0% (0/1) (classification)
Mean squared error = 5168.74 (regression)
Squared correlation coefficient = -1.#IND (regression)
Mean squared error = 3307.83 (regression)
Squared correlation coefficient = -1.#IND (regression)
Mean squared error = 1875 (regression)
Squared correlation coefficient = -1.#IND (regression)
Mean squared error = 1428.28 (regression)
Squared correlation coefficient = -1.#IND (regression)
Mean squared error = 6747.4 (regression)
Squared correlation coefficient = -1.#IND (regression)

ans =

D:\cc_09\cc09_l-90.bmp

WARNING: You should compile the MEX version of "innerProd.c",
         found in the MEX subdirectory of matlabPyrTools, and put it in your matlab path. It is MUCH faster and requires less memory.

ans =

D:\cc_09\cc09_l-50.bmp

WARNING: You should compile the MEX version of "innerProd.c",
         found in the MEX subdirectory of matlabPyrTools, and put it in your matlab path. It is MUCH faster and requires less memory.
WARNING: You should compile the MEX version of "innerProd.c",
         found in the MEX subdirectory of matlabPyrTools, and put it in your matlab path. It is MUCH faster and requires less memory.
WARNING: You should compile the MEX version of "innerProd.c",
         found in the MEX subdirectory of matlabPyrTools, and put it in your matlab path. It is MUCH faster and requires less memory.
WARNING: You should compile the MEX version of "innerProd.c",
         found in the MEX subdirectory of matlabPyrTools, and put it in your matlab path. It is MUCH faster and requires less memory.
Accuracy = 0% (0/1) (classification)
Mean squared error = 5636.33 (regression)
Squared correlation coefficient = -1.#IND (regression)
Mean squared error = 4833.75 (regression)
Squared correlation coefficient = -1.#IND (regression)
Mean squared error = 1875 (regression)
Squared correlation coefficient = -1.#IND (regression)
Mean squared error = 1400.63 (regression)
Squared correlation coefficient = -1.#IND (regression)
Mean squared error = 4026.95 (regression)
Squared correlation coefficient = -1.#IND (regression)
WARNING: You should compile the MEX version of "innerProd.c",
         found in the MEX subdirectory of matlabPyrTools, and put it in your matlab path. It is MUCH faster and requires less memory.
WARNING: You should compile the MEX version of "innerProd.c",
         found in the MEX subdirectory of matlabPyrTools, and put it in your matlab path. It is MUCH faster and requires less memory.
WARNING: You should compile the MEX version of "innerProd.c",
         found in the MEX subdirectory of matlabPyrTools, and put it in your matlab path. It is MUCH faster and requires less memory.
WARNING: You should compile the MEX version of "innerProd.c",
         found in the MEX subdirectory of matlabPyrTools, and put it in your matlab path. It is MUCH faster and requires less memory.
WARNING: You should compile the MEX version of "innerProd.c",
         found in the MEX subdirectory of matlabPyrTools, and put it in your matlab path. It is MUCH faster and requires less memory.
Accuracy = 0% (0/1) (classification)
Mean squared error = 5382.28 (regression)
Squared correlation coefficient = -1.#IND (regression)
Mean squared error = 4848.67 (regression)
Squared correlation coefficient = -1.#IND (regression)
Mean squared error = 1875 (regression)
Squared correlation coefficient = -1.#IND (regression)
Mean squared error = 1351.68 (regression)
Squared correlation coefficient = -1.#IND (regression)
Mean squared error = 3942.55 (regression)
Squared correlation coefficient = -1.#IND (regression)
WARNING: You should compile the MEX version of "innerProd.c",
         found in the MEX subdirectory of matlabPyrTools, and put it in your matlab path. It is MUCH faster and requires less memory.
WARNING: You should compile the MEX version of "innerProd.c",
         found in the MEX subdirectory of matlabPyrTools, and put it in your matlab path. It is MUCH faster and requires less memory.
WARNING: You should compile the MEX version of "innerProd.c",
         found in the MEX subdirectory of matlabPyrTools, and put it in your matlab path. It is MUCH faster and requires less memory.
WARNING: You should compile the MEX version of "innerProd.c",
         found in the MEX subdirectory of matlabPyrTools, and put it in your matlab path. It is MUCH faster and requires less memory.
WARNING: You should compile the MEX version of "innerProd.c",
         found in the MEX subdirectory of matlabPyrTools, and put it in your matlab path. It is MUCH faster and requires less memory.
Accuracy = 0% (0/1) (classification)
Mean squared error = 4640.1 (regression)
Squared correlation coefficient = -1.#IND (regression)
Mean squared error = 4419.44 (regression)
Squared correlation coefficient = -1.#IND (regression)
Mean squared error = 1875 (regression)
Squared correlation coefficient = -1.#IND (regression)
Mean squared error = 1254.04 (regression)
Squared correlation coefficient = -1.#IND (regression)
Mean squared error = 4123.38 (regression)
Squared correlation coefficient = -1.#IND (regression)
WARNING: You should compile the MEX version of "innerProd.c",
         found in the MEX subdirectory of matlabPyrTools, and put it in your matlab path. It is MUCH faster and requires less memory.
WARNING: You should compile the MEX version of "innerProd.c",
         found in the MEX subdirectory of matlabPyrTools, and put it in your matlab path. It is MUCH faster and requires less memory.
WARNING: You should compile the MEX version of "innerProd.c",
         found in the MEX subdirectory of matlabPyrTools, and put it in your matlab path. It is MUCH faster and requires less memory.
WARNING: You should compile the MEX version of "innerProd.c",
         found in the MEX subdirectory of matlabPyrTools, and put it in your matlab path. It is MUCH faster and requires less memory.
WARNING: You should compile the MEX version of "innerProd.c",
         found in the MEX subdirectory of matlabPyrTools, and put it in your matlab path. It is MUCH faster and requires less memory.
WARNING: You should compile the MEX version of "innerProd.c",
         found in the MEX subdirectory of matlabPyrTools, and put it in your matlab path. It is MUCH faster and requires less memory.
WARNING: You should compile the MEX version of "innerProd.c",
         found in the MEX subdirectory of matlabPyrTools, and put it in your matlab path. It is MUCH faster and requires less memory.
WARNING: You should compile the MEX version of "innerProd.c",
         found in the MEX subdirectory of matlabPyrTools, and put it in your matlab path. It is MUCH faster and requires less memory.
WARNING: You should compile the MEX version of "innerProd.c",
         found in the MEX subdirectory of matlabPyrTools, and put it in your matlab path. It is MUCH faster and requires less memory.
WARNING: You should compile the MEX version of "innerProd.c",
         found in the MEX subdirectory of matlabPyrTools, and put it in your matlab path. It is MUCH faster and requires less memory.
WARNING: You should compile the MEX version of "innerProd.c",
         found in the MEX subdirectory of matlabPyrTools, and put it in your matlab path. It is MUCH faster and requires less memory.
WARNING: You should compile the MEX version of "innerProd.c",
         found in the MEX subdirectory of matlabPyrTools, and put it in your matlab path. It is MUCH faster and requires less memory.
Accuracy = 0% (0/1) (classification)
Mean squared error = 3235.72 (regression)
Squared correlation coefficient = -1.#IND (regression)
Mean squared error = 3245.71 (regression)
Squared correlation coefficient = -1.#IND (regression)
Mean squared error = 1873.13 (regression)
Squared correlation coefficient = -1.#IND (regression)
Mean squared error = 1457.58 (regression)
Squared correlation coefficient = -1.#IND (regression)
Mean squared error = 5756.3 (regression)
Squared correlation coefficient = -1.#IND (regression)
WARNING: You should compile the MEX version of "innerProd.c",
         found in the MEX subdirectory of matlabPyrTools, and put it in your matlab path. It is MUCH faster and requires less memory.
WARNING: You should compile the MEX version of "innerProd.c",
         found in the MEX subdirectory of matlabPyrTools, and put it in your matlab path. It is MUCH faster and requires less memory.
Accuracy = 0% (0/1) (classification)
Mean squared error = 3775.19 (regression)
Squared correlation coefficient = -1.#IND (regression)
Mean squared error = 3783.3 (regression)
Squared correlation coefficient = -1.#IND (regression)
Mean squared error = 1874.99 (regression)
Squared correlation coefficient = -1.#IND (regression)
Mean squared error = 1261.54 (regression)
Squared correlation coefficient = -1.#IND (regression)
Mean squared error = 4798.2 (regression)
Squared correlation coefficient = -1.#IND (regression)

outpath =

D:\cc_09.csv


ans =

D:\cc_09.csv

