
ans =

D:\yy


csv_rootpath =

D:\

Reading the bmp list

name =

yy


ans =

D:\yy\yy_1400001.bmp

WARNING: You should compile the MEX version of "innerProd.c",
         found in the MEX subdirectory of matlabPyrTools, and put it in your matlab path. It is MUCH faster and requires less memory.

ans =

D:\yy\yy_0700001.bmp

WARNING: You should compile the MEX version of "innerProd.c",
         found in the MEX subdirectory of matlabPyrTools, and put it in your matlab path. It is MUCH faster and requires less memory.

ans =

D:\yy\yy_0300001.bmp

WARNING: You should compile the MEX version of "innerProd.c",
         found in the MEX subdirectory of matlabPyrTools, and put it in your matlab path. It is MUCH faster and requires less memory.

ans =

D:\yy\yy_0900001.bmp

WARNING: You should compile the MEX version of "innerProd.c",
         found in the MEX subdirectory of matlabPyrTools, and put it in your matlab path. It is MUCH faster and requires less memory.

ans =

D:\yy\yy_0500001.bmp

WARNING: You should compile the MEX version of "innerProd.c",
         found in the MEX subdirectory of matlabPyrTools, and put it in your matlab path. It is MUCH faster and requires less memory.

ans =

D:\yy\yy_1300001.bmp

WARNING: You should compile the MEX version of "innerProd.c",
         found in the MEX subdirectory of matlabPyrTools, and put it in your matlab path. It is MUCH faster and requires less memory.
WARNING: You should compile the MEX version of "innerProd.c",
         found in the MEX subdirectory of matlabPyrTools, and put it in your matlab path. It is MUCH faster and requires less memory.

ans =

D:\yy\yy_1100001.bmp

WARNING: You should compile the MEX version of "innerProd.c",
         found in the MEX subdirectory of matlabPyrTools, and put it in your matlab path. It is MUCH faster and requires less memory.
WARNING: You should compile the MEX version of "innerProd.c",
         found in the MEX subdirectory of matlabPyrTools, and put it in your matlab path. It is MUCH faster and requires less memory.
WARNING: You should compile the MEX version of "innerProd.c",
         found in the MEX subdirectory of matlabPyrTools, and put it in your matlab path. It is MUCH faster and requires less memory.

ans =

D:\yy\yy_1200001.bmp

WARNING: You should compile the MEX version of "innerProd.c",
         found in the MEX subdirectory of matlabPyrTools, and put it in your matlab path. It is MUCH faster and requires less memory.
WARNING: You should compile the MEX version of "innerProd.c",
         found in the MEX subdirectory of matlabPyrTools, and put it in your matlab path. It is MUCH faster and requires less memory.
WARNING: You should compile the MEX version of "innerProd.c",
         found in the MEX subdirectory of matlabPyrTools, and put it in your matlab path. It is MUCH faster and requires less memory.
WARNING: You should compile the MEX version of "innerProd.c",
         found in the MEX subdirectory of matlabPyrTools, and put it in your matlab path. It is MUCH faster and requires less memory.
WARNING: You should compile the MEX version of "innerProd.c",
         found in the MEX subdirectory of matlabPyrTools, and put it in your matlab path. It is MUCH faster and requires less memory.
WARNING: You should compile the MEX version of "innerProd.c",
         found in the MEX subdirectory of matlabPyrTools, and put it in your matlab path. It is MUCH faster and requires less memory.
WARNING: You should compile the MEX version of "innerProd.c",
         found in the MEX subdirectory of matlabPyrTools, and put it in your matlab path. It is MUCH faster and requires less memory.
WARNING: You should compile the MEX version of "innerProd.c",
         found in the MEX subdirectory of matlabPyrTools, and put it in your matlab path. It is MUCH faster and requires less memory.
WARNING: You should compile the MEX version of "innerProd.c",
         found in the MEX subdirectory of matlabPyrTools, and put it in your matlab path. It is MUCH faster and requires less memory.
WARNING: You should compile the MEX version of "innerProd.c",
         found in the MEX subdirectory of matlabPyrTools, and put it in your matlab path. It is MUCH faster and requires less memory.
WARNING: You should compile the MEX version of "innerProd.c",
         found in the MEX subdirectory of matlabPyrTools, and put it in your matlab path. It is MUCH faster and requires less memory.
WARNING: You should compile the MEX version of "innerProd.c",
         found in the MEX subdirectory of matlabPyrTools, and put it in your matlab path. It is MUCH faster and requires less memory.
WARNING: You should compile the MEX version of "innerProd.c",
         found in the MEX subdirectory of matlabPyrTools, and put it in your matlab path. It is MUCH faster and requires less memory.
WARNING: You should compile the MEX version of "innerProd.c",
         found in the MEX subdirectory of matlabPyrTools, and put it in your matlab path. It is MUCH faster and requires less memory.
WARNING: You should compile the MEX version of "innerProd.c",
         found in the MEX subdirectory of matlabPyrTools, and put it in your matlab path. It is MUCH faster and requires less memory.
WARNING: You should compile the MEX version of "innerProd.c",
         found in the MEX subdirectory of matlabPyrTools, and put it in your matlab path. It is MUCH faster and requires less memory.
WARNING: You should compile the MEX version of "innerProd.c",
         found in the MEX subdirectory of matlabPyrTools, and put it in your matlab path. It is MUCH faster and requires less memory.
WARNING: You should compile the MEX version of "innerProd.c",
         found in the MEX subdirectory of matlabPyrTools, and put it in your matlab path. It is MUCH faster and requires less memory.
WARNING: You should compile the MEX version of "innerProd.c",
         found in the MEX subdirectory of matlabPyrTools, and put it in your matlab path. It is MUCH faster and requires less memory.
WARNING: You should compile the MEX version of "innerProd.c",
         found in the MEX subdirectory of matlabPyrTools, and put it in your matlab path. It is MUCH faster and requires less memory.
WARNING: You should compile the MEX version of "innerProd.c",
         found in the MEX subdirectory of matlabPyrTools, and put it in your matlab path. It is MUCH faster and requires less memory.
WARNING: You should compile the MEX version of "innerProd.c",
         found in the MEX subdirectory of matlabPyrTools, and put it in your matlab path. It is MUCH faster and requires less memory.
WARNING: You should compile the MEX version of "innerProd.c",
         found in the MEX subdirectory of matlabPyrTools, and put it in your matlab path. It is MUCH faster and requires less memory.
WARNING: You should compile the MEX version of "innerProd.c",
         found in the MEX subdirectory of matlabPyrTools, and put it in your matlab path. It is MUCH faster and requires less memory.
WARNING: You should compile the MEX version of "innerProd.c",
         found in the MEX subdirectory of matlabPyrTools, and put it in your matlab path. It is MUCH faster and requires less memory.
WARNING: You should compile the MEX version of "innerProd.c",
         found in the MEX subdirectory of matlabPyrTools, and put it in your matlab path. It is MUCH faster and requires less memory.
WARNING: You should compile the MEX version of "innerProd.c",
         found in the MEX subdirectory of matlabPyrTools, and put it in your matlab path. It is MUCH faster and requires less memory.
WARNING: You should compile the MEX version of "innerProd.c",
         found in the MEX subdirectory of matlabPyrTools, and put it in your matlab path. It is MUCH faster and requires less memory.
WARNING: You should compile the MEX version of "innerProd.c",
         found in the MEX subdirectory of matlabPyrTools, and put it in your matlab path. It is MUCH faster and requires less memory.
WARNING: You should compile the MEX version of "innerProd.c",
         found in the MEX subdirectory of matlabPyrTools, and put it in your matlab path. It is MUCH faster and requires less memory.
WARNING: You should compile the MEX version of "innerProd.c",
         found in the MEX subdirectory of matlabPyrTools, and put it in your matlab path. It is MUCH faster and requires less memory.
WARNING: You should compile the MEX version of "innerProd.c",
         found in the MEX subdirectory of matlabPyrTools, and put it in your matlab path. It is MUCH faster and requires less memory.
WARNING: You should compile the MEX version of "innerProd.c",
         found in the MEX subdirectory of matlabPyrTools, and put it in your matlab path. It is MUCH faster and requires less memory.
WARNING: You should compile the MEX version of "innerProd.c",
         found in the MEX subdirectory of matlabPyrTools, and put it in your matlab path. It is MUCH faster and requires less memory.
WARNING: You should compile the MEX version of "innerProd.c",
         found in the MEX subdirectory of matlabPyrTools, and put it in your matlab path. It is MUCH faster and requires less memory.
WARNING: You should compile the MEX version of "innerProd.c",
         found in the MEX subdirectory of matlabPyrTools, and put it in your matlab path. It is MUCH faster and requires less memory.
WARNING: You should compile the MEX version of "innerProd.c",
         found in the MEX subdirectory of matlabPyrTools, and put it in your matlab path. It is MUCH faster and requires less memory.
WARNING: You should compile the MEX version of "innerProd.c",
         found in the MEX subdirectory of matlabPyrTools, and put it in your matlab path. It is MUCH faster and requires less memory.
WARNING: You should compile the MEX version of "innerProd.c",
         found in the MEX subdirectory of matlabPyrTools, and put it in your matlab path. It is MUCH faster and requires less memory.
WARNING: You should compile the MEX version of "innerProd.c",
         found in the MEX subdirectory of matlabPyrTools, and put it in your matlab path. It is MUCH faster and requires less memory.
WARNING: You should compile the MEX version of "innerProd.c",
         found in the MEX subdirectory of matlabPyrTools, and put it in your matlab path. It is MUCH faster and requires less memory.
WARNING: You should compile the MEX version of "innerProd.c",
         found in the MEX subdirectory of matlabPyrTools, and put it in your matlab path. It is MUCH faster and requires less memory.
WARNING: You should compile the MEX version of "innerProd.c",
         found in the MEX subdirectory of matlabPyrTools, and put it in your matlab path. It is MUCH faster and requires less memory.
WARNING: You should compile the MEX version of "innerProd.c",
         found in the MEX subdirectory of matlabPyrTools, and put it in your matlab path. It is MUCH faster and requires less memory.
WARNING: You should compile the MEX version of "innerProd.c",
         found in the MEX subdirectory of matlabPyrTools, and put it in your matlab path. It is MUCH faster and requires less memory.
WARNING: You should compile the MEX version of "innerProd.c",
         found in the MEX subdirectory of matlabPyrTools, and put it in your matlab path. It is MUCH faster and requires less memory.
WARNING: You should compile the MEX version of "innerProd.c",
         found in the MEX subdirectory of matlabPyrTools, and put it in your matlab path. It is MUCH faster and requires less memory.
WARNING: You should compile the MEX version of "innerProd.c",
         found in the MEX subdirectory of matlabPyrTools, and put it in your matlab path. It is MUCH faster and requires less memory.
WARNING: You should compile the MEX version of "innerProd.c",
         found in the MEX subdirectory of matlabPyrTools, and put it in your matlab path. It is MUCH faster and requires less memory.
WARNING: You should compile the MEX version of "innerProd.c",
         found in the MEX subdirectory of matlabPyrTools, and put it in your matlab path. It is MUCH faster and requires less memory.
WARNING: You should compile the MEX version of "innerProd.c",
         found in the MEX subdirectory of matlabPyrTools, and put it in your matlab path. It is MUCH faster and requires less memory.
WARNING: You should compile the MEX version of "innerProd.c",
         found in the MEX subdirectory of matlabPyrTools, and put it in your matlab path. It is MUCH faster and requires less memory.
WARNING: You should compile the MEX version of "innerProd.c",
         found in the MEX subdirectory of matlabPyrTools, and put it in your matlab path. It is MUCH faster and requires less memory.
WARNING: You should compile the MEX version of "innerProd.c",
         found in the MEX subdirectory of matlabPyrTools, and put it in your matlab path. It is MUCH faster and requires less memory.
WARNING: You should compile the MEX version of "innerProd.c",
         found in the MEX subdirectory of matlabPyrTools, and put it in your matlab path. It is MUCH faster and requires less memory.
WARNING: You should compile the MEX version of "innerProd.c",
         found in the MEX subdirectory of matlabPyrTools, and put it in your matlab path. It is MUCH faster and requires less memory.
WARNING: You should compile the MEX version of "innerProd.c",
         found in the MEX subdirectory of matlabPyrTools, and put it in your matlab path. It is MUCH faster and requires less memory.
WARNING: You should compile the MEX version of "innerProd.c",
         found in the MEX subdirectory of matlabPyrTools, and put it in your matlab path. It is MUCH faster and requires less memory.
WARNING: You should compile the MEX version of "innerProd.c",
         found in the MEX subdirectory of matlabPyrTools, and put it in your matlab path. It is MUCH faster and requires less memory.
WARNING: You should compile the MEX version of "innerProd.c",
         found in the MEX subdirectory of matlabPyrTools, and put it in your matlab path. It is MUCH faster and requires less memory.
WARNING: You should compile the MEX version of "innerProd.c",
         found in the MEX subdirectory of matlabPyrTools, and put it in your matlab path. It is MUCH faster and requires less memory.
WARNING: You should compile the MEX version of "innerProd.c",
         found in the MEX subdirectory of matlabPyrTools, and put it in your matlab path. It is MUCH faster and requires less memory.
WARNING: You should compile the MEX version of "innerProd.c",
         found in the MEX subdirectory of matlabPyrTools, and put it in your matlab path. It is MUCH faster and requires less memory.
WARNING: You should compile the MEX version of "innerProd.c",
         found in the MEX subdirectory of matlabPyrTools, and put it in your matlab path. It is MUCH faster and requires less memory.
WARNING: You should compile the MEX version of "innerProd.c",
         found in the MEX subdirectory of matlabPyrTools, and put it in your matlab path. It is MUCH faster and requires less memory.
WARNING: You should compile the MEX version of "innerProd.c",
         found in the MEX subdirectory of matlabPyrTools, and put it in your matlab path. It is MUCH faster and requires less memory.
WARNING: You should compile the MEX version of "innerProd.c",
         found in the MEX subdirectory of matlabPyrTools, and put it in your matlab path. It is MUCH faster and requires less memory.
WARNING: You should compile the MEX version of "innerProd.c",
         found in the MEX subdirectory of matlabPyrTools, and put it in your matlab path. It is MUCH faster and requires less memory.
WARNING: You should compile the MEX version of "innerProd.c",
         found in the MEX subdirectory of matlabPyrTools, and put it in your matlab path. It is MUCH faster and requires less memory.
WARNING: You should compile the MEX version of "innerProd.c",
         found in the MEX subdirectory of matlabPyrTools, and put it in your matlab path. It is MUCH faster and requires less memory.
WARNING: You should compile the MEX version of "innerProd.c",
         found in the MEX subdirectory of matlabPyrTools, and put it in your matlab path. It is MUCH faster and requires less memory.
WARNING: You should compile the MEX version of "innerProd.c",
         found in the MEX subdirectory of matlabPyrTools, and put it in your matlab path. It is MUCH faster and requires less memory.
WARNING: You should compile the MEX version of "innerProd.c",
         found in the MEX subdirectory of matlabPyrTools, and put it in your matlab path. It is MUCH faster and requires less memory.
WARNING: You should compile the MEX version of "innerProd.c",
         found in the MEX subdirectory of matlabPyrTools, and put it in your matlab path. It is MUCH faster and requires less memory.
WARNING: You should compile the MEX version of "innerProd.c",
         found in the MEX subdirectory of matlabPyrTools, and put it in your matlab path. It is MUCH faster and requires less memory.
WARNING: You should compile the MEX version of "innerProd.c",
         found in the MEX subdirectory of matlabPyrTools, and put it in your matlab path. It is MUCH faster and requires less memory.
WARNING: You should compile the MEX version of "innerProd.c",
         found in the MEX subdirectory of matlabPyrTools, and put it in your matlab path. It is MUCH faster and requires less memory.
WARNING: You should compile the MEX version of "innerProd.c",
         found in the MEX subdirectory of matlabPyrTools, and put it in your matlab path. It is MUCH faster and requires less memory.
WARNING: You should compile the MEX version of "innerProd.c",
         found in the MEX subdirectory of matlabPyrTools, and put it in your matlab path. It is MUCH faster and requires less memory.
WARNING: You should compile the MEX version of "innerProd.c",
         found in the MEX subdirectory of matlabPyrTools, and put it in your matlab path. It is MUCH faster and requires less memory.
WARNING: You should compile the MEX version of "innerProd.c",
         found in the MEX subdirectory of matlabPyrTools, and put it in your matlab path. It is MUCH faster and requires less memory.
WARNING: You should compile the MEX version of "innerProd.c",
         found in the MEX subdirectory of matlabPyrTools, and put it in your matlab path. It is MUCH faster and requires less memory.
WARNING: You should compile the MEX version of "innerProd.c",
         found in the MEX subdirectory of matlabPyrTools, and put it in your matlab path. It is MUCH faster and requires less memory.
WARNING: You should compile the MEX version of "innerProd.c",
         found in the MEX subdirectory of matlabPyrTools, and put it in your matlab path. It is MUCH faster and requires less memory.
WARNING: You should compile the MEX version of "innerProd.c",
         found in the MEX subdirectory of matlabPyrTools, and put it in your matlab path. It is MUCH faster and requires less memory.
Accuracy = 0% (0/1) (classification)
Mean squared error = 517.667 (regression)
Squared correlation coefficient = -1.#IND (regression)
Mean squared error = 2390.23 (regression)
Squared correlation coefficient = -1.#IND (regression)
Mean squared error = 21.5694 (regression)
Squared correlation coefficient = -1.#IND (regression)
Mean squared error = 719.707 (regression)
Squared correlation coefficient = -1.#IND (regression)
Mean squared error = 2403.09 (regression)
Squared correlation coefficient = -1.#IND (regression)

ans =

D:\yy\yy_1500001.bmp

WARNING: You should compile the MEX version of "innerProd.c",
         found in the MEX subdirectory of matlabPyrTools, and put it in your matlab path. It is MUCH faster and requires less memory.
WARNING: You should compile the MEX version of "innerProd.c",
         found in the MEX subdirectory of matlabPyrTools, and put it in your matlab path. It is MUCH faster and requires less memory.
WARNING: You should compile the MEX version of "innerProd.c",
         found in the MEX subdirectory of matlabPyrTools, and put it in your matlab path. It is MUCH faster and requires less memory.
WARNING: You should compile the MEX version of "innerProd.c",
         found in the MEX subdirectory of matlabPyrTools, and put it in your matlab path. It is MUCH faster and requires less memory.
WARNING: You should compile the MEX version of "innerProd.c",
         found in the MEX subdirectory of matlabPyrTools, and put it in your matlab path. It is MUCH faster and requires less memory.
WARNING: You should compile the MEX version of "innerProd.c",
         found in the MEX subdirectory of matlabPyrTools, and put it in your matlab path. It is MUCH faster and requires less memory.
WARNING: You should compile the MEX version of "innerProd.c",
         found in the MEX subdirectory of matlabPyrTools, and put it in your matlab path. It is MUCH faster and requires less memory.
Accuracy = 0% (0/1) (classification)
Mean squared error = 7555.64 (regression)
Squared correlation coefficient = -1.#IND (regression)
Mean squared error = 9923.83 (regression)
Squared correlation coefficient = -1.#IND (regression)
Mean squared error = 1485.63 (regression)
Squared correlation coefficient = -1.#IND (regression)
Mean squared error = 2621.31 (regression)
Squared correlation coefficient = -1.#IND (regression)
Mean squared error = 3633.61 (regression)
Squared correlation coefficient = -1.#IND (regression)

ans =

D:\yy\yy_1600001.bmp

WARNING: You should compile the MEX version of "innerProd.c",
         found in the MEX subdirectory of matlabPyrTools, and put it in your matlab path. It is MUCH faster and requires less memory.
Accuracy = 0% (0/1) (classification)
WARNING: You should compile the MEX version of "innerProd.c",
         found in the MEX subdirectory of matlabPyrTools, and put it in your matlab path. It is MUCH faster and requires less memory.
WARNING: You should compile the MEX version of "innerProd.c",
         found in the MEX subdirectory of matlabPyrTools, and put it in your matlab path. It is MUCH faster and requires less memory.
Accuracy = 0% (0/1) (classification)
Accuracy = 0% (0/1) (classification)
Mean squared error = 7176.73 (regression)
Squared correlation coefficient = -1.#IND (regression)
Mean squared error = 11857 (regression)
Squared correlation coefficient = -1.#IND (regression)
Mean squared error = 1179.3 (regression)
Squared correlation coefficient = -1.#IND (regression)
Mean squared error = 3066.14 (regression)
Squared correlation coefficient = -1.#IND (regression)
Mean squared error = 5281.03 (regression)
Squared correlation coefficient = -1.#IND (regression)
Mean squared error = 4117.66 (regression)
Squared correlation coefficient = -1.#IND (regression)
Mean squared error = 7015.94 (regression)
Squared correlation coefficient = -1.#IND (regression)
Mean squared error = 311.462 (regression)
Squared correlation coefficient = -1.#IND (regression)
Mean squared error = 1036.84 (regression)
Squared correlation coefficient = -1.#IND (regression)
Mean squared error = 2465.28 (regression)
Squared correlation coefficient = -1.#IND (regression)

ans =

D:\yy\yy_1000001.bmp

WARNING: You should compile the MEX version of "innerProd.c",
         found in the MEX subdirectory of matlabPyrTools, and put it in your matlab path. It is MUCH faster and requires less memory.
WARNING: You should compile the MEX version of "innerProd.c",
         found in the MEX subdirectory of matlabPyrTools, and put it in your matlab path. It is MUCH faster and requires less memory.
WARNING: You should compile the MEX version of "innerProd.c",
         found in the MEX subdirectory of matlabPyrTools, and put it in your matlab path. It is MUCH faster and requires less memory.
Accuracy = 0% (0/1) (classification)
Mean squared error = 3855.82 (regression)
Squared correlation coefficient = -1.#IND (regression)
Mean squared error = 9079.21 (regression)
Squared correlation coefficient = -1.#IND (regression)
Mean squared error = 498.751 (regression)
Squared correlation coefficient = -1.#IND (regression)
Mean squared error = 1780.29 (regression)
Squared correlation coefficient = -1.#IND (regression)
Mean squared error = 4075.28 (regression)
Squared correlation coefficient = -1.#IND (regression)

ans =

D:\yy\yy_0800001.bmp

WARNING: You should compile the MEX version of "innerProd.c",
         found in the MEX subdirectory of matlabPyrTools, and put it in your matlab path. It is MUCH faster and requires less memory.
WARNING: You should compile the MEX version of "innerProd.c",
         found in the MEX subdirectory of matlabPyrTools, and put it in your matlab path. It is MUCH faster and requires less memory.
WARNING: You should compile the MEX version of "innerProd.c",
         found in the MEX subdirectory of matlabPyrTools, and put it in your matlab path. It is MUCH faster and requires less memory.

ans =

D:\yy\yy_1700001.bmp

WARNING: You should compile the MEX version of "innerProd.c",
         found in the MEX subdirectory of matlabPyrTools, and put it in your matlab path. It is MUCH faster and requires less memory.
WARNING: You should compile the MEX version of "innerProd.c",
         found in the MEX subdirectory of matlabPyrTools, and put it in your matlab path. It is MUCH faster and requires less memory.
WARNING: You should compile the MEX version of "innerProd.c",
         found in the MEX subdirectory of matlabPyrTools, and put it in your matlab path. It is MUCH faster and requires less memory.
WARNING: You should compile the MEX version of "innerProd.c",
         found in the MEX subdirectory of matlabPyrTools, and put it in your matlab path. It is MUCH faster and requires less memory.
Mean squared error = 97.7665 (regression)
Squared correlation coefficient = -1.#IND (regression)
Mean squared error = 4980.35 (regression)
Squared correlation coefficient = -1.#IND (regression)
Mean squared error = 1057.32 (regression)
Squared correlation coefficient = -1.#IND (regression)
Mean squared error = 37.8337 (regression)
Squared correlation coefficient = -1.#IND (regression)
Mean squared error = 778.732 (regression)
Squared correlation coefficient = -1.#IND (regression)

ans =

D:\yy\yy_0200001.bmp

WARNING: You should compile the MEX version of "innerProd.c",
         found in the MEX subdirectory of matlabPyrTools, and put it in your matlab path. It is MUCH faster and requires less memory.
WARNING: You should compile the MEX version of "innerProd.c",
         found in the MEX subdirectory of matlabPyrTools, and put it in your matlab path. It is MUCH faster and requires less memory.
WARNING: You should compile the MEX version of "innerProd.c",
         found in the MEX subdirectory of matlabPyrTools, and put it in your matlab path. It is MUCH faster and requires less memory.
WARNING: You should compile the MEX version of "innerProd.c",
         found in the MEX subdirectory of matlabPyrTools, and put it in your matlab path. It is MUCH faster and requires less memory.
Accuracy = 100% (1/1) (classification)
WARNING: You should compile the MEX version of "innerProd.c",
         found in the MEX subdirectory of matlabPyrTools, and put it in your matlab path. It is MUCH faster and requires less memory.
WARNING: You should compile the MEX version of "innerProd.c",
         found in the MEX subdirectory of matlabPyrTools, and put it in your matlab path. It is MUCH faster and requires less memory.
WARNING: You should compile the MEX version of "innerProd.c",
         found in the MEX subdirectory of matlabPyrTools, and put it in your matlab path. It is MUCH faster and requires less memory.
WARNING: You should compile the MEX version of "innerProd.c",
         found in the MEX subdirectory of matlabPyrTools, and put it in your matlab path. It is MUCH faster and requires less memory.
WARNING: You should compile the MEX version of "innerProd.c",
         found in the MEX subdirectory of matlabPyrTools, and put it in your matlab path. It is MUCH faster and requires less memory.
WARNING: You should compile the MEX version of "innerProd.c",
         found in the MEX subdirectory of matlabPyrTools, and put it in your matlab path. It is MUCH faster and requires less memory.
WARNING: You should compile the MEX version of "innerProd.c",
         found in the MEX subdirectory of matlabPyrTools, and put it in your matlab path. It is MUCH faster and requires less memory.
WARNING: You should compile the MEX version of "innerProd.c",
         found in the MEX subdirectory of matlabPyrTools, and put it in your matlab path. It is MUCH faster and requires less memory.
WARNING: You should compile the MEX version of "innerProd.c",
         found in the MEX subdirectory of matlabPyrTools, and put it in your matlab path. It is MUCH faster and requires less memory.
WARNING: You should compile the MEX version of "innerProd.c",
         found in the MEX subdirectory of matlabPyrTools, and put it in your matlab path. It is MUCH faster and requires less memory.
Accuracy = 0% (0/1) (classification)
Mean squared error = 251.241 (regression)
Squared correlation coefficient = -1.#IND (regression)
Mean squared error = 1877.98 (regression)
Squared correlation coefficient = -1.#IND (regression)
Mean squared error = 44.4475 (regression)
Squared correlation coefficient = -1.#IND (regression)
Mean squared error = 294.984 (regression)
Squared correlation coefficient = -1.#IND (regression)
Mean squared error = 1056.13 (regression)
Squared correlation coefficient = -1.#IND (regression)

ans =

D:\yy\yy_0600001.bmp

WARNING: You should compile the MEX version of "innerProd.c",
         found in the MEX subdirectory of matlabPyrTools, and put it in your matlab path. It is MUCH faster and requires less memory.
WARNING: You should compile the MEX version of "innerProd.c",
         found in the MEX subdirectory of matlabPyrTools, and put it in your matlab path. It is MUCH faster and requires less memory.
WARNING: You should compile the MEX version of "innerProd.c",
         found in the MEX subdirectory of matlabPyrTools, and put it in your matlab path. It is MUCH faster and requires less memory.
WARNING: You should compile the MEX version of "innerProd.c",
         found in the MEX subdirectory of matlabPyrTools, and put it in your matlab path. It is MUCH faster and requires less memory.
WARNING: You should compile the MEX version of "innerProd.c",
         found in the MEX subdirectory of matlabPyrTools, and put it in your matlab path. It is MUCH faster and requires less memory.
WARNING: You should compile the MEX version of "innerProd.c",
         found in the MEX subdirectory of matlabPyrTools, and put it in your matlab path. It is MUCH faster and requires less memory.
WARNING: You should compile the MEX version of "innerProd.c",
         found in the MEX subdirectory of matlabPyrTools, and put it in your matlab path. It is MUCH faster and requires less memory.
WARNING: You should compile the MEX version of "innerProd.c",
         found in the MEX subdirectory of matlabPyrTools, and put it in your matlab path. It is MUCH faster and requires less memory.
WARNING: You should compile the MEX version of "innerProd.c",
         found in the MEX subdirectory of matlabPyrTools, and put it in your matlab path. It is MUCH faster and requires less memory.
WARNING: You should compile the MEX version of "innerProd.c",
         found in the MEX subdirectory of matlabPyrTools, and put it in your matlab path. It is MUCH faster and requires less memory.
WARNING: You should compile the MEX version of "innerProd.c",
         found in the MEX subdirectory of matlabPyrTools, and put it in your matlab path. It is MUCH faster and requires less memory.
WARNING: You should compile the MEX version of "innerProd.c",
         found in the MEX subdirectory of matlabPyrTools, and put it in your matlab path. It is MUCH faster and requires less memory.
WARNING: You should compile the MEX version of "innerProd.c",
         found in the MEX subdirectory of matlabPyrTools, and put it in your matlab path. It is MUCH faster and requires less memory.
WARNING: You should compile the MEX version of "innerProd.c",
         found in the MEX subdirectory of matlabPyrTools, and put it in your matlab path. It is MUCH faster and requires less memory.
WARNING: You should compile the MEX version of "innerProd.c",
         found in the MEX subdirectory of matlabPyrTools, and put it in your matlab path. It is MUCH faster and requires less memory.
Mean squared error = 41.7585 (regression)
Squared correlation coefficient = -1.#IND (regression)
Mean squared error = 2129.35 (regression)
Squared correlation coefficient = -1.#IND (regression)
Mean squared error = 171.008 (regression)
Squared correlation coefficient = -1.#IND (regression)
Mean squared error = 158.48 (regression)
Squared correlation coefficient = -1.#IND (regression)
Mean squared error = 382.041 (regression)
Squared correlation coefficient = -1.#IND (regression)

ans =

D:\yy\yy_0400001.bmp

WARNING: You should compile the MEX version of "innerProd.c",
         found in the MEX subdirectory of matlabPyrTools, and put it in your matlab path. It is MUCH faster and requires less memory.
WARNING: You should compile the MEX version of "innerProd.c",
         found in the MEX subdirectory of matlabPyrTools, and put it in your matlab path. It is MUCH faster and requires less memory.
WARNING: You should compile the MEX version of "innerProd.c",
         found in the MEX subdirectory of matlabPyrTools, and put it in your matlab path. It is MUCH faster and requires less memory.
WARNING: You should compile the MEX version of "innerProd.c",
         found in the MEX subdirectory of matlabPyrTools, and put it in your matlab path. It is MUCH faster and requires less memory.
WARNING: You should compile the MEX version of "innerProd.c",
         found in the MEX subdirectory of matlabPyrTools, and put it in your matlab path. It is MUCH faster and requires less memory.
WARNING: You should compile the MEX version of "innerProd.c",
         found in the MEX subdirectory of matlabPyrTools, and put it in your matlab path. It is MUCH faster and requires less memory.
WARNING: You should compile the MEX version of "innerProd.c",
         found in the MEX subdirectory of matlabPyrTools, and put it in your matlab path. It is MUCH faster and requires less memory.
WARNING: You should compile the MEX version of "innerProd.c",
         found in the MEX subdirectory of matlabPyrTools, and put it in your matlab path. It is MUCH faster and requires less memory.
WARNING: You should compile the MEX version of "innerProd.c",
         found in the MEX subdirectory of matlabPyrTools, and put it in your matlab path. It is MUCH faster and requires less memory.
WARNING: You should compile the MEX version of "innerProd.c",
         found in the MEX subdirectory of matlabPyrTools, and put it in your matlab path. It is MUCH faster and requires less memory.
WARNING: You should compile the MEX version of "innerProd.c",
         found in the MEX subdirectory of matlabPyrTools, and put it in your matlab path. It is MUCH faster and requires less memory.
WARNING: You should compile the MEX version of "innerProd.c",
         found in the MEX subdirectory of matlabPyrTools, and put it in your matlab path. It is MUCH faster and requires less memory.
WARNING: You should compile the MEX version of "innerProd.c",
         found in the MEX subdirectory of matlabPyrTools, and put it in your matlab path. It is MUCH faster and requires less memory.
WARNING: You should compile the MEX version of "innerProd.c",
         found in the MEX subdirectory of matlabPyrTools, and put it in your matlab path. It is MUCH faster and requires less memory.
WARNING: You should compile the MEX version of "innerProd.c",
         found in the MEX subdirectory of matlabPyrTools, and put it in your matlab path. It is MUCH faster and requires less memory.
WARNING: You should compile the MEX version of "innerProd.c",
         found in the MEX subdirectory of matlabPyrTools, and put it in your matlab path. It is MUCH faster and requires less memory.
WARNING: You should compile the MEX version of "innerProd.c",
         found in the MEX subdirectory of matlabPyrTools, and put it in your matlab path. It is MUCH faster and requires less memory.
WARNING: You should compile the MEX version of "innerProd.c",
         found in the MEX subdirectory of matlabPyrTools, and put it in your matlab path. It is MUCH faster and requires less memory.
WARNING: You should compile the MEX version of "innerProd.c",
         found in the MEX subdirectory of matlabPyrTools, and put it in your matlab path. It is MUCH faster and requires less memory.
WARNING: You should compile the MEX version of "innerProd.c",
         found in the MEX subdirectory of matlabPyrTools, and put it in your matlab path. It is MUCH faster and requires less memory.
WARNING: You should compile the MEX version of "innerProd.c",
         found in the MEX subdirectory of matlabPyrTools, and put it in your matlab path. It is MUCH faster and requires less memory.
WARNING: You should compile the MEX version of "innerProd.c",
         found in the MEX subdirectory of matlabPyrTools, and put it in your matlab path. It is MUCH faster and requires less memory.
WARNING: You should compile the MEX version of "innerProd.c",
         found in the MEX subdirectory of matlabPyrTools, and put it in your matlab path. It is MUCH faster and requires less memory.
WARNING: You should compile the MEX version of "innerProd.c",
         found in the MEX subdirectory of matlabPyrTools, and put it in your matlab path. It is MUCH faster and requires less memory.
WARNING: You should compile the MEX version of "innerProd.c",
         found in the MEX subdirectory of matlabPyrTools, and put it in your matlab path. It is MUCH faster and requires less memory.
WARNING: You should compile the MEX version of "innerProd.c",
         found in the MEX subdirectory of matlabPyrTools, and put it in your matlab path. It is MUCH faster and requires less memory.
WARNING: You should compile the MEX version of "innerProd.c",
         found in the MEX subdirectory of matlabPyrTools, and put it in your matlab path. It is MUCH faster and requires less memory.
WARNING: You should compile the MEX version of "innerProd.c",
         found in the MEX subdirectory of matlabPyrTools, and put it in your matlab path. It is MUCH faster and requires less memory.
WARNING: You should compile the MEX version of "innerProd.c",
         found in the MEX subdirectory of matlabPyrTools, and put it in your matlab path. It is MUCH faster and requires less memory.
WARNING: You should compile the MEX version of "innerProd.c",
         found in the MEX subdirectory of matlabPyrTools, and put it in your matlab path. It is MUCH faster and requires less memory.
WARNING: You should compile the MEX version of "innerProd.c",
         found in the MEX subdirectory of matlabPyrTools, and put it in your matlab path. It is MUCH faster and requires less memory.
WARNING: You should compile the MEX version of "innerProd.c",
         found in the MEX subdirectory of matlabPyrTools, and put it in your matlab path. It is MUCH faster and requires less memory.
WARNING: You should compile the MEX version of "innerProd.c",
         found in the MEX subdirectory of matlabPyrTools, and put it in your matlab path. It is MUCH faster and requires less memory.
Accuracy = 0% (0/1) (classification)
Mean squared error = 623.39 (regression)
Squared correlation coefficient = -1.#IND (regression)
Mean squared error = 3504.56 (regression)
Squared correlation coefficient = -1.#IND (regression)
Mean squared error = 326.636 (regression)
Squared correlation coefficient = -1.#IND (regression)
Mean squared error = 584.758 (regression)
Squared correlation coefficient = -1.#IND (regression)
Mean squared error = 2166.52 (regression)
Squared correlation coefficient = -1.#IND (regression)

ans =

D:\yy\yy_1800001.bmp

WARNING: You should compile the MEX version of "innerProd.c",
         found in the MEX subdirectory of matlabPyrTools, and put it in your matlab path. It is MUCH faster and requires less memory.
WARNING: You should compile the MEX version of "innerProd.c",
         found in the MEX subdirectory of matlabPyrTools, and put it in your matlab path. It is MUCH faster and requires less memory.
WARNING: You should compile the MEX version of "innerProd.c",
         found in the MEX subdirectory of matlabPyrTools, and put it in your matlab path. It is MUCH faster and requires less memory.
WARNING: You should compile the MEX version of "innerProd.c",
         found in the MEX subdirectory of matlabPyrTools, and put it in your matlab path. It is MUCH faster and requires less memory.
WARNING: You should compile the MEX version of "innerProd.c",
         found in the MEX subdirectory of matlabPyrTools, and put it in your matlab path. It is MUCH faster and requires less memory.
WARNING: You should compile the MEX version of "innerProd.c",
         found in the MEX subdirectory of matlabPyrTools, and put it in your matlab path. It is MUCH faster and requires less memory.
WARNING: You should compile the MEX version of "innerProd.c",
         found in the MEX subdirectory of matlabPyrTools, and put it in your matlab path. It is MUCH faster and requires less memory.
WARNING: You should compile the MEX version of "innerProd.c",
         found in the MEX subdirectory of matlabPyrTools, and put it in your matlab path. It is MUCH faster and requires less memory.
WARNING: You should compile the MEX version of "innerProd.c",
         found in the MEX subdirectory of matlabPyrTools, and put it in your matlab path. It is MUCH faster and requires less memory.
WARNING: You should compile the MEX version of "innerProd.c",
         found in the MEX subdirectory of matlabPyrTools, and put it in your matlab path. It is MUCH faster and requires less memory.
WARNING: You should compile the MEX version of "innerProd.c",
         found in the MEX subdirectory of matlabPyrTools, and put it in your matlab path. It is MUCH faster and requires less memory.
WARNING: You should compile the MEX version of "innerProd.c",
         found in the MEX subdirectory of matlabPyrTools, and put it in your matlab path. It is MUCH faster and requires less memory.
WARNING: You should compile the MEX version of "innerProd.c",
         found in the MEX subdirectory of matlabPyrTools, and put it in your matlab path. It is MUCH faster and requires less memory.
WARNING: You should compile the MEX version of "innerProd.c",
         found in the MEX subdirectory of matlabPyrTools, and put it in your matlab path. It is MUCH faster and requires less memory.
WARNING: You should compile the MEX version of "innerProd.c",
         found in the MEX subdirectory of matlabPyrTools, and put it in your matlab path. It is MUCH faster and requires less memory.
Accuracy = 100% (1/1) (classification)
Mean squared error = 1369.79 (regression)
Squared correlation coefficient = -1.#IND (regression)
Mean squared error = 4427.71 (regression)
Squared correlation coefficient = -1.#IND (regression)
Mean squared error = 43.7189 (regression)
Squared correlation coefficient = -1.#IND (regression)
Mean squared error = 370.867 (regression)
Squared correlation coefficient = -1.#IND (regression)
Mean squared error = 1437.11 (regression)
Squared correlation coefficient = -1.#IND (regression)
WARNING: You should compile the MEX version of "innerProd.c",
         found in the MEX subdirectory of matlabPyrTools, and put it in your matlab path. It is MUCH faster and requires less memory.
WARNING: You should compile the MEX version of "innerProd.c",
         found in the MEX subdirectory of matlabPyrTools, and put it in your matlab path. It is MUCH faster and requires less memory.
WARNING: You should compile the MEX version of "innerProd.c",
         found in the MEX subdirectory of matlabPyrTools, and put it in your matlab path. It is MUCH faster and requires less memory.
Accuracy = 0% (0/1) (classification)
Mean squared error = 90.1762 (regression)
Squared correlation coefficient = -1.#IND (regression)
Mean squared error = 290.944 (regression)
Squared correlation coefficient = -1.#IND (regression)
Mean squared error = 17.4882 (regression)
Squared correlation coefficient = -1.#IND (regression)
Mean squared error = 187.449 (regression)
Squared correlation coefficient = -1.#IND (regression)
Mean squared error = 549.984 (regression)
Squared correlation coefficient = -1.#IND (regression)
WARNING: You should compile the MEX version of "innerProd.c",
         found in the MEX subdirectory of matlabPyrTools, and put it in your matlab path. It is MUCH faster and requires less memory.
Accuracy = 100% (1/1) (classification)
Mean squared error = 1816.52 (regression)
Squared correlation coefficient = -1.#IND (regression)
Mean squared error = 6633.9 (regression)
Squared correlation coefficient = -1.#IND (regression)
Mean squared error = 484.948 (regression)
Squared correlation coefficient = -1.#IND (regression)
Mean squared error = 672.822 (regression)
Squared correlation coefficient = -1.#IND (regression)
Mean squared error = 3490.04 (regression)
Squared correlation coefficient = -1.#IND (regression)
WARNING: You should compile the MEX version of "innerProd.c",
         found in the MEX subdirectory of matlabPyrTools, and put it in your matlab path. It is MUCH faster and requires less memory.
WARNING: You should compile the MEX version of "innerProd.c",
         found in the MEX subdirectory of matlabPyrTools, and put it in your matlab path. It is MUCH faster and requires less memory.
WARNING: You should compile the MEX version of "innerProd.c",
         found in the MEX subdirectory of matlabPyrTools, and put it in your matlab path. It is MUCH faster and requires less memory.
Accuracy = 0% (0/1) (classification)
Mean squared error = 2697.62 (regression)
Squared correlation coefficient = -1.#IND (regression)
Mean squared error = 1470.03 (regression)
Squared correlation coefficient = -1.#IND (regression)
Mean squared error = 107.77 (regression)
Squared correlation coefficient = -1.#IND (regression)
Mean squared error = 2828.38 (regression)
Squared correlation coefficient = -1.#IND (regression)
Mean squared error = 6014.8 (regression)
Squared correlation coefficient = -1.#IND (regression)
WARNING: You should compile the MEX version of "innerProd.c",
         found in the MEX subdirectory of matlabPyrTools, and put it in your matlab path. It is MUCH faster and requires less memory.
WARNING: You should compile the MEX version of "innerProd.c",
         found in the MEX subdirectory of matlabPyrTools, and put it in your matlab path. It is MUCH faster and requires less memory.
WARNING: You should compile the MEX version of "innerProd.c",
         found in the MEX subdirectory of matlabPyrTools, and put it in your matlab path. It is MUCH faster and requires less memory.
Accuracy = 0% (0/1) (classification)
Mean squared error = 258.491 (regression)
Squared correlation coefficient = -1.#IND (regression)
Mean squared error = 2585.45 (regression)
Squared correlation coefficient = -1.#IND (regression)
Mean squared error = 56.0623 (regression)
Squared correlation coefficient = -1.#IND (regression)
Mean squared error = 548.142 (regression)
Squared correlation coefficient = -1.#IND (regression)
Mean squared error = 1697.72 (regression)
Squared correlation coefficient = -1.#IND (regression)
WARNING: You should compile the MEX version of "innerProd.c",
         found in the MEX subdirectory of matlabPyrTools, and put it in your matlab path. It is MUCH faster and requires less memory.
WARNING: You should compile the MEX version of "innerProd.c",
         found in the MEX subdirectory of matlabPyrTools, and put it in your matlab path. It is MUCH faster and requires less memory.
Accuracy = 0% (0/1) (classification)
Mean squared error = 109.2 (regression)
Squared correlation coefficient = -1.#IND (regression)
Mean squared error = 1579.65 (regression)
Squared correlation coefficient = -1.#IND (regression)
Mean squared error = 340.822 (regression)
Squared correlation coefficient = -1.#IND (regression)
Mean squared error = 84.6766 (regression)
Squared correlation coefficient = -1.#IND (regression)
Mean squared error = 23.9313 (regression)
Squared correlation coefficient = -1.#IND (regression)
Accuracy = 0% (0/1) (classification)
Mean squared error = 995.641 (regression)
Squared correlation coefficient = -1.#IND (regression)
Mean squared error = 1171.83 (regression)
Squared correlation coefficient = -1.#IND (regression)
Mean squared error = 108.905 (regression)
Squared correlation coefficient = -1.#IND (regression)
Mean squared error = 819.732 (regression)
Squared correlation coefficient = -1.#IND (regression)
Mean squared error = 2327.79 (regression)
Squared correlation coefficient = -1.#IND (regression)
Accuracy = 0% (0/1) (classification)
Mean squared error = 1338.64 (regression)
Squared correlation coefficient = -1.#IND (regression)
Mean squared error = 3164.04 (regression)
Squared correlation coefficient = -1.#IND (regression)
Mean squared error = 60.6221 (regression)
Squared correlation coefficient = -1.#IND (regression)
Mean squared error = 1027.54 (regression)
Squared correlation coefficient = -1.#IND (regression)
Mean squared error = 2976.78 (regression)
Squared correlation coefficient = -1.#IND (regression)

outpath =

D:\yy.csv


ans =

D:\yy.csv


ans =

D:\yy


csv_rootpath =

D:\

Reading the bmp list

name =

yy


ans =

D:\yy\yy_1200001.bmp

WARNING: You should compile the MEX version of "innerProd.c",
         found in the MEX subdirectory of matlabPyrTools, and put it in your matlab path. It is MUCH faster and requires less memory.

ans =

D:\yy\yy_1400001.bmp

WARNING: You should compile the MEX version of "innerProd.c",
         found in the MEX subdirectory of matlabPyrTools, and put it in your matlab path. It is MUCH faster and requires less memory.

ans =

D:\yy\yy_1100001.bmp

WARNING: You should compile the MEX version of "innerProd.c",
         found in the MEX subdirectory of matlabPyrTools, and put it in your matlab path. It is MUCH faster and requires less memory.

ans =

D:\yy\yy_0700001.bmp

WARNING: You should compile the MEX version of "innerProd.c",
         found in the MEX subdirectory of matlabPyrTools, and put it in your matlab path. It is MUCH faster and requires less memory.

ans =

D:\yy\yy_0300001.bmp

WARNING: You should compile the MEX version of "innerProd.c",
         found in the MEX subdirectory of matlabPyrTools, and put it in your matlab path. It is MUCH faster and requires less memory.

ans =

D:\yy\yy_0900001.bmp

WARNING: You should compile the MEX version of "innerProd.c",
         found in the MEX subdirectory of matlabPyrTools, and put it in your matlab path. It is MUCH faster and requires less memory.

ans =

D:\yy\yy_0500001.bmp

WARNING: You should compile the MEX version of "innerProd.c",
         found in the MEX subdirectory of matlabPyrTools, and put it in your matlab path. It is MUCH faster and requires less memory.

ans =

D:\yy\yy_1300001.bmp

WARNING: You should compile the MEX version of "innerProd.c",
         found in the MEX subdirectory of matlabPyrTools, and put it in your matlab path. It is MUCH faster and requires less memory.
WARNING: You should compile the MEX version of "innerProd.c",
         found in the MEX subdirectory of matlabPyrTools, and put it in your matlab path. It is MUCH faster and requires less memory.
WARNING: You should compile the MEX version of "innerProd.c",
         found in the MEX subdirectory of matlabPyrTools, and put it in your matlab path. It is MUCH faster and requires less memory.
WARNING: You should compile the MEX version of "innerProd.c",
         found in the MEX subdirectory of matlabPyrTools, and put it in your matlab path. It is MUCH faster and requires less memory.
WARNING: You should compile the MEX version of "innerProd.c",
         found in the MEX subdirectory of matlabPyrTools, and put it in your matlab path. It is MUCH faster and requires less memory.
WARNING: You should compile the MEX version of "innerProd.c",
         found in the MEX subdirectory of matlabPyrTools, and put it in your matlab path. It is MUCH faster and requires less memory.
WARNING: You should compile the MEX version of "innerProd.c",
         found in the MEX subdirectory of matlabPyrTools, and put it in your matlab path. It is MUCH faster and requires less memory.
WARNING: You should compile the MEX version of "innerProd.c",
         found in the MEX subdirectory of matlabPyrTools, and put it in your matlab path. It is MUCH faster and requires less memory.
WARNING: You should compile the MEX version of "innerProd.c",
         found in the MEX subdirectory of matlabPyrTools, and put it in your matlab path. It is MUCH faster and requires less memory.
WARNING: You should compile the MEX version of "innerProd.c",
         found in the MEX subdirectory of matlabPyrTools, and put it in your matlab path. It is MUCH faster and requires less memory.
WARNING: You should compile the MEX version of "innerProd.c",
         found in the MEX subdirectory of matlabPyrTools, and put it in your matlab path. It is MUCH faster and requires less memory.
WARNING: You should compile the MEX version of "innerProd.c",
         found in the MEX subdirectory of matlabPyrTools, and put it in your matlab path. It is MUCH faster and requires less memory.
WARNING: You should compile the MEX version of "innerProd.c",
         found in the MEX subdirectory of matlabPyrTools, and put it in your matlab path. It is MUCH faster and requires less memory.
WARNING: You should compile the MEX version of "innerProd.c",
         found in the MEX subdirectory of matlabPyrTools, and put it in your matlab path. It is MUCH faster and requires less memory.
WARNING: You should compile the MEX version of "innerProd.c",
         found in the MEX subdirectory of matlabPyrTools, and put it in your matlab path. It is MUCH faster and requires less memory.
WARNING: You should compile the MEX version of "innerProd.c",
         found in the MEX subdirectory of matlabPyrTools, and put it in your matlab path. It is MUCH faster and requires less memory.
WARNING: You should compile the MEX version of "innerProd.c",
         found in the MEX subdirectory of matlabPyrTools, and put it in your matlab path. It is MUCH faster and requires less memory.
WARNING: You should compile the MEX version of "innerProd.c",
         found in the MEX subdirectory of matlabPyrTools, and put it in your matlab path. It is MUCH faster and requires less memory.
WARNING: You should compile the MEX version of "innerProd.c",
         found in the MEX subdirectory of matlabPyrTools, and put it in your matlab path. It is MUCH faster and requires less memory.
WARNING: You should compile the MEX version of "innerProd.c",
         found in the MEX subdirectory of matlabPyrTools, and put it in your matlab path. It is MUCH faster and requires less memory.
WARNING: You should compile the MEX version of "innerProd.c",
         found in the MEX subdirectory of matlabPyrTools, and put it in your matlab path. It is MUCH faster and requires less memory.
WARNING: You should compile the MEX version of "innerProd.c",
         found in the MEX subdirectory of matlabPyrTools, and put it in your matlab path. It is MUCH faster and requires less memory.
WARNING: You should compile the MEX version of "innerProd.c",
         found in the MEX subdirectory of matlabPyrTools, and put it in your matlab path. It is MUCH faster and requires less memory.
WARNING: You should compile the MEX version of "innerProd.c",
         found in the MEX subdirectory of matlabPyrTools, and put it in your matlab path. It is MUCH faster and requires less memory.
WARNING: You should compile the MEX version of "innerProd.c",
         found in the MEX subdirectory of matlabPyrTools, and put it in your matlab path. It is MUCH faster and requires less memory.
WARNING: You should compile the MEX version of "innerProd.c",
         found in the MEX subdirectory of matlabPyrTools, and put it in your matlab path. It is MUCH faster and requires less memory.
WARNING: You should compile the MEX version of "innerProd.c",
         found in the MEX subdirectory of matlabPyrTools, and put it in your matlab path. It is MUCH faster and requires less memory.
WARNING: You should compile the MEX version of "innerProd.c",
         found in the MEX subdirectory of matlabPyrTools, and put it in your matlab path. It is MUCH faster and requires less memory.
WARNING: You should compile the MEX version of "innerProd.c",
         found in the MEX subdirectory of matlabPyrTools, and put it in your matlab path. It is MUCH faster and requires less memory.
WARNING: You should compile the MEX version of "innerProd.c",
         found in the MEX subdirectory of matlabPyrTools, and put it in your matlab path. It is MUCH faster and requires less memory.
WARNING: You should compile the MEX version of "innerProd.c",
         found in the MEX subdirectory of matlabPyrTools, and put it in your matlab path. It is MUCH faster and requires less memory.
WARNING: You should compile the MEX version of "innerProd.c",
         found in the MEX subdirectory of matlabPyrTools, and put it in your matlab path. It is MUCH faster and requires less memory.
WARNING: You should compile the MEX version of "innerProd.c",
         found in the MEX subdirectory of matlabPyrTools, and put it in your matlab path. It is MUCH faster and requires less memory.
WARNING: You should compile the MEX version of "innerProd.c",
         found in the MEX subdirectory of matlabPyrTools, and put it in your matlab path. It is MUCH faster and requires less memory.
WARNING: You should compile the MEX version of "innerProd.c",
         found in the MEX subdirectory of matlabPyrTools, and put it in your matlab path. It is MUCH faster and requires less memory.
WARNING: You should compile the MEX version of "innerProd.c",
         found in the MEX subdirectory of matlabPyrTools, and put it in your matlab path. It is MUCH faster and requires less memory.
WARNING: You should compile the MEX version of "innerProd.c",
         found in the MEX subdirectory of matlabPyrTools, and put it in your matlab path. It is MUCH faster and requires less memory.
WARNING: You should compile the MEX version of "innerProd.c",
         found in the MEX subdirectory of matlabPyrTools, and put it in your matlab path. It is MUCH faster and requires less memory.
WARNING: You should compile the MEX version of "innerProd.c",
         found in the MEX subdirectory of matlabPyrTools, and put it in your matlab path. It is MUCH faster and requires less memory.
WARNING: You should compile the MEX version of "innerProd.c",
         found in the MEX subdirectory of matlabPyrTools, and put it in your matlab path. It is MUCH faster and requires less memory.
WARNING: You should compile the MEX version of "innerProd.c",
         found in the MEX subdirectory of matlabPyrTools, and put it in your matlab path. It is MUCH faster and requires less memory.
WARNING: You should compile the MEX version of "innerProd.c",
         found in the MEX subdirectory of matlabPyrTools, and put it in your matlab path. It is MUCH faster and requires less memory.
WARNING: You should compile the MEX version of "innerProd.c",
         found in the MEX subdirectory of matlabPyrTools, and put it in your matlab path. It is MUCH faster and requires less memory.
WARNING: You should compile the MEX version of "innerProd.c",
         found in the MEX subdirectory of matlabPyrTools, and put it in your matlab path. It is MUCH faster and requires less memory.
WARNING: You should compile the MEX version of "innerProd.c",
         found in the MEX subdirectory of matlabPyrTools, and put it in your matlab path. It is MUCH faster and requires less memory.
WARNING: You should compile the MEX version of "innerProd.c",
         found in the MEX subdirectory of matlabPyrTools, and put it in your matlab path. It is MUCH faster and requires less memory.
WARNING: You should compile the MEX version of "innerProd.c",
         found in the MEX subdirectory of matlabPyrTools, and put it in your matlab path. It is MUCH faster and requires less memory.
WARNING: You should compile the MEX version of "innerProd.c",
         found in the MEX subdirectory of matlabPyrTools, and put it in your matlab path. It is MUCH faster and requires less memory.
WARNING: You should compile the MEX version of "innerProd.c",
         found in the MEX subdirectory of matlabPyrTools, and put it in your matlab path. It is MUCH faster and requires less memory.
WARNING: You should compile the MEX version of "innerProd.c",
         found in the MEX subdirectory of matlabPyrTools, and put it in your matlab path. It is MUCH faster and requires less memory.
WARNING: You should compile the MEX version of "innerProd.c",
         found in the MEX subdirectory of matlabPyrTools, and put it in your matlab path. It is MUCH faster and requires less memory.
WARNING: You should compile the MEX version of "innerProd.c",
         found in the MEX subdirectory of matlabPyrTools, and put it in your matlab path. It is MUCH faster and requires less memory.
WARNING: You should compile the MEX version of "innerProd.c",
         found in the MEX subdirectory of matlabPyrTools, and put it in your matlab path. It is MUCH faster and requires less memory.
WARNING: You should compile the MEX version of "innerProd.c",
         found in the MEX subdirectory of matlabPyrTools, and put it in your matlab path. It is MUCH faster and requires less memory.
WARNING: You should compile the MEX version of "innerProd.c",
         found in the MEX subdirectory of matlabPyrTools, and put it in your matlab path. It is MUCH faster and requires less memory.
WARNING: You should compile the MEX version of "innerProd.c",
         found in the MEX subdirectory of matlabPyrTools, and put it in your matlab path. It is MUCH faster and requires less memory.
WARNING: You should compile the MEX version of "innerProd.c",
         found in the MEX subdirectory of matlabPyrTools, and put it in your matlab path. It is MUCH faster and requires less memory.
WARNING: You should compile the MEX version of "innerProd.c",
         found in the MEX subdirectory of matlabPyrTools, and put it in your matlab path. It is MUCH faster and requires less memory.
WARNING: You should compile the MEX version of "innerProd.c",
         found in the MEX subdirectory of matlabPyrTools, and put it in your matlab path. It is MUCH faster and requires less memory.
WARNING: You should compile the MEX version of "innerProd.c",
         found in the MEX subdirectory of matlabPyrTools, and put it in your matlab path. It is MUCH faster and requires less memory.
WARNING: You should compile the MEX version of "innerProd.c",
         found in the MEX subdirectory of matlabPyrTools, and put it in your matlab path. It is MUCH faster and requires less memory.
WARNING: You should compile the MEX version of "innerProd.c",
         found in the MEX subdirectory of matlabPyrTools, and put it in your matlab path. It is MUCH faster and requires less memory.
WARNING: You should compile the MEX version of "innerProd.c",
         found in the MEX subdirectory of matlabPyrTools, and put it in your matlab path. It is MUCH faster and requires less memory.
WARNING: You should compile the MEX version of "innerProd.c",
         found in the MEX subdirectory of matlabPyrTools, and put it in your matlab path. It is MUCH faster and requires less memory.
WARNING: You should compile the MEX version of "innerProd.c",
         found in the MEX subdirectory of matlabPyrTools, and put it in your matlab path. It is MUCH faster and requires less memory.
WARNING: You should compile the MEX version of "innerProd.c",
         found in the MEX subdirectory of matlabPyrTools, and put it in your matlab path. It is MUCH faster and requires less memory.
WARNING: You should compile the MEX version of "innerProd.c",
         found in the MEX subdirectory of matlabPyrTools, and put it in your matlab path. It is MUCH faster and requires less memory.
WARNING: You should compile the MEX version of "innerProd.c",
         found in the MEX subdirectory of matlabPyrTools, and put it in your matlab path. It is MUCH faster and requires less memory.
WARNING: You should compile the MEX version of "innerProd.c",
         found in the MEX subdirectory of matlabPyrTools, and put it in your matlab path. It is MUCH faster and requires less memory.
WARNING: You should compile the MEX version of "innerProd.c",
         found in the MEX subdirectory of matlabPyrTools, and put it in your matlab path. It is MUCH faster and requires less memory.
WARNING: You should compile the MEX version of "innerProd.c",
         found in the MEX subdirectory of matlabPyrTools, and put it in your matlab path. It is MUCH faster and requires less memory.
WARNING: You should compile the MEX version of "innerProd.c",
         found in the MEX subdirectory of matlabPyrTools, and put it in your matlab path. It is MUCH faster and requires less memory.
WARNING: You should compile the MEX version of "innerProd.c",
         found in the MEX subdirectory of matlabPyrTools, and put it in your matlab path. It is MUCH faster and requires less memory.
WARNING: You should compile the MEX version of "innerProd.c",
         found in the MEX subdirectory of matlabPyrTools, and put it in your matlab path. It is MUCH faster and requires less memory.
WARNING: You should compile the MEX version of "innerProd.c",
         found in the MEX subdirectory of matlabPyrTools, and put it in your matlab path. It is MUCH faster and requires less memory.
WARNING: You should compile the MEX version of "innerProd.c",
         found in the MEX subdirectory of matlabPyrTools, and put it in your matlab path. It is MUCH faster and requires less memory.
WARNING: You should compile the MEX version of "innerProd.c",
         found in the MEX subdirectory of matlabPyrTools, and put it in your matlab path. It is MUCH faster and requires less memory.
WARNING: You should compile the MEX version of "innerProd.c",
         found in the MEX subdirectory of matlabPyrTools, and put it in your matlab path. It is MUCH faster and requires less memory.
WARNING: You should compile the MEX version of "innerProd.c",
         found in the MEX subdirectory of matlabPyrTools, and put it in your matlab path. It is MUCH faster and requires less memory.
WARNING: You should compile the MEX version of "innerProd.c",
         found in the MEX subdirectory of matlabPyrTools, and put it in your matlab path. It is MUCH faster and requires less memory.
WARNING: You should compile the MEX version of "innerProd.c",
         found in the MEX subdirectory of matlabPyrTools, and put it in your matlab path. It is MUCH faster and requires less memory.
WARNING: You should compile the MEX version of "innerProd.c",
         found in the MEX subdirectory of matlabPyrTools, and put it in your matlab path. It is MUCH faster and requires less memory.
WARNING: You should compile the MEX version of "innerProd.c",
         found in the MEX subdirectory of matlabPyrTools, and put it in your matlab path. It is MUCH faster and requires less memory.
WARNING: You should compile the MEX version of "innerProd.c",
         found in the MEX subdirectory of matlabPyrTools, and put it in your matlab path. It is MUCH faster and requires less memory.
Accuracy = 0% (0/1) (classification)
Accuracy = 100% (1/1) (classification)
Mean squared error = 1310.41 (regression)
Squared correlation coefficient = -1.#IND (regression)
Mean squared error = 3292.92 (regression)
Squared correlation coefficient = -1.#IND (regression)
Mean squared error = 1874.9 (regression)
Squared correlation coefficient = -1.#IND (regression)
Mean squared error = 1548.05 (regression)
Squared correlation coefficient = -1.#IND (regression)
Mean squared error = 4444.93 (regression)
Squared correlation coefficient = -1.#IND (regression)

ans =

D:\yy\yy_0800001.bmp

WARNING: You should compile the MEX version of "innerProd.c",
         found in the MEX subdirectory of matlabPyrTools, and put it in your matlab path. It is MUCH faster and requires less memory.
WARNING: You should compile the MEX version of "innerProd.c",
         found in the MEX subdirectory of matlabPyrTools, and put it in your matlab path. It is MUCH faster and requires less memory.
WARNING: You should compile the MEX version of "innerProd.c",
         found in the MEX subdirectory of matlabPyrTools, and put it in your matlab path. It is MUCH faster and requires less memory.
Accuracy = 0% (0/1) (classification)
Mean squared error = 5205.96 (regression)
Squared correlation coefficient = -1.#IND (regression)
Mean squared error = 3176.42 (regression)
Squared correlation coefficient = -1.#IND (regression)
Mean squared error = 1875 (regression)
Squared correlation coefficient = -1.#IND (regression)
Mean squared error = 880.088 (regression)
Squared correlation coefficient = -1.#IND (regression)
Mean squared error = 3765.48 (regression)
Squared correlation coefficient = -1.#IND (regression)
Accuracy = 0% (0/1) (classification)
WARNING: You should compile the MEX version of "innerProd.c",
         found in the MEX subdirectory of matlabPyrTools, and put it in your matlab path. It is MUCH faster and requires less memory.
Accuracy = 0% (0/1) (classification)
Mean squared error = 6531.73 (regression)
Squared correlation coefficient = -1.#IND (regression)
Mean squared error = 4543.7 (regression)
Squared correlation coefficient = -1.#IND (regression)
Mean squared error = 1875 (regression)
Squared correlation coefficient = -1.#IND (regression)
Mean squared error = 2361.18 (regression)
Squared correlation coefficient = -1.#IND (regression)
Mean squared error = 7978.67 (regression)
Squared correlation coefficient = -1.#IND (regression)
Mean squared error = 719.345 (regression)
Squared correlation coefficient = -1.#IND (regression)
Mean squared error = 1928.28 (regression)
Squared correlation coefficient = -1.#IND (regression)
Mean squared error = 1691.01 (regression)
Squared correlation coefficient = -1.#IND (regression)
Mean squared error = 849.745 (regression)
Squared correlation coefficient = -1.#IND (regression)
Mean squared error = 3157.02 (regression)
Squared correlation coefficient = -1.#IND (regression)

ans =

D:\yy\yy_0600001.bmp

WARNING: You should compile the MEX version of "innerProd.c",
         found in the MEX subdirectory of matlabPyrTools, and put it in your matlab path. It is MUCH faster and requires less memory.
WARNING: You should compile the MEX version of "innerProd.c",
         found in the MEX subdirectory of matlabPyrTools, and put it in your matlab path. It is MUCH faster and requires less memory.
WARNING: You should compile the MEX version of "innerProd.c",
         found in the MEX subdirectory of matlabPyrTools, and put it in your matlab path. It is MUCH faster and requires less memory.
Mean squared error = 136.703 (regression)
Squared correlation coefficient = -1.#IND (regression)
Mean squared error = 2443.54 (regression)
Squared correlation coefficient = -1.#IND (regression)
Mean squared error = 635.849 (regression)
Squared correlation coefficient = -1.#IND (regression)
Mean squared error = 203.112 (regression)
Squared correlation coefficient = -1.#IND (regression)
Mean squared error = 752.042 (regression)
Squared correlation coefficient = -1.#IND (regression)

ans =

D:\yy\yy_0400001.bmp

WARNING: You should compile the MEX version of "innerProd.c",
         found in the MEX subdirectory of matlabPyrTools, and put it in your matlab path. It is MUCH faster and requires less memory.
Accuracy = 0% (0/1) (classification)
WARNING: You should compile the MEX version of "innerProd.c",
         found in the MEX subdirectory of matlabPyrTools, and put it in your matlab path. It is MUCH faster and requires less memory.

ans =

D:\yy\yy_1500001.bmp

WARNING: You should compile the MEX version of "innerProd.c",
         found in the MEX subdirectory of matlabPyrTools, and put it in your matlab path. It is MUCH faster and requires less memory.

ans =

D:\yy\yy_1600001.bmp

WARNING: You should compile the MEX version of "innerProd.c",
         found in the MEX subdirectory of matlabPyrTools, and put it in your matlab path. It is MUCH faster and requires less memory.
WARNING: You should compile the MEX version of "innerProd.c",
         found in the MEX subdirectory of matlabPyrTools, and put it in your matlab path. It is MUCH faster and requires less memory.
WARNING: You should compile the MEX version of "innerProd.c",
         found in the MEX subdirectory of matlabPyrTools, and put it in your matlab path. It is MUCH faster and requires less memory.
WARNING: You should compile the MEX version of "innerProd.c",
         found in the MEX subdirectory of matlabPyrTools, and put it in your matlab path. It is MUCH faster and requires less memory.
WARNING: You should compile the MEX version of "innerProd.c",
         found in the MEX subdirectory of matlabPyrTools, and put it in your matlab path. It is MUCH faster and requires less memory.
WARNING: You should compile the MEX version of "innerProd.c",
         found in the MEX subdirectory of matlabPyrTools, and put it in your matlab path. It is MUCH faster and requires less memory.
Mean squared error = 1081.01 (regression)
Squared correlation coefficient = -1.#IND (regression)
Mean squared error = 1397.48 (regression)
Squared correlation coefficient = -1.#IND (regression)
Mean squared error = 1554.38 (regression)
Squared correlation coefficient = -1.#IND (regression)
Mean squared error = 760.76 (regression)
Squared correlation coefficient = -1.#IND (regression)
Mean squared error = 3078.26 (regression)
Squared correlation coefficient = -1.#IND (regression)

ans =

D:\yy\yy_1000001.bmp

WARNING: You should compile the MEX version of "innerProd.c",
         found in the MEX subdirectory of matlabPyrTools, and put it in your matlab path. It is MUCH faster and requires less memory.
WARNING: You should compile the MEX version of "innerProd.c",
         found in the MEX subdirectory of matlabPyrTools, and put it in your matlab path. It is MUCH faster and requires less memory.
WARNING: You should compile the MEX version of "innerProd.c",
         found in the MEX subdirectory of matlabPyrTools, and put it in your matlab path. It is MUCH faster and requires less memory.
WARNING: You should compile the MEX version of "innerProd.c",
         found in the MEX subdirectory of matlabPyrTools, and put it in your matlab path. It is MUCH faster and requires less memory.
Accuracy = 0% (0/1) (classification)
WARNING: You should compile the MEX version of "innerProd.c",
         found in the MEX subdirectory of matlabPyrTools, and put it in your matlab path. It is MUCH faster and requires less memory.
WARNING: You should compile the MEX version of "innerProd.c",
         found in the MEX subdirectory of matlabPyrTools, and put it in your matlab path. It is MUCH faster and requires less memory.
WARNING: You should compile the MEX version of "innerProd.c",
         found in the MEX subdirectory of matlabPyrTools, and put it in your matlab path. It is MUCH faster and requires less memory.
WARNING: You should compile the MEX version of "innerProd.c",
         found in the MEX subdirectory of matlabPyrTools, and put it in your matlab path. It is MUCH faster and requires less memory.
WARNING: You should compile the MEX version of "innerProd.c",
         found in the MEX subdirectory of matlabPyrTools, and put it in your matlab path. It is MUCH faster and requires less memory.
WARNING: You should compile the MEX version of "innerProd.c",
         found in the MEX subdirectory of matlabPyrTools, and put it in your matlab path. It is MUCH faster and requires less memory.
Accuracy = 100% (1/1) (classification)
Mean squared error = 681.297 (regression)
Squared correlation coefficient = -1.#IND (regression)
Mean squared error = 3037.16 (regression)
Squared correlation coefficient = -1.#IND (regression)
Mean squared error = 1781.52 (regression)
Squared correlation coefficient = -1.#IND (regression)
Mean squared error = 932.487 (regression)
Squared correlation coefficient = -1.#IND (regression)
Mean squared error = 3890.72 (regression)
Squared correlation coefficient = -1.#IND (regression)
WARNING: You should compile the MEX version of "innerProd.c",
         found in the MEX subdirectory of matlabPyrTools, and put it in your matlab path. It is MUCH faster and requires less memory.
Mean squared error = 229.552 (regression)
Squared correlation coefficient = -1.#IND (regression)
Mean squared error = 4134.73 (regression)
Squared correlation coefficient = -1.#IND (regression)
Mean squared error = 1796.35 (regression)
Squared correlation coefficient = -1.#IND (regression)
Mean squared error = 119.777 (regression)
Squared correlation coefficient = -1.#IND (regression)
Mean squared error = 1409.32 (regression)
Squared correlation coefficient = -1.#IND (regression)

ans =

D:\yy\yy_0200001.bmp

WARNING: You should compile the MEX version of "innerProd.c",
         found in the MEX subdirectory of matlabPyrTools, and put it in your matlab path. It is MUCH faster and requires less memory.
WARNING: You should compile the MEX version of "innerProd.c",
         found in the MEX subdirectory of matlabPyrTools, and put it in your matlab path. It is MUCH faster and requires less memory.
WARNING: You should compile the MEX version of "innerProd.c",
         found in the MEX subdirectory of matlabPyrTools, and put it in your matlab path. It is MUCH faster and requires less memory.
WARNING: You should compile the MEX version of "innerProd.c",
         found in the MEX subdirectory of matlabPyrTools, and put it in your matlab path. It is MUCH faster and requires less memory.
WARNING: You should compile the MEX version of "innerProd.c",
         found in the MEX subdirectory of matlabPyrTools, and put it in your matlab path. It is MUCH faster and requires less memory.
WARNING: You should compile the MEX version of "innerProd.c",
         found in the MEX subdirectory of matlabPyrTools, and put it in your matlab path. It is MUCH faster and requires less memory.
WARNING: You should compile the MEX version of "innerProd.c",
         found in the MEX subdirectory of matlabPyrTools, and put it in your matlab path. It is MUCH faster and requires less memory.
WARNING: You should compile the MEX version of "innerProd.c",
         found in the MEX subdirectory of matlabPyrTools, and put it in your matlab path. It is MUCH faster and requires less memory.
WARNING: You should compile the MEX version of "innerProd.c",
         found in the MEX subdirectory of matlabPyrTools, and put it in your matlab path. It is MUCH faster and requires less memory.
WARNING: You should compile the MEX version of "innerProd.c",
         found in the MEX subdirectory of matlabPyrTools, and put it in your matlab path. It is MUCH faster and requires less memory.
WARNING: You should compile the MEX version of "innerProd.c",
         found in the MEX subdirectory of matlabPyrTools, and put it in your matlab path. It is MUCH faster and requires less memory.

ans =

D:\yy\yy_1700001.bmp

WARNING: You should compile the MEX version of "innerProd.c",
         found in the MEX subdirectory of matlabPyrTools, and put it in your matlab path. It is MUCH faster and requires less memory.
WARNING: You should compile the MEX version of "innerProd.c",
         found in the MEX subdirectory of matlabPyrTools, and put it in your matlab path. It is MUCH faster and requires less memory.
WARNING: You should compile the MEX version of "innerProd.c",
         found in the MEX subdirectory of matlabPyrTools, and put it in your matlab path. It is MUCH faster and requires less memory.
WARNING: You should compile the MEX version of "innerProd.c",
         found in the MEX subdirectory of matlabPyrTools, and put it in your matlab path. It is MUCH faster and requires less memory.
WARNING: You should compile the MEX version of "innerProd.c",
         found in the MEX subdirectory of matlabPyrTools, and put it in your matlab path. It is MUCH faster and requires less memory.
WARNING: You should compile the MEX version of "innerProd.c",
         found in the MEX subdirectory of matlabPyrTools, and put it in your matlab path. It is MUCH faster and requires less memory.
WARNING: You should compile the MEX version of "innerProd.c",
         found in the MEX subdirectory of matlabPyrTools, and put it in your matlab path. It is MUCH faster and requires less memory.
WARNING: You should compile the MEX version of "innerProd.c",
         found in the MEX subdirectory of matlabPyrTools, and put it in your matlab path. It is MUCH faster and requires less memory.
WARNING: You should compile the MEX version of "innerProd.c",
         found in the MEX subdirectory of matlabPyrTools, and put it in your matlab path. It is MUCH faster and requires less memory.
WARNING: You should compile the MEX version of "innerProd.c",
         found in the MEX subdirectory of matlabPyrTools, and put it in your matlab path. It is MUCH faster and requires less memory.
WARNING: You should compile the MEX version of "innerProd.c",
         found in the MEX subdirectory of matlabPyrTools, and put it in your matlab path. It is MUCH faster and requires less memory.
WARNING: You should compile the MEX version of "innerProd.c",
         found in the MEX subdirectory of matlabPyrTools, and put it in your matlab path. It is MUCH faster and requires less memory.
WARNING: You should compile the MEX version of "innerProd.c",
         found in the MEX subdirectory of matlabPyrTools, and put it in your matlab path. It is MUCH faster and requires less memory.
WARNING: You should compile the MEX version of "innerProd.c",
         found in the MEX subdirectory of matlabPyrTools, and put it in your matlab path. It is MUCH faster and requires less memory.
WARNING: You should compile the MEX version of "innerProd.c",
         found in the MEX subdirectory of matlabPyrTools, and put it in your matlab path. It is MUCH faster and requires less memory.
WARNING: You should compile the MEX version of "innerProd.c",
         found in the MEX subdirectory of matlabPyrTools, and put it in your matlab path. It is MUCH faster and requires less memory.
WARNING: You should compile the MEX version of "innerProd.c",
         found in the MEX subdirectory of matlabPyrTools, and put it in your matlab path. It is MUCH faster and requires less memory.
WARNING: You should compile the MEX version of "innerProd.c",
         found in the MEX subdirectory of matlabPyrTools, and put it in your matlab path. It is MUCH faster and requires less memory.
WARNING: You should compile the MEX version of "innerProd.c",
         found in the MEX subdirectory of matlabPyrTools, and put it in your matlab path. It is MUCH faster and requires less memory.
WARNING: You should compile the MEX version of "innerProd.c",
         found in the MEX subdirectory of matlabPyrTools, and put it in your matlab path. It is MUCH faster and requires less memory.
WARNING: You should compile the MEX version of "innerProd.c",
         found in the MEX subdirectory of matlabPyrTools, and put it in your matlab path. It is MUCH faster and requires less memory.
WARNING: You should compile the MEX version of "innerProd.c",
         found in the MEX subdirectory of matlabPyrTools, and put it in your matlab path. It is MUCH faster and requires less memory.
WARNING: You should compile the MEX version of "innerProd.c",
         found in the MEX subdirectory of matlabPyrTools, and put it in your matlab path. It is MUCH faster and requires less memory.
WARNING: You should compile the MEX version of "innerProd.c",
         found in the MEX subdirectory of matlabPyrTools, and put it in your matlab path. It is MUCH faster and requires less memory.
WARNING: You should compile the MEX version of "innerProd.c",
         found in the MEX subdirectory of matlabPyrTools, and put it in your matlab path. It is MUCH faster and requires less memory.
WARNING: You should compile the MEX version of "innerProd.c",
         found in the MEX subdirectory of matlabPyrTools, and put it in your matlab path. It is MUCH faster and requires less memory.
WARNING: You should compile the MEX version of "innerProd.c",
         found in the MEX subdirectory of matlabPyrTools, and put it in your matlab path. It is MUCH faster and requires less memory.
WARNING: You should compile the MEX version of "innerProd.c",
         found in the MEX subdirectory of matlabPyrTools, and put it in your matlab path. It is MUCH faster and requires less memory.
WARNING: You should compile the MEX version of "innerProd.c",
         found in the MEX subdirectory of matlabPyrTools, and put it in your matlab path. It is MUCH faster and requires less memory.
WARNING: You should compile the MEX version of "innerProd.c",
         found in the MEX subdirectory of matlabPyrTools, and put it in your matlab path. It is MUCH faster and requires less memory.
WARNING: You should compile the MEX version of "innerProd.c",
         found in the MEX subdirectory of matlabPyrTools, and put it in your matlab path. It is MUCH faster and requires less memory.
WARNING: You should compile the MEX version of "innerProd.c",
         found in the MEX subdirectory of matlabPyrTools, and put it in your matlab path. It is MUCH faster and requires less memory.
WARNING: You should compile the MEX version of "innerProd.c",
         found in the MEX subdirectory of matlabPyrTools, and put it in your matlab path. It is MUCH faster and requires less memory.
WARNING: You should compile the MEX version of "innerProd.c",
         found in the MEX subdirectory of matlabPyrTools, and put it in your matlab path. It is MUCH faster and requires less memory.
WARNING: You should compile the MEX version of "innerProd.c",
         found in the MEX subdirectory of matlabPyrTools, and put it in your matlab path. It is MUCH faster and requires less memory.
WARNING: You should compile the MEX version of "innerProd.c",
         found in the MEX subdirectory of matlabPyrTools, and put it in your matlab path. It is MUCH faster and requires less memory.
WARNING: You should compile the MEX version of "innerProd.c",
         found in the MEX subdirectory of matlabPyrTools, and put it in your matlab path. It is MUCH faster and requires less memory.
WARNING: You should compile the MEX version of "innerProd.c",
         found in the MEX subdirectory of matlabPyrTools, and put it in your matlab path. It is MUCH faster and requires less memory.
WARNING: You should compile the MEX version of "innerProd.c",
         found in the MEX subdirectory of matlabPyrTools, and put it in your matlab path. It is MUCH faster and requires less memory.
WARNING: You should compile the MEX version of "innerProd.c",
         found in the MEX subdirectory of matlabPyrTools, and put it in your matlab path. It is MUCH faster and requires less memory.
WARNING: You should compile the MEX version of "innerProd.c",
         found in the MEX subdirectory of matlabPyrTools, and put it in your matlab path. It is MUCH faster and requires less memory.
WARNING: You should compile the MEX version of "innerProd.c",
         found in the MEX subdirectory of matlabPyrTools, and put it in your matlab path. It is MUCH faster and requires less memory.
WARNING: You should compile the MEX version of "innerProd.c",
         found in the MEX subdirectory of matlabPyrTools, and put it in your matlab path. It is MUCH faster and requires less memory.
WARNING: You should compile the MEX version of "innerProd.c",
         found in the MEX subdirectory of matlabPyrTools, and put it in your matlab path. It is MUCH faster and requires less memory.
WARNING: You should compile the MEX version of "innerProd.c",
         found in the MEX subdirectory of matlabPyrTools, and put it in your matlab path. It is MUCH faster and requires less memory.
WARNING: You should compile the MEX version of "innerProd.c",
         found in the MEX subdirectory of matlabPyrTools, and put it in your matlab path. It is MUCH faster and requires less memory.
WARNING: You should compile the MEX version of "innerProd.c",
         found in the MEX subdirectory of matlabPyrTools, and put it in your matlab path. It is MUCH faster and requires less memory.
WARNING: You should compile the MEX version of "innerProd.c",
         found in the MEX subdirectory of matlabPyrTools, and put it in your matlab path. It is MUCH faster and requires less memory.
WARNING: You should compile the MEX version of "innerProd.c",
         found in the MEX subdirectory of matlabPyrTools, and put it in your matlab path. It is MUCH faster and requires less memory.
WARNING: You should compile the MEX version of "innerProd.c",
         found in the MEX subdirectory of matlabPyrTools, and put it in your matlab path. It is MUCH faster and requires less memory.
WARNING: You should compile the MEX version of "innerProd.c",
         found in the MEX subdirectory of matlabPyrTools, and put it in your matlab path. It is MUCH faster and requires less memory.
WARNING: You should compile the MEX version of "innerProd.c",
         found in the MEX subdirectory of matlabPyrTools, and put it in your matlab path. It is MUCH faster and requires less memory.
WARNING: You should compile the MEX version of "innerProd.c",
         found in the MEX subdirectory of matlabPyrTools, and put it in your matlab path. It is MUCH faster and requires less memory.
WARNING: You should compile the MEX version of "innerProd.c",
         found in the MEX subdirectory of matlabPyrTools, and put it in your matlab path. It is MUCH faster and requires less memory.
WARNING: You should compile the MEX version of "innerProd.c",
         found in the MEX subdirectory of matlabPyrTools, and put it in your matlab path. It is MUCH faster and requires less memory.
Accuracy = 0% (0/1) (classification)
Mean squared error = 178.947 (regression)
Squared correlation coefficient = -1.#IND (regression)
Mean squared error = 2750.75 (regression)
Squared correlation coefficient = -1.#IND (regression)
Mean squared error = 1515.32 (regression)
Squared correlation coefficient = -1.#IND (regression)
Mean squared error = 542.899 (regression)
Squared correlation coefficient = -1.#IND (regression)
Mean squared error = 1904.75 (regression)
Squared correlation coefficient = -1.#IND (regression)

ans =

D:\yy\yy_1800001.bmp

WARNING: You should compile the MEX version of "innerProd.c",
         found in the MEX subdirectory of matlabPyrTools, and put it in your matlab path. It is MUCH faster and requires less memory.
Accuracy = 0% (0/1) (classification)
Mean squared error = 48.2433 (regression)
Squared correlation coefficient = -1.#IND (regression)
Mean squared error = 1978.38 (regression)
Squared correlation coefficient = -1.#IND (regression)
Mean squared error = 1762.14 (regression)
Squared correlation coefficient = -1.#IND (regression)
Mean squared error = 89.174 (regression)
Squared correlation coefficient = -1.#IND (regression)
Mean squared error = 159.866 (regression)
Squared correlation coefficient = -1.#IND (regression)
WARNING: You should compile the MEX version of "innerProd.c",
         found in the MEX subdirectory of matlabPyrTools, and put it in your matlab path. It is MUCH faster and requires less memory.
Accuracy = 0% (0/1) (classification)
Mean squared error = 827.253 (regression)
Squared correlation coefficient = -1.#IND (regression)
Mean squared error = 1016.83 (regression)
Squared correlation coefficient = -1.#IND (regression)
Mean squared error = 1592.83 (regression)
Squared correlation coefficient = -1.#IND (regression)
Mean squared error = 681.98 (regression)
Squared correlation coefficient = -1.#IND (regression)
Mean squared error = 2065.03 (regression)
Squared correlation coefficient = -1.#IND (regression)
WARNING: You should compile the MEX version of "innerProd.c",
         found in the MEX subdirectory of matlabPyrTools, and put it in your matlab path. It is MUCH faster and requires less memory.
WARNING: You should compile the MEX version of "innerProd.c",
         found in the MEX subdirectory of matlabPyrTools, and put it in your matlab path. It is MUCH faster and requires less memory.
Accuracy = 0% (0/1) (classification)
Mean squared error = 547.729 (regression)
Squared correlation coefficient = -1.#IND (regression)
Mean squared error = 1889.91 (regression)
Squared correlation coefficient = -1.#IND (regression)
Mean squared error = 1869.74 (regression)
Squared correlation coefficient = -1.#IND (regression)
Mean squared error = 926.906 (regression)
Squared correlation coefficient = -1.#IND (regression)
Mean squared error = 2879.41 (regression)
Squared correlation coefficient = -1.#IND (regression)
WARNING: You should compile the MEX version of "innerProd.c",
         found in the MEX subdirectory of matlabPyrTools, and put it in your matlab path. It is MUCH faster and requires less memory.
WARNING: You should compile the MEX version of "innerProd.c",
         found in the MEX subdirectory of matlabPyrTools, and put it in your matlab path. It is MUCH faster and requires less memory.
WARNING: You should compile the MEX version of "innerProd.c",
         found in the MEX subdirectory of matlabPyrTools, and put it in your matlab path. It is MUCH faster and requires less memory.
Accuracy = 0% (0/1) (classification)
Mean squared error = 393.073 (regression)
Squared correlation coefficient = -1.#IND (regression)
Mean squared error = 1346.85 (regression)
Squared correlation coefficient = -1.#IND (regression)
Mean squared error = 1874.19 (regression)
Squared correlation coefficient = -1.#IND (regression)
Mean squared error = 286.095 (regression)
Squared correlation coefficient = -1.#IND (regression)
Mean squared error = 1548.97 (regression)
Squared correlation coefficient = -1.#IND (regression)
WARNING: You should compile the MEX version of "innerProd.c",
         found in the MEX subdirectory of matlabPyrTools, and put it in your matlab path. It is MUCH faster and requires less memory.
WARNING: You should compile the MEX version of "innerProd.c",
         found in the MEX subdirectory of matlabPyrTools, and put it in your matlab path. It is MUCH faster and requires less memory.
WARNING: You should compile the MEX version of "innerProd.c",
         found in the MEX subdirectory of matlabPyrTools, and put it in your matlab path. It is MUCH faster and requires less memory.
WARNING: You should compile the MEX version of "innerProd.c",
         found in the MEX subdirectory of matlabPyrTools, and put it in your matlab path. It is MUCH faster and requires less memory.
Accuracy = 0% (0/1) (classification)
Mean squared error = 1338.64 (regression)
Squared correlation coefficient = -1.#IND (regression)
Mean squared error = 3391.69 (regression)
Squared correlation coefficient = -1.#IND (regression)
Mean squared error = 1861.55 (regression)
Squared correlation coefficient = -1.#IND (regression)
Mean squared error = 1520.06 (regression)
Squared correlation coefficient = -1.#IND (regression)
Mean squared error = 4702.05 (regression)
Squared correlation coefficient = -1.#IND (regression)
WARNING: You should compile the MEX version of "innerProd.c",
         found in the MEX subdirectory of matlabPyrTools, and put it in your matlab path. It is MUCH faster and requires less memory.
WARNING: You should compile the MEX version of "innerProd.c",
         found in the MEX subdirectory of matlabPyrTools, and put it in your matlab path. It is MUCH faster and requires less memory.
Accuracy = 0% (0/1) (classification)
Mean squared error = 3541.82 (regression)
Squared correlation coefficient = -1.#IND (regression)
Mean squared error = 4430.03 (regression)
Squared correlation coefficient = -1.#IND (regression)
Mean squared error = 1875 (regression)
Squared correlation coefficient = -1.#IND (regression)
Mean squared error = 452.68 (regression)
Squared correlation coefficient = -1.#IND (regression)
Mean squared error = 2949.62 (regression)
Squared correlation coefficient = -1.#IND (regression)
WARNING: You should compile the MEX version of "innerProd.c",
         found in the MEX subdirectory of matlabPyrTools, and put it in your matlab path. It is MUCH faster and requires less memory.
Accuracy = 0% (0/1) (classification)
Mean squared error = 1356.65 (regression)
Squared correlation coefficient = -1.#IND (regression)
Mean squared error = 1490.37 (regression)
Squared correlation coefficient = -1.#IND (regression)
Mean squared error = 1872.77 (regression)
Squared correlation coefficient = -1.#IND (regression)
Mean squared error = 2321 (regression)
Squared correlation coefficient = -1.#IND (regression)
Mean squared error = 5978.99 (regression)
Squared correlation coefficient = -1.#IND (regression)
WARNING: You should compile the MEX version of "innerProd.c",
         found in the MEX subdirectory of matlabPyrTools, and put it in your matlab path. It is MUCH faster and requires less memory.
WARNING: You should compile the MEX version of "innerProd.c",
         found in the MEX subdirectory of matlabPyrTools, and put it in your matlab path. It is MUCH faster and requires less memory.
WARNING: You should compile the MEX version of "innerProd.c",
         found in the MEX subdirectory of matlabPyrTools, and put it in your matlab path. It is MUCH faster and requires less memory.
WARNING: You should compile the MEX version of "innerProd.c",
         found in the MEX subdirectory of matlabPyrTools, and put it in your matlab path. It is MUCH faster and requires less memory.
WARNING: You should compile the MEX version of "innerProd.c",
         found in the MEX subdirectory of matlabPyrTools, and put it in your matlab path. It is MUCH faster and requires less memory.
WARNING: You should compile the MEX version of "innerProd.c",
         found in the MEX subdirectory of matlabPyrTools, and put it in your matlab path. It is MUCH faster and requires less memory.
Accuracy = 0% (0/1) (classification)
Mean squared error = 1025.66 (regression)
Squared correlation coefficient = -1.#IND (regression)
Mean squared error = 2414.66 (regression)
Squared correlation coefficient = -1.#IND (regression)
Mean squared error = 1875 (regression)
Squared correlation coefficient = -1.#IND (regression)
Mean squared error = 637.968 (regression)
Squared correlation coefficient = -1.#IND (regression)
Mean squared error = 2471.87 (regression)
Squared correlation coefficient = -1.#IND (regression)

outpath =

D:\yy.csv


ans =

D:\yy.csv

